[0.089s] Invoking command in '/home/dominik/RRM/ros2_ws/build/abb_model': CMAKE_PREFIX_PATH=${CMAKE_PREFIX_PATH}:/opt/ros/jazzy DEBUGINFOD_URLS=https://debuginfod.ubuntu.com /usr/bin/cmake --build /home/dominik/RRM/ros2_ws/build/abb_model -- -j16 -l16
[0.222s] Invoked command in '/home/dominik/RRM/ros2_ws/build/abb_model' returned '0': CMAKE_PREFIX_PATH=${CMAKE_PREFIX_PATH}:/opt/ros/jazzy DEBUGINFOD_URLS=https://debuginfod.ubuntu.com /usr/bin/cmake --build /home/dominik/RRM/ros2_ws/build/abb_model -- -j16 -l16
[0.409s] Invoking command in '/home/dominik/RRM/ros2_ws/build/abb_model': CMAKE_PREFIX_PATH=${CMAKE_PREFIX_PATH}:/opt/ros/jazzy DEBUGINFOD_URLS=https://debuginfod.ubuntu.com /usr/bin/cmake --install /home/dominik/RRM/ros2_ws/build/abb_model
[0.501s] -- Install configuration: ""
[0.520s] -- Up-to-date: /home/dominik/RRM/ros2_ws/install/abb_model/share/abb_model/urdf
[0.533s] -- Up-to-date: /home/dominik/RRM/ros2_ws/install/abb_model/share/abb_model/urdf/camera_macro.xacro
[0.534s] -- Up-to-date: /home/dominik/RRM/ros2_ws/install/abb_model/share/abb_model/urdf/camera.xacro
[0.535s] -- Up-to-date: /home/dominik/RRM/ros2_ws/install/abb_model/share/abb_model/urdf/abb_irb4600_60_205.xacro
[0.556s] -- Up-to-date: /home/dominik/RRM/ros2_ws/install/abb_model/share/abb_model/urdf/abb_irb4600_60_205_macro.xacro
[0.563s] -- Up-to-date: /home/dominik/RRM/ros2_ws/install/abb_model/share/abb_model/urdf/robot.urdf
[0.564s] -- Up-to-date: /home/dominik/RRM/ros2_ws/install/abb_model/share/abb_model/config
[0.579s] -- Up-to-date: /home/dominik/RRM/ros2_ws/install/abb_model/share/abb_model/config/urdf.rviz
[0.580s] -- Up-to-date: /home/dominik/RRM/ros2_ws/install/abb_model/share/abb_model/launch
[0.595s] -- Up-to-date: /home/dominik/RRM/ros2_ws/install/abb_model/share/abb_model/launch/test_irb4600.launch.xml
[0.596s] -- Up-to-date: /home/dominik/RRM/ros2_ws/install/abb_model/share/abb_model/launch/test_irb4600.launch.py
[0.597s] -- Up-to-date: /home/dominik/RRM/ros2_ws/install/abb_model/share/abb_model/launch/rsp_irb4600.launch.xml
[0.598s] -- Up-to-date: /home/dominik/RRM/ros2_ws/install/abb_model/share/abb_model/launch/rsp_irb4600.launch.py
[0.622s] -- Up-to-date: /home/dominik/RRM/ros2_ws/install/abb_model/share/abb_model/meshes
[0.624s] -- Up-to-date: /home/dominik/RRM/ros2_ws/install/abb_model/share/abb_model/meshes/abb_irb4600_60_205
[0.625s] -- Up-to-date: /home/dominik/RRM/ros2_ws/install/abb_model/share/abb_model/meshes/abb_irb4600_60_205/collision
[0.626s] -- Up-to-date: /home/dominik/RRM/ros2_ws/install/abb_model/share/abb_model/meshes/abb_irb4600_60_205/collision/link_1.stl
[0.626s] -- Up-to-date: /home/dominik/RRM/ros2_ws/install/abb_model/share/abb_model/meshes/abb_irb4600_60_205/collision/link_5.stl
[0.627s] -- Up-to-date: /home/dominik/RRM/ros2_ws/install/abb_model/share/abb_model/meshes/abb_irb4600_60_205/collision/base_link.stl
[0.635s] -- Up-to-date: /home/dominik/RRM/ros2_ws/install/abb_model/share/abb_model/meshes/abb_irb4600_60_205/collision/link_4.stl
[0.636s] -- Up-to-date: /home/dominik/RRM/ros2_ws/install/abb_model/share/abb_model/meshes/abb_irb4600_60_205/collision/link_2.stl
[0.637s] -- Up-to-date: /home/dominik/RRM/ros2_ws/install/abb_model/share/abb_model/meshes/abb_irb4600_60_205/collision/link_3.stl
[0.644s] -- Up-to-date: /home/dominik/RRM/ros2_ws/install/abb_model/share/abb_model/meshes/abb_irb4600_60_205/collision/link_6.stl
[0.646s] -- Up-to-date: /home/dominik/RRM/ros2_ws/install/abb_model/share/abb_model/meshes/abb_irb4600_60_205/collision/mount.stl
[0.647s] -- Up-to-date: /home/dominik/RRM/ros2_ws/install/abb_model/share/abb_model/meshes/abb_irb4600_60_205/visual
[0.652s] -- Up-to-date: /home/dominik/RRM/ros2_ws/install/abb_model/share/abb_model/meshes/abb_irb4600_60_205/visual/link_1.stl
[0.653s] -- Up-to-date: /home/dominik/RRM/ros2_ws/install/abb_model/share/abb_model/meshes/abb_irb4600_60_205/visual/link_5.stl
[0.654s] -- Up-to-date: /home/dominik/RRM/ros2_ws/install/abb_model/share/abb_model/meshes/abb_irb4600_60_205/visual/base_link.stl
[0.660s] -- Up-to-date: /home/dominik/RRM/ros2_ws/install/abb_model/share/abb_model/meshes/abb_irb4600_60_205/visual/link_4.stl
[0.663s] -- Up-to-date: /home/dominik/RRM/ros2_ws/install/abb_model/share/abb_model/meshes/abb_irb4600_60_205/visual/link_2.stl
[0.669s] -- Up-to-date: /home/dominik/RRM/ros2_ws/install/abb_model/share/abb_model/meshes/abb_irb4600_60_205/visual/link_3.stl
[0.671s] -- Up-to-date: /home/dominik/RRM/ros2_ws/install/abb_model/share/abb_model/meshes/abb_irb4600_60_205/visual/link_6.stl
[0.672s] -- Up-to-date: /home/dominik/RRM/ros2_ws/install/abb_model/share/abb_model/meshes/abb_irb4600_60_205/visual/mount.stl
[0.679s] -- Up-to-date: /home/dominik/RRM/ros2_ws/install/abb_model/share/abb_model/meshes/kinect
[0.683s] -- Up-to-date: /home/dominik/RRM/ros2_ws/install/abb_model/share/abb_model/meshes/kinect/collision
[0.688s] -- Up-to-date: /home/dominik/RRM/ros2_ws/install/abb_model/share/abb_model/meshes/kinect/collision/kinect_sensor.stl
[0.690s] -- Up-to-date: /home/dominik/RRM/ros2_ws/install/abb_model/share/abb_model/meshes/kinect/collision/kinect_sensor_empty.stl
[0.694s] -- Up-to-date: /home/dominik/RRM/ros2_ws/install/abb_model/share/abb_model/meshes/kinect/visual
[0.695s] -- Up-to-date: /home/dominik/RRM/ros2_ws/install/abb_model/share/abb_model/meshes/kinect/visual/kinect_sensor.stl
[0.702s] -- Up-to-date: /home/dominik/RRM/ros2_ws/install/abb_model/share/abb_model/meshes/kinect/visual/kinect_sensor_empty.stl
[0.704s] -- Up-to-date: /home/dominik/RRM/ros2_ws/install/abb_model/share/ament_index/resource_index/package_run_dependencies/abb_model
[0.705s] -- Up-to-date: /home/dominik/RRM/ros2_ws/install/abb_model/share/ament_index/resource_index/parent_prefix_path/abb_model
[0.709s] -- Up-to-date: /home/dominik/RRM/ros2_ws/install/abb_model/share/abb_model/environment/ament_prefix_path.sh
[0.717s] -- Up-to-date: /home/dominik/RRM/ros2_ws/install/abb_model/share/abb_model/environment/ament_prefix_path.dsv
[0.718s] -- Up-to-date: /home/dominik/RRM/ros2_ws/install/abb_model/share/abb_model/environment/path.sh
[0.719s] -- Up-to-date: /home/dominik/RRM/ros2_ws/install/abb_model/share/abb_model/environment/path.dsv
[0.728s] -- Up-to-date: /home/dominik/RRM/ros2_ws/install/abb_model/share/abb_model/local_setup.bash
[0.729s] -- Up-to-date: /home/dominik/RRM/ros2_ws/install/abb_model/share/abb_model/local_setup.sh
[0.731s] -- Up-to-date: /home/dominik/RRM/ros2_ws/install/abb_model/share/abb_model/local_setup.zsh
[0.732s] -- Up-to-date: /home/dominik/RRM/ros2_ws/install/abb_model/share/abb_model/local_setup.dsv
[0.733s] -- Installing: /home/dominik/RRM/ros2_ws/install/abb_model/share/abb_model/package.dsv
[0.740s] -- Up-to-date: /home/dominik/RRM/ros2_ws/install/abb_model/share/ament_index/resource_index/packages/abb_model
[0.741s] -- Up-to-date: /home/dominik/RRM/ros2_ws/install/abb_model/share/abb_model/cmake/abb_modelConfig.cmake
[0.747s] -- Up-to-date: /home/dominik/RRM/ros2_ws/install/abb_model/share/abb_model/cmake/abb_modelConfig-version.cmake
[0.748s] -- Up-to-date: /home/dominik/RRM/ros2_ws/install/abb_model/share/abb_model/package.xml
[0.833s] Invoked command in '/home/dominik/RRM/ros2_ws/build/abb_model' returned '0': CMAKE_PREFIX_PATH=${CMAKE_PREFIX_PATH}:/opt/ros/jazzy DEBUGINFOD_URLS=https://debuginfod.ubuntu.com /usr/bin/cmake --install /home/dominik/RRM/ros2_ws/build/abb_model
