[0.038s] Invoking command in '/home/dominik/RRM/ros2_ws/build/zad2.1': DEBUGINFOD_URLS=https://debuginfod.ubuntu.com /usr/bin/cmake /home/dominik/RRM/ros2_ws/src/zad2.1 -DCMAKE_INSTALL_PREFIX=/home/dominik/RRM/ros2_ws/install/zad2.1
[0.052s] -- Found ament_cmake: 2.5.2 (/opt/ros/jazzy/share/ament_cmake/cmake)
[0.346s] -- Found rclcpp: 28.1.5 (/opt/ros/jazzy/share/rclcpp/cmake)
[0.367s] -- Found rosidl_generator_c: 4.6.4 (/opt/ros/jazzy/share/rosidl_generator_c/cmake)
[0.374s] -- Found rosidl_generator_cpp: 4.6.4 (/opt/ros/jazzy/share/rosidl_generator_cpp/cmake)
[0.383s] -- Using all available rosidl_typesupport_c: rosidl_typesupport_fastrtps_c;rosidl_typesupport_introspection_c
[0.393s] -- Using all available rosidl_typesupport_cpp: rosidl_typesupport_fastrtps_cpp;rosidl_typesupport_introspection_cpp
[0.443s] -- Found rmw_implementation_cmake: 7.3.1 (/opt/ros/jazzy/share/rmw_implementation_cmake/cmake)
[0.444s] -- Found rmw_fastrtps_cpp: 8.4.1 (/opt/ros/jazzy/share/rmw_fastrtps_cpp/cmake)
[0.501s] -- Using RMW implementation 'rmw_fastrtps_cpp' as default
[0.552s] -- Found ament_lint_auto: 0.17.1 (/opt/ros/jazzy/share/ament_lint_auto/cmake)
[0.619s] Error parsing '/home/dominik/RRM/ros2_ws/src/zad2.1/package.xml':
[1.571s] Traceback (most recent call last):
[1.572s]   File "/opt/ros/jazzy/share/ament_cmake_core/cmake/core/package_xml_2_cmake.py", line 150, in <module>
[1.572s]     main()
[1.572s]   File "/opt/ros/jazzy/share/ament_cmake_core/cmake/core/package_xml_2_cmake.py", line 53, in main
[1.572s]     raise e
[1.572s]   File "/opt/ros/jazzy/share/ament_cmake_core/cmake/core/package_xml_2_cmake.py", line 49, in main
[1.572s]     package = parse_package_string(
[1.572s]               ^^^^^^^^^^^^^^^^^^^^^
[1.572s]   File "/usr/lib/python3/dist-packages/catkin_pkg/package.py", line 788, in parse_package_string
[1.572s]     pkg.validate(warnings=warnings)
[1.572s]   File "/usr/lib/python3/dist-packages/catkin_pkg/package.py", line 330, in validate
[1.572s]     raise InvalidPackage('\n'.join(errors), self.filename)
[1.572s] catkin_pkg.package.InvalidPackage: Error(s) in package '/home/dominik/RRM/ros2_ws/src/zad2.1/package.xml':
[1.572s] Package name "zad2.1" does not follow naming conventions
[1.616s] [31mCMake Error at /opt/ros/jazzy/share/ament_cmake_core/cmake/core/ament_package_xml.cmake:95 (message):
[1.616s]   execute_process(/usr/bin/python3
[1.616s]   /opt/ros/jazzy/share/ament_cmake_core/cmake/core/package_xml_2_cmake.py
[1.616s]   /home/dominik/RRM/ros2_ws/src/zad2.1/package.xml
[1.617s]   /home/dominik/RRM/ros2_ws/build/zad2.1/ament_cmake_core/package.cmake)
[1.617s]   returned error code 1
[1.617s] Call Stack (most recent call first):
[1.617s]   /opt/ros/jazzy/share/ament_cmake_core/cmake/core/ament_package_xml.cmake:49 (_ament_package_xml)
[1.617s]   /opt/ros/jazzy/share/ament_lint_auto/cmake/ament_lint_auto_find_test_dependencies.cmake:31 (ament_package_xml)
[1.617s]   CMakeLists.txt:34 (ament_lint_auto_find_test_dependencies)
[1.617s] 
[1.617s] [0m
[1.617s] -- Configuring incomplete, errors occurred!
