-- Found ament_cmake: 2.5.2 (/opt/ros/jazzy/share/ament_cmake/cmake)
-- Found rclcpp: 28.1.5 (/opt/ros/jazzy/share/rclcpp/cmake)
-- Found rosidl_generator_c: 4.6.4 (/opt/ros/jazzy/share/rosidl_generator_c/cmake)
-- Found rosidl_generator_cpp: 4.6.4 (/opt/ros/jazzy/share/rosidl_generator_cpp/cmake)
-- Using all available rosidl_typesupport_c: rosidl_typesupport_fastrtps_c;rosidl_typesupport_introspection_c
-- Using all available rosidl_typesupport_cpp: rosidl_typesupport_fastrtps_cpp;rosidl_typesupport_introspection_cpp
-- Found rmw_implementation_cmake: 7.3.1 (/opt/ros/jazzy/share/rmw_implementation_cmake/cmake)
-- Found rmw_fastrtps_cpp: 8.4.1 (/opt/ros/jazzy/share/rmw_fastrtps_cpp/cmake)
-- Using RMW implementation 'rmw_fastrtps_cpp' as default
-- Found tf2_ros: 0.36.4 (/opt/ros/jazzy/share/tf2_ros/cmake)
-- Found rrm_msgs: 0.0.0 (/home/dominik/RRM/ros2_ws/install/rrm_msgs/share/rrm_msgs/cmake)
-- Found sensor_msgs: 5.3.5 (/opt/ros/jazzy/share/sensor_msgs/cmake)
-- Found surani_interface: 0.0.0 (/home/dominik/RRM/ros2_ws/install/surani_interface/share/surani_interface/cmake)
-- Found ament_lint_auto: 0.17.1 (/opt/ros/jazzy/share/ament_lint_auto/cmake)
-- Added test 'cppcheck' to perform static code analysis on C / C++ code
-- Configured cppcheck include dirs: $<BUILD_INTERFACE:/home/dominik/RRM/ros2_ws/src/block1_surani/include>;/home/dominik/RRM/ros2_ws/src/block1_surani/target_include_directories;/home/dominik/RRM/ros2_ws/src/block1_surani/(;/home/dominik/RRM/ros2_ws/src/block1_surani/logger_node;/home/dominik/RRM/ros2_ws/src/block1_surani/);/home/dominik/RRM/ros2_ws/src/block1_surani/joint_logger_node
-- Configured cppcheck exclude dirs and/or files: 
-- Added test 'lint_cmake' to check CMake code style
-- Added test 'uncrustify' to check C / C++ code style
-- Configured uncrustify additional arguments: 
-- Added test 'xmllint' to check XML markup files
-- Configuring done (0.6s)
-- Generating done (0.0s)
-- Build files have been written to: /home/dominik/RRM/ros2_ws/build/block1_surani
[ 33%] [32mBuilding CXX object CMakeFiles/logger_node.dir/src/logger_node.cpp.o[0m
[ 33%] [32mBuilding CXX object CMakeFiles/jointlogger_node.dir/src/jointlogger.cpp.o[0m
[01m[K/home/dominik/RRM/ros2_ws/src/block1_surani/src/jointlogger.cpp:1:10:[m[K [01;31m[Kfatal error: [m[Ksurani_interface/srv/TeachPoint.hpp: Adresár alebo súbor neexistuje
    1 | #include [01;31m[K"surani_interface/srv/TeachPoint.hpp"[m[K //header file pre srv interface
      |          [01;31m[K^~~~~~~~~~~~~~~~~~~~~~~~~~~~~~~~~~~~~[m[K
compilation terminated.
[ 66%] Built target teleop_node
gmake[2]: *** [CMakeFiles/jointlogger_node.dir/build.make:76: CMakeFiles/jointlogger_node.dir/src/jointlogger.cpp.o] Error 1
gmake[1]: *** [CMakeFiles/Makefile2:193: CMakeFiles/jointlogger_node.dir/all] Error 2
gmake[1]: *** Čaká sa na nedokončené úlohy....
[01m[K/home/dominik/RRM/ros2_ws/src/block1_surani/src/logger_node.cpp:8:10:[m[K [01;31m[Kfatal error: [m[Ksurani_interface/srv/TeachPoint.hpp: Adresár alebo súbor neexistuje
    8 | #include [01;31m[K"surani_interface/srv/TeachPoint.hpp"[m[K
      |          [01;31m[K^~~~~~~~~~~~~~~~~~~~~~~~~~~~~~~~~~~~~[m[K
compilation terminated.
gmake[2]: *** [CMakeFiles/logger_node.dir/build.make:76: CMakeFiles/logger_node.dir/src/logger_node.cpp.o] Error 1
gmake[1]: *** [CMakeFiles/Makefile2:167: CMakeFiles/logger_node.dir/all] Error 2
gmake: *** [Makefile:146: all] Error 2
