[0.028s] Invoking command in '/home/dominik/RRM/ros2_ws/src/build/surani_interface': CMAKE_PREFIX_PATH=${CMAKE_PREFIX_PATH}:/opt/ros/jazzy DEBUGINFOD_URLS=https://debuginfod.ubuntu.com /usr/bin/cmake --build /home/dominik/RRM/ros2_ws/src/build/surani_interface -- -j16 -l16
[0.099s] [  2%] Built target surani_interface__rosidl_generator_type_description
[0.117s] [  2%] Built target ament_cmake_python_copy_surani_interface
[0.137s] [  5%] Built target surani_interface__cpp
[0.139s] [ 20%] Built target surani_interface__rosidl_generator_c
[0.200s] [ 29%] Built target surani_interface__rosidl_typesupport_fastrtps_c
[0.201s] [ 47%] Built target surani_interface__rosidl_typesupport_fastrtps_cpp
[0.201s] [ 47%] Built target surani_interface__rosidl_typesupport_introspection_c
[0.202s] [ 61%] Built target surani_interface__rosidl_typesupport_c
[0.202s] [ 64%] Built target surani_interface__rosidl_typesupport_cpp
[0.207s] [ 73%] Built target surani_interface__rosidl_typesupport_introspection_cpp
[0.247s] [ 73%] Built target surani_interface
[0.289s] [ 76%] Built target surani_interface__py
[0.328s] [ 82%] Built target surani_interface__rosidl_generator_py
[0.367s] [ 88%] Built target surani_interface_s__rosidl_typesupport_fastrtps_c
[0.367s] [ 94%] Built target surani_interface_s__rosidl_typesupport_c
[0.368s] [100%] Built target surani_interface_s__rosidl_typesupport_introspection_c
[0.466s] running egg_info
[0.488s] writing surani_interface.egg-info/PKG-INFO
[0.489s] writing dependency_links to surani_interface.egg-info/dependency_links.txt
[0.489s] writing top-level names to surani_interface.egg-info/top_level.txt
[0.573s] reading manifest file 'surani_interface.egg-info/SOURCES.txt'
[0.574s] writing manifest file 'surani_interface.egg-info/SOURCES.txt'
[0.628s] [100%] Built target ament_cmake_python_build_surani_interface_egg
[0.644s] Invoked command in '/home/dominik/RRM/ros2_ws/src/build/surani_interface' returned '0': CMAKE_PREFIX_PATH=${CMAKE_PREFIX_PATH}:/opt/ros/jazzy DEBUGINFOD_URLS=https://debuginfod.ubuntu.com /usr/bin/cmake --build /home/dominik/RRM/ros2_ws/src/build/surani_interface -- -j16 -l16
[0.711s] Invoking command in '/home/dominik/RRM/ros2_ws/src/build/surani_interface': CMAKE_PREFIX_PATH=${CMAKE_PREFIX_PATH}:/opt/ros/jazzy DEBUGINFOD_URLS=https://debuginfod.ubuntu.com /usr/bin/cmake --install /home/dominik/RRM/ros2_ws/src/build/surani_interface
[0.723s] -- Install configuration: ""
[0.723s] -- Up-to-date: /home/dominik/RRM/ros2_ws/src/install/surani_interface/share/ament_index/resource_index/rosidl_interfaces/surani_interface
[0.723s] -- Up-to-date: /home/dominik/RRM/ros2_ws/src/install/surani_interface/share/surani_interface/srv/TeachPoint.json
[0.724s] -- Up-to-date: /home/dominik/RRM/ros2_ws/src/install/surani_interface/include/surani_interface/surani_interface
[0.724s] -- Up-to-date: /home/dominik/RRM/ros2_ws/src/install/surani_interface/include/surani_interface/surani_interface/msg
[0.724s] -- Up-to-date: /home/dominik/RRM/ros2_ws/src/install/surani_interface/include/surani_interface/surani_interface/msg/rosidl_generator_c__visibility_control.h
[0.724s] -- Up-to-date: /home/dominik/RRM/ros2_ws/src/install/surani_interface/include/surani_interface/surani_interface/srv
[0.724s] -- Up-to-date: /home/dominik/RRM/ros2_ws/src/install/surani_interface/include/surani_interface/surani_interface/srv/teach_point.h
[0.724s] -- Up-to-date: /home/dominik/RRM/ros2_ws/src/install/surani_interface/include/surani_interface/surani_interface/srv/detail
[0.724s] -- Up-to-date: /home/dominik/RRM/ros2_ws/src/install/surani_interface/include/surani_interface/surani_interface/srv/detail/teach_point__type_support.c
[0.724s] -- Up-to-date: /home/dominik/RRM/ros2_ws/src/install/surani_interface/include/surani_interface/surani_interface/srv/detail/teach_point__description.c
[0.724s] -- Up-to-date: /home/dominik/RRM/ros2_ws/src/install/surani_interface/include/surani_interface/surani_interface/srv/detail/teach_point__functions.h
[0.724s] -- Up-to-date: /home/dominik/RRM/ros2_ws/src/install/surani_interface/include/surani_interface/surani_interface/srv/detail/teach_point__type_support.h
[0.725s] -- Up-to-date: /home/dominik/RRM/ros2_ws/src/install/surani_interface/include/surani_interface/surani_interface/srv/detail/teach_point__functions.c
[0.725s] -- Up-to-date: /home/dominik/RRM/ros2_ws/src/install/surani_interface/include/surani_interface/surani_interface/srv/detail/teach_point__struct.h
[0.725s] -- Up-to-date: /home/dominik/RRM/ros2_ws/src/install/surani_interface/share/surani_interface/environment/library_path.sh
[0.725s] -- Up-to-date: /home/dominik/RRM/ros2_ws/src/install/surani_interface/share/surani_interface/environment/library_path.dsv
[0.725s] -- Up-to-date: /home/dominik/RRM/ros2_ws/src/install/surani_interface/lib/libsurani_interface__rosidl_generator_c.so
[0.725s] -- Up-to-date: /home/dominik/RRM/ros2_ws/src/install/surani_interface/include/surani_interface/surani_interface
[0.725s] -- Up-to-date: /home/dominik/RRM/ros2_ws/src/install/surani_interface/include/surani_interface/surani_interface/msg
[0.725s] -- Up-to-date: /home/dominik/RRM/ros2_ws/src/install/surani_interface/include/surani_interface/surani_interface/msg/rosidl_typesupport_fastrtps_c__visibility_control.h
[0.726s] -- Up-to-date: /home/dominik/RRM/ros2_ws/src/install/surani_interface/include/surani_interface/surani_interface/srv
[0.726s] -- Up-to-date: /home/dominik/RRM/ros2_ws/src/install/surani_interface/include/surani_interface/surani_interface/srv/detail
[0.726s] -- Up-to-date: /home/dominik/RRM/ros2_ws/src/install/surani_interface/include/surani_interface/surani_interface/srv/detail/teach_point__rosidl_typesupport_fastrtps_c.h
[0.726s] -- Up-to-date: /home/dominik/RRM/ros2_ws/src/install/surani_interface/lib/libsurani_interface__rosidl_typesupport_fastrtps_c.so
[0.726s] -- Up-to-date: /home/dominik/RRM/ros2_ws/src/install/surani_interface/include/surani_interface/surani_interface
[0.726s] -- Up-to-date: /home/dominik/RRM/ros2_ws/src/install/surani_interface/include/surani_interface/surani_interface/msg
[0.726s] -- Up-to-date: /home/dominik/RRM/ros2_ws/src/install/surani_interface/include/surani_interface/surani_interface/msg/rosidl_typesupport_introspection_c__visibility_control.h
[0.726s] -- Up-to-date: /home/dominik/RRM/ros2_ws/src/install/surani_interface/include/surani_interface/surani_interface/srv
[0.726s] -- Up-to-date: /home/dominik/RRM/ros2_ws/src/install/surani_interface/include/surani_interface/surani_interface/srv/detail
[0.726s] -- Up-to-date: /home/dominik/RRM/ros2_ws/src/install/surani_interface/include/surani_interface/surani_interface/srv/detail/teach_point__type_support.c
[0.727s] -- Up-to-date: /home/dominik/RRM/ros2_ws/src/install/surani_interface/include/surani_interface/surani_interface/srv/detail/teach_point__rosidl_typesupport_introspection_c.h
[0.727s] -- Up-to-date: /home/dominik/RRM/ros2_ws/src/install/surani_interface/lib/libsurani_interface__rosidl_typesupport_introspection_c.so
[0.727s] -- Up-to-date: /home/dominik/RRM/ros2_ws/src/install/surani_interface/lib/libsurani_interface__rosidl_typesupport_c.so
[0.727s] -- Up-to-date: /home/dominik/RRM/ros2_ws/src/install/surani_interface/include/surani_interface/surani_interface
[0.727s] -- Up-to-date: /home/dominik/RRM/ros2_ws/src/install/surani_interface/include/surani_interface/surani_interface/msg
[0.727s] -- Up-to-date: /home/dominik/RRM/ros2_ws/src/install/surani_interface/include/surani_interface/surani_interface/msg/rosidl_generator_cpp__visibility_control.hpp
[0.727s] -- Up-to-date: /home/dominik/RRM/ros2_ws/src/install/surani_interface/include/surani_interface/surani_interface/srv
[0.727s] -- Up-to-date: /home/dominik/RRM/ros2_ws/src/install/surani_interface/include/surani_interface/surani_interface/srv/detail
[0.727s] -- Up-to-date: /home/dominik/RRM/ros2_ws/src/install/surani_interface/include/surani_interface/surani_interface/srv/detail/teach_point__builder.hpp
[0.728s] -- Up-to-date: /home/dominik/RRM/ros2_ws/src/install/surani_interface/include/surani_interface/surani_interface/srv/detail/teach_point__struct.hpp
[0.728s] -- Up-to-date: /home/dominik/RRM/ros2_ws/src/install/surani_interface/include/surani_interface/surani_interface/srv/detail/teach_point__type_support.hpp
[0.728s] -- Up-to-date: /home/dominik/RRM/ros2_ws/src/install/surani_interface/include/surani_interface/surani_interface/srv/detail/teach_point__traits.hpp
[0.728s] -- Up-to-date: /home/dominik/RRM/ros2_ws/src/install/surani_interface/include/surani_interface/surani_interface/srv/teach_point.hpp
[0.728s] -- Up-to-date: /home/dominik/RRM/ros2_ws/src/install/surani_interface/include/surani_interface/surani_interface
[0.728s] -- Up-to-date: /home/dominik/RRM/ros2_ws/src/install/surani_interface/include/surani_interface/surani_interface/msg
[0.728s] -- Up-to-date: /home/dominik/RRM/ros2_ws/src/install/surani_interface/include/surani_interface/surani_interface/msg/rosidl_typesupport_fastrtps_cpp__visibility_control.h
[0.728s] -- Up-to-date: /home/dominik/RRM/ros2_ws/src/install/surani_interface/include/surani_interface/surani_interface/srv
[0.728s] -- Up-to-date: /home/dominik/RRM/ros2_ws/src/install/surani_interface/include/surani_interface/surani_interface/srv/detail
[0.728s] -- Up-to-date: /home/dominik/RRM/ros2_ws/src/install/surani_interface/include/surani_interface/surani_interface/srv/detail/teach_point__rosidl_typesupport_fastrtps_cpp.hpp
[0.728s] -- Up-to-date: /home/dominik/RRM/ros2_ws/src/install/surani_interface/include/surani_interface/surani_interface/srv/detail/dds_fastrtps
[0.729s] -- Up-to-date: /home/dominik/RRM/ros2_ws/src/install/surani_interface/lib/libsurani_interface__rosidl_typesupport_fastrtps_cpp.so
[0.729s] -- Up-to-date: /home/dominik/RRM/ros2_ws/src/install/surani_interface/include/surani_interface/surani_interface
[0.729s] -- Up-to-date: /home/dominik/RRM/ros2_ws/src/install/surani_interface/include/surani_interface/surani_interface/srv
[0.729s] -- Up-to-date: /home/dominik/RRM/ros2_ws/src/install/surani_interface/include/surani_interface/surani_interface/srv/detail
[0.729s] -- Up-to-date: /home/dominik/RRM/ros2_ws/src/install/surani_interface/include/surani_interface/surani_interface/srv/detail/teach_point__type_support.cpp
[0.729s] -- Up-to-date: /home/dominik/RRM/ros2_ws/src/install/surani_interface/include/surani_interface/surani_interface/srv/detail/teach_point__rosidl_typesupport_introspection_cpp.hpp
[0.729s] -- Up-to-date: /home/dominik/RRM/ros2_ws/src/install/surani_interface/lib/libsurani_interface__rosidl_typesupport_introspection_cpp.so
[0.729s] -- Up-to-date: /home/dominik/RRM/ros2_ws/src/install/surani_interface/lib/libsurani_interface__rosidl_typesupport_cpp.so
[0.729s] -- Up-to-date: /home/dominik/RRM/ros2_ws/src/install/surani_interface/share/surani_interface/environment/pythonpath.sh
[0.730s] -- Up-to-date: /home/dominik/RRM/ros2_ws/src/install/surani_interface/share/surani_interface/environment/pythonpath.dsv
[0.730s] -- Up-to-date: /home/dominik/RRM/ros2_ws/src/install/surani_interface/lib/python3.12/site-packages/surani_interface-0.0.0-py3.12.egg-info
[0.730s] -- Installing: /home/dominik/RRM/ros2_ws/src/install/surani_interface/lib/python3.12/site-packages/surani_interface-0.0.0-py3.12.egg-info/SOURCES.txt
[0.730s] -- Installing: /home/dominik/RRM/ros2_ws/src/install/surani_interface/lib/python3.12/site-packages/surani_interface-0.0.0-py3.12.egg-info/top_level.txt
[0.730s] -- Installing: /home/dominik/RRM/ros2_ws/src/install/surani_interface/lib/python3.12/site-packages/surani_interface-0.0.0-py3.12.egg-info/dependency_links.txt
[0.730s] -- Installing: /home/dominik/RRM/ros2_ws/src/install/surani_interface/lib/python3.12/site-packages/surani_interface-0.0.0-py3.12.egg-info/PKG-INFO
[0.731s] -- Up-to-date: /home/dominik/RRM/ros2_ws/src/install/surani_interface/lib/python3.12/site-packages/surani_interface
[0.731s] -- Up-to-date: /home/dominik/RRM/ros2_ws/src/install/surani_interface/lib/python3.12/site-packages/surani_interface/_surani_interface_s.ep.rosidl_typesupport_introspection_c.c
[0.731s] -- Up-to-date: /home/dominik/RRM/ros2_ws/src/install/surani_interface/lib/python3.12/site-packages/surani_interface/srv
[0.731s] -- Up-to-date: /home/dominik/RRM/ros2_ws/src/install/surani_interface/lib/python3.12/site-packages/surani_interface/srv/__init__.py
[0.731s] -- Up-to-date: /home/dominik/RRM/ros2_ws/src/install/surani_interface/lib/python3.12/site-packages/surani_interface/srv/_teach_point.py
[0.731s] -- Up-to-date: /home/dominik/RRM/ros2_ws/src/install/surani_interface/lib/python3.12/site-packages/surani_interface/srv/_teach_point_s.c
[0.731s] -- Up-to-date: /home/dominik/RRM/ros2_ws/src/install/surani_interface/lib/python3.12/site-packages/surani_interface/surani_interface_s__rosidl_typesupport_fastrtps_c.so
[0.731s] -- Up-to-date: /home/dominik/RRM/ros2_ws/src/install/surani_interface/lib/python3.12/site-packages/surani_interface/__init__.py
[0.731s] -- Up-to-date: /home/dominik/RRM/ros2_ws/src/install/surani_interface/lib/python3.12/site-packages/surani_interface/_surani_interface_s.ep.rosidl_typesupport_fastrtps_c.c
[0.732s] -- Up-to-date: /home/dominik/RRM/ros2_ws/src/install/surani_interface/lib/python3.12/site-packages/surani_interface/surani_interface_s__rosidl_typesupport_c.so
[0.732s] -- Up-to-date: /home/dominik/RRM/ros2_ws/src/install/surani_interface/lib/python3.12/site-packages/surani_interface/_surani_interface_s.ep.rosidl_typesupport_c.c
[0.732s] -- Up-to-date: /home/dominik/RRM/ros2_ws/src/install/surani_interface/lib/python3.12/site-packages/surani_interface/surani_interface_s__rosidl_typesupport_introspection_c.so
[0.779s] Listing '/home/dominik/RRM/ros2_ws/src/install/surani_interface/lib/python3.12/site-packages/surani_interface'...
[0.779s] Listing '/home/dominik/RRM/ros2_ws/src/install/surani_interface/lib/python3.12/site-packages/surani_interface/srv'...
[0.789s] -- Up-to-date: /home/dominik/RRM/ros2_ws/src/install/surani_interface/lib/python3.12/site-packages/surani_interface/surani_interface_s__rosidl_typesupport_fastrtps_c.so
[0.789s] -- Up-to-date: /home/dominik/RRM/ros2_ws/src/install/surani_interface/lib/python3.12/site-packages/surani_interface/surani_interface_s__rosidl_typesupport_introspection_c.so
[0.789s] -- Up-to-date: /home/dominik/RRM/ros2_ws/src/install/surani_interface/lib/python3.12/site-packages/surani_interface/surani_interface_s__rosidl_typesupport_c.so
[0.790s] -- Up-to-date: /home/dominik/RRM/ros2_ws/src/install/surani_interface/lib/libsurani_interface__rosidl_generator_py.so
[0.790s] -- Up-to-date: /home/dominik/RRM/ros2_ws/src/install/surani_interface/share/surani_interface/srv/TeachPoint.idl
[0.790s] -- Up-to-date: /home/dominik/RRM/ros2_ws/src/install/surani_interface/share/surani_interface/srv/TeachPoint.srv
[0.791s] -- Up-to-date: /home/dominik/RRM/ros2_ws/src/install/surani_interface/share/ament_index/resource_index/package_run_dependencies/surani_interface
[0.791s] -- Up-to-date: /home/dominik/RRM/ros2_ws/src/install/surani_interface/share/ament_index/resource_index/parent_prefix_path/surani_interface
[0.791s] -- Up-to-date: /home/dominik/RRM/ros2_ws/src/install/surani_interface/share/surani_interface/environment/ament_prefix_path.sh
[0.791s] -- Up-to-date: /home/dominik/RRM/ros2_ws/src/install/surani_interface/share/surani_interface/environment/ament_prefix_path.dsv
[0.791s] -- Up-to-date: /home/dominik/RRM/ros2_ws/src/install/surani_interface/share/surani_interface/environment/path.sh
[0.791s] -- Up-to-date: /home/dominik/RRM/ros2_ws/src/install/surani_interface/share/surani_interface/environment/path.dsv
[0.792s] -- Up-to-date: /home/dominik/RRM/ros2_ws/src/install/surani_interface/share/surani_interface/local_setup.bash
[0.792s] -- Up-to-date: /home/dominik/RRM/ros2_ws/src/install/surani_interface/share/surani_interface/local_setup.sh
[0.792s] -- Up-to-date: /home/dominik/RRM/ros2_ws/src/install/surani_interface/share/surani_interface/local_setup.zsh
[0.792s] -- Up-to-date: /home/dominik/RRM/ros2_ws/src/install/surani_interface/share/surani_interface/local_setup.dsv
[0.792s] -- Installing: /home/dominik/RRM/ros2_ws/src/install/surani_interface/share/surani_interface/package.dsv
[0.792s] -- Up-to-date: /home/dominik/RRM/ros2_ws/src/install/surani_interface/share/ament_index/resource_index/packages/surani_interface
[0.792s] -- Up-to-date: /home/dominik/RRM/ros2_ws/src/install/surani_interface/share/surani_interface/cmake/export_surani_interface__rosidl_generator_cExport.cmake
[0.793s] -- Up-to-date: /home/dominik/RRM/ros2_ws/src/install/surani_interface/share/surani_interface/cmake/export_surani_interface__rosidl_generator_cExport-noconfig.cmake
[0.793s] -- Up-to-date: /home/dominik/RRM/ros2_ws/src/install/surani_interface/share/surani_interface/cmake/export_surani_interface__rosidl_typesupport_fastrtps_cExport.cmake
[0.793s] -- Up-to-date: /home/dominik/RRM/ros2_ws/src/install/surani_interface/share/surani_interface/cmake/export_surani_interface__rosidl_typesupport_fastrtps_cExport-noconfig.cmake
[0.793s] -- Up-to-date: /home/dominik/RRM/ros2_ws/src/install/surani_interface/share/surani_interface/cmake/surani_interface__rosidl_typesupport_introspection_cExport.cmake
[0.793s] -- Up-to-date: /home/dominik/RRM/ros2_ws/src/install/surani_interface/share/surani_interface/cmake/surani_interface__rosidl_typesupport_introspection_cExport-noconfig.cmake
[0.793s] -- Up-to-date: /home/dominik/RRM/ros2_ws/src/install/surani_interface/share/surani_interface/cmake/surani_interface__rosidl_typesupport_cExport.cmake
[0.793s] -- Up-to-date: /home/dominik/RRM/ros2_ws/src/install/surani_interface/share/surani_interface/cmake/surani_interface__rosidl_typesupport_cExport-noconfig.cmake
[0.794s] -- Up-to-date: /home/dominik/RRM/ros2_ws/src/install/surani_interface/share/surani_interface/cmake/export_surani_interface__rosidl_generator_cppExport.cmake
[0.794s] -- Up-to-date: /home/dominik/RRM/ros2_ws/src/install/surani_interface/share/surani_interface/cmake/export_surani_interface__rosidl_typesupport_fastrtps_cppExport.cmake
[0.794s] -- Up-to-date: /home/dominik/RRM/ros2_ws/src/install/surani_interface/share/surani_interface/cmake/export_surani_interface__rosidl_typesupport_fastrtps_cppExport-noconfig.cmake
[0.794s] -- Up-to-date: /home/dominik/RRM/ros2_ws/src/install/surani_interface/share/surani_interface/cmake/surani_interface__rosidl_typesupport_introspection_cppExport.cmake
[0.794s] -- Up-to-date: /home/dominik/RRM/ros2_ws/src/install/surani_interface/share/surani_interface/cmake/surani_interface__rosidl_typesupport_introspection_cppExport-noconfig.cmake
[0.794s] -- Up-to-date: /home/dominik/RRM/ros2_ws/src/install/surani_interface/share/surani_interface/cmake/surani_interface__rosidl_typesupport_cppExport.cmake
[0.795s] -- Up-to-date: /home/dominik/RRM/ros2_ws/src/install/surani_interface/share/surani_interface/cmake/surani_interface__rosidl_typesupport_cppExport-noconfig.cmake
[0.795s] -- Up-to-date: /home/dominik/RRM/ros2_ws/src/install/surani_interface/share/surani_interface/cmake/export_surani_interface__rosidl_generator_pyExport.cmake
[0.795s] -- Up-to-date: /home/dominik/RRM/ros2_ws/src/install/surani_interface/share/surani_interface/cmake/export_surani_interface__rosidl_generator_pyExport-noconfig.cmake
[0.795s] -- Up-to-date: /home/dominik/RRM/ros2_ws/src/install/surani_interface/share/surani_interface/cmake/rosidl_cmake-extras.cmake
[0.795s] -- Up-to-date: /home/dominik/RRM/ros2_ws/src/install/surani_interface/share/surani_interface/cmake/ament_cmake_export_dependencies-extras.cmake
[0.795s] -- Up-to-date: /home/dominik/RRM/ros2_ws/src/install/surani_interface/share/surani_interface/cmake/ament_cmake_export_include_directories-extras.cmake
[0.796s] -- Up-to-date: /home/dominik/RRM/ros2_ws/src/install/surani_interface/share/surani_interface/cmake/ament_cmake_export_libraries-extras.cmake
[0.796s] -- Up-to-date: /home/dominik/RRM/ros2_ws/src/install/surani_interface/share/surani_interface/cmake/ament_cmake_export_targets-extras.cmake
[0.796s] -- Up-to-date: /home/dominik/RRM/ros2_ws/src/install/surani_interface/share/surani_interface/cmake/rosidl_cmake_export_typesupport_targets-extras.cmake
[0.796s] -- Up-to-date: /home/dominik/RRM/ros2_ws/src/install/surani_interface/share/surani_interface/cmake/rosidl_cmake_export_typesupport_libraries-extras.cmake
[0.796s] -- Up-to-date: /home/dominik/RRM/ros2_ws/src/install/surani_interface/share/surani_interface/cmake/surani_interfaceConfig.cmake
[0.796s] -- Up-to-date: /home/dominik/RRM/ros2_ws/src/install/surani_interface/share/surani_interface/cmake/surani_interfaceConfig-version.cmake
[0.796s] -- Up-to-date: /home/dominik/RRM/ros2_ws/src/install/surani_interface/share/surani_interface/package.xml
[0.800s] Invoked command in '/home/dominik/RRM/ros2_ws/src/build/surani_interface' returned '0': CMAKE_PREFIX_PATH=${CMAKE_PREFIX_PATH}:/opt/ros/jazzy DEBUGINFOD_URLS=https://debuginfod.ubuntu.com /usr/bin/cmake --install /home/dominik/RRM/ros2_ws/src/build/surani_interface
