[0.167s] DEBUG:colcon:Command line arguments: ['/usr/bin/colcon', 'build']
[0.167s] DEBUG:colcon:Parsed command line arguments: Namespace(log_base=None, log_level=None, verb_name='build', build_base='build', install_base='install', merge_install=False, symlink_install=False, test_result_base=None, continue_on_error=False, executor='parallel', parallel_workers=16, event_handlers=None, ignore_user_meta=False, metas=['./colcon.meta'], base_paths=['.'], packages_ignore=None, packages_ignore_regex=None, paths=None, packages_up_to=None, packages_up_to_regex=None, packages_above=None, packages_above_and_dependencies=None, packages_above_depth=None, packages_select_by_dep=None, packages_skip_by_dep=None, packages_skip_up_to=None, packages_select_build_failed=False, packages_skip_build_finished=False, packages_select_test_failures=False, packages_skip_test_passed=False, packages_select=None, packages_skip=None, packages_select_regex=None, packages_skip_regex=None, packages_start=None, packages_end=None, allow_overriding=[], cmake_args=None, cmake_target=None, cmake_target_skip_unavailable=False, cmake_clean_cache=False, cmake_clean_first=False, cmake_force_configure=False, ament_cmake_args=None, catkin_cmake_args=None, catkin_skip_building_tests=False, mixin_files=None, mixin=None, verb_parser=<colcon_mixin.mixin.mixin_argument.MixinArgumentDecorator object at 0x7d6fdf076390>, verb_extension=<colcon_core.verb.build.BuildVerb object at 0x7d6fdf1f2840>, main=<bound method BuildVerb.main of <colcon_core.verb.build.BuildVerb object at 0x7d6fdf1f2840>>, mixin_verb=('build',))
[0.248s] Level 1:colcon.colcon_core.package_discovery:discover_packages(colcon_meta) check parameters
[0.248s] Level 1:colcon.colcon_core.package_discovery:discover_packages(recursive) check parameters
[0.248s] Level 1:colcon.colcon_core.package_discovery:discover_packages(ignore) check parameters
[0.248s] Level 1:colcon.colcon_core.package_discovery:discover_packages(path) check parameters
[0.248s] Level 1:colcon.colcon_core.package_discovery:discover_packages(colcon_meta) discover
[0.249s] Level 1:colcon.colcon_core.package_discovery:discover_packages(recursive) discover
[0.249s] INFO:colcon.colcon_core.package_discovery:Crawling recursively for packages in '/home/dominik/RRM/ros2_ws/src'
[0.249s] Level 1:colcon.colcon_core.package_identification:_identify(.) by extensions ['ignore', 'ignore_ament_install']
[0.249s] Level 1:colcon.colcon_core.package_identification:_identify(.) by extension 'ignore'
[0.249s] Level 1:colcon.colcon_core.package_identification:_identify(.) by extension 'ignore_ament_install'
[0.249s] Level 1:colcon.colcon_core.package_identification:_identify(.) by extensions ['colcon_pkg']
[0.249s] Level 1:colcon.colcon_core.package_identification:_identify(.) by extension 'colcon_pkg'
[0.249s] Level 1:colcon.colcon_core.package_identification:_identify(.) by extensions ['colcon_meta']
[0.249s] Level 1:colcon.colcon_core.package_identification:_identify(.) by extension 'colcon_meta'
[0.249s] Level 1:colcon.colcon_core.package_identification:_identify(.) by extensions ['ros']
[0.249s] Level 1:colcon.colcon_core.package_identification:_identify(.) by extension 'ros'
[0.292s] Level 1:colcon.colcon_core.package_identification:_identify(.) by extensions ['cmake', 'python']
[0.292s] Level 1:colcon.colcon_core.package_identification:_identify(.) by extension 'cmake'
[0.292s] Level 1:colcon.colcon_core.package_identification:_identify(.) by extension 'python'
[0.292s] Level 1:colcon.colcon_core.package_identification:_identify(.) by extensions ['python_setup_py']
[0.292s] Level 1:colcon.colcon_core.package_identification:_identify(.) by extension 'python_setup_py'
[0.292s] Level 1:colcon.colcon_core.package_identification:_identify(block1_surani) by extensions ['ignore', 'ignore_ament_install']
[0.292s] Level 1:colcon.colcon_core.package_identification:_identify(block1_surani) by extension 'ignore'
[0.292s] Level 1:colcon.colcon_core.package_identification:_identify(block1_surani) by extension 'ignore_ament_install'
[0.292s] Level 1:colcon.colcon_core.package_identification:_identify(block1_surani) by extensions ['colcon_pkg']
[0.292s] Level 1:colcon.colcon_core.package_identification:_identify(block1_surani) by extension 'colcon_pkg'
[0.292s] Level 1:colcon.colcon_core.package_identification:_identify(block1_surani) by extensions ['colcon_meta']
[0.292s] Level 1:colcon.colcon_core.package_identification:_identify(block1_surani) by extension 'colcon_meta'
[0.293s] Level 1:colcon.colcon_core.package_identification:_identify(block1_surani) by extensions ['ros']
[0.293s] Level 1:colcon.colcon_core.package_identification:_identify(block1_surani) by extension 'ros'
[0.296s] DEBUG:colcon.colcon_core.package_identification:Package 'block1_surani' with type 'ros.ament_cmake' and name 'block1_surani'
[0.296s] Level 1:colcon.colcon_core.package_identification:_identify(block1_suraniV2) by extensions ['ignore', 'ignore_ament_install']
[0.296s] Level 1:colcon.colcon_core.package_identification:_identify(block1_suraniV2) by extension 'ignore'
[0.297s] Level 1:colcon.colcon_core.package_identification:_identify(block1_suraniV2) by extension 'ignore_ament_install'
[0.297s] Level 1:colcon.colcon_core.package_identification:_identify(block1_suraniV2) by extensions ['colcon_pkg']
[0.297s] Level 1:colcon.colcon_core.package_identification:_identify(block1_suraniV2) by extension 'colcon_pkg'
[0.297s] Level 1:colcon.colcon_core.package_identification:_identify(block1_suraniV2) by extensions ['colcon_meta']
[0.297s] Level 1:colcon.colcon_core.package_identification:_identify(block1_suraniV2) by extension 'colcon_meta'
[0.297s] Level 1:colcon.colcon_core.package_identification:_identify(block1_suraniV2) by extensions ['ros']
[0.297s] Level 1:colcon.colcon_core.package_identification:_identify(block1_suraniV2) by extension 'ros'
[0.298s] DEBUG:colcon.colcon_core.package_identification:Package 'block1_suraniV2' with type 'ros.ament_cmake' and name 'block1_suraniV2'
[0.298s] Level 1:colcon.colcon_core.package_identification:_identify(build) by extensions ['ignore', 'ignore_ament_install']
[0.298s] Level 1:colcon.colcon_core.package_identification:_identify(build) by extension 'ignore'
[0.298s] Level 1:colcon.colcon_core.package_identification:_identify(build) ignored
[0.298s] Level 1:colcon.colcon_core.package_identification:_identify(cv1) by extensions ['ignore', 'ignore_ament_install']
[0.298s] Level 1:colcon.colcon_core.package_identification:_identify(cv1) by extension 'ignore'
[0.298s] Level 1:colcon.colcon_core.package_identification:_identify(cv1) by extension 'ignore_ament_install'
[0.298s] Level 1:colcon.colcon_core.package_identification:_identify(cv1) by extensions ['colcon_pkg']
[0.298s] Level 1:colcon.colcon_core.package_identification:_identify(cv1) by extension 'colcon_pkg'
[0.298s] Level 1:colcon.colcon_core.package_identification:_identify(cv1) by extensions ['colcon_meta']
[0.299s] Level 1:colcon.colcon_core.package_identification:_identify(cv1) by extension 'colcon_meta'
[0.299s] Level 1:colcon.colcon_core.package_identification:_identify(cv1) by extensions ['ros']
[0.299s] Level 1:colcon.colcon_core.package_identification:_identify(cv1) by extension 'ros'
[0.299s] DEBUG:colcon.colcon_core.package_identification:Package 'cv1' with type 'ros.ament_cmake' and name 'cv1'
[0.299s] Level 1:colcon.colcon_core.package_identification:_identify(install) by extensions ['ignore', 'ignore_ament_install']
[0.300s] Level 1:colcon.colcon_core.package_identification:_identify(install) by extension 'ignore'
[0.300s] Level 1:colcon.colcon_core.package_identification:_identify(install) ignored
[0.300s] Level 1:colcon.colcon_core.package_identification:_identify(log) by extensions ['ignore', 'ignore_ament_install']
[0.300s] Level 1:colcon.colcon_core.package_identification:_identify(log) by extension 'ignore'
[0.300s] Level 1:colcon.colcon_core.package_identification:_identify(log) ignored
[0.300s] Level 1:colcon.colcon_core.package_identification:_identify(rrm) by extensions ['ignore', 'ignore_ament_install']
[0.300s] Level 1:colcon.colcon_core.package_identification:_identify(rrm) by extension 'ignore'
[0.300s] Level 1:colcon.colcon_core.package_identification:_identify(rrm) by extension 'ignore_ament_install'
[0.300s] Level 1:colcon.colcon_core.package_identification:_identify(rrm) by extensions ['colcon_pkg']
[0.300s] Level 1:colcon.colcon_core.package_identification:_identify(rrm) by extension 'colcon_pkg'
[0.300s] Level 1:colcon.colcon_core.package_identification:_identify(rrm) by extensions ['colcon_meta']
[0.300s] Level 1:colcon.colcon_core.package_identification:_identify(rrm) by extension 'colcon_meta'
[0.301s] Level 1:colcon.colcon_core.package_identification:_identify(rrm) by extensions ['ros']
[0.301s] Level 1:colcon.colcon_core.package_identification:_identify(rrm) by extension 'ros'
[0.301s] Level 1:colcon.colcon_core.package_identification:_identify(rrm) by extensions ['cmake', 'python']
[0.301s] Level 1:colcon.colcon_core.package_identification:_identify(rrm) by extension 'cmake'
[0.301s] Level 1:colcon.colcon_core.package_identification:_identify(rrm) by extension 'python'
[0.301s] Level 1:colcon.colcon_core.package_identification:_identify(rrm) by extensions ['python_setup_py']
[0.301s] Level 1:colcon.colcon_core.package_identification:_identify(rrm) by extension 'python_setup_py'
[0.301s] Level 1:colcon.colcon_core.package_identification:_identify(rrm/rrm_msgs) by extensions ['ignore', 'ignore_ament_install']
[0.301s] Level 1:colcon.colcon_core.package_identification:_identify(rrm/rrm_msgs) by extension 'ignore'
[0.301s] Level 1:colcon.colcon_core.package_identification:_identify(rrm/rrm_msgs) by extension 'ignore_ament_install'
[0.301s] Level 1:colcon.colcon_core.package_identification:_identify(rrm/rrm_msgs) by extensions ['colcon_pkg']
[0.301s] Level 1:colcon.colcon_core.package_identification:_identify(rrm/rrm_msgs) by extension 'colcon_pkg'
[0.301s] Level 1:colcon.colcon_core.package_identification:_identify(rrm/rrm_msgs) by extensions ['colcon_meta']
[0.301s] Level 1:colcon.colcon_core.package_identification:_identify(rrm/rrm_msgs) by extension 'colcon_meta'
[0.301s] Level 1:colcon.colcon_core.package_identification:_identify(rrm/rrm_msgs) by extensions ['ros']
[0.301s] Level 1:colcon.colcon_core.package_identification:_identify(rrm/rrm_msgs) by extension 'ros'
[0.302s] DEBUG:colcon.colcon_core.package_identification:Package 'rrm/rrm_msgs' with type 'ros.ament_cmake' and name 'rrm_msgs'
[0.302s] Level 1:colcon.colcon_core.package_identification:_identify(rrm/rrm_sim) by extensions ['ignore', 'ignore_ament_install']
[0.303s] Level 1:colcon.colcon_core.package_identification:_identify(rrm/rrm_sim) by extension 'ignore'
[0.303s] Level 1:colcon.colcon_core.package_identification:_identify(rrm/rrm_sim) by extension 'ignore_ament_install'
[0.303s] Level 1:colcon.colcon_core.package_identification:_identify(rrm/rrm_sim) by extensions ['colcon_pkg']
[0.303s] Level 1:colcon.colcon_core.package_identification:_identify(rrm/rrm_sim) by extension 'colcon_pkg'
[0.303s] Level 1:colcon.colcon_core.package_identification:_identify(rrm/rrm_sim) by extensions ['colcon_meta']
[0.303s] Level 1:colcon.colcon_core.package_identification:_identify(rrm/rrm_sim) by extension 'colcon_meta'
[0.303s] Level 1:colcon.colcon_core.package_identification:_identify(rrm/rrm_sim) by extensions ['ros']
[0.303s] Level 1:colcon.colcon_core.package_identification:_identify(rrm/rrm_sim) by extension 'ros'
[0.304s] DEBUG:colcon.colcon_core.package_identification:Package 'rrm/rrm_sim' with type 'ros.ament_cmake' and name 'rrm_sim'
[0.304s] Level 1:colcon.colcon_core.package_identification:_identify(rrm/rrm_simple_robot_model) by extensions ['ignore', 'ignore_ament_install']
[0.305s] Level 1:colcon.colcon_core.package_identification:_identify(rrm/rrm_simple_robot_model) by extension 'ignore'
[0.305s] Level 1:colcon.colcon_core.package_identification:_identify(rrm/rrm_simple_robot_model) by extension 'ignore_ament_install'
[0.305s] Level 1:colcon.colcon_core.package_identification:_identify(rrm/rrm_simple_robot_model) by extensions ['colcon_pkg']
[0.305s] Level 1:colcon.colcon_core.package_identification:_identify(rrm/rrm_simple_robot_model) by extension 'colcon_pkg'
[0.305s] Level 1:colcon.colcon_core.package_identification:_identify(rrm/rrm_simple_robot_model) by extensions ['colcon_meta']
[0.305s] Level 1:colcon.colcon_core.package_identification:_identify(rrm/rrm_simple_robot_model) by extension 'colcon_meta'
[0.305s] Level 1:colcon.colcon_core.package_identification:_identify(rrm/rrm_simple_robot_model) by extensions ['ros']
[0.305s] Level 1:colcon.colcon_core.package_identification:_identify(rrm/rrm_simple_robot_model) by extension 'ros'
[0.306s] DEBUG:colcon.colcon_core.package_identification:Package 'rrm/rrm_simple_robot_model' with type 'ros.ament_cmake' and name 'rrm_simple_robot_model'
[0.306s] Level 1:colcon.colcon_core.package_discovery:discover_packages(recursive) using defaults
[0.306s] Level 1:colcon.colcon_core.package_discovery:discover_packages(ignore) discover
[0.306s] Level 1:colcon.colcon_core.package_discovery:discover_packages(ignore) using defaults
[0.306s] Level 1:colcon.colcon_core.package_discovery:discover_packages(path) discover
[0.306s] Level 1:colcon.colcon_core.package_discovery:discover_packages(path) using defaults
[0.337s] Level 1:colcon.colcon_core.package_discovery:discover_packages(prefix_path) check parameters
[0.337s] Level 1:colcon.colcon_core.package_discovery:discover_packages(prefix_path) discover
[0.340s] DEBUG:colcon.colcon_installed_package_information.package_discovery:Found 1 installed packages in /home/dominik/RRM/zad1/install
[0.341s] DEBUG:colcon.colcon_installed_package_information.package_discovery:Found 5 installed packages in /home/dominik/RRM/ros2_ws/install
[0.343s] DEBUG:colcon.colcon_installed_package_information.package_discovery:Found 285 installed packages in /opt/ros/jazzy
[0.344s] Level 1:colcon.colcon_core.package_discovery:discover_packages(prefix_path) using defaults
[0.407s] Level 5:colcon.colcon_core.verb:set package 'cv1' build argument 'cmake_args' from command line to 'None'
[0.407s] Level 5:colcon.colcon_core.verb:set package 'cv1' build argument 'cmake_target' from command line to 'None'
[0.407s] Level 5:colcon.colcon_core.verb:set package 'cv1' build argument 'cmake_target_skip_unavailable' from command line to 'False'
[0.407s] Level 5:colcon.colcon_core.verb:set package 'cv1' build argument 'cmake_clean_cache' from command line to 'False'
[0.407s] Level 5:colcon.colcon_core.verb:set package 'cv1' build argument 'cmake_clean_first' from command line to 'False'
[0.407s] Level 5:colcon.colcon_core.verb:set package 'cv1' build argument 'cmake_force_configure' from command line to 'False'
[0.407s] Level 5:colcon.colcon_core.verb:set package 'cv1' build argument 'ament_cmake_args' from command line to 'None'
[0.407s] Level 5:colcon.colcon_core.verb:set package 'cv1' build argument 'catkin_cmake_args' from command line to 'None'
[0.407s] Level 5:colcon.colcon_core.verb:set package 'cv1' build argument 'catkin_skip_building_tests' from command line to 'False'
[0.407s] DEBUG:colcon.colcon_core.verb:Building package 'cv1' with the following arguments: {'ament_cmake_args': None, 'build_base': '/home/dominik/RRM/ros2_ws/src/build/cv1', 'catkin_cmake_args': None, 'catkin_skip_building_tests': False, 'cmake_args': None, 'cmake_clean_cache': False, 'cmake_clean_first': False, 'cmake_force_configure': False, 'cmake_target': None, 'cmake_target_skip_unavailable': False, 'install_base': '/home/dominik/RRM/ros2_ws/src/install/cv1', 'merge_install': False, 'path': '/home/dominik/RRM/ros2_ws/src/cv1', 'symlink_install': False, 'test_result_base': None}
[0.408s] Level 5:colcon.colcon_core.verb:set package 'rrm_msgs' build argument 'cmake_args' from command line to 'None'
[0.408s] Level 5:colcon.colcon_core.verb:set package 'rrm_msgs' build argument 'cmake_target' from command line to 'None'
[0.408s] Level 5:colcon.colcon_core.verb:set package 'rrm_msgs' build argument 'cmake_target_skip_unavailable' from command line to 'False'
[0.408s] Level 5:colcon.colcon_core.verb:set package 'rrm_msgs' build argument 'cmake_clean_cache' from command line to 'False'
[0.408s] Level 5:colcon.colcon_core.verb:set package 'rrm_msgs' build argument 'cmake_clean_first' from command line to 'False'
[0.408s] Level 5:colcon.colcon_core.verb:set package 'rrm_msgs' build argument 'cmake_force_configure' from command line to 'False'
[0.408s] Level 5:colcon.colcon_core.verb:set package 'rrm_msgs' build argument 'ament_cmake_args' from command line to 'None'
[0.408s] Level 5:colcon.colcon_core.verb:set package 'rrm_msgs' build argument 'catkin_cmake_args' from command line to 'None'
[0.408s] Level 5:colcon.colcon_core.verb:set package 'rrm_msgs' build argument 'catkin_skip_building_tests' from command line to 'False'
[0.408s] DEBUG:colcon.colcon_core.verb:Building package 'rrm_msgs' with the following arguments: {'ament_cmake_args': None, 'build_base': '/home/dominik/RRM/ros2_ws/src/build/rrm_msgs', 'catkin_cmake_args': None, 'catkin_skip_building_tests': False, 'cmake_args': None, 'cmake_clean_cache': False, 'cmake_clean_first': False, 'cmake_force_configure': False, 'cmake_target': None, 'cmake_target_skip_unavailable': False, 'install_base': '/home/dominik/RRM/ros2_ws/src/install/rrm_msgs', 'merge_install': False, 'path': '/home/dominik/RRM/ros2_ws/src/rrm/rrm_msgs', 'symlink_install': False, 'test_result_base': None}
[0.408s] Level 5:colcon.colcon_core.verb:set package 'rrm_simple_robot_model' build argument 'cmake_args' from command line to 'None'
[0.408s] Level 5:colcon.colcon_core.verb:set package 'rrm_simple_robot_model' build argument 'cmake_target' from command line to 'None'
[0.408s] Level 5:colcon.colcon_core.verb:set package 'rrm_simple_robot_model' build argument 'cmake_target_skip_unavailable' from command line to 'False'
[0.408s] Level 5:colcon.colcon_core.verb:set package 'rrm_simple_robot_model' build argument 'cmake_clean_cache' from command line to 'False'
[0.408s] Level 5:colcon.colcon_core.verb:set package 'rrm_simple_robot_model' build argument 'cmake_clean_first' from command line to 'False'
[0.408s] Level 5:colcon.colcon_core.verb:set package 'rrm_simple_robot_model' build argument 'cmake_force_configure' from command line to 'False'
[0.408s] Level 5:colcon.colcon_core.verb:set package 'rrm_simple_robot_model' build argument 'ament_cmake_args' from command line to 'None'
[0.409s] Level 5:colcon.colcon_core.verb:set package 'rrm_simple_robot_model' build argument 'catkin_cmake_args' from command line to 'None'
[0.409s] Level 5:colcon.colcon_core.verb:set package 'rrm_simple_robot_model' build argument 'catkin_skip_building_tests' from command line to 'False'
[0.409s] DEBUG:colcon.colcon_core.verb:Building package 'rrm_simple_robot_model' with the following arguments: {'ament_cmake_args': None, 'build_base': '/home/dominik/RRM/ros2_ws/src/build/rrm_simple_robot_model', 'catkin_cmake_args': None, 'catkin_skip_building_tests': False, 'cmake_args': None, 'cmake_clean_cache': False, 'cmake_clean_first': False, 'cmake_force_configure': False, 'cmake_target': None, 'cmake_target_skip_unavailable': False, 'install_base': '/home/dominik/RRM/ros2_ws/src/install/rrm_simple_robot_model', 'merge_install': False, 'path': '/home/dominik/RRM/ros2_ws/src/rrm/rrm_simple_robot_model', 'symlink_install': False, 'test_result_base': None}
[0.409s] Level 5:colcon.colcon_core.verb:set package 'block1_surani' build argument 'cmake_args' from command line to 'None'
[0.409s] Level 5:colcon.colcon_core.verb:set package 'block1_surani' build argument 'cmake_target' from command line to 'None'
[0.409s] Level 5:colcon.colcon_core.verb:set package 'block1_surani' build argument 'cmake_target_skip_unavailable' from command line to 'False'
[0.409s] Level 5:colcon.colcon_core.verb:set package 'block1_surani' build argument 'cmake_clean_cache' from command line to 'False'
[0.409s] Level 5:colcon.colcon_core.verb:set package 'block1_surani' build argument 'cmake_clean_first' from command line to 'False'
[0.409s] Level 5:colcon.colcon_core.verb:set package 'block1_surani' build argument 'cmake_force_configure' from command line to 'False'
[0.409s] Level 5:colcon.colcon_core.verb:set package 'block1_surani' build argument 'ament_cmake_args' from command line to 'None'
[0.409s] Level 5:colcon.colcon_core.verb:set package 'block1_surani' build argument 'catkin_cmake_args' from command line to 'None'
[0.409s] Level 5:colcon.colcon_core.verb:set package 'block1_surani' build argument 'catkin_skip_building_tests' from command line to 'False'
[0.409s] DEBUG:colcon.colcon_core.verb:Building package 'block1_surani' with the following arguments: {'ament_cmake_args': None, 'build_base': '/home/dominik/RRM/ros2_ws/src/build/block1_surani', 'catkin_cmake_args': None, 'catkin_skip_building_tests': False, 'cmake_args': None, 'cmake_clean_cache': False, 'cmake_clean_first': False, 'cmake_force_configure': False, 'cmake_target': None, 'cmake_target_skip_unavailable': False, 'install_base': '/home/dominik/RRM/ros2_ws/src/install/block1_surani', 'merge_install': False, 'path': '/home/dominik/RRM/ros2_ws/src/block1_surani', 'symlink_install': False, 'test_result_base': None}
[0.410s] Level 5:colcon.colcon_core.verb:set package 'block1_suraniV2' build argument 'cmake_args' from command line to 'None'
[0.410s] Level 5:colcon.colcon_core.verb:set package 'block1_suraniV2' build argument 'cmake_target' from command line to 'None'
[0.410s] Level 5:colcon.colcon_core.verb:set package 'block1_suraniV2' build argument 'cmake_target_skip_unavailable' from command line to 'False'
[0.410s] Level 5:colcon.colcon_core.verb:set package 'block1_suraniV2' build argument 'cmake_clean_cache' from command line to 'False'
[0.410s] Level 5:colcon.colcon_core.verb:set package 'block1_suraniV2' build argument 'cmake_clean_first' from command line to 'False'
[0.410s] Level 5:colcon.colcon_core.verb:set package 'block1_suraniV2' build argument 'cmake_force_configure' from command line to 'False'
[0.410s] Level 5:colcon.colcon_core.verb:set package 'block1_suraniV2' build argument 'ament_cmake_args' from command line to 'None'
[0.410s] Level 5:colcon.colcon_core.verb:set package 'block1_suraniV2' build argument 'catkin_cmake_args' from command line to 'None'
[0.410s] Level 5:colcon.colcon_core.verb:set package 'block1_suraniV2' build argument 'catkin_skip_building_tests' from command line to 'False'
[0.410s] DEBUG:colcon.colcon_core.verb:Building package 'block1_suraniV2' with the following arguments: {'ament_cmake_args': None, 'build_base': '/home/dominik/RRM/ros2_ws/src/build/block1_suraniV2', 'catkin_cmake_args': None, 'catkin_skip_building_tests': False, 'cmake_args': None, 'cmake_clean_cache': False, 'cmake_clean_first': False, 'cmake_force_configure': False, 'cmake_target': None, 'cmake_target_skip_unavailable': False, 'install_base': '/home/dominik/RRM/ros2_ws/src/install/block1_suraniV2', 'merge_install': False, 'path': '/home/dominik/RRM/ros2_ws/src/block1_suraniV2', 'symlink_install': False, 'test_result_base': None}
[0.410s] Level 5:colcon.colcon_core.verb:set package 'rrm_sim' build argument 'cmake_args' from command line to 'None'
[0.410s] Level 5:colcon.colcon_core.verb:set package 'rrm_sim' build argument 'cmake_target' from command line to 'None'
[0.410s] Level 5:colcon.colcon_core.verb:set package 'rrm_sim' build argument 'cmake_target_skip_unavailable' from command line to 'False'
[0.410s] Level 5:colcon.colcon_core.verb:set package 'rrm_sim' build argument 'cmake_clean_cache' from command line to 'False'
[0.410s] Level 5:colcon.colcon_core.verb:set package 'rrm_sim' build argument 'cmake_clean_first' from command line to 'False'
[0.410s] Level 5:colcon.colcon_core.verb:set package 'rrm_sim' build argument 'cmake_force_configure' from command line to 'False'
[0.410s] Level 5:colcon.colcon_core.verb:set package 'rrm_sim' build argument 'ament_cmake_args' from command line to 'None'
[0.410s] Level 5:colcon.colcon_core.verb:set package 'rrm_sim' build argument 'catkin_cmake_args' from command line to 'None'
[0.410s] Level 5:colcon.colcon_core.verb:set package 'rrm_sim' build argument 'catkin_skip_building_tests' from command line to 'False'
[0.410s] DEBUG:colcon.colcon_core.verb:Building package 'rrm_sim' with the following arguments: {'ament_cmake_args': None, 'build_base': '/home/dominik/RRM/ros2_ws/src/build/rrm_sim', 'catkin_cmake_args': None, 'catkin_skip_building_tests': False, 'cmake_args': None, 'cmake_clean_cache': False, 'cmake_clean_first': False, 'cmake_force_configure': False, 'cmake_target': None, 'cmake_target_skip_unavailable': False, 'install_base': '/home/dominik/RRM/ros2_ws/src/install/rrm_sim', 'merge_install': False, 'path': '/home/dominik/RRM/ros2_ws/src/rrm/rrm_sim', 'symlink_install': False, 'test_result_base': None}
[0.410s] INFO:colcon.colcon_core.executor:Executing jobs using 'parallel' executor
[0.412s] DEBUG:colcon.colcon_parallel_executor.executor.parallel:run_until_complete
[0.412s] INFO:colcon.colcon_ros.task.ament_cmake.build:Building ROS package in '/home/dominik/RRM/ros2_ws/src/rrm/rrm_msgs' with build type 'ament_cmake'
[0.412s] INFO:colcon.colcon_cmake.task.cmake.build:Building CMake package in '/home/dominik/RRM/ros2_ws/src/rrm/rrm_msgs'
[0.415s] INFO:colcon.colcon_core.plugin_system:Skipping extension 'colcon_core.shell.bat': Not used on non-Windows systems
[0.416s] INFO:colcon.colcon_core.shell:Skip shell extension 'powershell' for command environment: Not usable outside of PowerShell
[0.416s] DEBUG:colcon.colcon_core.shell:Skip shell extension 'dsv' for command environment
[0.423s] INFO:colcon.colcon_ros.task.ament_cmake.build:Building ROS package in '/home/dominik/RRM/ros2_ws/src/cv1' with build type 'ament_cmake'
[0.423s] INFO:colcon.colcon_cmake.task.cmake.build:Building CMake package in '/home/dominik/RRM/ros2_ws/src/cv1'
[0.424s] INFO:colcon.colcon_core.shell:Skip shell extension 'powershell' for command environment: Not usable outside of PowerShell
[0.424s] DEBUG:colcon.colcon_core.shell:Skip shell extension 'dsv' for command environment
[0.431s] INFO:colcon.colcon_ros.task.ament_cmake.build:Building ROS package in '/home/dominik/RRM/ros2_ws/src/rrm/rrm_simple_robot_model' with build type 'ament_cmake'
[0.432s] INFO:colcon.colcon_cmake.task.cmake.build:Building CMake package in '/home/dominik/RRM/ros2_ws/src/rrm/rrm_simple_robot_model'
[0.432s] INFO:colcon.colcon_core.shell:Skip shell extension 'powershell' for command environment: Not usable outside of PowerShell
[0.432s] DEBUG:colcon.colcon_core.shell:Skip shell extension 'dsv' for command environment
[0.445s] DEBUG:colcon.colcon_core.event_handler.log_command:Invoking command in '/home/dominik/RRM/ros2_ws/src/build/rrm_msgs': CMAKE_PREFIX_PATH=${CMAKE_PREFIX_PATH}:/opt/ros/jazzy DEBUGINFOD_URLS=https://debuginfod.ubuntu.com /usr/bin/cmake /home/dominik/RRM/ros2_ws/src/rrm/rrm_msgs -DCMAKE_INSTALL_PREFIX=/home/dominik/RRM/ros2_ws/src/install/rrm_msgs
[0.451s] DEBUG:colcon.colcon_core.event_handler.log_command:Invoking command in '/home/dominik/RRM/ros2_ws/src/build/cv1': CMAKE_PREFIX_PATH=${CMAKE_PREFIX_PATH}:/opt/ros/jazzy DEBUGINFOD_URLS=https://debuginfod.ubuntu.com /usr/bin/cmake /home/dominik/RRM/ros2_ws/src/cv1 -DCMAKE_INSTALL_PREFIX=/home/dominik/RRM/ros2_ws/src/install/cv1
[0.455s] DEBUG:colcon.colcon_core.event_handler.log_command:Invoking command in '/home/dominik/RRM/ros2_ws/src/build/rrm_simple_robot_model': CMAKE_PREFIX_PATH=${CMAKE_PREFIX_PATH}:/opt/ros/jazzy DEBUGINFOD_URLS=https://debuginfod.ubuntu.com /usr/bin/cmake /home/dominik/RRM/ros2_ws/src/rrm/rrm_simple_robot_model -DCMAKE_INSTALL_PREFIX=/home/dominik/RRM/ros2_ws/src/install/rrm_simple_robot_model
[1.692s] DEBUG:colcon.colcon_core.event_handler.log_command:Invoked command in '/home/dominik/RRM/ros2_ws/src/build/rrm_simple_robot_model' returned '0': CMAKE_PREFIX_PATH=${CMAKE_PREFIX_PATH}:/opt/ros/jazzy DEBUGINFOD_URLS=https://debuginfod.ubuntu.com /usr/bin/cmake /home/dominik/RRM/ros2_ws/src/rrm/rrm_simple_robot_model -DCMAKE_INSTALL_PREFIX=/home/dominik/RRM/ros2_ws/src/install/rrm_simple_robot_model
[1.694s] DEBUG:colcon.colcon_core.event_handler.log_command:Invoking command in '/home/dominik/RRM/ros2_ws/src/build/rrm_simple_robot_model': CMAKE_PREFIX_PATH=${CMAKE_PREFIX_PATH}:/opt/ros/jazzy DEBUGINFOD_URLS=https://debuginfod.ubuntu.com /usr/bin/cmake --build /home/dominik/RRM/ros2_ws/src/build/rrm_simple_robot_model -- -j16 -l16
[1.748s] DEBUG:colcon.colcon_core.event_handler.log_command:Invoked command in '/home/dominik/RRM/ros2_ws/src/build/rrm_simple_robot_model' returned '0': CMAKE_PREFIX_PATH=${CMAKE_PREFIX_PATH}:/opt/ros/jazzy DEBUGINFOD_URLS=https://debuginfod.ubuntu.com /usr/bin/cmake --build /home/dominik/RRM/ros2_ws/src/build/rrm_simple_robot_model -- -j16 -l16
[1.788s] DEBUG:colcon.colcon_core.event_handler.log_command:Invoking command in '/home/dominik/RRM/ros2_ws/src/build/rrm_simple_robot_model': CMAKE_PREFIX_PATH=${CMAKE_PREFIX_PATH}:/opt/ros/jazzy DEBUGINFOD_URLS=https://debuginfod.ubuntu.com /usr/bin/cmake --install /home/dominik/RRM/ros2_ws/src/build/rrm_simple_robot_model
[1.802s] Level 1:colcon.colcon_core.environment:create_environment_scripts_only(rrm_simple_robot_model)
[1.802s] DEBUG:colcon.colcon_core.event_handler.log_command:Invoked command in '/home/dominik/RRM/ros2_ws/src/build/rrm_simple_robot_model' returned '0': CMAKE_PREFIX_PATH=${CMAKE_PREFIX_PATH}:/opt/ros/jazzy DEBUGINFOD_URLS=https://debuginfod.ubuntu.com /usr/bin/cmake --install /home/dominik/RRM/ros2_ws/src/build/rrm_simple_robot_model
[1.805s] Level 1:colcon.colcon_core.environment:checking '/home/dominik/RRM/ros2_ws/src/install/rrm_simple_robot_model' for CMake module files
[1.805s] Level 1:colcon.colcon_core.environment:checking '/home/dominik/RRM/ros2_ws/src/install/rrm_simple_robot_model' for CMake config files
[1.805s] Level 1:colcon.colcon_core.shell:create_environment_hook('rrm_simple_robot_model', 'cmake_prefix_path')
[1.805s] INFO:colcon.colcon_core.shell:Creating environment hook '/home/dominik/RRM/ros2_ws/src/install/rrm_simple_robot_model/share/rrm_simple_robot_model/hook/cmake_prefix_path.ps1'
[1.806s] INFO:colcon.colcon_core.shell:Creating environment descriptor '/home/dominik/RRM/ros2_ws/src/install/rrm_simple_robot_model/share/rrm_simple_robot_model/hook/cmake_prefix_path.dsv'
[1.806s] INFO:colcon.colcon_core.shell:Creating environment hook '/home/dominik/RRM/ros2_ws/src/install/rrm_simple_robot_model/share/rrm_simple_robot_model/hook/cmake_prefix_path.sh'
[1.807s] Level 1:colcon.colcon_core.environment:checking '/home/dominik/RRM/ros2_ws/src/install/rrm_simple_robot_model/bin'
[1.807s] Level 1:colcon.colcon_core.environment:checking '/home/dominik/RRM/ros2_ws/src/install/rrm_simple_robot_model/lib/pkgconfig/rrm_simple_robot_model.pc'
[1.807s] Level 1:colcon.colcon_core.environment:checking '/home/dominik/RRM/ros2_ws/src/install/rrm_simple_robot_model/lib/python3.12/site-packages'
[1.807s] Level 1:colcon.colcon_core.environment:checking '/home/dominik/RRM/ros2_ws/src/install/rrm_simple_robot_model/bin'
[1.807s] INFO:colcon.colcon_core.shell:Creating package script '/home/dominik/RRM/ros2_ws/src/install/rrm_simple_robot_model/share/rrm_simple_robot_model/package.ps1'
[1.808s] INFO:colcon.colcon_core.shell:Creating package descriptor '/home/dominik/RRM/ros2_ws/src/install/rrm_simple_robot_model/share/rrm_simple_robot_model/package.dsv'
[1.808s] INFO:colcon.colcon_core.shell:Creating package script '/home/dominik/RRM/ros2_ws/src/install/rrm_simple_robot_model/share/rrm_simple_robot_model/package.sh'
[1.808s] INFO:colcon.colcon_core.shell:Creating package script '/home/dominik/RRM/ros2_ws/src/install/rrm_simple_robot_model/share/rrm_simple_robot_model/package.bash'
[1.809s] INFO:colcon.colcon_core.shell:Creating package script '/home/dominik/RRM/ros2_ws/src/install/rrm_simple_robot_model/share/rrm_simple_robot_model/package.zsh'
[1.809s] Level 1:colcon.colcon_core.environment:create_file_with_runtime_dependencies(/home/dominik/RRM/ros2_ws/src/install/rrm_simple_robot_model/share/colcon-core/packages/rrm_simple_robot_model)
[1.836s] Level 1:colcon.colcon_core.environment:create_environment_scripts_only(rrm_simple_robot_model)
[1.837s] Level 1:colcon.colcon_core.environment:checking '/home/dominik/RRM/ros2_ws/src/install/rrm_simple_robot_model' for CMake module files
[1.837s] Level 1:colcon.colcon_core.environment:checking '/home/dominik/RRM/ros2_ws/src/install/rrm_simple_robot_model' for CMake config files
[1.838s] Level 1:colcon.colcon_core.shell:create_environment_hook('rrm_simple_robot_model', 'cmake_prefix_path')
[1.838s] INFO:colcon.colcon_core.shell:Creating environment hook '/home/dominik/RRM/ros2_ws/src/install/rrm_simple_robot_model/share/rrm_simple_robot_model/hook/cmake_prefix_path.ps1'
[1.838s] INFO:colcon.colcon_core.shell:Creating environment descriptor '/home/dominik/RRM/ros2_ws/src/install/rrm_simple_robot_model/share/rrm_simple_robot_model/hook/cmake_prefix_path.dsv'
[1.838s] INFO:colcon.colcon_core.shell:Creating environment hook '/home/dominik/RRM/ros2_ws/src/install/rrm_simple_robot_model/share/rrm_simple_robot_model/hook/cmake_prefix_path.sh'
[1.839s] Level 1:colcon.colcon_core.environment:checking '/home/dominik/RRM/ros2_ws/src/install/rrm_simple_robot_model/bin'
[1.839s] Level 1:colcon.colcon_core.environment:checking '/home/dominik/RRM/ros2_ws/src/install/rrm_simple_robot_model/lib/pkgconfig/rrm_simple_robot_model.pc'
[1.839s] Level 1:colcon.colcon_core.environment:checking '/home/dominik/RRM/ros2_ws/src/install/rrm_simple_robot_model/lib/python3.12/site-packages'
[1.839s] Level 1:colcon.colcon_core.environment:checking '/home/dominik/RRM/ros2_ws/src/install/rrm_simple_robot_model/bin'
[1.839s] INFO:colcon.colcon_core.shell:Creating package script '/home/dominik/RRM/ros2_ws/src/install/rrm_simple_robot_model/share/rrm_simple_robot_model/package.ps1'
[1.840s] INFO:colcon.colcon_core.shell:Creating package descriptor '/home/dominik/RRM/ros2_ws/src/install/rrm_simple_robot_model/share/rrm_simple_robot_model/package.dsv'
[1.840s] INFO:colcon.colcon_core.shell:Creating package script '/home/dominik/RRM/ros2_ws/src/install/rrm_simple_robot_model/share/rrm_simple_robot_model/package.sh'
[1.840s] INFO:colcon.colcon_core.shell:Creating package script '/home/dominik/RRM/ros2_ws/src/install/rrm_simple_robot_model/share/rrm_simple_robot_model/package.bash'
[1.841s] INFO:colcon.colcon_core.shell:Creating package script '/home/dominik/RRM/ros2_ws/src/install/rrm_simple_robot_model/share/rrm_simple_robot_model/package.zsh'
[1.841s] Level 1:colcon.colcon_core.environment:create_file_with_runtime_dependencies(/home/dominik/RRM/ros2_ws/src/install/rrm_simple_robot_model/share/colcon-core/packages/rrm_simple_robot_model)
[2.089s] DEBUG:colcon.colcon_core.event_handler.log_command:Invoked command in '/home/dominik/RRM/ros2_ws/src/build/cv1' returned '0': CMAKE_PREFIX_PATH=${CMAKE_PREFIX_PATH}:/opt/ros/jazzy DEBUGINFOD_URLS=https://debuginfod.ubuntu.com /usr/bin/cmake /home/dominik/RRM/ros2_ws/src/cv1 -DCMAKE_INSTALL_PREFIX=/home/dominik/RRM/ros2_ws/src/install/cv1
[2.090s] DEBUG:colcon.colcon_core.event_handler.log_command:Invoking command in '/home/dominik/RRM/ros2_ws/src/build/cv1': CMAKE_PREFIX_PATH=${CMAKE_PREFIX_PATH}:/opt/ros/jazzy DEBUGINFOD_URLS=https://debuginfod.ubuntu.com /usr/bin/cmake --build /home/dominik/RRM/ros2_ws/src/build/cv1 -- -j16 -l16
[3.671s] DEBUG:colcon.colcon_core.event_handler.log_command:Invoked command in '/home/dominik/RRM/ros2_ws/src/build/rrm_msgs' returned '0': CMAKE_PREFIX_PATH=${CMAKE_PREFIX_PATH}:/opt/ros/jazzy DEBUGINFOD_URLS=https://debuginfod.ubuntu.com /usr/bin/cmake /home/dominik/RRM/ros2_ws/src/rrm/rrm_msgs -DCMAKE_INSTALL_PREFIX=/home/dominik/RRM/ros2_ws/src/install/rrm_msgs
[3.672s] DEBUG:colcon.colcon_core.event_handler.log_command:Invoking command in '/home/dominik/RRM/ros2_ws/src/build/rrm_msgs': CMAKE_PREFIX_PATH=${CMAKE_PREFIX_PATH}:/opt/ros/jazzy DEBUGINFOD_URLS=https://debuginfod.ubuntu.com /usr/bin/cmake --build /home/dominik/RRM/ros2_ws/src/build/rrm_msgs -- -j16 -l16
[5.387s] DEBUG:colcon.colcon_core.event_handler.log_command:Invoked command in '/home/dominik/RRM/ros2_ws/src/build/cv1' returned '0': CMAKE_PREFIX_PATH=${CMAKE_PREFIX_PATH}:/opt/ros/jazzy DEBUGINFOD_URLS=https://debuginfod.ubuntu.com /usr/bin/cmake --build /home/dominik/RRM/ros2_ws/src/build/cv1 -- -j16 -l16
[5.417s] DEBUG:colcon.colcon_core.event_handler.log_command:Invoking command in '/home/dominik/RRM/ros2_ws/src/build/cv1': CMAKE_PREFIX_PATH=${CMAKE_PREFIX_PATH}:/opt/ros/jazzy DEBUGINFOD_URLS=https://debuginfod.ubuntu.com /usr/bin/cmake --install /home/dominik/RRM/ros2_ws/src/build/cv1
[5.429s] Level 1:colcon.colcon_core.environment:create_environment_scripts_only(cv1)
[5.429s] Level 1:colcon.colcon_core.environment:checking '/home/dominik/RRM/ros2_ws/src/install/cv1' for CMake module files
[5.430s] DEBUG:colcon.colcon_core.event_handler.log_command:Invoked command in '/home/dominik/RRM/ros2_ws/src/build/cv1' returned '0': CMAKE_PREFIX_PATH=${CMAKE_PREFIX_PATH}:/opt/ros/jazzy DEBUGINFOD_URLS=https://debuginfod.ubuntu.com /usr/bin/cmake --install /home/dominik/RRM/ros2_ws/src/build/cv1
[5.430s] Level 1:colcon.colcon_core.environment:checking '/home/dominik/RRM/ros2_ws/src/install/cv1' for CMake config files
[5.430s] Level 1:colcon.colcon_core.shell:create_environment_hook('cv1', 'cmake_prefix_path')
[5.431s] INFO:colcon.colcon_core.shell:Creating environment hook '/home/dominik/RRM/ros2_ws/src/install/cv1/share/cv1/hook/cmake_prefix_path.ps1'
[5.431s] INFO:colcon.colcon_core.shell:Creating environment descriptor '/home/dominik/RRM/ros2_ws/src/install/cv1/share/cv1/hook/cmake_prefix_path.dsv'
[5.432s] INFO:colcon.colcon_core.shell:Creating environment hook '/home/dominik/RRM/ros2_ws/src/install/cv1/share/cv1/hook/cmake_prefix_path.sh'
[5.432s] Level 1:colcon.colcon_core.environment:checking '/home/dominik/RRM/ros2_ws/src/install/cv1/lib'
[5.432s] Level 1:colcon.colcon_core.environment:checking '/home/dominik/RRM/ros2_ws/src/install/cv1/bin'
[5.432s] Level 1:colcon.colcon_core.environment:checking '/home/dominik/RRM/ros2_ws/src/install/cv1/lib/pkgconfig/cv1.pc'
[5.432s] Level 1:colcon.colcon_core.environment:checking '/home/dominik/RRM/ros2_ws/src/install/cv1/lib/python3.12/site-packages'
[5.433s] Level 1:colcon.colcon_core.environment:checking '/home/dominik/RRM/ros2_ws/src/install/cv1/bin'
[5.433s] INFO:colcon.colcon_core.shell:Creating package script '/home/dominik/RRM/ros2_ws/src/install/cv1/share/cv1/package.ps1'
[5.433s] INFO:colcon.colcon_core.shell:Creating package descriptor '/home/dominik/RRM/ros2_ws/src/install/cv1/share/cv1/package.dsv'
[5.433s] INFO:colcon.colcon_core.shell:Creating package script '/home/dominik/RRM/ros2_ws/src/install/cv1/share/cv1/package.sh'
[5.434s] INFO:colcon.colcon_core.shell:Creating package script '/home/dominik/RRM/ros2_ws/src/install/cv1/share/cv1/package.bash'
[5.434s] INFO:colcon.colcon_core.shell:Creating package script '/home/dominik/RRM/ros2_ws/src/install/cv1/share/cv1/package.zsh'
[5.434s] Level 1:colcon.colcon_core.environment:create_file_with_runtime_dependencies(/home/dominik/RRM/ros2_ws/src/install/cv1/share/colcon-core/packages/cv1)
[5.467s] Level 1:colcon.colcon_core.environment:create_environment_scripts_only(cv1)
[5.467s] Level 1:colcon.colcon_core.environment:checking '/home/dominik/RRM/ros2_ws/src/install/cv1' for CMake module files
[5.468s] Level 1:colcon.colcon_core.environment:checking '/home/dominik/RRM/ros2_ws/src/install/cv1' for CMake config files
[5.468s] Level 1:colcon.colcon_core.shell:create_environment_hook('cv1', 'cmake_prefix_path')
[5.468s] INFO:colcon.colcon_core.shell:Creating environment hook '/home/dominik/RRM/ros2_ws/src/install/cv1/share/cv1/hook/cmake_prefix_path.ps1'
[5.469s] INFO:colcon.colcon_core.shell:Creating environment descriptor '/home/dominik/RRM/ros2_ws/src/install/cv1/share/cv1/hook/cmake_prefix_path.dsv'
[5.469s] INFO:colcon.colcon_core.shell:Creating environment hook '/home/dominik/RRM/ros2_ws/src/install/cv1/share/cv1/hook/cmake_prefix_path.sh'
[5.469s] Level 1:colcon.colcon_core.environment:checking '/home/dominik/RRM/ros2_ws/src/install/cv1/lib'
[5.469s] Level 1:colcon.colcon_core.environment:checking '/home/dominik/RRM/ros2_ws/src/install/cv1/bin'
[5.469s] Level 1:colcon.colcon_core.environment:checking '/home/dominik/RRM/ros2_ws/src/install/cv1/lib/pkgconfig/cv1.pc'
[5.470s] Level 1:colcon.colcon_core.environment:checking '/home/dominik/RRM/ros2_ws/src/install/cv1/lib/python3.12/site-packages'
[5.470s] Level 1:colcon.colcon_core.environment:checking '/home/dominik/RRM/ros2_ws/src/install/cv1/bin'
[5.470s] INFO:colcon.colcon_core.shell:Creating package script '/home/dominik/RRM/ros2_ws/src/install/cv1/share/cv1/package.ps1'
[5.470s] INFO:colcon.colcon_core.shell:Creating package descriptor '/home/dominik/RRM/ros2_ws/src/install/cv1/share/cv1/package.dsv'
[5.471s] INFO:colcon.colcon_core.shell:Creating package script '/home/dominik/RRM/ros2_ws/src/install/cv1/share/cv1/package.sh'
[5.471s] INFO:colcon.colcon_core.shell:Creating package script '/home/dominik/RRM/ros2_ws/src/install/cv1/share/cv1/package.bash'
[5.471s] INFO:colcon.colcon_core.shell:Creating package script '/home/dominik/RRM/ros2_ws/src/install/cv1/share/cv1/package.zsh'
[5.471s] Level 1:colcon.colcon_core.environment:create_file_with_runtime_dependencies(/home/dominik/RRM/ros2_ws/src/install/cv1/share/colcon-core/packages/cv1)
[6.179s] DEBUG:colcon.colcon_core.event_handler.log_command:Invoked command in '/home/dominik/RRM/ros2_ws/src/build/rrm_msgs' returned '0': CMAKE_PREFIX_PATH=${CMAKE_PREFIX_PATH}:/opt/ros/jazzy DEBUGINFOD_URLS=https://debuginfod.ubuntu.com /usr/bin/cmake --build /home/dominik/RRM/ros2_ws/src/build/rrm_msgs -- -j16 -l16
[6.290s] DEBUG:colcon.colcon_core.event_handler.log_command:Invoking command in '/home/dominik/RRM/ros2_ws/src/build/rrm_msgs': CMAKE_PREFIX_PATH=${CMAKE_PREFIX_PATH}:/opt/ros/jazzy DEBUGINFOD_URLS=https://debuginfod.ubuntu.com /usr/bin/cmake --install /home/dominik/RRM/ros2_ws/src/build/rrm_msgs
[6.355s] Level 1:colcon.colcon_core.environment:create_environment_scripts_only(rrm_msgs)
[6.356s] Level 1:colcon.colcon_core.environment:checking '/home/dominik/RRM/ros2_ws/src/install/rrm_msgs' for CMake module files
[6.356s] DEBUG:colcon.colcon_core.event_handler.log_command:Invoked command in '/home/dominik/RRM/ros2_ws/src/build/rrm_msgs' returned '0': CMAKE_PREFIX_PATH=${CMAKE_PREFIX_PATH}:/opt/ros/jazzy DEBUGINFOD_URLS=https://debuginfod.ubuntu.com /usr/bin/cmake --install /home/dominik/RRM/ros2_ws/src/build/rrm_msgs
[6.356s] Level 1:colcon.colcon_core.environment:checking '/home/dominik/RRM/ros2_ws/src/install/rrm_msgs' for CMake config files
[6.357s] Level 1:colcon.colcon_core.shell:create_environment_hook('rrm_msgs', 'cmake_prefix_path')
[6.357s] INFO:colcon.colcon_core.shell:Creating environment hook '/home/dominik/RRM/ros2_ws/src/install/rrm_msgs/share/rrm_msgs/hook/cmake_prefix_path.ps1'
[6.357s] INFO:colcon.colcon_core.shell:Creating environment descriptor '/home/dominik/RRM/ros2_ws/src/install/rrm_msgs/share/rrm_msgs/hook/cmake_prefix_path.dsv'
[6.357s] INFO:colcon.colcon_core.shell:Creating environment hook '/home/dominik/RRM/ros2_ws/src/install/rrm_msgs/share/rrm_msgs/hook/cmake_prefix_path.sh'
[6.358s] Level 1:colcon.colcon_core.environment:checking '/home/dominik/RRM/ros2_ws/src/install/rrm_msgs/lib'
[6.358s] Level 1:colcon.colcon_core.shell:create_environment_hook('rrm_msgs', 'ld_library_path_lib')
[6.358s] INFO:colcon.colcon_core.shell:Creating environment hook '/home/dominik/RRM/ros2_ws/src/install/rrm_msgs/share/rrm_msgs/hook/ld_library_path_lib.ps1'
[6.358s] INFO:colcon.colcon_core.shell:Creating environment descriptor '/home/dominik/RRM/ros2_ws/src/install/rrm_msgs/share/rrm_msgs/hook/ld_library_path_lib.dsv'
[6.358s] INFO:colcon.colcon_core.shell:Creating environment hook '/home/dominik/RRM/ros2_ws/src/install/rrm_msgs/share/rrm_msgs/hook/ld_library_path_lib.sh'
[6.358s] Level 1:colcon.colcon_core.environment:checking '/home/dominik/RRM/ros2_ws/src/install/rrm_msgs/bin'
[6.358s] Level 1:colcon.colcon_core.environment:checking '/home/dominik/RRM/ros2_ws/src/install/rrm_msgs/lib/pkgconfig/rrm_msgs.pc'
[6.359s] Level 1:colcon.colcon_core.environment:checking '/home/dominik/RRM/ros2_ws/src/install/rrm_msgs/lib/python3.12/site-packages'
[6.359s] Level 1:colcon.colcon_core.shell:create_environment_hook('rrm_msgs', 'pythonpath')
[6.359s] INFO:colcon.colcon_core.shell:Creating environment hook '/home/dominik/RRM/ros2_ws/src/install/rrm_msgs/share/rrm_msgs/hook/pythonpath.ps1'
[6.359s] INFO:colcon.colcon_core.shell:Creating environment descriptor '/home/dominik/RRM/ros2_ws/src/install/rrm_msgs/share/rrm_msgs/hook/pythonpath.dsv'
[6.359s] INFO:colcon.colcon_core.shell:Creating environment hook '/home/dominik/RRM/ros2_ws/src/install/rrm_msgs/share/rrm_msgs/hook/pythonpath.sh'
[6.360s] Level 1:colcon.colcon_core.environment:checking '/home/dominik/RRM/ros2_ws/src/install/rrm_msgs/bin'
[6.360s] INFO:colcon.colcon_core.shell:Creating package script '/home/dominik/RRM/ros2_ws/src/install/rrm_msgs/share/rrm_msgs/package.ps1'
[6.360s] INFO:colcon.colcon_core.shell:Creating package descriptor '/home/dominik/RRM/ros2_ws/src/install/rrm_msgs/share/rrm_msgs/package.dsv'
[6.360s] INFO:colcon.colcon_core.shell:Creating package script '/home/dominik/RRM/ros2_ws/src/install/rrm_msgs/share/rrm_msgs/package.sh'
[6.361s] INFO:colcon.colcon_core.shell:Creating package script '/home/dominik/RRM/ros2_ws/src/install/rrm_msgs/share/rrm_msgs/package.bash'
[6.361s] INFO:colcon.colcon_core.shell:Creating package script '/home/dominik/RRM/ros2_ws/src/install/rrm_msgs/share/rrm_msgs/package.zsh'
[6.361s] Level 1:colcon.colcon_core.environment:create_file_with_runtime_dependencies(/home/dominik/RRM/ros2_ws/src/install/rrm_msgs/share/colcon-core/packages/rrm_msgs)
[6.469s] Level 1:colcon.colcon_core.environment:create_environment_scripts_only(rrm_msgs)
[6.469s] Level 1:colcon.colcon_core.environment:checking '/home/dominik/RRM/ros2_ws/src/install/rrm_msgs' for CMake module files
[6.469s] Level 1:colcon.colcon_core.environment:checking '/home/dominik/RRM/ros2_ws/src/install/rrm_msgs' for CMake config files
[6.470s] Level 1:colcon.colcon_core.shell:create_environment_hook('rrm_msgs', 'cmake_prefix_path')
[6.470s] INFO:colcon.colcon_core.shell:Creating environment hook '/home/dominik/RRM/ros2_ws/src/install/rrm_msgs/share/rrm_msgs/hook/cmake_prefix_path.ps1'
[6.470s] INFO:colcon.colcon_core.shell:Creating environment descriptor '/home/dominik/RRM/ros2_ws/src/install/rrm_msgs/share/rrm_msgs/hook/cmake_prefix_path.dsv'
[6.471s] INFO:colcon.colcon_core.shell:Creating environment hook '/home/dominik/RRM/ros2_ws/src/install/rrm_msgs/share/rrm_msgs/hook/cmake_prefix_path.sh'
[6.471s] Level 1:colcon.colcon_core.environment:checking '/home/dominik/RRM/ros2_ws/src/install/rrm_msgs/lib'
[6.471s] Level 1:colcon.colcon_core.shell:create_environment_hook('rrm_msgs', 'ld_library_path_lib')
[6.471s] INFO:colcon.colcon_core.shell:Creating environment hook '/home/dominik/RRM/ros2_ws/src/install/rrm_msgs/share/rrm_msgs/hook/ld_library_path_lib.ps1'
[6.471s] INFO:colcon.colcon_core.shell:Creating environment descriptor '/home/dominik/RRM/ros2_ws/src/install/rrm_msgs/share/rrm_msgs/hook/ld_library_path_lib.dsv'
[6.472s] INFO:colcon.colcon_core.shell:Creating environment hook '/home/dominik/RRM/ros2_ws/src/install/rrm_msgs/share/rrm_msgs/hook/ld_library_path_lib.sh'
[6.472s] Level 1:colcon.colcon_core.environment:checking '/home/dominik/RRM/ros2_ws/src/install/rrm_msgs/bin'
[6.472s] Level 1:colcon.colcon_core.environment:checking '/home/dominik/RRM/ros2_ws/src/install/rrm_msgs/lib/pkgconfig/rrm_msgs.pc'
[6.472s] Level 1:colcon.colcon_core.environment:checking '/home/dominik/RRM/ros2_ws/src/install/rrm_msgs/lib/python3.12/site-packages'
[6.472s] Level 1:colcon.colcon_core.shell:create_environment_hook('rrm_msgs', 'pythonpath')
[6.472s] INFO:colcon.colcon_core.shell:Creating environment hook '/home/dominik/RRM/ros2_ws/src/install/rrm_msgs/share/rrm_msgs/hook/pythonpath.ps1'
[6.473s] INFO:colcon.colcon_core.shell:Creating environment descriptor '/home/dominik/RRM/ros2_ws/src/install/rrm_msgs/share/rrm_msgs/hook/pythonpath.dsv'
[6.473s] INFO:colcon.colcon_core.shell:Creating environment hook '/home/dominik/RRM/ros2_ws/src/install/rrm_msgs/share/rrm_msgs/hook/pythonpath.sh'
[6.473s] Level 1:colcon.colcon_core.environment:checking '/home/dominik/RRM/ros2_ws/src/install/rrm_msgs/bin'
[6.473s] INFO:colcon.colcon_core.shell:Creating package script '/home/dominik/RRM/ros2_ws/src/install/rrm_msgs/share/rrm_msgs/package.ps1'
[6.474s] INFO:colcon.colcon_core.shell:Creating package descriptor '/home/dominik/RRM/ros2_ws/src/install/rrm_msgs/share/rrm_msgs/package.dsv'
[6.474s] INFO:colcon.colcon_core.shell:Creating package script '/home/dominik/RRM/ros2_ws/src/install/rrm_msgs/share/rrm_msgs/package.sh'
[6.474s] INFO:colcon.colcon_core.shell:Creating package script '/home/dominik/RRM/ros2_ws/src/install/rrm_msgs/share/rrm_msgs/package.bash'
[6.475s] INFO:colcon.colcon_core.shell:Creating package script '/home/dominik/RRM/ros2_ws/src/install/rrm_msgs/share/rrm_msgs/package.zsh'
[6.475s] Level 1:colcon.colcon_core.environment:create_file_with_runtime_dependencies(/home/dominik/RRM/ros2_ws/src/install/rrm_msgs/share/colcon-core/packages/rrm_msgs)
[6.475s] INFO:colcon.colcon_ros.task.ament_cmake.build:Building ROS package in '/home/dominik/RRM/ros2_ws/src/block1_surani' with build type 'ament_cmake'
[6.475s] INFO:colcon.colcon_cmake.task.cmake.build:Building CMake package in '/home/dominik/RRM/ros2_ws/src/block1_surani'
[6.475s] INFO:colcon.colcon_core.shell:Skip shell extension 'powershell' for command environment: Not usable outside of PowerShell
[6.475s] DEBUG:colcon.colcon_core.shell:Skip shell extension 'dsv' for command environment
[6.479s] INFO:colcon.colcon_ros.task.ament_cmake.build:Building ROS package in '/home/dominik/RRM/ros2_ws/src/block1_suraniV2' with build type 'ament_cmake'
[6.479s] INFO:colcon.colcon_cmake.task.cmake.build:Building CMake package in '/home/dominik/RRM/ros2_ws/src/block1_suraniV2'
[6.480s] INFO:colcon.colcon_core.shell:Skip shell extension 'powershell' for command environment: Not usable outside of PowerShell
[6.480s] DEBUG:colcon.colcon_core.shell:Skip shell extension 'dsv' for command environment
[6.483s] INFO:colcon.colcon_ros.task.ament_cmake.build:Building ROS package in '/home/dominik/RRM/ros2_ws/src/rrm/rrm_sim' with build type 'ament_cmake'
[6.483s] INFO:colcon.colcon_cmake.task.cmake.build:Building CMake package in '/home/dominik/RRM/ros2_ws/src/rrm/rrm_sim'
[6.483s] INFO:colcon.colcon_core.shell:Skip shell extension 'powershell' for command environment: Not usable outside of PowerShell
[6.483s] DEBUG:colcon.colcon_core.shell:Skip shell extension 'dsv' for command environment
[6.490s] DEBUG:colcon.colcon_core.event_handler.log_command:Invoking command in '/home/dominik/RRM/ros2_ws/src/build/block1_surani': AMENT_PREFIX_PATH=/home/dominik/RRM/ros2_ws/src/install/rrm_msgs:${AMENT_PREFIX_PATH} CMAKE_PREFIX_PATH=/home/dominik/RRM/ros2_ws/src/install/rrm_msgs:/home/dominik/RRM/ros2_ws/install/rrm_simple_robot_model:/home/dominik/RRM/ros2_ws/install/rrm_sim:/home/dominik/RRM/ros2_ws/install/block1_surani:/home/dominik/RRM/ros2_ws/install/rrm_msgs:/home/dominik/RRM/ros2_ws/install/cv1:/home/dominik/RRM/zad1/install/zad1:/opt/ros/jazzy/opt/gz_math_vendor:/opt/ros/jazzy/opt/gz_utils_vendor:/opt/ros/jazzy/opt/gz_cmake_vendor:/opt/ros/jazzy DEBUGINFOD_URLS=https://debuginfod.ubuntu.com LD_LIBRARY_PATH=/home/dominik/RRM/ros2_ws/src/install/rrm_msgs/lib:${LD_LIBRARY_PATH} PYTHONPATH=/home/dominik/RRM/ros2_ws/src/install/rrm_msgs/lib/python3.12/site-packages:${PYTHONPATH} /usr/bin/cmake /home/dominik/RRM/ros2_ws/src/block1_surani -DCMAKE_INSTALL_PREFIX=/home/dominik/RRM/ros2_ws/src/install/block1_surani
[6.490s] DEBUG:colcon.colcon_core.event_handler.log_command:Invoking command in '/home/dominik/RRM/ros2_ws/src/build/block1_suraniV2': AMENT_PREFIX_PATH=/home/dominik/RRM/ros2_ws/src/install/rrm_msgs:${AMENT_PREFIX_PATH} CMAKE_PREFIX_PATH=/home/dominik/RRM/ros2_ws/src/install/rrm_msgs:/home/dominik/RRM/ros2_ws/install/rrm_simple_robot_model:/home/dominik/RRM/ros2_ws/install/rrm_sim:/home/dominik/RRM/ros2_ws/install/block1_surani:/home/dominik/RRM/ros2_ws/install/rrm_msgs:/home/dominik/RRM/ros2_ws/install/cv1:/home/dominik/RRM/zad1/install/zad1:/opt/ros/jazzy/opt/gz_math_vendor:/opt/ros/jazzy/opt/gz_utils_vendor:/opt/ros/jazzy/opt/gz_cmake_vendor:/opt/ros/jazzy DEBUGINFOD_URLS=https://debuginfod.ubuntu.com LD_LIBRARY_PATH=/home/dominik/RRM/ros2_ws/src/install/rrm_msgs/lib:${LD_LIBRARY_PATH} PYTHONPATH=/home/dominik/RRM/ros2_ws/src/install/rrm_msgs/lib/python3.12/site-packages:${PYTHONPATH} /usr/bin/cmake /home/dominik/RRM/ros2_ws/src/block1_suraniV2 -DCMAKE_INSTALL_PREFIX=/home/dominik/RRM/ros2_ws/src/install/block1_suraniV2
[6.492s] DEBUG:colcon.colcon_core.event_handler.log_command:Invoking command in '/home/dominik/RRM/ros2_ws/src/build/rrm_sim': AMENT_PREFIX_PATH=/home/dominik/RRM/ros2_ws/src/install/rrm_msgs:${AMENT_PREFIX_PATH} CMAKE_PREFIX_PATH=/home/dominik/RRM/ros2_ws/src/install/rrm_msgs:/home/dominik/RRM/ros2_ws/install/rrm_simple_robot_model:/home/dominik/RRM/ros2_ws/install/rrm_sim:/home/dominik/RRM/ros2_ws/install/block1_surani:/home/dominik/RRM/ros2_ws/install/rrm_msgs:/home/dominik/RRM/ros2_ws/install/cv1:/home/dominik/RRM/zad1/install/zad1:/opt/ros/jazzy/opt/gz_math_vendor:/opt/ros/jazzy/opt/gz_utils_vendor:/opt/ros/jazzy/opt/gz_cmake_vendor:/opt/ros/jazzy DEBUGINFOD_URLS=https://debuginfod.ubuntu.com LD_LIBRARY_PATH=/home/dominik/RRM/ros2_ws/src/install/rrm_msgs/lib:${LD_LIBRARY_PATH} PYTHONPATH=/home/dominik/RRM/ros2_ws/src/install/rrm_msgs/lib/python3.12/site-packages:${PYTHONPATH} /usr/bin/cmake /home/dominik/RRM/ros2_ws/src/rrm/rrm_sim -DCMAKE_INSTALL_PREFIX=/home/dominik/RRM/ros2_ws/src/install/rrm_sim
[7.461s] DEBUG:colcon.colcon_core.event_handler.log_command:Invoked command in '/home/dominik/RRM/ros2_ws/src/build/block1_suraniV2' returned '0': AMENT_PREFIX_PATH=/home/dominik/RRM/ros2_ws/src/install/rrm_msgs:${AMENT_PREFIX_PATH} CMAKE_PREFIX_PATH=/home/dominik/RRM/ros2_ws/src/install/rrm_msgs:/home/dominik/RRM/ros2_ws/install/rrm_simple_robot_model:/home/dominik/RRM/ros2_ws/install/rrm_sim:/home/dominik/RRM/ros2_ws/install/block1_surani:/home/dominik/RRM/ros2_ws/install/rrm_msgs:/home/dominik/RRM/ros2_ws/install/cv1:/home/dominik/RRM/zad1/install/zad1:/opt/ros/jazzy/opt/gz_math_vendor:/opt/ros/jazzy/opt/gz_utils_vendor:/opt/ros/jazzy/opt/gz_cmake_vendor:/opt/ros/jazzy DEBUGINFOD_URLS=https://debuginfod.ubuntu.com LD_LIBRARY_PATH=/home/dominik/RRM/ros2_ws/src/install/rrm_msgs/lib:${LD_LIBRARY_PATH} PYTHONPATH=/home/dominik/RRM/ros2_ws/src/install/rrm_msgs/lib/python3.12/site-packages:${PYTHONPATH} /usr/bin/cmake /home/dominik/RRM/ros2_ws/src/block1_suraniV2 -DCMAKE_INSTALL_PREFIX=/home/dominik/RRM/ros2_ws/src/install/block1_suraniV2
[7.463s] DEBUG:colcon.colcon_core.event_handler.log_command:Invoking command in '/home/dominik/RRM/ros2_ws/src/build/block1_suraniV2': AMENT_PREFIX_PATH=/home/dominik/RRM/ros2_ws/src/install/rrm_msgs:${AMENT_PREFIX_PATH} CMAKE_PREFIX_PATH=/home/dominik/RRM/ros2_ws/src/install/rrm_msgs:/home/dominik/RRM/ros2_ws/install/rrm_simple_robot_model:/home/dominik/RRM/ros2_ws/install/rrm_sim:/home/dominik/RRM/ros2_ws/install/block1_surani:/home/dominik/RRM/ros2_ws/install/rrm_msgs:/home/dominik/RRM/ros2_ws/install/cv1:/home/dominik/RRM/zad1/install/zad1:/opt/ros/jazzy/opt/gz_math_vendor:/opt/ros/jazzy/opt/gz_utils_vendor:/opt/ros/jazzy/opt/gz_cmake_vendor:/opt/ros/jazzy DEBUGINFOD_URLS=https://debuginfod.ubuntu.com LD_LIBRARY_PATH=/home/dominik/RRM/ros2_ws/src/install/rrm_msgs/lib:${LD_LIBRARY_PATH} PYTHONPATH=/home/dominik/RRM/ros2_ws/src/install/rrm_msgs/lib/python3.12/site-packages:${PYTHONPATH} /usr/bin/cmake --build /home/dominik/RRM/ros2_ws/src/build/block1_suraniV2 -- -j16 -l16
[7.518s] DEBUG:colcon.colcon_core.event_handler.log_command:Invoked command in '/home/dominik/RRM/ros2_ws/src/build/block1_surani' returned '0': AMENT_PREFIX_PATH=/home/dominik/RRM/ros2_ws/src/install/rrm_msgs:${AMENT_PREFIX_PATH} CMAKE_PREFIX_PATH=/home/dominik/RRM/ros2_ws/src/install/rrm_msgs:/home/dominik/RRM/ros2_ws/install/rrm_simple_robot_model:/home/dominik/RRM/ros2_ws/install/rrm_sim:/home/dominik/RRM/ros2_ws/install/block1_surani:/home/dominik/RRM/ros2_ws/install/rrm_msgs:/home/dominik/RRM/ros2_ws/install/cv1:/home/dominik/RRM/zad1/install/zad1:/opt/ros/jazzy/opt/gz_math_vendor:/opt/ros/jazzy/opt/gz_utils_vendor:/opt/ros/jazzy/opt/gz_cmake_vendor:/opt/ros/jazzy DEBUGINFOD_URLS=https://debuginfod.ubuntu.com LD_LIBRARY_PATH=/home/dominik/RRM/ros2_ws/src/install/rrm_msgs/lib:${LD_LIBRARY_PATH} PYTHONPATH=/home/dominik/RRM/ros2_ws/src/install/rrm_msgs/lib/python3.12/site-packages:${PYTHONPATH} /usr/bin/cmake /home/dominik/RRM/ros2_ws/src/block1_surani -DCMAKE_INSTALL_PREFIX=/home/dominik/RRM/ros2_ws/src/install/block1_surani
[7.518s] DEBUG:colcon.colcon_core.event_handler.log_command:Invoking command in '/home/dominik/RRM/ros2_ws/src/build/block1_surani': AMENT_PREFIX_PATH=/home/dominik/RRM/ros2_ws/src/install/rrm_msgs:${AMENT_PREFIX_PATH} CMAKE_PREFIX_PATH=/home/dominik/RRM/ros2_ws/src/install/rrm_msgs:/home/dominik/RRM/ros2_ws/install/rrm_simple_robot_model:/home/dominik/RRM/ros2_ws/install/rrm_sim:/home/dominik/RRM/ros2_ws/install/block1_surani:/home/dominik/RRM/ros2_ws/install/rrm_msgs:/home/dominik/RRM/ros2_ws/install/cv1:/home/dominik/RRM/zad1/install/zad1:/opt/ros/jazzy/opt/gz_math_vendor:/opt/ros/jazzy/opt/gz_utils_vendor:/opt/ros/jazzy/opt/gz_cmake_vendor:/opt/ros/jazzy DEBUGINFOD_URLS=https://debuginfod.ubuntu.com LD_LIBRARY_PATH=/home/dominik/RRM/ros2_ws/src/install/rrm_msgs/lib:${LD_LIBRARY_PATH} PYTHONPATH=/home/dominik/RRM/ros2_ws/src/install/rrm_msgs/lib/python3.12/site-packages:${PYTHONPATH} /usr/bin/cmake --build /home/dominik/RRM/ros2_ws/src/build/block1_surani -- -j16 -l16
[7.522s] DEBUG:colcon.colcon_core.event_handler.log_command:Invoked command in '/home/dominik/RRM/ros2_ws/src/build/rrm_sim' returned '0': AMENT_PREFIX_PATH=/home/dominik/RRM/ros2_ws/src/install/rrm_msgs:${AMENT_PREFIX_PATH} CMAKE_PREFIX_PATH=/home/dominik/RRM/ros2_ws/src/install/rrm_msgs:/home/dominik/RRM/ros2_ws/install/rrm_simple_robot_model:/home/dominik/RRM/ros2_ws/install/rrm_sim:/home/dominik/RRM/ros2_ws/install/block1_surani:/home/dominik/RRM/ros2_ws/install/rrm_msgs:/home/dominik/RRM/ros2_ws/install/cv1:/home/dominik/RRM/zad1/install/zad1:/opt/ros/jazzy/opt/gz_math_vendor:/opt/ros/jazzy/opt/gz_utils_vendor:/opt/ros/jazzy/opt/gz_cmake_vendor:/opt/ros/jazzy DEBUGINFOD_URLS=https://debuginfod.ubuntu.com LD_LIBRARY_PATH=/home/dominik/RRM/ros2_ws/src/install/rrm_msgs/lib:${LD_LIBRARY_PATH} PYTHONPATH=/home/dominik/RRM/ros2_ws/src/install/rrm_msgs/lib/python3.12/site-packages:${PYTHONPATH} /usr/bin/cmake /home/dominik/RRM/ros2_ws/src/rrm/rrm_sim -DCMAKE_INSTALL_PREFIX=/home/dominik/RRM/ros2_ws/src/install/rrm_sim
[7.522s] DEBUG:colcon.colcon_core.event_handler.log_command:Invoking command in '/home/dominik/RRM/ros2_ws/src/build/rrm_sim': AMENT_PREFIX_PATH=/home/dominik/RRM/ros2_ws/src/install/rrm_msgs:${AMENT_PREFIX_PATH} CMAKE_PREFIX_PATH=/home/dominik/RRM/ros2_ws/src/install/rrm_msgs:/home/dominik/RRM/ros2_ws/install/rrm_simple_robot_model:/home/dominik/RRM/ros2_ws/install/rrm_sim:/home/dominik/RRM/ros2_ws/install/block1_surani:/home/dominik/RRM/ros2_ws/install/rrm_msgs:/home/dominik/RRM/ros2_ws/install/cv1:/home/dominik/RRM/zad1/install/zad1:/opt/ros/jazzy/opt/gz_math_vendor:/opt/ros/jazzy/opt/gz_utils_vendor:/opt/ros/jazzy/opt/gz_cmake_vendor:/opt/ros/jazzy DEBUGINFOD_URLS=https://debuginfod.ubuntu.com LD_LIBRARY_PATH=/home/dominik/RRM/ros2_ws/src/install/rrm_msgs/lib:${LD_LIBRARY_PATH} PYTHONPATH=/home/dominik/RRM/ros2_ws/src/install/rrm_msgs/lib/python3.12/site-packages:${PYTHONPATH} /usr/bin/cmake --build /home/dominik/RRM/ros2_ws/src/build/rrm_sim -- -j16 -l16
[12.033s] DEBUG:colcon.colcon_core.event_handler.log_command:Invoked command in '/home/dominik/RRM/ros2_ws/src/build/block1_suraniV2' returned '0': AMENT_PREFIX_PATH=/home/dominik/RRM/ros2_ws/src/install/rrm_msgs:${AMENT_PREFIX_PATH} CMAKE_PREFIX_PATH=/home/dominik/RRM/ros2_ws/src/install/rrm_msgs:/home/dominik/RRM/ros2_ws/install/rrm_simple_robot_model:/home/dominik/RRM/ros2_ws/install/rrm_sim:/home/dominik/RRM/ros2_ws/install/block1_surani:/home/dominik/RRM/ros2_ws/install/rrm_msgs:/home/dominik/RRM/ros2_ws/install/cv1:/home/dominik/RRM/zad1/install/zad1:/opt/ros/jazzy/opt/gz_math_vendor:/opt/ros/jazzy/opt/gz_utils_vendor:/opt/ros/jazzy/opt/gz_cmake_vendor:/opt/ros/jazzy DEBUGINFOD_URLS=https://debuginfod.ubuntu.com LD_LIBRARY_PATH=/home/dominik/RRM/ros2_ws/src/install/rrm_msgs/lib:${LD_LIBRARY_PATH} PYTHONPATH=/home/dominik/RRM/ros2_ws/src/install/rrm_msgs/lib/python3.12/site-packages:${PYTHONPATH} /usr/bin/cmake --build /home/dominik/RRM/ros2_ws/src/build/block1_suraniV2 -- -j16 -l16
[12.063s] DEBUG:colcon.colcon_core.event_handler.log_command:Invoking command in '/home/dominik/RRM/ros2_ws/src/build/block1_suraniV2': AMENT_PREFIX_PATH=/home/dominik/RRM/ros2_ws/src/install/rrm_msgs:${AMENT_PREFIX_PATH} CMAKE_PREFIX_PATH=/home/dominik/RRM/ros2_ws/src/install/rrm_msgs:/home/dominik/RRM/ros2_ws/install/rrm_simple_robot_model:/home/dominik/RRM/ros2_ws/install/rrm_sim:/home/dominik/RRM/ros2_ws/install/block1_surani:/home/dominik/RRM/ros2_ws/install/rrm_msgs:/home/dominik/RRM/ros2_ws/install/cv1:/home/dominik/RRM/zad1/install/zad1:/opt/ros/jazzy/opt/gz_math_vendor:/opt/ros/jazzy/opt/gz_utils_vendor:/opt/ros/jazzy/opt/gz_cmake_vendor:/opt/ros/jazzy DEBUGINFOD_URLS=https://debuginfod.ubuntu.com LD_LIBRARY_PATH=/home/dominik/RRM/ros2_ws/src/install/rrm_msgs/lib:${LD_LIBRARY_PATH} PYTHONPATH=/home/dominik/RRM/ros2_ws/src/install/rrm_msgs/lib/python3.12/site-packages:${PYTHONPATH} /usr/bin/cmake --install /home/dominik/RRM/ros2_ws/src/build/block1_suraniV2
[12.077s] Level 1:colcon.colcon_core.environment:create_environment_scripts_only(block1_suraniV2)
[12.078s] DEBUG:colcon.colcon_core.event_handler.log_command:Invoked command in '/home/dominik/RRM/ros2_ws/src/build/block1_suraniV2' returned '0': AMENT_PREFIX_PATH=/home/dominik/RRM/ros2_ws/src/install/rrm_msgs:${AMENT_PREFIX_PATH} CMAKE_PREFIX_PATH=/home/dominik/RRM/ros2_ws/src/install/rrm_msgs:/home/dominik/RRM/ros2_ws/install/rrm_simple_robot_model:/home/dominik/RRM/ros2_ws/install/rrm_sim:/home/dominik/RRM/ros2_ws/install/block1_surani:/home/dominik/RRM/ros2_ws/install/rrm_msgs:/home/dominik/RRM/ros2_ws/install/cv1:/home/dominik/RRM/zad1/install/zad1:/opt/ros/jazzy/opt/gz_math_vendor:/opt/ros/jazzy/opt/gz_utils_vendor:/opt/ros/jazzy/opt/gz_cmake_vendor:/opt/ros/jazzy DEBUGINFOD_URLS=https://debuginfod.ubuntu.com LD_LIBRARY_PATH=/home/dominik/RRM/ros2_ws/src/install/rrm_msgs/lib:${LD_LIBRARY_PATH} PYTHONPATH=/home/dominik/RRM/ros2_ws/src/install/rrm_msgs/lib/python3.12/site-packages:${PYTHONPATH} /usr/bin/cmake --install /home/dominik/RRM/ros2_ws/src/build/block1_suraniV2
[12.078s] Level 1:colcon.colcon_core.environment:checking '/home/dominik/RRM/ros2_ws/src/install/block1_suraniV2' for CMake module files
[12.079s] Level 1:colcon.colcon_core.environment:checking '/home/dominik/RRM/ros2_ws/src/install/block1_suraniV2' for CMake config files
[12.079s] Level 1:colcon.colcon_core.shell:create_environment_hook('block1_suraniV2', 'cmake_prefix_path')
[12.079s] INFO:colcon.colcon_core.shell:Creating environment hook '/home/dominik/RRM/ros2_ws/src/install/block1_suraniV2/share/block1_suraniV2/hook/cmake_prefix_path.ps1'
[12.079s] INFO:colcon.colcon_core.shell:Creating environment descriptor '/home/dominik/RRM/ros2_ws/src/install/block1_suraniV2/share/block1_suraniV2/hook/cmake_prefix_path.dsv'
[12.080s] INFO:colcon.colcon_core.shell:Creating environment hook '/home/dominik/RRM/ros2_ws/src/install/block1_suraniV2/share/block1_suraniV2/hook/cmake_prefix_path.sh'
[12.080s] Level 1:colcon.colcon_core.environment:checking '/home/dominik/RRM/ros2_ws/src/install/block1_suraniV2/lib'
[12.080s] Level 1:colcon.colcon_core.environment:checking '/home/dominik/RRM/ros2_ws/src/install/block1_suraniV2/bin'
[12.080s] Level 1:colcon.colcon_core.environment:checking '/home/dominik/RRM/ros2_ws/src/install/block1_suraniV2/lib/pkgconfig/block1_suraniV2.pc'
[12.080s] Level 1:colcon.colcon_core.environment:checking '/home/dominik/RRM/ros2_ws/src/install/block1_suraniV2/lib/python3.12/site-packages'
[12.080s] Level 1:colcon.colcon_core.environment:checking '/home/dominik/RRM/ros2_ws/src/install/block1_suraniV2/bin'
[12.081s] INFO:colcon.colcon_core.shell:Creating package script '/home/dominik/RRM/ros2_ws/src/install/block1_suraniV2/share/block1_suraniV2/package.ps1'
[12.081s] INFO:colcon.colcon_core.shell:Creating package descriptor '/home/dominik/RRM/ros2_ws/src/install/block1_suraniV2/share/block1_suraniV2/package.dsv'
[12.081s] INFO:colcon.colcon_core.shell:Creating package script '/home/dominik/RRM/ros2_ws/src/install/block1_suraniV2/share/block1_suraniV2/package.sh'
[12.082s] INFO:colcon.colcon_core.shell:Creating package script '/home/dominik/RRM/ros2_ws/src/install/block1_suraniV2/share/block1_suraniV2/package.bash'
[12.082s] INFO:colcon.colcon_core.shell:Creating package script '/home/dominik/RRM/ros2_ws/src/install/block1_suraniV2/share/block1_suraniV2/package.zsh'
[12.082s] Level 1:colcon.colcon_core.environment:create_file_with_runtime_dependencies(/home/dominik/RRM/ros2_ws/src/install/block1_suraniV2/share/colcon-core/packages/block1_suraniV2)
[12.111s] Level 1:colcon.colcon_core.environment:create_environment_scripts_only(block1_suraniV2)
[12.111s] Level 1:colcon.colcon_core.environment:checking '/home/dominik/RRM/ros2_ws/src/install/block1_suraniV2' for CMake module files
[12.111s] Level 1:colcon.colcon_core.environment:checking '/home/dominik/RRM/ros2_ws/src/install/block1_suraniV2' for CMake config files
[12.111s] Level 1:colcon.colcon_core.shell:create_environment_hook('block1_suraniV2', 'cmake_prefix_path')
[12.112s] INFO:colcon.colcon_core.shell:Creating environment hook '/home/dominik/RRM/ros2_ws/src/install/block1_suraniV2/share/block1_suraniV2/hook/cmake_prefix_path.ps1'
[12.112s] INFO:colcon.colcon_core.shell:Creating environment descriptor '/home/dominik/RRM/ros2_ws/src/install/block1_suraniV2/share/block1_suraniV2/hook/cmake_prefix_path.dsv'
[12.112s] INFO:colcon.colcon_core.shell:Creating environment hook '/home/dominik/RRM/ros2_ws/src/install/block1_suraniV2/share/block1_suraniV2/hook/cmake_prefix_path.sh'
[12.113s] Level 1:colcon.colcon_core.environment:checking '/home/dominik/RRM/ros2_ws/src/install/block1_suraniV2/lib'
[12.113s] Level 1:colcon.colcon_core.environment:checking '/home/dominik/RRM/ros2_ws/src/install/block1_suraniV2/bin'
[12.113s] Level 1:colcon.colcon_core.environment:checking '/home/dominik/RRM/ros2_ws/src/install/block1_suraniV2/lib/pkgconfig/block1_suraniV2.pc'
[12.113s] Level 1:colcon.colcon_core.environment:checking '/home/dominik/RRM/ros2_ws/src/install/block1_suraniV2/lib/python3.12/site-packages'
[12.113s] Level 1:colcon.colcon_core.environment:checking '/home/dominik/RRM/ros2_ws/src/install/block1_suraniV2/bin'
[12.113s] INFO:colcon.colcon_core.shell:Creating package script '/home/dominik/RRM/ros2_ws/src/install/block1_suraniV2/share/block1_suraniV2/package.ps1'
[12.114s] INFO:colcon.colcon_core.shell:Creating package descriptor '/home/dominik/RRM/ros2_ws/src/install/block1_suraniV2/share/block1_suraniV2/package.dsv'
[12.114s] INFO:colcon.colcon_core.shell:Creating package script '/home/dominik/RRM/ros2_ws/src/install/block1_suraniV2/share/block1_suraniV2/package.sh'
[12.114s] INFO:colcon.colcon_core.shell:Creating package script '/home/dominik/RRM/ros2_ws/src/install/block1_suraniV2/share/block1_suraniV2/package.bash'
[12.115s] INFO:colcon.colcon_core.shell:Creating package script '/home/dominik/RRM/ros2_ws/src/install/block1_suraniV2/share/block1_suraniV2/package.zsh'
[12.115s] Level 1:colcon.colcon_core.environment:create_file_with_runtime_dependencies(/home/dominik/RRM/ros2_ws/src/install/block1_suraniV2/share/colcon-core/packages/block1_suraniV2)
[15.304s] DEBUG:colcon.colcon_core.event_handler.log_command:Invoked command in '/home/dominik/RRM/ros2_ws/src/build/block1_surani' returned '0': AMENT_PREFIX_PATH=/home/dominik/RRM/ros2_ws/src/install/rrm_msgs:${AMENT_PREFIX_PATH} CMAKE_PREFIX_PATH=/home/dominik/RRM/ros2_ws/src/install/rrm_msgs:/home/dominik/RRM/ros2_ws/install/rrm_simple_robot_model:/home/dominik/RRM/ros2_ws/install/rrm_sim:/home/dominik/RRM/ros2_ws/install/block1_surani:/home/dominik/RRM/ros2_ws/install/rrm_msgs:/home/dominik/RRM/ros2_ws/install/cv1:/home/dominik/RRM/zad1/install/zad1:/opt/ros/jazzy/opt/gz_math_vendor:/opt/ros/jazzy/opt/gz_utils_vendor:/opt/ros/jazzy/opt/gz_cmake_vendor:/opt/ros/jazzy DEBUGINFOD_URLS=https://debuginfod.ubuntu.com LD_LIBRARY_PATH=/home/dominik/RRM/ros2_ws/src/install/rrm_msgs/lib:${LD_LIBRARY_PATH} PYTHONPATH=/home/dominik/RRM/ros2_ws/src/install/rrm_msgs/lib/python3.12/site-packages:${PYTHONPATH} /usr/bin/cmake --build /home/dominik/RRM/ros2_ws/src/build/block1_surani -- -j16 -l16
[15.339s] DEBUG:colcon.colcon_core.event_handler.log_command:Invoking command in '/home/dominik/RRM/ros2_ws/src/build/block1_surani': AMENT_PREFIX_PATH=/home/dominik/RRM/ros2_ws/src/install/rrm_msgs:${AMENT_PREFIX_PATH} CMAKE_PREFIX_PATH=/home/dominik/RRM/ros2_ws/src/install/rrm_msgs:/home/dominik/RRM/ros2_ws/install/rrm_simple_robot_model:/home/dominik/RRM/ros2_ws/install/rrm_sim:/home/dominik/RRM/ros2_ws/install/block1_surani:/home/dominik/RRM/ros2_ws/install/rrm_msgs:/home/dominik/RRM/ros2_ws/install/cv1:/home/dominik/RRM/zad1/install/zad1:/opt/ros/jazzy/opt/gz_math_vendor:/opt/ros/jazzy/opt/gz_utils_vendor:/opt/ros/jazzy/opt/gz_cmake_vendor:/opt/ros/jazzy DEBUGINFOD_URLS=https://debuginfod.ubuntu.com LD_LIBRARY_PATH=/home/dominik/RRM/ros2_ws/src/install/rrm_msgs/lib:${LD_LIBRARY_PATH} PYTHONPATH=/home/dominik/RRM/ros2_ws/src/install/rrm_msgs/lib/python3.12/site-packages:${PYTHONPATH} /usr/bin/cmake --install /home/dominik/RRM/ros2_ws/src/build/block1_surani
[15.357s] Level 1:colcon.colcon_core.environment:create_environment_scripts_only(block1_surani)
[15.357s] Level 1:colcon.colcon_core.environment:checking '/home/dominik/RRM/ros2_ws/src/install/block1_surani' for CMake module files
[15.358s] DEBUG:colcon.colcon_core.event_handler.log_command:Invoked command in '/home/dominik/RRM/ros2_ws/src/build/block1_surani' returned '0': AMENT_PREFIX_PATH=/home/dominik/RRM/ros2_ws/src/install/rrm_msgs:${AMENT_PREFIX_PATH} CMAKE_PREFIX_PATH=/home/dominik/RRM/ros2_ws/src/install/rrm_msgs:/home/dominik/RRM/ros2_ws/install/rrm_simple_robot_model:/home/dominik/RRM/ros2_ws/install/rrm_sim:/home/dominik/RRM/ros2_ws/install/block1_surani:/home/dominik/RRM/ros2_ws/install/rrm_msgs:/home/dominik/RRM/ros2_ws/install/cv1:/home/dominik/RRM/zad1/install/zad1:/opt/ros/jazzy/opt/gz_math_vendor:/opt/ros/jazzy/opt/gz_utils_vendor:/opt/ros/jazzy/opt/gz_cmake_vendor:/opt/ros/jazzy DEBUGINFOD_URLS=https://debuginfod.ubuntu.com LD_LIBRARY_PATH=/home/dominik/RRM/ros2_ws/src/install/rrm_msgs/lib:${LD_LIBRARY_PATH} PYTHONPATH=/home/dominik/RRM/ros2_ws/src/install/rrm_msgs/lib/python3.12/site-packages:${PYTHONPATH} /usr/bin/cmake --install /home/dominik/RRM/ros2_ws/src/build/block1_surani
[15.358s] Level 1:colcon.colcon_core.environment:checking '/home/dominik/RRM/ros2_ws/src/install/block1_surani' for CMake config files
[15.358s] Level 1:colcon.colcon_core.shell:create_environment_hook('block1_surani', 'cmake_prefix_path')
[15.358s] INFO:colcon.colcon_core.shell:Creating environment hook '/home/dominik/RRM/ros2_ws/src/install/block1_surani/share/block1_surani/hook/cmake_prefix_path.ps1'
[15.359s] INFO:colcon.colcon_core.shell:Creating environment descriptor '/home/dominik/RRM/ros2_ws/src/install/block1_surani/share/block1_surani/hook/cmake_prefix_path.dsv'
[15.359s] INFO:colcon.colcon_core.shell:Creating environment hook '/home/dominik/RRM/ros2_ws/src/install/block1_surani/share/block1_surani/hook/cmake_prefix_path.sh'
[15.360s] Level 1:colcon.colcon_core.environment:checking '/home/dominik/RRM/ros2_ws/src/install/block1_surani/lib'
[15.360s] Level 1:colcon.colcon_core.environment:checking '/home/dominik/RRM/ros2_ws/src/install/block1_surani/bin'
[15.360s] Level 1:colcon.colcon_core.environment:checking '/home/dominik/RRM/ros2_ws/src/install/block1_surani/lib/pkgconfig/block1_surani.pc'
[15.360s] Level 1:colcon.colcon_core.environment:checking '/home/dominik/RRM/ros2_ws/src/install/block1_surani/lib/python3.12/site-packages'
[15.360s] Level 1:colcon.colcon_core.environment:checking '/home/dominik/RRM/ros2_ws/src/install/block1_surani/bin'
[15.361s] INFO:colcon.colcon_core.shell:Creating package script '/home/dominik/RRM/ros2_ws/src/install/block1_surani/share/block1_surani/package.ps1'
[15.361s] INFO:colcon.colcon_core.shell:Creating package descriptor '/home/dominik/RRM/ros2_ws/src/install/block1_surani/share/block1_surani/package.dsv'
[15.361s] INFO:colcon.colcon_core.shell:Creating package script '/home/dominik/RRM/ros2_ws/src/install/block1_surani/share/block1_surani/package.sh'
[15.362s] INFO:colcon.colcon_core.shell:Creating package script '/home/dominik/RRM/ros2_ws/src/install/block1_surani/share/block1_surani/package.bash'
[15.362s] INFO:colcon.colcon_core.shell:Creating package script '/home/dominik/RRM/ros2_ws/src/install/block1_surani/share/block1_surani/package.zsh'
[15.362s] Level 1:colcon.colcon_core.environment:create_file_with_runtime_dependencies(/home/dominik/RRM/ros2_ws/src/install/block1_surani/share/colcon-core/packages/block1_surani)
[15.395s] Level 1:colcon.colcon_core.environment:create_environment_scripts_only(block1_surani)
[15.396s] Level 1:colcon.colcon_core.environment:checking '/home/dominik/RRM/ros2_ws/src/install/block1_surani' for CMake module files
[15.396s] Level 1:colcon.colcon_core.environment:checking '/home/dominik/RRM/ros2_ws/src/install/block1_surani' for CMake config files
[15.397s] Level 1:colcon.colcon_core.shell:create_environment_hook('block1_surani', 'cmake_prefix_path')
[15.397s] INFO:colcon.colcon_core.shell:Creating environment hook '/home/dominik/RRM/ros2_ws/src/install/block1_surani/share/block1_surani/hook/cmake_prefix_path.ps1'
[15.397s] INFO:colcon.colcon_core.shell:Creating environment descriptor '/home/dominik/RRM/ros2_ws/src/install/block1_surani/share/block1_surani/hook/cmake_prefix_path.dsv'
[15.397s] INFO:colcon.colcon_core.shell:Creating environment hook '/home/dominik/RRM/ros2_ws/src/install/block1_surani/share/block1_surani/hook/cmake_prefix_path.sh'
[15.398s] Level 1:colcon.colcon_core.environment:checking '/home/dominik/RRM/ros2_ws/src/install/block1_surani/lib'
[15.398s] Level 1:colcon.colcon_core.environment:checking '/home/dominik/RRM/ros2_ws/src/install/block1_surani/bin'
[15.398s] Level 1:colcon.colcon_core.environment:checking '/home/dominik/RRM/ros2_ws/src/install/block1_surani/lib/pkgconfig/block1_surani.pc'
[15.398s] Level 1:colcon.colcon_core.environment:checking '/home/dominik/RRM/ros2_ws/src/install/block1_surani/lib/python3.12/site-packages'
[15.398s] Level 1:colcon.colcon_core.environment:checking '/home/dominik/RRM/ros2_ws/src/install/block1_surani/bin'
[15.398s] INFO:colcon.colcon_core.shell:Creating package script '/home/dominik/RRM/ros2_ws/src/install/block1_surani/share/block1_surani/package.ps1'
[15.399s] INFO:colcon.colcon_core.shell:Creating package descriptor '/home/dominik/RRM/ros2_ws/src/install/block1_surani/share/block1_surani/package.dsv'
[15.399s] INFO:colcon.colcon_core.shell:Creating package script '/home/dominik/RRM/ros2_ws/src/install/block1_surani/share/block1_surani/package.sh'
[15.399s] INFO:colcon.colcon_core.shell:Creating package script '/home/dominik/RRM/ros2_ws/src/install/block1_surani/share/block1_surani/package.bash'
[15.399s] INFO:colcon.colcon_core.shell:Creating package script '/home/dominik/RRM/ros2_ws/src/install/block1_surani/share/block1_surani/package.zsh'
[15.400s] Level 1:colcon.colcon_core.environment:create_file_with_runtime_dependencies(/home/dominik/RRM/ros2_ws/src/install/block1_surani/share/colcon-core/packages/block1_surani)
[16.509s] DEBUG:colcon.colcon_core.event_handler.log_command:Invoked command in '/home/dominik/RRM/ros2_ws/src/build/rrm_sim' returned '0': AMENT_PREFIX_PATH=/home/dominik/RRM/ros2_ws/src/install/rrm_msgs:${AMENT_PREFIX_PATH} CMAKE_PREFIX_PATH=/home/dominik/RRM/ros2_ws/src/install/rrm_msgs:/home/dominik/RRM/ros2_ws/install/rrm_simple_robot_model:/home/dominik/RRM/ros2_ws/install/rrm_sim:/home/dominik/RRM/ros2_ws/install/block1_surani:/home/dominik/RRM/ros2_ws/install/rrm_msgs:/home/dominik/RRM/ros2_ws/install/cv1:/home/dominik/RRM/zad1/install/zad1:/opt/ros/jazzy/opt/gz_math_vendor:/opt/ros/jazzy/opt/gz_utils_vendor:/opt/ros/jazzy/opt/gz_cmake_vendor:/opt/ros/jazzy DEBUGINFOD_URLS=https://debuginfod.ubuntu.com LD_LIBRARY_PATH=/home/dominik/RRM/ros2_ws/src/install/rrm_msgs/lib:${LD_LIBRARY_PATH} PYTHONPATH=/home/dominik/RRM/ros2_ws/src/install/rrm_msgs/lib/python3.12/site-packages:${PYTHONPATH} /usr/bin/cmake --build /home/dominik/RRM/ros2_ws/src/build/rrm_sim -- -j16 -l16
[16.543s] DEBUG:colcon.colcon_core.event_handler.log_command:Invoking command in '/home/dominik/RRM/ros2_ws/src/build/rrm_sim': AMENT_PREFIX_PATH=/home/dominik/RRM/ros2_ws/src/install/rrm_msgs:${AMENT_PREFIX_PATH} CMAKE_PREFIX_PATH=/home/dominik/RRM/ros2_ws/src/install/rrm_msgs:/home/dominik/RRM/ros2_ws/install/rrm_simple_robot_model:/home/dominik/RRM/ros2_ws/install/rrm_sim:/home/dominik/RRM/ros2_ws/install/block1_surani:/home/dominik/RRM/ros2_ws/install/rrm_msgs:/home/dominik/RRM/ros2_ws/install/cv1:/home/dominik/RRM/zad1/install/zad1:/opt/ros/jazzy/opt/gz_math_vendor:/opt/ros/jazzy/opt/gz_utils_vendor:/opt/ros/jazzy/opt/gz_cmake_vendor:/opt/ros/jazzy DEBUGINFOD_URLS=https://debuginfod.ubuntu.com LD_LIBRARY_PATH=/home/dominik/RRM/ros2_ws/src/install/rrm_msgs/lib:${LD_LIBRARY_PATH} PYTHONPATH=/home/dominik/RRM/ros2_ws/src/install/rrm_msgs/lib/python3.12/site-packages:${PYTHONPATH} /usr/bin/cmake --install /home/dominik/RRM/ros2_ws/src/build/rrm_sim
[16.559s] Level 1:colcon.colcon_core.environment:create_environment_scripts_only(rrm_sim)
[16.560s] Level 1:colcon.colcon_core.environment:checking '/home/dominik/RRM/ros2_ws/src/install/rrm_sim' for CMake module files
[16.560s] DEBUG:colcon.colcon_core.event_handler.log_command:Invoked command in '/home/dominik/RRM/ros2_ws/src/build/rrm_sim' returned '0': AMENT_PREFIX_PATH=/home/dominik/RRM/ros2_ws/src/install/rrm_msgs:${AMENT_PREFIX_PATH} CMAKE_PREFIX_PATH=/home/dominik/RRM/ros2_ws/src/install/rrm_msgs:/home/dominik/RRM/ros2_ws/install/rrm_simple_robot_model:/home/dominik/RRM/ros2_ws/install/rrm_sim:/home/dominik/RRM/ros2_ws/install/block1_surani:/home/dominik/RRM/ros2_ws/install/rrm_msgs:/home/dominik/RRM/ros2_ws/install/cv1:/home/dominik/RRM/zad1/install/zad1:/opt/ros/jazzy/opt/gz_math_vendor:/opt/ros/jazzy/opt/gz_utils_vendor:/opt/ros/jazzy/opt/gz_cmake_vendor:/opt/ros/jazzy DEBUGINFOD_URLS=https://debuginfod.ubuntu.com LD_LIBRARY_PATH=/home/dominik/RRM/ros2_ws/src/install/rrm_msgs/lib:${LD_LIBRARY_PATH} PYTHONPATH=/home/dominik/RRM/ros2_ws/src/install/rrm_msgs/lib/python3.12/site-packages:${PYTHONPATH} /usr/bin/cmake --install /home/dominik/RRM/ros2_ws/src/build/rrm_sim
[16.561s] Level 1:colcon.colcon_core.environment:checking '/home/dominik/RRM/ros2_ws/src/install/rrm_sim' for CMake config files
[16.561s] Level 1:colcon.colcon_core.shell:create_environment_hook('rrm_sim', 'cmake_prefix_path')
[16.561s] INFO:colcon.colcon_core.shell:Creating environment hook '/home/dominik/RRM/ros2_ws/src/install/rrm_sim/share/rrm_sim/hook/cmake_prefix_path.ps1'
[16.561s] INFO:colcon.colcon_core.shell:Creating environment descriptor '/home/dominik/RRM/ros2_ws/src/install/rrm_sim/share/rrm_sim/hook/cmake_prefix_path.dsv'
[16.562s] INFO:colcon.colcon_core.shell:Creating environment hook '/home/dominik/RRM/ros2_ws/src/install/rrm_sim/share/rrm_sim/hook/cmake_prefix_path.sh'
[16.562s] Level 1:colcon.colcon_core.environment:checking '/home/dominik/RRM/ros2_ws/src/install/rrm_sim/lib'
[16.562s] Level 1:colcon.colcon_core.environment:checking '/home/dominik/RRM/ros2_ws/src/install/rrm_sim/bin'
[16.562s] Level 1:colcon.colcon_core.environment:checking '/home/dominik/RRM/ros2_ws/src/install/rrm_sim/lib/pkgconfig/rrm_sim.pc'
[16.562s] Level 1:colcon.colcon_core.environment:checking '/home/dominik/RRM/ros2_ws/src/install/rrm_sim/lib/python3.12/site-packages'
[16.562s] Level 1:colcon.colcon_core.environment:checking '/home/dominik/RRM/ros2_ws/src/install/rrm_sim/bin'
[16.563s] INFO:colcon.colcon_core.shell:Creating package script '/home/dominik/RRM/ros2_ws/src/install/rrm_sim/share/rrm_sim/package.ps1'
[16.563s] INFO:colcon.colcon_core.shell:Creating package descriptor '/home/dominik/RRM/ros2_ws/src/install/rrm_sim/share/rrm_sim/package.dsv'
[16.563s] INFO:colcon.colcon_core.shell:Creating package script '/home/dominik/RRM/ros2_ws/src/install/rrm_sim/share/rrm_sim/package.sh'
[16.563s] INFO:colcon.colcon_core.shell:Creating package script '/home/dominik/RRM/ros2_ws/src/install/rrm_sim/share/rrm_sim/package.bash'
[16.564s] INFO:colcon.colcon_core.shell:Creating package script '/home/dominik/RRM/ros2_ws/src/install/rrm_sim/share/rrm_sim/package.zsh'
[16.564s] Level 1:colcon.colcon_core.environment:create_file_with_runtime_dependencies(/home/dominik/RRM/ros2_ws/src/install/rrm_sim/share/colcon-core/packages/rrm_sim)
[16.599s] Level 1:colcon.colcon_core.environment:create_environment_scripts_only(rrm_sim)
[16.599s] Level 1:colcon.colcon_core.environment:checking '/home/dominik/RRM/ros2_ws/src/install/rrm_sim' for CMake module files
[16.600s] Level 1:colcon.colcon_core.environment:checking '/home/dominik/RRM/ros2_ws/src/install/rrm_sim' for CMake config files
[16.600s] Level 1:colcon.colcon_core.shell:create_environment_hook('rrm_sim', 'cmake_prefix_path')
[16.600s] INFO:colcon.colcon_core.shell:Creating environment hook '/home/dominik/RRM/ros2_ws/src/install/rrm_sim/share/rrm_sim/hook/cmake_prefix_path.ps1'
[16.601s] INFO:colcon.colcon_core.shell:Creating environment descriptor '/home/dominik/RRM/ros2_ws/src/install/rrm_sim/share/rrm_sim/hook/cmake_prefix_path.dsv'
[16.601s] INFO:colcon.colcon_core.shell:Creating environment hook '/home/dominik/RRM/ros2_ws/src/install/rrm_sim/share/rrm_sim/hook/cmake_prefix_path.sh'
[16.601s] Level 1:colcon.colcon_core.environment:checking '/home/dominik/RRM/ros2_ws/src/install/rrm_sim/lib'
[16.601s] Level 1:colcon.colcon_core.environment:checking '/home/dominik/RRM/ros2_ws/src/install/rrm_sim/bin'
[16.601s] Level 1:colcon.colcon_core.environment:checking '/home/dominik/RRM/ros2_ws/src/install/rrm_sim/lib/pkgconfig/rrm_sim.pc'
[16.602s] Level 1:colcon.colcon_core.environment:checking '/home/dominik/RRM/ros2_ws/src/install/rrm_sim/lib/python3.12/site-packages'
[16.602s] Level 1:colcon.colcon_core.environment:checking '/home/dominik/RRM/ros2_ws/src/install/rrm_sim/bin'
[16.602s] INFO:colcon.colcon_core.shell:Creating package script '/home/dominik/RRM/ros2_ws/src/install/rrm_sim/share/rrm_sim/package.ps1'
[16.602s] INFO:colcon.colcon_core.shell:Creating package descriptor '/home/dominik/RRM/ros2_ws/src/install/rrm_sim/share/rrm_sim/package.dsv'
[16.602s] INFO:colcon.colcon_core.shell:Creating package script '/home/dominik/RRM/ros2_ws/src/install/rrm_sim/share/rrm_sim/package.sh'
[16.603s] INFO:colcon.colcon_core.shell:Creating package script '/home/dominik/RRM/ros2_ws/src/install/rrm_sim/share/rrm_sim/package.bash'
[16.603s] INFO:colcon.colcon_core.shell:Creating package script '/home/dominik/RRM/ros2_ws/src/install/rrm_sim/share/rrm_sim/package.zsh'
[16.603s] Level 1:colcon.colcon_core.environment:create_file_with_runtime_dependencies(/home/dominik/RRM/ros2_ws/src/install/rrm_sim/share/colcon-core/packages/rrm_sim)
[16.603s] DEBUG:colcon.colcon_parallel_executor.executor.parallel:closing loop
[16.604s] DEBUG:colcon.colcon_parallel_executor.executor.parallel:loop closed
[16.604s] DEBUG:colcon.colcon_parallel_executor.executor.parallel:run_until_complete finished with '0'
[16.604s] DEBUG:colcon.colcon_core.event_reactor:joining thread
[16.609s] INFO:colcon.colcon_core.plugin_system:Skipping extension 'colcon_notification.desktop_notification.terminal_notifier': Not used on non-Darwin systems
[16.609s] INFO:colcon.colcon_core.plugin_system:Skipping extension 'colcon_notification.desktop_notification.win32': Not used on non-Windows systems
[16.609s] INFO:colcon.colcon_notification.desktop_notification:Sending desktop notification using 'notify2'
[16.622s] DEBUG:colcon.colcon_core.event_reactor:joined thread
[16.623s] INFO:colcon.colcon_core.shell:Creating prefix script '/home/dominik/RRM/ros2_ws/src/install/local_setup.ps1'
[16.624s] INFO:colcon.colcon_core.shell:Creating prefix util module '/home/dominik/RRM/ros2_ws/src/install/_local_setup_util_ps1.py'
[16.625s] INFO:colcon.colcon_core.shell:Creating prefix chain script '/home/dominik/RRM/ros2_ws/src/install/setup.ps1'
[16.626s] INFO:colcon.colcon_core.shell:Creating prefix script '/home/dominik/RRM/ros2_ws/src/install/local_setup.sh'
[16.626s] INFO:colcon.colcon_core.shell:Creating prefix util module '/home/dominik/RRM/ros2_ws/src/install/_local_setup_util_sh.py'
[16.627s] INFO:colcon.colcon_core.shell:Creating prefix chain script '/home/dominik/RRM/ros2_ws/src/install/setup.sh'
[16.628s] INFO:colcon.colcon_core.shell:Creating prefix script '/home/dominik/RRM/ros2_ws/src/install/local_setup.bash'
[16.628s] INFO:colcon.colcon_core.shell:Creating prefix chain script '/home/dominik/RRM/ros2_ws/src/install/setup.bash'
[16.629s] INFO:colcon.colcon_core.shell:Creating prefix script '/home/dominik/RRM/ros2_ws/src/install/local_setup.zsh'
[16.629s] INFO:colcon.colcon_core.shell:Creating prefix chain script '/home/dominik/RRM/ros2_ws/src/install/setup.zsh'
