[0.058s] Invoking command in '/home/dominik/RRM/ros2_ws/build/abb_model': CMAKE_PREFIX_PATH=${CMAKE_PREFIX_PATH}:/opt/ros/jazzy DEBUGINFOD_URLS=https://debuginfod.ubuntu.com /usr/bin/cmake --build /home/dominik/RRM/ros2_ws/build/abb_model -- -j16 -l16
[0.165s] Invoked command in '/home/dominik/RRM/ros2_ws/build/abb_model' returned '0': CMAKE_PREFIX_PATH=${CMAKE_PREFIX_PATH}:/opt/ros/jazzy DEBUGINFOD_URLS=https://debuginfod.ubuntu.com /usr/bin/cmake --build /home/dominik/RRM/ros2_ws/build/abb_model -- -j16 -l16
[0.267s] Invoking command in '/home/dominik/RRM/ros2_ws/build/abb_model': CMAKE_PREFIX_PATH=${CMAKE_PREFIX_PATH}:/opt/ros/jazzy DEBUGINFOD_URLS=https://debuginfod.ubuntu.com /usr/bin/cmake --install /home/dominik/RRM/ros2_ws/build/abb_model
[0.346s] -- Install configuration: ""
[0.347s] -- Up-to-date: /home/dominik/RRM/ros2_ws/install/abb_model/share/abb_model/urdf
[0.348s] -- Up-to-date: /home/dominik/RRM/ros2_ws/install/abb_model/share/abb_model/urdf/camera_macro.xacro
[0.349s] -- Up-to-date: /home/dominik/RRM/ros2_ws/install/abb_model/share/abb_model/urdf/camera.xacro
[0.349s] -- Up-to-date: /home/dominik/RRM/ros2_ws/install/abb_model/share/abb_model/urdf/abb_irb4600_60_205.xacro
[0.354s] -- Up-to-date: /home/dominik/RRM/ros2_ws/install/abb_model/share/abb_model/urdf/abb_irb4600_60_205_macro.xacro
[0.355s] -- Up-to-date: /home/dominik/RRM/ros2_ws/install/abb_model/share/abb_model/urdf/robot.urdf
[0.356s] -- Up-to-date: /home/dominik/RRM/ros2_ws/install/abb_model/share/abb_model/config
[0.357s] -- Up-to-date: /home/dominik/RRM/ros2_ws/install/abb_model/share/abb_model/config/urdf.rviz
[0.358s] -- Up-to-date: /home/dominik/RRM/ros2_ws/install/abb_model/share/abb_model/launch
[0.359s] -- Up-to-date: /home/dominik/RRM/ros2_ws/install/abb_model/share/abb_model/launch/test_irb4600.launch.xml
[0.374s] -- Up-to-date: /home/dominik/RRM/ros2_ws/install/abb_model/share/abb_model/launch/test_irb4600.launch.py
[0.375s] -- Up-to-date: /home/dominik/RRM/ros2_ws/install/abb_model/share/abb_model/launch/rsp_irb4600.launch.xml
[0.376s] -- Up-to-date: /home/dominik/RRM/ros2_ws/install/abb_model/share/abb_model/launch/rsp_irb4600.launch.py
[0.376s] -- Up-to-date: /home/dominik/RRM/ros2_ws/install/abb_model/share/abb_model/meshes
[0.377s] -- Up-to-date: /home/dominik/RRM/ros2_ws/install/abb_model/share/abb_model/meshes/abb_irb4600_60_205
[0.378s] -- Up-to-date: /home/dominik/RRM/ros2_ws/install/abb_model/share/abb_model/meshes/abb_irb4600_60_205/collision
[0.379s] -- Up-to-date: /home/dominik/RRM/ros2_ws/install/abb_model/share/abb_model/meshes/abb_irb4600_60_205/collision/link_1.stl
[0.388s] -- Up-to-date: /home/dominik/RRM/ros2_ws/install/abb_model/share/abb_model/meshes/abb_irb4600_60_205/collision/link_5.stl
[0.389s] -- Up-to-date: /home/dominik/RRM/ros2_ws/install/abb_model/share/abb_model/meshes/abb_irb4600_60_205/collision/base_link.stl
[0.390s] -- Up-to-date: /home/dominik/RRM/ros2_ws/install/abb_model/share/abb_model/meshes/abb_irb4600_60_205/collision/link_4.stl
[0.391s] -- Up-to-date: /home/dominik/RRM/ros2_ws/install/abb_model/share/abb_model/meshes/abb_irb4600_60_205/collision/link_2.stl
[0.396s] -- Up-to-date: /home/dominik/RRM/ros2_ws/install/abb_model/share/abb_model/meshes/abb_irb4600_60_205/collision/link_3.stl
[0.397s] -- Up-to-date: /home/dominik/RRM/ros2_ws/install/abb_model/share/abb_model/meshes/abb_irb4600_60_205/collision/link_6.stl
[0.398s] -- Up-to-date: /home/dominik/RRM/ros2_ws/install/abb_model/share/abb_model/meshes/abb_irb4600_60_205/collision/mount.stl
[0.402s] -- Up-to-date: /home/dominik/RRM/ros2_ws/install/abb_model/share/abb_model/meshes/abb_irb4600_60_205/visual
[0.403s] -- Up-to-date: /home/dominik/RRM/ros2_ws/install/abb_model/share/abb_model/meshes/abb_irb4600_60_205/visual/link_1.stl
[0.406s] -- Up-to-date: /home/dominik/RRM/ros2_ws/install/abb_model/share/abb_model/meshes/abb_irb4600_60_205/visual/link_5.stl
[0.407s] -- Up-to-date: /home/dominik/RRM/ros2_ws/install/abb_model/share/abb_model/meshes/abb_irb4600_60_205/visual/base_link.stl
[0.411s] -- Up-to-date: /home/dominik/RRM/ros2_ws/install/abb_model/share/abb_model/meshes/abb_irb4600_60_205/visual/link_4.stl
[0.412s] -- Up-to-date: /home/dominik/RRM/ros2_ws/install/abb_model/share/abb_model/meshes/abb_irb4600_60_205/visual/link_2.stl
[0.414s] -- Up-to-date: /home/dominik/RRM/ros2_ws/install/abb_model/share/abb_model/meshes/abb_irb4600_60_205/visual/link_3.stl
[0.416s] -- Up-to-date: /home/dominik/RRM/ros2_ws/install/abb_model/share/abb_model/meshes/abb_irb4600_60_205/visual/link_6.stl
[0.417s] -- Up-to-date: /home/dominik/RRM/ros2_ws/install/abb_model/share/abb_model/meshes/abb_irb4600_60_205/visual/mount.stl
[0.418s] -- Up-to-date: /home/dominik/RRM/ros2_ws/install/abb_model/share/abb_model/meshes/kinect
[0.426s] -- Up-to-date: /home/dominik/RRM/ros2_ws/install/abb_model/share/abb_model/meshes/kinect/collision
[0.430s] -- Up-to-date: /home/dominik/RRM/ros2_ws/install/abb_model/share/abb_model/meshes/kinect/collision/kinect_sensor.stl
[0.431s] -- Up-to-date: /home/dominik/RRM/ros2_ws/install/abb_model/share/abb_model/meshes/kinect/collision/kinect_sensor_empty.stl
[0.432s] -- Up-to-date: /home/dominik/RRM/ros2_ws/install/abb_model/share/abb_model/meshes/kinect/visual
[0.433s] -- Up-to-date: /home/dominik/RRM/ros2_ws/install/abb_model/share/abb_model/meshes/kinect/visual/kinect_sensor.stl
[0.437s] -- Up-to-date: /home/dominik/RRM/ros2_ws/install/abb_model/share/abb_model/meshes/kinect/visual/kinect_sensor_empty.stl
[0.438s] -- Up-to-date: /home/dominik/RRM/ros2_ws/install/abb_model/share/ament_index/resource_index/package_run_dependencies/abb_model
[0.439s] -- Up-to-date: /home/dominik/RRM/ros2_ws/install/abb_model/share/ament_index/resource_index/parent_prefix_path/abb_model
[0.440s] -- Up-to-date: /home/dominik/RRM/ros2_ws/install/abb_model/share/abb_model/environment/ament_prefix_path.sh
[0.449s] -- Up-to-date: /home/dominik/RRM/ros2_ws/install/abb_model/share/abb_model/environment/ament_prefix_path.dsv
[0.461s] -- Up-to-date: /home/dominik/RRM/ros2_ws/install/abb_model/share/abb_model/environment/path.sh
[0.462s] -- Up-to-date: /home/dominik/RRM/ros2_ws/install/abb_model/share/abb_model/environment/path.dsv
[0.463s] -- Up-to-date: /home/dominik/RRM/ros2_ws/install/abb_model/share/abb_model/local_setup.bash
[0.464s] -- Up-to-date: /home/dominik/RRM/ros2_ws/install/abb_model/share/abb_model/local_setup.sh
[0.465s] -- Up-to-date: /home/dominik/RRM/ros2_ws/install/abb_model/share/abb_model/local_setup.zsh
[0.478s] -- Up-to-date: /home/dominik/RRM/ros2_ws/install/abb_model/share/abb_model/local_setup.dsv
[0.479s] -- Installing: /home/dominik/RRM/ros2_ws/install/abb_model/share/abb_model/package.dsv
[0.483s] -- Up-to-date: /home/dominik/RRM/ros2_ws/install/abb_model/share/ament_index/resource_index/packages/abb_model
[0.487s] -- Up-to-date: /home/dominik/RRM/ros2_ws/install/abb_model/share/abb_model/cmake/abb_modelConfig.cmake
[0.488s] -- Up-to-date: /home/dominik/RRM/ros2_ws/install/abb_model/share/abb_model/cmake/abb_modelConfig-version.cmake
[0.489s] -- Up-to-date: /home/dominik/RRM/ros2_ws/install/abb_model/share/abb_model/package.xml
[0.546s] Invoked command in '/home/dominik/RRM/ros2_ws/build/abb_model' returned '0': CMAKE_PREFIX_PATH=${CMAKE_PREFIX_PATH}:/opt/ros/jazzy DEBUGINFOD_URLS=https://debuginfod.ubuntu.com /usr/bin/cmake --install /home/dominik/RRM/ros2_ws/build/abb_model
