[0.034s] Invoking command in '/home/dominik/RRM/ros2_ws/build/zad2': CMAKE_PREFIX_PATH=/home/dominik/RRM/ros2_ws/install/surani_interface:/home/dominik/RRM/ros2_ws/install/zad2:/home/dominik/RRM/ros2_ws/install/trajectory_visualization:/home/dominik/RRM/ros2_ws/install/block1_surani:/home/dominik/RRM/ros2_ws/install/rrm_simple_robot_model:/home/dominik/RRM/ros2_ws/install/rrm_sim:/home/dominik/RRM/ros2_ws/install/block1_suraniV2:/home/dominik/RRM/ros2_ws/install/rrm_msgs:/home/dominik/RRM/ros2_ws/install/ik_solver_example:/home/dominik/RRM/ros2_ws/install/eigen_example:/home/dominik/RRM/ros2_ws/install/cv1:/home/dominik/RRM/ros2_ws/install/abb_model:/home/dominik/RRM/ros2_ws/install/abb_irb4600_ikfast:/home/dominik/RRM/ros2_ws/install/Surani_interface:/home/dominik/RRM/zad1/install/zad1:/opt/ros/jazzy/opt/gz_math_vendor:/opt/ros/jazzy/opt/gz_utils_vendor:/opt/ros/jazzy/opt/gz_cmake_vendor:/opt/ros/jazzy DEBUGINFOD_URLS=https://debuginfod.ubuntu.com /usr/bin/cmake --build /home/dominik/RRM/ros2_ws/build/zad2 -- -j16 -l16
[0.220s] [ 50%] [32mBuilding CXX object CMakeFiles/zad2_node.dir/src/zad2_node.cpp.o[0m
[13.297s] [100%] [32m[1mLinking CXX executable zad2_node[0m
[13.692s] [100%] Built target zad2_node
[13.711s] Invoked command in '/home/dominik/RRM/ros2_ws/build/zad2' returned '0': CMAKE_PREFIX_PATH=/home/dominik/RRM/ros2_ws/install/surani_interface:/home/dominik/RRM/ros2_ws/install/zad2:/home/dominik/RRM/ros2_ws/install/trajectory_visualization:/home/dominik/RRM/ros2_ws/install/block1_surani:/home/dominik/RRM/ros2_ws/install/rrm_simple_robot_model:/home/dominik/RRM/ros2_ws/install/rrm_sim:/home/dominik/RRM/ros2_ws/install/block1_suraniV2:/home/dominik/RRM/ros2_ws/install/rrm_msgs:/home/dominik/RRM/ros2_ws/install/ik_solver_example:/home/dominik/RRM/ros2_ws/install/eigen_example:/home/dominik/RRM/ros2_ws/install/cv1:/home/dominik/RRM/ros2_ws/install/abb_model:/home/dominik/RRM/ros2_ws/install/abb_irb4600_ikfast:/home/dominik/RRM/ros2_ws/install/Surani_interface:/home/dominik/RRM/zad1/install/zad1:/opt/ros/jazzy/opt/gz_math_vendor:/opt/ros/jazzy/opt/gz_utils_vendor:/opt/ros/jazzy/opt/gz_cmake_vendor:/opt/ros/jazzy DEBUGINFOD_URLS=https://debuginfod.ubuntu.com /usr/bin/cmake --build /home/dominik/RRM/ros2_ws/build/zad2 -- -j16 -l16
[13.751s] Invoking command in '/home/dominik/RRM/ros2_ws/build/zad2': CMAKE_PREFIX_PATH=/home/dominik/RRM/ros2_ws/install/surani_interface:/home/dominik/RRM/ros2_ws/install/zad2:/home/dominik/RRM/ros2_ws/install/trajectory_visualization:/home/dominik/RRM/ros2_ws/install/block1_surani:/home/dominik/RRM/ros2_ws/install/rrm_simple_robot_model:/home/dominik/RRM/ros2_ws/install/rrm_sim:/home/dominik/RRM/ros2_ws/install/block1_suraniV2:/home/dominik/RRM/ros2_ws/install/rrm_msgs:/home/dominik/RRM/ros2_ws/install/ik_solver_example:/home/dominik/RRM/ros2_ws/install/eigen_example:/home/dominik/RRM/ros2_ws/install/cv1:/home/dominik/RRM/ros2_ws/install/abb_model:/home/dominik/RRM/ros2_ws/install/abb_irb4600_ikfast:/home/dominik/RRM/ros2_ws/install/Surani_interface:/home/dominik/RRM/zad1/install/zad1:/opt/ros/jazzy/opt/gz_math_vendor:/opt/ros/jazzy/opt/gz_utils_vendor:/opt/ros/jazzy/opt/gz_cmake_vendor:/opt/ros/jazzy DEBUGINFOD_URLS=https://debuginfod.ubuntu.com /usr/bin/cmake --install /home/dominik/RRM/ros2_ws/build/zad2
[13.763s] -- Install configuration: ""
[13.763s] -- Installing: /home/dominik/RRM/ros2_ws/install/zad2/lib/zad2/zad2_node
[13.771s] -- Set non-toolchain portion of runtime path of "/home/dominik/RRM/ros2_ws/install/zad2/lib/zad2/zad2_node" to ""
[13.771s] -- Up-to-date: /home/dominik/RRM/ros2_ws/install/zad2/share/zad2//launch
[13.771s] -- Up-to-date: /home/dominik/RRM/ros2_ws/install/zad2/share/zad2//launch/zad2.launch.xml
[13.772s] -- Up-to-date: /home/dominik/RRM/ros2_ws/install/zad2/share/ament_index/resource_index/package_run_dependencies/zad2
[13.772s] -- Up-to-date: /home/dominik/RRM/ros2_ws/install/zad2/share/ament_index/resource_index/parent_prefix_path/zad2
[13.772s] -- Up-to-date: /home/dominik/RRM/ros2_ws/install/zad2/share/zad2/environment/ament_prefix_path.sh
[13.772s] -- Up-to-date: /home/dominik/RRM/ros2_ws/install/zad2/share/zad2/environment/ament_prefix_path.dsv
[13.772s] -- Up-to-date: /home/dominik/RRM/ros2_ws/install/zad2/share/zad2/environment/path.sh
[13.772s] -- Up-to-date: /home/dominik/RRM/ros2_ws/install/zad2/share/zad2/environment/path.dsv
[13.772s] -- Up-to-date: /home/dominik/RRM/ros2_ws/install/zad2/share/zad2/local_setup.bash
[13.772s] -- Up-to-date: /home/dominik/RRM/ros2_ws/install/zad2/share/zad2/local_setup.sh
[13.773s] -- Up-to-date: /home/dominik/RRM/ros2_ws/install/zad2/share/zad2/local_setup.zsh
[13.773s] -- Up-to-date: /home/dominik/RRM/ros2_ws/install/zad2/share/zad2/local_setup.dsv
[13.773s] -- Installing: /home/dominik/RRM/ros2_ws/install/zad2/share/zad2/package.dsv
[13.773s] -- Up-to-date: /home/dominik/RRM/ros2_ws/install/zad2/share/ament_index/resource_index/packages/zad2
[13.773s] -- Up-to-date: /home/dominik/RRM/ros2_ws/install/zad2/share/zad2/cmake/zad2Config.cmake
[13.773s] -- Up-to-date: /home/dominik/RRM/ros2_ws/install/zad2/share/zad2/cmake/zad2Config-version.cmake
[13.773s] -- Up-to-date: /home/dominik/RRM/ros2_ws/install/zad2/share/zad2/package.xml
[13.776s] Invoked command in '/home/dominik/RRM/ros2_ws/build/zad2' returned '0': CMAKE_PREFIX_PATH=/home/dominik/RRM/ros2_ws/install/surani_interface:/home/dominik/RRM/ros2_ws/install/zad2:/home/dominik/RRM/ros2_ws/install/trajectory_visualization:/home/dominik/RRM/ros2_ws/install/block1_surani:/home/dominik/RRM/ros2_ws/install/rrm_simple_robot_model:/home/dominik/RRM/ros2_ws/install/rrm_sim:/home/dominik/RRM/ros2_ws/install/block1_suraniV2:/home/dominik/RRM/ros2_ws/install/rrm_msgs:/home/dominik/RRM/ros2_ws/install/ik_solver_example:/home/dominik/RRM/ros2_ws/install/eigen_example:/home/dominik/RRM/ros2_ws/install/cv1:/home/dominik/RRM/ros2_ws/install/abb_model:/home/dominik/RRM/ros2_ws/install/abb_irb4600_ikfast:/home/dominik/RRM/ros2_ws/install/Surani_interface:/home/dominik/RRM/zad1/install/zad1:/opt/ros/jazzy/opt/gz_math_vendor:/opt/ros/jazzy/opt/gz_utils_vendor:/opt/ros/jazzy/opt/gz_cmake_vendor:/opt/ros/jazzy DEBUGINFOD_URLS=https://debuginfod.ubuntu.com /usr/bin/cmake --install /home/dominik/RRM/ros2_ws/build/zad2
