[0.010s] Invoking command in '/home/dominik/RRM/ros2_ws/src/build/block1_suraniV2': AMENT_PREFIX_PATH=/home/dominik/RRM/ros2_ws/src/install/rrm_msgs:${AMENT_PREFIX_PATH} CMAKE_PREFIX_PATH=/home/dominik/RRM/ros2_ws/src/install/rrm_msgs:/home/dominik/RRM/ros2_ws/install/rrm_simple_robot_model:/home/dominik/RRM/ros2_ws/install/rrm_sim:/home/dominik/RRM/ros2_ws/install/block1_surani:/home/dominik/RRM/ros2_ws/install/rrm_msgs:/home/dominik/RRM/ros2_ws/install/cv1:/home/dominik/RRM/zad1/install/zad1:/opt/ros/jazzy/opt/gz_math_vendor:/opt/ros/jazzy/opt/gz_utils_vendor:/opt/ros/jazzy/opt/gz_cmake_vendor:/opt/ros/jazzy DEBUGINFOD_URLS=https://debuginfod.ubuntu.com LD_LIBRARY_PATH=/home/dominik/RRM/ros2_ws/src/install/rrm_msgs/lib:${LD_LIBRARY_PATH} PYTHONPATH=/home/dominik/RRM/ros2_ws/src/install/rrm_msgs/lib/python3.12/site-packages:${PYTHONPATH} /usr/bin/cmake /home/dominik/RRM/ros2_ws/src/block1_suraniV2 -DCMAKE_INSTALL_PREFIX=/home/dominik/RRM/ros2_ws/src/install/block1_suraniV2
[0.059s] -- The C compiler identification is GNU 13.2.0
[0.109s] -- The CXX compiler identification is GNU 13.2.0
[0.126s] -- Detecting C compiler ABI info
[0.207s] -- Detecting C compiler ABI info - done
[0.213s] -- Check for working C compiler: /usr/bin/cc - skipped
[0.213s] -- Detecting C compile features
[0.214s] -- Detecting C compile features - done
[0.223s] -- Detecting CXX compiler ABI info
[0.314s] -- Detecting CXX compiler ABI info - done
[0.321s] -- Check for working CXX compiler: /usr/bin/c++ - skipped
[0.321s] -- Detecting CXX compile features
[0.321s] -- Detecting CXX compile features - done
[0.324s] -- Found ament_cmake: 2.5.2 (/opt/ros/jazzy/share/ament_cmake/cmake)
[0.446s] -- Found Python3: /usr/bin/python3 (found version "3.12.3") found components: Interpreter 
[0.536s] -- Found rclcpp: 28.1.5 (/opt/ros/jazzy/share/rclcpp/cmake)
[0.569s] -- Found rosidl_generator_c: 4.6.4 (/opt/ros/jazzy/share/rosidl_generator_c/cmake)
[0.581s] -- Found rosidl_generator_cpp: 4.6.4 (/opt/ros/jazzy/share/rosidl_generator_cpp/cmake)
[0.594s] -- Using all available rosidl_typesupport_c: rosidl_typesupport_fastrtps_c;rosidl_typesupport_introspection_c
[0.609s] -- Using all available rosidl_typesupport_cpp: rosidl_typesupport_fastrtps_cpp;rosidl_typesupport_introspection_cpp
[0.673s] -- Found rmw_implementation_cmake: 7.3.1 (/opt/ros/jazzy/share/rmw_implementation_cmake/cmake)
[0.675s] -- Found rmw_fastrtps_cpp: 8.4.1 (/opt/ros/jazzy/share/rmw_fastrtps_cpp/cmake)
[0.756s] -- Found OpenSSL: /usr/lib/x86_64-linux-gnu/libcrypto.so (found version "3.0.13")  
[0.772s] -- Found FastRTPS: /opt/ros/jazzy/include (Required is at least version "2.13") 
[0.793s] -- Using RMW implementation 'rmw_fastrtps_cpp' as default
[0.854s] -- Found rrm_msgs: 0.0.0 (/home/dominik/RRM/ros2_ws/src/install/rrm_msgs/share/rrm_msgs/cmake)
[0.868s] -- Found ament_lint_auto: 0.17.1 (/opt/ros/jazzy/share/ament_lint_auto/cmake)
[0.926s] WARNING: Package name "block1_suraniV2" does not follow the naming conventions. It should start with a lower case letter and only contain lower case letters, digits, underscores, and dashes.
[0.958s] -- Added test 'cppcheck' to perform static code analysis on C / C++ code
[0.958s] -- Configured cppcheck include dirs: $<BUILD_INTERFACE:/home/dominik/RRM/ros2_ws/src/block1_suraniV2/include>
[0.958s] -- Configured cppcheck exclude dirs and/or files: 
[0.959s] -- Added test 'lint_cmake' to check CMake code style
[0.960s] -- Added test 'uncrustify' to check C / C++ code style
[0.960s] -- Configured uncrustify additional arguments: 
[0.960s] -- Added test 'xmllint' to check XML markup files
[0.961s] -- Configuring done (0.9s)
[0.970s] -- Generating done (0.0s)
[0.972s] -- Build files have been written to: /home/dominik/RRM/ros2_ws/src/build/block1_suraniV2
[0.981s] Invoked command in '/home/dominik/RRM/ros2_ws/src/build/block1_suraniV2' returned '0': AMENT_PREFIX_PATH=/home/dominik/RRM/ros2_ws/src/install/rrm_msgs:${AMENT_PREFIX_PATH} CMAKE_PREFIX_PATH=/home/dominik/RRM/ros2_ws/src/install/rrm_msgs:/home/dominik/RRM/ros2_ws/install/rrm_simple_robot_model:/home/dominik/RRM/ros2_ws/install/rrm_sim:/home/dominik/RRM/ros2_ws/install/block1_surani:/home/dominik/RRM/ros2_ws/install/rrm_msgs:/home/dominik/RRM/ros2_ws/install/cv1:/home/dominik/RRM/zad1/install/zad1:/opt/ros/jazzy/opt/gz_math_vendor:/opt/ros/jazzy/opt/gz_utils_vendor:/opt/ros/jazzy/opt/gz_cmake_vendor:/opt/ros/jazzy DEBUGINFOD_URLS=https://debuginfod.ubuntu.com LD_LIBRARY_PATH=/home/dominik/RRM/ros2_ws/src/install/rrm_msgs/lib:${LD_LIBRARY_PATH} PYTHONPATH=/home/dominik/RRM/ros2_ws/src/install/rrm_msgs/lib/python3.12/site-packages:${PYTHONPATH} /usr/bin/cmake /home/dominik/RRM/ros2_ws/src/block1_suraniV2 -DCMAKE_INSTALL_PREFIX=/home/dominik/RRM/ros2_ws/src/install/block1_suraniV2
[0.983s] Invoking command in '/home/dominik/RRM/ros2_ws/src/build/block1_suraniV2': AMENT_PREFIX_PATH=/home/dominik/RRM/ros2_ws/src/install/rrm_msgs:${AMENT_PREFIX_PATH} CMAKE_PREFIX_PATH=/home/dominik/RRM/ros2_ws/src/install/rrm_msgs:/home/dominik/RRM/ros2_ws/install/rrm_simple_robot_model:/home/dominik/RRM/ros2_ws/install/rrm_sim:/home/dominik/RRM/ros2_ws/install/block1_surani:/home/dominik/RRM/ros2_ws/install/rrm_msgs:/home/dominik/RRM/ros2_ws/install/cv1:/home/dominik/RRM/zad1/install/zad1:/opt/ros/jazzy/opt/gz_math_vendor:/opt/ros/jazzy/opt/gz_utils_vendor:/opt/ros/jazzy/opt/gz_cmake_vendor:/opt/ros/jazzy DEBUGINFOD_URLS=https://debuginfod.ubuntu.com LD_LIBRARY_PATH=/home/dominik/RRM/ros2_ws/src/install/rrm_msgs/lib:${LD_LIBRARY_PATH} PYTHONPATH=/home/dominik/RRM/ros2_ws/src/install/rrm_msgs/lib/python3.12/site-packages:${PYTHONPATH} /usr/bin/cmake --build /home/dominik/RRM/ros2_ws/src/build/block1_suraniV2 -- -j16 -l16
[1.035s] [ 50%] [32mBuilding CXX object CMakeFiles/teleop_node.dir/src/teleop_node.cpp.o[0m
[5.381s] [100%] [32m[1mLinking CXX executable teleop_node[0m
[5.540s] [100%] Built target teleop_node
[5.553s] Invoked command in '/home/dominik/RRM/ros2_ws/src/build/block1_suraniV2' returned '0': AMENT_PREFIX_PATH=/home/dominik/RRM/ros2_ws/src/install/rrm_msgs:${AMENT_PREFIX_PATH} CMAKE_PREFIX_PATH=/home/dominik/RRM/ros2_ws/src/install/rrm_msgs:/home/dominik/RRM/ros2_ws/install/rrm_simple_robot_model:/home/dominik/RRM/ros2_ws/install/rrm_sim:/home/dominik/RRM/ros2_ws/install/block1_surani:/home/dominik/RRM/ros2_ws/install/rrm_msgs:/home/dominik/RRM/ros2_ws/install/cv1:/home/dominik/RRM/zad1/install/zad1:/opt/ros/jazzy/opt/gz_math_vendor:/opt/ros/jazzy/opt/gz_utils_vendor:/opt/ros/jazzy/opt/gz_cmake_vendor:/opt/ros/jazzy DEBUGINFOD_URLS=https://debuginfod.ubuntu.com LD_LIBRARY_PATH=/home/dominik/RRM/ros2_ws/src/install/rrm_msgs/lib:${LD_LIBRARY_PATH} PYTHONPATH=/home/dominik/RRM/ros2_ws/src/install/rrm_msgs/lib/python3.12/site-packages:${PYTHONPATH} /usr/bin/cmake --build /home/dominik/RRM/ros2_ws/src/build/block1_suraniV2 -- -j16 -l16
[5.583s] Invoking command in '/home/dominik/RRM/ros2_ws/src/build/block1_suraniV2': AMENT_PREFIX_PATH=/home/dominik/RRM/ros2_ws/src/install/rrm_msgs:${AMENT_PREFIX_PATH} CMAKE_PREFIX_PATH=/home/dominik/RRM/ros2_ws/src/install/rrm_msgs:/home/dominik/RRM/ros2_ws/install/rrm_simple_robot_model:/home/dominik/RRM/ros2_ws/install/rrm_sim:/home/dominik/RRM/ros2_ws/install/block1_surani:/home/dominik/RRM/ros2_ws/install/rrm_msgs:/home/dominik/RRM/ros2_ws/install/cv1:/home/dominik/RRM/zad1/install/zad1:/opt/ros/jazzy/opt/gz_math_vendor:/opt/ros/jazzy/opt/gz_utils_vendor:/opt/ros/jazzy/opt/gz_cmake_vendor:/opt/ros/jazzy DEBUGINFOD_URLS=https://debuginfod.ubuntu.com LD_LIBRARY_PATH=/home/dominik/RRM/ros2_ws/src/install/rrm_msgs/lib:${LD_LIBRARY_PATH} PYTHONPATH=/home/dominik/RRM/ros2_ws/src/install/rrm_msgs/lib/python3.12/site-packages:${PYTHONPATH} /usr/bin/cmake --install /home/dominik/RRM/ros2_ws/src/build/block1_suraniV2
[5.592s] -- Install configuration: ""
[5.592s] -- Installing: /home/dominik/RRM/ros2_ws/src/install/block1_suraniV2/lib/block1_suraniV2/teleop_node
[5.593s] -- Set non-toolchain portion of runtime path of "/home/dominik/RRM/ros2_ws/src/install/block1_suraniV2/lib/block1_suraniV2/teleop_node" to ""
[5.593s] -- Installing: /home/dominik/RRM/ros2_ws/src/install/block1_suraniV2/share/ament_index/resource_index/package_run_dependencies/block1_suraniV2
[5.594s] -- Installing: /home/dominik/RRM/ros2_ws/src/install/block1_suraniV2/share/ament_index/resource_index/parent_prefix_path/block1_suraniV2
[5.594s] -- Installing: /home/dominik/RRM/ros2_ws/src/install/block1_suraniV2/share/block1_suraniV2/environment/ament_prefix_path.sh
[5.594s] -- Installing: /home/dominik/RRM/ros2_ws/src/install/block1_suraniV2/share/block1_suraniV2/environment/ament_prefix_path.dsv
[5.594s] -- Installing: /home/dominik/RRM/ros2_ws/src/install/block1_suraniV2/share/block1_suraniV2/environment/path.sh
[5.594s] -- Installing: /home/dominik/RRM/ros2_ws/src/install/block1_suraniV2/share/block1_suraniV2/environment/path.dsv
[5.594s] -- Installing: /home/dominik/RRM/ros2_ws/src/install/block1_suraniV2/share/block1_suraniV2/local_setup.bash
[5.594s] -- Installing: /home/dominik/RRM/ros2_ws/src/install/block1_suraniV2/share/block1_suraniV2/local_setup.sh
[5.595s] -- Installing: /home/dominik/RRM/ros2_ws/src/install/block1_suraniV2/share/block1_suraniV2/local_setup.zsh
[5.595s] -- Installing: /home/dominik/RRM/ros2_ws/src/install/block1_suraniV2/share/block1_suraniV2/local_setup.dsv
[5.595s] -- Installing: /home/dominik/RRM/ros2_ws/src/install/block1_suraniV2/share/block1_suraniV2/package.dsv
[5.595s] -- Installing: /home/dominik/RRM/ros2_ws/src/install/block1_suraniV2/share/ament_index/resource_index/packages/block1_suraniV2
[5.595s] -- Installing: /home/dominik/RRM/ros2_ws/src/install/block1_suraniV2/share/block1_suraniV2/cmake/block1_suraniV2Config.cmake
[5.595s] -- Installing: /home/dominik/RRM/ros2_ws/src/install/block1_suraniV2/share/block1_suraniV2/cmake/block1_suraniV2Config-version.cmake
[5.595s] -- Installing: /home/dominik/RRM/ros2_ws/src/install/block1_suraniV2/share/block1_suraniV2/package.xml
[5.598s] Invoked command in '/home/dominik/RRM/ros2_ws/src/build/block1_suraniV2' returned '0': AMENT_PREFIX_PATH=/home/dominik/RRM/ros2_ws/src/install/rrm_msgs:${AMENT_PREFIX_PATH} CMAKE_PREFIX_PATH=/home/dominik/RRM/ros2_ws/src/install/rrm_msgs:/home/dominik/RRM/ros2_ws/install/rrm_simple_robot_model:/home/dominik/RRM/ros2_ws/install/rrm_sim:/home/dominik/RRM/ros2_ws/install/block1_surani:/home/dominik/RRM/ros2_ws/install/rrm_msgs:/home/dominik/RRM/ros2_ws/install/cv1:/home/dominik/RRM/zad1/install/zad1:/opt/ros/jazzy/opt/gz_math_vendor:/opt/ros/jazzy/opt/gz_utils_vendor:/opt/ros/jazzy/opt/gz_cmake_vendor:/opt/ros/jazzy DEBUGINFOD_URLS=https://debuginfod.ubuntu.com LD_LIBRARY_PATH=/home/dominik/RRM/ros2_ws/src/install/rrm_msgs/lib:${LD_LIBRARY_PATH} PYTHONPATH=/home/dominik/RRM/ros2_ws/src/install/rrm_msgs/lib/python3.12/site-packages:${PYTHONPATH} /usr/bin/cmake --install /home/dominik/RRM/ros2_ws/src/build/block1_suraniV2
