[0.048s] Invoking command in '/home/dominik/RRM/ros2_ws/build/rrm_msgs': CMAKE_PREFIX_PATH=${CMAKE_PREFIX_PATH}:/opt/ros/jazzy DEBUGINFOD_URLS=https://debuginfod.ubuntu.com /usr/bin/cmake --build /home/dominik/RRM/ros2_ws/build/rrm_msgs -- -j16 -l16
[0.115s] [  2%] Built target rrm_msgs__rosidl_generator_type_description
[0.137s] [  2%] Built target ament_cmake_python_copy_rrm_msgs
[0.167s] [  4%] Built target rrm_msgs__cpp
[0.175s] [ 22%] Built target rrm_msgs__rosidl_generator_c
[0.281s] [ 31%] Built target rrm_msgs__rosidl_typesupport_introspection_c
[0.281s] [ 40%] Built target rrm_msgs__rosidl_typesupport_fastrtps_c
[0.282s] [ 50%] Built target rrm_msgs__rosidl_typesupport_c
[0.282s] [ 61%] Built target rrm_msgs__rosidl_typesupport_introspection_cpp
[0.282s] [ 68%] Built target rrm_msgs__rosidl_typesupport_fastrtps_cpp
[0.293s] [ 77%] Built target rrm_msgs__rosidl_typesupport_cpp
[0.352s] [ 77%] Built target rrm_msgs
[0.429s] [ 79%] Built target rrm_msgs__py
[0.534s] [ 86%] Built target rrm_msgs__rosidl_generator_py
[0.729s] [ 90%] Built target rrm_msgs_s__rosidl_typesupport_c
[0.730s] [100%] Built target rrm_msgs_s__rosidl_typesupport_introspection_c
[0.731s] [100%] Built target rrm_msgs_s__rosidl_typesupport_fastrtps_c
[1.019s] running egg_info
[1.070s] writing rrm_msgs.egg-info/PKG-INFO
[1.071s] writing dependency_links to rrm_msgs.egg-info/dependency_links.txt
[1.071s] writing top-level names to rrm_msgs.egg-info/top_level.txt
[1.222s] reading manifest file 'rrm_msgs.egg-info/SOURCES.txt'
[1.224s] writing manifest file 'rrm_msgs.egg-info/SOURCES.txt'
[1.308s] [100%] Built target ament_cmake_python_build_rrm_msgs_egg
[1.339s] Invoked command in '/home/dominik/RRM/ros2_ws/build/rrm_msgs' returned '0': CMAKE_PREFIX_PATH=${CMAKE_PREFIX_PATH}:/opt/ros/jazzy DEBUGINFOD_URLS=https://debuginfod.ubuntu.com /usr/bin/cmake --build /home/dominik/RRM/ros2_ws/build/rrm_msgs -- -j16 -l16
[1.525s] Invoking command in '/home/dominik/RRM/ros2_ws/build/rrm_msgs': CMAKE_PREFIX_PATH=${CMAKE_PREFIX_PATH}:/opt/ros/jazzy DEBUGINFOD_URLS=https://debuginfod.ubuntu.com /usr/bin/cmake --install /home/dominik/RRM/ros2_ws/build/rrm_msgs
[1.539s] -- Install configuration: ""
[1.540s] -- Up-to-date: /home/dominik/RRM/ros2_ws/install/rrm_msgs/share/ament_index/resource_index/rosidl_interfaces/rrm_msgs
[1.540s] -- Up-to-date: /home/dominik/RRM/ros2_ws/install/rrm_msgs/share/rrm_msgs/msg/Command.json
[1.540s] -- Up-to-date: /home/dominik/RRM/ros2_ws/install/rrm_msgs/share/rrm_msgs/srv/Command.json
[1.541s] -- Up-to-date: /home/dominik/RRM/ros2_ws/install/rrm_msgs/include/rrm_msgs/rrm_msgs
[1.541s] -- Up-to-date: /home/dominik/RRM/ros2_ws/install/rrm_msgs/include/rrm_msgs/rrm_msgs/msg
[1.541s] -- Up-to-date: /home/dominik/RRM/ros2_ws/install/rrm_msgs/include/rrm_msgs/rrm_msgs/msg/command.h
[1.541s] -- Up-to-date: /home/dominik/RRM/ros2_ws/install/rrm_msgs/include/rrm_msgs/rrm_msgs/msg/rosidl_generator_c__visibility_control.h
[1.541s] -- Up-to-date: /home/dominik/RRM/ros2_ws/install/rrm_msgs/include/rrm_msgs/rrm_msgs/msg/detail
[1.542s] -- Up-to-date: /home/dominik/RRM/ros2_ws/install/rrm_msgs/include/rrm_msgs/rrm_msgs/msg/detail/command__functions.c
[1.543s] -- Up-to-date: /home/dominik/RRM/ros2_ws/install/rrm_msgs/include/rrm_msgs/rrm_msgs/msg/detail/command__description.c
[1.543s] -- Up-to-date: /home/dominik/RRM/ros2_ws/install/rrm_msgs/include/rrm_msgs/rrm_msgs/msg/detail/command__type_support.h
[1.543s] -- Up-to-date: /home/dominik/RRM/ros2_ws/install/rrm_msgs/include/rrm_msgs/rrm_msgs/msg/detail/command__struct.h
[1.543s] -- Installing: /home/dominik/RRM/ros2_ws/install/rrm_msgs/include/rrm_msgs/rrm_msgs/msg/detail/command__type_support.c
[1.544s] -- Up-to-date: /home/dominik/RRM/ros2_ws/install/rrm_msgs/include/rrm_msgs/rrm_msgs/msg/detail/command__functions.h
[1.544s] -- Up-to-date: /home/dominik/RRM/ros2_ws/install/rrm_msgs/include/rrm_msgs/rrm_msgs/srv
[1.544s] -- Up-to-date: /home/dominik/RRM/ros2_ws/install/rrm_msgs/include/rrm_msgs/rrm_msgs/srv/command.h
[1.544s] -- Up-to-date: /home/dominik/RRM/ros2_ws/install/rrm_msgs/include/rrm_msgs/rrm_msgs/srv/detail
[1.545s] -- Up-to-date: /home/dominik/RRM/ros2_ws/install/rrm_msgs/include/rrm_msgs/rrm_msgs/srv/detail/command__functions.c
[1.545s] -- Up-to-date: /home/dominik/RRM/ros2_ws/install/rrm_msgs/include/rrm_msgs/rrm_msgs/srv/detail/command__description.c
[1.545s] -- Up-to-date: /home/dominik/RRM/ros2_ws/install/rrm_msgs/include/rrm_msgs/rrm_msgs/srv/detail/command__type_support.h
[1.545s] -- Up-to-date: /home/dominik/RRM/ros2_ws/install/rrm_msgs/include/rrm_msgs/rrm_msgs/srv/detail/command__struct.h
[1.545s] -- Installing: /home/dominik/RRM/ros2_ws/install/rrm_msgs/include/rrm_msgs/rrm_msgs/srv/detail/command__type_support.c
[1.546s] -- Up-to-date: /home/dominik/RRM/ros2_ws/install/rrm_msgs/include/rrm_msgs/rrm_msgs/srv/detail/command__functions.h
[1.546s] -- Up-to-date: /home/dominik/RRM/ros2_ws/install/rrm_msgs/share/rrm_msgs/environment/library_path.sh
[1.546s] -- Up-to-date: /home/dominik/RRM/ros2_ws/install/rrm_msgs/share/rrm_msgs/environment/library_path.dsv
[1.547s] -- Up-to-date: /home/dominik/RRM/ros2_ws/install/rrm_msgs/lib/librrm_msgs__rosidl_generator_c.so
[1.547s] -- Up-to-date: /home/dominik/RRM/ros2_ws/install/rrm_msgs/include/rrm_msgs/rrm_msgs
[1.547s] -- Up-to-date: /home/dominik/RRM/ros2_ws/install/rrm_msgs/include/rrm_msgs/rrm_msgs/msg
[1.547s] -- Up-to-date: /home/dominik/RRM/ros2_ws/install/rrm_msgs/include/rrm_msgs/rrm_msgs/msg/rosidl_typesupport_fastrtps_c__visibility_control.h
[1.547s] -- Up-to-date: /home/dominik/RRM/ros2_ws/install/rrm_msgs/include/rrm_msgs/rrm_msgs/msg/detail
[1.547s] -- Up-to-date: /home/dominik/RRM/ros2_ws/install/rrm_msgs/include/rrm_msgs/rrm_msgs/msg/detail/command__rosidl_typesupport_fastrtps_c.h
[1.548s] -- Up-to-date: /home/dominik/RRM/ros2_ws/install/rrm_msgs/include/rrm_msgs/rrm_msgs/srv
[1.548s] -- Up-to-date: /home/dominik/RRM/ros2_ws/install/rrm_msgs/include/rrm_msgs/rrm_msgs/srv/detail
[1.549s] -- Up-to-date: /home/dominik/RRM/ros2_ws/install/rrm_msgs/include/rrm_msgs/rrm_msgs/srv/detail/command__rosidl_typesupport_fastrtps_c.h
[1.549s] -- Up-to-date: /home/dominik/RRM/ros2_ws/install/rrm_msgs/lib/librrm_msgs__rosidl_typesupport_fastrtps_c.so
[1.549s] -- Up-to-date: /home/dominik/RRM/ros2_ws/install/rrm_msgs/include/rrm_msgs/rrm_msgs
[1.549s] -- Up-to-date: /home/dominik/RRM/ros2_ws/install/rrm_msgs/include/rrm_msgs/rrm_msgs/msg
[1.549s] -- Up-to-date: /home/dominik/RRM/ros2_ws/install/rrm_msgs/include/rrm_msgs/rrm_msgs/msg/detail
[1.550s] -- Up-to-date: /home/dominik/RRM/ros2_ws/install/rrm_msgs/include/rrm_msgs/rrm_msgs/msg/detail/command__rosidl_typesupport_introspection_c.h
[1.550s] -- Installing: /home/dominik/RRM/ros2_ws/install/rrm_msgs/include/rrm_msgs/rrm_msgs/msg/detail/command__type_support.c
[1.550s] -- Up-to-date: /home/dominik/RRM/ros2_ws/install/rrm_msgs/include/rrm_msgs/rrm_msgs/msg/rosidl_typesupport_introspection_c__visibility_control.h
[1.550s] -- Up-to-date: /home/dominik/RRM/ros2_ws/install/rrm_msgs/include/rrm_msgs/rrm_msgs/srv
[1.550s] -- Up-to-date: /home/dominik/RRM/ros2_ws/install/rrm_msgs/include/rrm_msgs/rrm_msgs/srv/detail
[1.550s] -- Up-to-date: /home/dominik/RRM/ros2_ws/install/rrm_msgs/include/rrm_msgs/rrm_msgs/srv/detail/command__rosidl_typesupport_introspection_c.h
[1.550s] -- Installing: /home/dominik/RRM/ros2_ws/install/rrm_msgs/include/rrm_msgs/rrm_msgs/srv/detail/command__type_support.c
[1.552s] -- Up-to-date: /home/dominik/RRM/ros2_ws/install/rrm_msgs/lib/librrm_msgs__rosidl_typesupport_introspection_c.so
[1.553s] -- Up-to-date: /home/dominik/RRM/ros2_ws/install/rrm_msgs/lib/librrm_msgs__rosidl_typesupport_c.so
[1.553s] -- Up-to-date: /home/dominik/RRM/ros2_ws/install/rrm_msgs/include/rrm_msgs/rrm_msgs
[1.553s] -- Up-to-date: /home/dominik/RRM/ros2_ws/install/rrm_msgs/include/rrm_msgs/rrm_msgs/msg
[1.553s] -- Up-to-date: /home/dominik/RRM/ros2_ws/install/rrm_msgs/include/rrm_msgs/rrm_msgs/msg/rosidl_generator_cpp__visibility_control.hpp
[1.553s] -- Up-to-date: /home/dominik/RRM/ros2_ws/install/rrm_msgs/include/rrm_msgs/rrm_msgs/msg/detail
[1.553s] -- Up-to-date: /home/dominik/RRM/ros2_ws/install/rrm_msgs/include/rrm_msgs/rrm_msgs/msg/detail/command__builder.hpp
[1.553s] -- Up-to-date: /home/dominik/RRM/ros2_ws/install/rrm_msgs/include/rrm_msgs/rrm_msgs/msg/detail/command__struct.hpp
[1.554s] -- Up-to-date: /home/dominik/RRM/ros2_ws/install/rrm_msgs/include/rrm_msgs/rrm_msgs/msg/detail/command__traits.hpp
[1.554s] -- Up-to-date: /home/dominik/RRM/ros2_ws/install/rrm_msgs/include/rrm_msgs/rrm_msgs/msg/detail/command__type_support.hpp
[1.554s] -- Up-to-date: /home/dominik/RRM/ros2_ws/install/rrm_msgs/include/rrm_msgs/rrm_msgs/msg/command.hpp
[1.554s] -- Up-to-date: /home/dominik/RRM/ros2_ws/install/rrm_msgs/include/rrm_msgs/rrm_msgs/srv
[1.554s] -- Up-to-date: /home/dominik/RRM/ros2_ws/install/rrm_msgs/include/rrm_msgs/rrm_msgs/srv/detail
[1.554s] -- Up-to-date: /home/dominik/RRM/ros2_ws/install/rrm_msgs/include/rrm_msgs/rrm_msgs/srv/detail/command__builder.hpp
[1.554s] -- Up-to-date: /home/dominik/RRM/ros2_ws/install/rrm_msgs/include/rrm_msgs/rrm_msgs/srv/detail/command__struct.hpp
[1.554s] -- Up-to-date: /home/dominik/RRM/ros2_ws/install/rrm_msgs/include/rrm_msgs/rrm_msgs/srv/detail/command__traits.hpp
[1.554s] -- Up-to-date: /home/dominik/RRM/ros2_ws/install/rrm_msgs/include/rrm_msgs/rrm_msgs/srv/detail/command__type_support.hpp
[1.554s] -- Up-to-date: /home/dominik/RRM/ros2_ws/install/rrm_msgs/include/rrm_msgs/rrm_msgs/srv/command.hpp
[1.555s] -- Up-to-date: /home/dominik/RRM/ros2_ws/install/rrm_msgs/include/rrm_msgs/rrm_msgs
[1.555s] -- Up-to-date: /home/dominik/RRM/ros2_ws/install/rrm_msgs/include/rrm_msgs/rrm_msgs/msg
[1.555s] -- Up-to-date: /home/dominik/RRM/ros2_ws/install/rrm_msgs/include/rrm_msgs/rrm_msgs/msg/rosidl_typesupport_fastrtps_cpp__visibility_control.h
[1.555s] -- Up-to-date: /home/dominik/RRM/ros2_ws/install/rrm_msgs/include/rrm_msgs/rrm_msgs/msg/detail
[1.555s] -- Up-to-date: /home/dominik/RRM/ros2_ws/install/rrm_msgs/include/rrm_msgs/rrm_msgs/msg/detail/command__rosidl_typesupport_fastrtps_cpp.hpp
[1.556s] -- Up-to-date: /home/dominik/RRM/ros2_ws/install/rrm_msgs/include/rrm_msgs/rrm_msgs/msg/detail/dds_fastrtps
[1.556s] -- Up-to-date: /home/dominik/RRM/ros2_ws/install/rrm_msgs/include/rrm_msgs/rrm_msgs/srv
[1.556s] -- Up-to-date: /home/dominik/RRM/ros2_ws/install/rrm_msgs/include/rrm_msgs/rrm_msgs/srv/detail
[1.556s] -- Up-to-date: /home/dominik/RRM/ros2_ws/install/rrm_msgs/include/rrm_msgs/rrm_msgs/srv/detail/command__rosidl_typesupport_fastrtps_cpp.hpp
[1.556s] -- Up-to-date: /home/dominik/RRM/ros2_ws/install/rrm_msgs/include/rrm_msgs/rrm_msgs/srv/detail/dds_fastrtps
[1.556s] -- Up-to-date: /home/dominik/RRM/ros2_ws/install/rrm_msgs/lib/librrm_msgs__rosidl_typesupport_fastrtps_cpp.so
[1.557s] -- Up-to-date: /home/dominik/RRM/ros2_ws/install/rrm_msgs/include/rrm_msgs/rrm_msgs
[1.557s] -- Up-to-date: /home/dominik/RRM/ros2_ws/install/rrm_msgs/include/rrm_msgs/rrm_msgs/msg
[1.557s] -- Up-to-date: /home/dominik/RRM/ros2_ws/install/rrm_msgs/include/rrm_msgs/rrm_msgs/msg/detail
[1.557s] -- Up-to-date: /home/dominik/RRM/ros2_ws/install/rrm_msgs/include/rrm_msgs/rrm_msgs/msg/detail/command__rosidl_typesupport_introspection_cpp.hpp
[1.557s] -- Up-to-date: /home/dominik/RRM/ros2_ws/install/rrm_msgs/include/rrm_msgs/rrm_msgs/msg/detail/command__type_support.cpp
[1.557s] -- Up-to-date: /home/dominik/RRM/ros2_ws/install/rrm_msgs/include/rrm_msgs/rrm_msgs/srv
[1.558s] -- Up-to-date: /home/dominik/RRM/ros2_ws/install/rrm_msgs/include/rrm_msgs/rrm_msgs/srv/detail
[1.558s] -- Up-to-date: /home/dominik/RRM/ros2_ws/install/rrm_msgs/include/rrm_msgs/rrm_msgs/srv/detail/command__rosidl_typesupport_introspection_cpp.hpp
[1.558s] -- Up-to-date: /home/dominik/RRM/ros2_ws/install/rrm_msgs/include/rrm_msgs/rrm_msgs/srv/detail/command__type_support.cpp
[1.558s] -- Up-to-date: /home/dominik/RRM/ros2_ws/install/rrm_msgs/lib/librrm_msgs__rosidl_typesupport_introspection_cpp.so
[1.558s] -- Up-to-date: /home/dominik/RRM/ros2_ws/install/rrm_msgs/lib/librrm_msgs__rosidl_typesupport_cpp.so
[1.559s] -- Up-to-date: /home/dominik/RRM/ros2_ws/install/rrm_msgs/share/rrm_msgs/environment/pythonpath.sh
[1.559s] -- Up-to-date: /home/dominik/RRM/ros2_ws/install/rrm_msgs/share/rrm_msgs/environment/pythonpath.dsv
[1.559s] -- Up-to-date: /home/dominik/RRM/ros2_ws/install/rrm_msgs/lib/python3.12/site-packages/rrm_msgs-0.0.0-py3.12.egg-info
[1.559s] -- Installing: /home/dominik/RRM/ros2_ws/install/rrm_msgs/lib/python3.12/site-packages/rrm_msgs-0.0.0-py3.12.egg-info/SOURCES.txt
[1.560s] -- Installing: /home/dominik/RRM/ros2_ws/install/rrm_msgs/lib/python3.12/site-packages/rrm_msgs-0.0.0-py3.12.egg-info/top_level.txt
[1.560s] -- Installing: /home/dominik/RRM/ros2_ws/install/rrm_msgs/lib/python3.12/site-packages/rrm_msgs-0.0.0-py3.12.egg-info/dependency_links.txt
[1.561s] -- Installing: /home/dominik/RRM/ros2_ws/install/rrm_msgs/lib/python3.12/site-packages/rrm_msgs-0.0.0-py3.12.egg-info/PKG-INFO
[1.561s] -- Up-to-date: /home/dominik/RRM/ros2_ws/install/rrm_msgs/lib/python3.12/site-packages/rrm_msgs
[1.561s] -- Up-to-date: /home/dominik/RRM/ros2_ws/install/rrm_msgs/lib/python3.12/site-packages/rrm_msgs/msg
[1.561s] -- Up-to-date: /home/dominik/RRM/ros2_ws/install/rrm_msgs/lib/python3.12/site-packages/rrm_msgs/msg/__init__.py
[1.561s] -- Up-to-date: /home/dominik/RRM/ros2_ws/install/rrm_msgs/lib/python3.12/site-packages/rrm_msgs/msg/_command_s.c
[1.561s] -- Up-to-date: /home/dominik/RRM/ros2_ws/install/rrm_msgs/lib/python3.12/site-packages/rrm_msgs/msg/_command.py
[1.561s] -- Up-to-date: /home/dominik/RRM/ros2_ws/install/rrm_msgs/lib/python3.12/site-packages/rrm_msgs/_rrm_msgs_s.ep.rosidl_typesupport_fastrtps_c.c
[1.561s] -- Up-to-date: /home/dominik/RRM/ros2_ws/install/rrm_msgs/lib/python3.12/site-packages/rrm_msgs/rrm_msgs_s__rosidl_typesupport_fastrtps_c.so
[1.561s] -- Up-to-date: /home/dominik/RRM/ros2_ws/install/rrm_msgs/lib/python3.12/site-packages/rrm_msgs/srv
[1.562s] -- Up-to-date: /home/dominik/RRM/ros2_ws/install/rrm_msgs/lib/python3.12/site-packages/rrm_msgs/srv/__init__.py
[1.562s] -- Up-to-date: /home/dominik/RRM/ros2_ws/install/rrm_msgs/lib/python3.12/site-packages/rrm_msgs/srv/_command_s.c
[1.562s] -- Up-to-date: /home/dominik/RRM/ros2_ws/install/rrm_msgs/lib/python3.12/site-packages/rrm_msgs/srv/_command.py
[1.562s] -- Up-to-date: /home/dominik/RRM/ros2_ws/install/rrm_msgs/lib/python3.12/site-packages/rrm_msgs/__init__.py
[1.562s] -- Up-to-date: /home/dominik/RRM/ros2_ws/install/rrm_msgs/lib/python3.12/site-packages/rrm_msgs/_rrm_msgs_s.ep.rosidl_typesupport_c.c
[1.562s] -- Up-to-date: /home/dominik/RRM/ros2_ws/install/rrm_msgs/lib/python3.12/site-packages/rrm_msgs/rrm_msgs_s__rosidl_typesupport_introspection_c.so
[1.562s] -- Up-to-date: /home/dominik/RRM/ros2_ws/install/rrm_msgs/lib/python3.12/site-packages/rrm_msgs/_rrm_msgs_s.ep.rosidl_typesupport_introspection_c.c
[1.562s] -- Up-to-date: /home/dominik/RRM/ros2_ws/install/rrm_msgs/lib/python3.12/site-packages/rrm_msgs/rrm_msgs_s__rosidl_typesupport_c.so
[1.612s] Listing '/home/dominik/RRM/ros2_ws/install/rrm_msgs/lib/python3.12/site-packages/rrm_msgs'...
[1.612s] Listing '/home/dominik/RRM/ros2_ws/install/rrm_msgs/lib/python3.12/site-packages/rrm_msgs/msg'...
[1.612s] Listing '/home/dominik/RRM/ros2_ws/install/rrm_msgs/lib/python3.12/site-packages/rrm_msgs/srv'...
[1.625s] -- Up-to-date: /home/dominik/RRM/ros2_ws/install/rrm_msgs/lib/python3.12/site-packages/rrm_msgs/rrm_msgs_s__rosidl_typesupport_fastrtps_c.so
[1.626s] -- Up-to-date: /home/dominik/RRM/ros2_ws/install/rrm_msgs/lib/python3.12/site-packages/rrm_msgs/rrm_msgs_s__rosidl_typesupport_introspection_c.so
[1.626s] -- Up-to-date: /home/dominik/RRM/ros2_ws/install/rrm_msgs/lib/python3.12/site-packages/rrm_msgs/rrm_msgs_s__rosidl_typesupport_c.so
[1.627s] -- Up-to-date: /home/dominik/RRM/ros2_ws/install/rrm_msgs/lib/librrm_msgs__rosidl_generator_py.so
[1.627s] -- Up-to-date: /home/dominik/RRM/ros2_ws/install/rrm_msgs/share/rrm_msgs/msg/Command.idl
[1.627s] -- Up-to-date: /home/dominik/RRM/ros2_ws/install/rrm_msgs/share/rrm_msgs/srv/Command.idl
[1.628s] -- Up-to-date: /home/dominik/RRM/ros2_ws/install/rrm_msgs/share/rrm_msgs/msg/Command.msg
[1.628s] -- Up-to-date: /home/dominik/RRM/ros2_ws/install/rrm_msgs/share/rrm_msgs/srv/Command.srv
[1.628s] -- Up-to-date: /home/dominik/RRM/ros2_ws/install/rrm_msgs/share/ament_index/resource_index/package_run_dependencies/rrm_msgs
[1.628s] -- Up-to-date: /home/dominik/RRM/ros2_ws/install/rrm_msgs/share/ament_index/resource_index/parent_prefix_path/rrm_msgs
[1.629s] -- Up-to-date: /home/dominik/RRM/ros2_ws/install/rrm_msgs/share/rrm_msgs/environment/ament_prefix_path.sh
[1.629s] -- Up-to-date: /home/dominik/RRM/ros2_ws/install/rrm_msgs/share/rrm_msgs/environment/ament_prefix_path.dsv
[1.629s] -- Up-to-date: /home/dominik/RRM/ros2_ws/install/rrm_msgs/share/rrm_msgs/environment/path.sh
[1.630s] -- Up-to-date: /home/dominik/RRM/ros2_ws/install/rrm_msgs/share/rrm_msgs/environment/path.dsv
[1.630s] -- Up-to-date: /home/dominik/RRM/ros2_ws/install/rrm_msgs/share/rrm_msgs/local_setup.bash
[1.630s] -- Up-to-date: /home/dominik/RRM/ros2_ws/install/rrm_msgs/share/rrm_msgs/local_setup.sh
[1.631s] -- Up-to-date: /home/dominik/RRM/ros2_ws/install/rrm_msgs/share/rrm_msgs/local_setup.zsh
[1.631s] -- Up-to-date: /home/dominik/RRM/ros2_ws/install/rrm_msgs/share/rrm_msgs/local_setup.dsv
[1.632s] -- Installing: /home/dominik/RRM/ros2_ws/install/rrm_msgs/share/rrm_msgs/package.dsv
[1.632s] -- Up-to-date: /home/dominik/RRM/ros2_ws/install/rrm_msgs/share/ament_index/resource_index/packages/rrm_msgs
[1.633s] -- Up-to-date: /home/dominik/RRM/ros2_ws/install/rrm_msgs/share/rrm_msgs/cmake/export_rrm_msgs__rosidl_generator_cExport.cmake
[1.633s] -- Up-to-date: /home/dominik/RRM/ros2_ws/install/rrm_msgs/share/rrm_msgs/cmake/export_rrm_msgs__rosidl_generator_cExport-noconfig.cmake
[1.633s] -- Up-to-date: /home/dominik/RRM/ros2_ws/install/rrm_msgs/share/rrm_msgs/cmake/export_rrm_msgs__rosidl_typesupport_fastrtps_cExport.cmake
[1.633s] -- Up-to-date: /home/dominik/RRM/ros2_ws/install/rrm_msgs/share/rrm_msgs/cmake/export_rrm_msgs__rosidl_typesupport_fastrtps_cExport-noconfig.cmake
[1.633s] -- Up-to-date: /home/dominik/RRM/ros2_ws/install/rrm_msgs/share/rrm_msgs/cmake/rrm_msgs__rosidl_typesupport_introspection_cExport.cmake
[1.633s] -- Up-to-date: /home/dominik/RRM/ros2_ws/install/rrm_msgs/share/rrm_msgs/cmake/rrm_msgs__rosidl_typesupport_introspection_cExport-noconfig.cmake
[1.633s] -- Up-to-date: /home/dominik/RRM/ros2_ws/install/rrm_msgs/share/rrm_msgs/cmake/rrm_msgs__rosidl_typesupport_cExport.cmake
[1.634s] -- Up-to-date: /home/dominik/RRM/ros2_ws/install/rrm_msgs/share/rrm_msgs/cmake/rrm_msgs__rosidl_typesupport_cExport-noconfig.cmake
[1.634s] -- Up-to-date: /home/dominik/RRM/ros2_ws/install/rrm_msgs/share/rrm_msgs/cmake/export_rrm_msgs__rosidl_generator_cppExport.cmake
[1.635s] -- Up-to-date: /home/dominik/RRM/ros2_ws/install/rrm_msgs/share/rrm_msgs/cmake/export_rrm_msgs__rosidl_typesupport_fastrtps_cppExport.cmake
[1.635s] -- Up-to-date: /home/dominik/RRM/ros2_ws/install/rrm_msgs/share/rrm_msgs/cmake/export_rrm_msgs__rosidl_typesupport_fastrtps_cppExport-noconfig.cmake
[1.635s] -- Up-to-date: /home/dominik/RRM/ros2_ws/install/rrm_msgs/share/rrm_msgs/cmake/rrm_msgs__rosidl_typesupport_introspection_cppExport.cmake
[1.635s] -- Up-to-date: /home/dominik/RRM/ros2_ws/install/rrm_msgs/share/rrm_msgs/cmake/rrm_msgs__rosidl_typesupport_introspection_cppExport-noconfig.cmake
[1.636s] -- Up-to-date: /home/dominik/RRM/ros2_ws/install/rrm_msgs/share/rrm_msgs/cmake/rrm_msgs__rosidl_typesupport_cppExport.cmake
[1.636s] -- Up-to-date: /home/dominik/RRM/ros2_ws/install/rrm_msgs/share/rrm_msgs/cmake/rrm_msgs__rosidl_typesupport_cppExport-noconfig.cmake
[1.637s] -- Up-to-date: /home/dominik/RRM/ros2_ws/install/rrm_msgs/share/rrm_msgs/cmake/export_rrm_msgs__rosidl_generator_pyExport.cmake
[1.638s] -- Up-to-date: /home/dominik/RRM/ros2_ws/install/rrm_msgs/share/rrm_msgs/cmake/export_rrm_msgs__rosidl_generator_pyExport-noconfig.cmake
[1.638s] -- Up-to-date: /home/dominik/RRM/ros2_ws/install/rrm_msgs/share/rrm_msgs/cmake/rosidl_cmake-extras.cmake
[1.638s] -- Up-to-date: /home/dominik/RRM/ros2_ws/install/rrm_msgs/share/rrm_msgs/cmake/ament_cmake_export_dependencies-extras.cmake
[1.638s] -- Up-to-date: /home/dominik/RRM/ros2_ws/install/rrm_msgs/share/rrm_msgs/cmake/ament_cmake_export_include_directories-extras.cmake
[1.640s] -- Up-to-date: /home/dominik/RRM/ros2_ws/install/rrm_msgs/share/rrm_msgs/cmake/ament_cmake_export_libraries-extras.cmake
[1.640s] -- Up-to-date: /home/dominik/RRM/ros2_ws/install/rrm_msgs/share/rrm_msgs/cmake/ament_cmake_export_targets-extras.cmake
[1.640s] -- Up-to-date: /home/dominik/RRM/ros2_ws/install/rrm_msgs/share/rrm_msgs/cmake/rosidl_cmake_export_typesupport_targets-extras.cmake
[1.641s] -- Up-to-date: /home/dominik/RRM/ros2_ws/install/rrm_msgs/share/rrm_msgs/cmake/rosidl_cmake_export_typesupport_libraries-extras.cmake
[1.641s] -- Up-to-date: /home/dominik/RRM/ros2_ws/install/rrm_msgs/share/rrm_msgs/cmake/rrm_msgsConfig.cmake
[1.641s] -- Up-to-date: /home/dominik/RRM/ros2_ws/install/rrm_msgs/share/rrm_msgs/cmake/rrm_msgsConfig-version.cmake
[1.642s] -- Up-to-date: /home/dominik/RRM/ros2_ws/install/rrm_msgs/share/rrm_msgs/package.xml
[1.644s] Invoked command in '/home/dominik/RRM/ros2_ws/build/rrm_msgs' returned '0': CMAKE_PREFIX_PATH=${CMAKE_PREFIX_PATH}:/opt/ros/jazzy DEBUGINFOD_URLS=https://debuginfod.ubuntu.com /usr/bin/cmake --install /home/dominik/RRM/ros2_ws/build/rrm_msgs
