[0.060s] Invoking command in '/home/dominik/RRM/ros2_ws/build/surani_interface': CMAKE_PREFIX_PATH=${CMAKE_PREFIX_PATH}:/opt/ros/jazzy DEBUGINFOD_URLS=https://debuginfod.ubuntu.com /usr/bin/cmake --build /home/dominik/RRM/ros2_ws/build/surani_interface -- -j16 -l16
[0.197s] [  2%] Built target surani_interface__rosidl_generator_type_description
[0.238s] [  2%] Built target ament_cmake_python_copy_surani_interface
[0.289s] [  5%] Built target surani_interface__cpp
[0.303s] [ 20%] Built target surani_interface__rosidl_generator_c
[0.514s] [ 29%] Built target surani_interface__rosidl_typesupport_introspection_c
[0.536s] [ 38%] Built target surani_interface__rosidl_typesupport_introspection_cpp
[0.555s] [ 47%] Built target surani_interface__rosidl_typesupport_fastrtps_cpp
[0.596s] [ 58%] Built target surani_interface__rosidl_typesupport_c
[0.597s] [ 64%] Built target surani_interface__rosidl_typesupport_fastrtps_c
[0.602s] [ 73%] Built target surani_interface__rosidl_typesupport_cpp
[0.748s] [ 73%] Built target surani_interface
[0.851s] [ 76%] Built target surani_interface__py
[0.990s] [ 82%] Built target surani_interface__rosidl_generator_py
[1.165s] [ 94%] Built target surani_interface_s__rosidl_typesupport_fastrtps_c
[1.167s] [ 94%] Built target surani_interface_s__rosidl_typesupport_introspection_c
[1.168s] [100%] Built target surani_interface_s__rosidl_typesupport_c
[1.593s] running egg_info
[1.650s] writing surani_interface.egg-info/PKG-INFO
[1.650s] writing dependency_links to surani_interface.egg-info/dependency_links.txt
[1.651s] writing top-level names to surani_interface.egg-info/top_level.txt
[1.814s] reading manifest file 'surani_interface.egg-info/SOURCES.txt'
[1.816s] writing manifest file 'surani_interface.egg-info/SOURCES.txt'
[1.903s] [100%] Built target ament_cmake_python_build_surani_interface_egg
[1.933s] Invoked command in '/home/dominik/RRM/ros2_ws/build/surani_interface' returned '0': CMAKE_PREFIX_PATH=${CMAKE_PREFIX_PATH}:/opt/ros/jazzy DEBUGINFOD_URLS=https://debuginfod.ubuntu.com /usr/bin/cmake --build /home/dominik/RRM/ros2_ws/build/surani_interface -- -j16 -l16
[2.080s] Invoking command in '/home/dominik/RRM/ros2_ws/build/surani_interface': CMAKE_PREFIX_PATH=${CMAKE_PREFIX_PATH}:/opt/ros/jazzy DEBUGINFOD_URLS=https://debuginfod.ubuntu.com /usr/bin/cmake --install /home/dominik/RRM/ros2_ws/build/surani_interface
[2.100s] -- Install configuration: ""
[2.101s] -- Up-to-date: /home/dominik/RRM/ros2_ws/install/surani_interface/share/ament_index/resource_index/rosidl_interfaces/surani_interface
[2.101s] -- Up-to-date: /home/dominik/RRM/ros2_ws/install/surani_interface/share/surani_interface/srv/TeachPoint.json
[2.102s] -- Up-to-date: /home/dominik/RRM/ros2_ws/install/surani_interface/include/surani_interface/surani_interface
[2.102s] -- Up-to-date: /home/dominik/RRM/ros2_ws/install/surani_interface/include/surani_interface/surani_interface/msg
[2.102s] -- Up-to-date: /home/dominik/RRM/ros2_ws/install/surani_interface/include/surani_interface/surani_interface/msg/rosidl_generator_c__visibility_control.h
[2.102s] -- Up-to-date: /home/dominik/RRM/ros2_ws/install/surani_interface/include/surani_interface/surani_interface/srv
[2.102s] -- Up-to-date: /home/dominik/RRM/ros2_ws/install/surani_interface/include/surani_interface/surani_interface/srv/teach_point.h
[2.103s] -- Up-to-date: /home/dominik/RRM/ros2_ws/install/surani_interface/include/surani_interface/surani_interface/srv/detail
[2.103s] -- Up-to-date: /home/dominik/RRM/ros2_ws/install/surani_interface/include/surani_interface/surani_interface/srv/detail/teach_point__type_support.c
[2.103s] -- Up-to-date: /home/dominik/RRM/ros2_ws/install/surani_interface/include/surani_interface/surani_interface/srv/detail/teach_point__description.c
[2.104s] -- Up-to-date: /home/dominik/RRM/ros2_ws/install/surani_interface/include/surani_interface/surani_interface/srv/detail/teach_point__functions.h
[2.104s] -- Up-to-date: /home/dominik/RRM/ros2_ws/install/surani_interface/include/surani_interface/surani_interface/srv/detail/teach_point__type_support.h
[2.104s] -- Up-to-date: /home/dominik/RRM/ros2_ws/install/surani_interface/include/surani_interface/surani_interface/srv/detail/teach_point__functions.c
[2.104s] -- Up-to-date: /home/dominik/RRM/ros2_ws/install/surani_interface/include/surani_interface/surani_interface/srv/detail/teach_point__struct.h
[2.105s] -- Up-to-date: /home/dominik/RRM/ros2_ws/install/surani_interface/share/surani_interface/environment/library_path.sh
[2.105s] -- Up-to-date: /home/dominik/RRM/ros2_ws/install/surani_interface/share/surani_interface/environment/library_path.dsv
[2.105s] -- Up-to-date: /home/dominik/RRM/ros2_ws/install/surani_interface/lib/libsurani_interface__rosidl_generator_c.so
[2.105s] -- Up-to-date: /home/dominik/RRM/ros2_ws/install/surani_interface/include/surani_interface/surani_interface
[2.106s] -- Up-to-date: /home/dominik/RRM/ros2_ws/install/surani_interface/include/surani_interface/surani_interface/msg
[2.106s] -- Up-to-date: /home/dominik/RRM/ros2_ws/install/surani_interface/include/surani_interface/surani_interface/msg/rosidl_typesupport_fastrtps_c__visibility_control.h
[2.106s] -- Up-to-date: /home/dominik/RRM/ros2_ws/install/surani_interface/include/surani_interface/surani_interface/srv
[2.106s] -- Up-to-date: /home/dominik/RRM/ros2_ws/install/surani_interface/include/surani_interface/surani_interface/srv/detail
[2.106s] -- Up-to-date: /home/dominik/RRM/ros2_ws/install/surani_interface/include/surani_interface/surani_interface/srv/detail/teach_point__rosidl_typesupport_fastrtps_c.h
[2.107s] -- Up-to-date: /home/dominik/RRM/ros2_ws/install/surani_interface/lib/libsurani_interface__rosidl_typesupport_fastrtps_c.so
[2.107s] -- Up-to-date: /home/dominik/RRM/ros2_ws/install/surani_interface/include/surani_interface/surani_interface
[2.107s] -- Up-to-date: /home/dominik/RRM/ros2_ws/install/surani_interface/include/surani_interface/surani_interface/msg
[2.108s] -- Up-to-date: /home/dominik/RRM/ros2_ws/install/surani_interface/include/surani_interface/surani_interface/msg/rosidl_typesupport_introspection_c__visibility_control.h
[2.108s] -- Up-to-date: /home/dominik/RRM/ros2_ws/install/surani_interface/include/surani_interface/surani_interface/srv
[2.108s] -- Up-to-date: /home/dominik/RRM/ros2_ws/install/surani_interface/include/surani_interface/surani_interface/srv/detail
[2.108s] -- Up-to-date: /home/dominik/RRM/ros2_ws/install/surani_interface/include/surani_interface/surani_interface/srv/detail/teach_point__type_support.c
[2.109s] -- Up-to-date: /home/dominik/RRM/ros2_ws/install/surani_interface/include/surani_interface/surani_interface/srv/detail/teach_point__rosidl_typesupport_introspection_c.h
[2.109s] -- Up-to-date: /home/dominik/RRM/ros2_ws/install/surani_interface/lib/libsurani_interface__rosidl_typesupport_introspection_c.so
[2.109s] -- Up-to-date: /home/dominik/RRM/ros2_ws/install/surani_interface/lib/libsurani_interface__rosidl_typesupport_c.so
[2.109s] -- Up-to-date: /home/dominik/RRM/ros2_ws/install/surani_interface/include/surani_interface/surani_interface
[2.109s] -- Up-to-date: /home/dominik/RRM/ros2_ws/install/surani_interface/include/surani_interface/surani_interface/msg
[2.110s] -- Up-to-date: /home/dominik/RRM/ros2_ws/install/surani_interface/include/surani_interface/surani_interface/msg/rosidl_generator_cpp__visibility_control.hpp
[2.110s] -- Up-to-date: /home/dominik/RRM/ros2_ws/install/surani_interface/include/surani_interface/surani_interface/srv
[2.110s] -- Up-to-date: /home/dominik/RRM/ros2_ws/install/surani_interface/include/surani_interface/surani_interface/srv/detail
[2.110s] -- Up-to-date: /home/dominik/RRM/ros2_ws/install/surani_interface/include/surani_interface/surani_interface/srv/detail/teach_point__builder.hpp
[2.111s] -- Up-to-date: /home/dominik/RRM/ros2_ws/install/surani_interface/include/surani_interface/surani_interface/srv/detail/teach_point__struct.hpp
[2.111s] -- Up-to-date: /home/dominik/RRM/ros2_ws/install/surani_interface/include/surani_interface/surani_interface/srv/detail/teach_point__type_support.hpp
[2.111s] -- Up-to-date: /home/dominik/RRM/ros2_ws/install/surani_interface/include/surani_interface/surani_interface/srv/detail/teach_point__traits.hpp
[2.112s] -- Up-to-date: /home/dominik/RRM/ros2_ws/install/surani_interface/include/surani_interface/surani_interface/srv/teach_point.hpp
[2.112s] -- Up-to-date: /home/dominik/RRM/ros2_ws/install/surani_interface/include/surani_interface/surani_interface
[2.112s] -- Up-to-date: /home/dominik/RRM/ros2_ws/install/surani_interface/include/surani_interface/surani_interface/msg
[2.112s] -- Up-to-date: /home/dominik/RRM/ros2_ws/install/surani_interface/include/surani_interface/surani_interface/msg/rosidl_typesupport_fastrtps_cpp__visibility_control.h
[2.113s] -- Up-to-date: /home/dominik/RRM/ros2_ws/install/surani_interface/include/surani_interface/surani_interface/srv
[2.113s] -- Up-to-date: /home/dominik/RRM/ros2_ws/install/surani_interface/include/surani_interface/surani_interface/srv/detail
[2.113s] -- Up-to-date: /home/dominik/RRM/ros2_ws/install/surani_interface/include/surani_interface/surani_interface/srv/detail/teach_point__rosidl_typesupport_fastrtps_cpp.hpp
[2.113s] -- Up-to-date: /home/dominik/RRM/ros2_ws/install/surani_interface/include/surani_interface/surani_interface/srv/detail/dds_fastrtps
[2.114s] -- Up-to-date: /home/dominik/RRM/ros2_ws/install/surani_interface/lib/libsurani_interface__rosidl_typesupport_fastrtps_cpp.so
[2.114s] -- Up-to-date: /home/dominik/RRM/ros2_ws/install/surani_interface/include/surani_interface/surani_interface
[2.114s] -- Up-to-date: /home/dominik/RRM/ros2_ws/install/surani_interface/include/surani_interface/surani_interface/srv
[2.115s] -- Up-to-date: /home/dominik/RRM/ros2_ws/install/surani_interface/include/surani_interface/surani_interface/srv/detail
[2.115s] -- Up-to-date: /home/dominik/RRM/ros2_ws/install/surani_interface/include/surani_interface/surani_interface/srv/detail/teach_point__type_support.cpp
[2.115s] -- Up-to-date: /home/dominik/RRM/ros2_ws/install/surani_interface/include/surani_interface/surani_interface/srv/detail/teach_point__rosidl_typesupport_introspection_cpp.hpp
[2.115s] -- Up-to-date: /home/dominik/RRM/ros2_ws/install/surani_interface/lib/libsurani_interface__rosidl_typesupport_introspection_cpp.so
[2.115s] -- Up-to-date: /home/dominik/RRM/ros2_ws/install/surani_interface/lib/libsurani_interface__rosidl_typesupport_cpp.so
[2.116s] -- Up-to-date: /home/dominik/RRM/ros2_ws/install/surani_interface/share/surani_interface/environment/pythonpath.sh
[2.116s] -- Up-to-date: /home/dominik/RRM/ros2_ws/install/surani_interface/share/surani_interface/environment/pythonpath.dsv
[2.116s] -- Up-to-date: /home/dominik/RRM/ros2_ws/install/surani_interface/lib/python3.12/site-packages/surani_interface-0.0.0-py3.12.egg-info
[2.116s] -- Installing: /home/dominik/RRM/ros2_ws/install/surani_interface/lib/python3.12/site-packages/surani_interface-0.0.0-py3.12.egg-info/SOURCES.txt
[2.116s] -- Installing: /home/dominik/RRM/ros2_ws/install/surani_interface/lib/python3.12/site-packages/surani_interface-0.0.0-py3.12.egg-info/top_level.txt
[2.116s] -- Installing: /home/dominik/RRM/ros2_ws/install/surani_interface/lib/python3.12/site-packages/surani_interface-0.0.0-py3.12.egg-info/dependency_links.txt
[2.117s] -- Installing: /home/dominik/RRM/ros2_ws/install/surani_interface/lib/python3.12/site-packages/surani_interface-0.0.0-py3.12.egg-info/PKG-INFO
[2.117s] -- Up-to-date: /home/dominik/RRM/ros2_ws/install/surani_interface/lib/python3.12/site-packages/surani_interface
[2.117s] -- Up-to-date: /home/dominik/RRM/ros2_ws/install/surani_interface/lib/python3.12/site-packages/surani_interface/_surani_interface_s.ep.rosidl_typesupport_introspection_c.c
[2.117s] -- Up-to-date: /home/dominik/RRM/ros2_ws/install/surani_interface/lib/python3.12/site-packages/surani_interface/srv
[2.117s] -- Up-to-date: /home/dominik/RRM/ros2_ws/install/surani_interface/lib/python3.12/site-packages/surani_interface/srv/__init__.py
[2.117s] -- Up-to-date: /home/dominik/RRM/ros2_ws/install/surani_interface/lib/python3.12/site-packages/surani_interface/srv/_teach_point.py
[2.117s] -- Up-to-date: /home/dominik/RRM/ros2_ws/install/surani_interface/lib/python3.12/site-packages/surani_interface/srv/_teach_point_s.c
[2.118s] -- Up-to-date: /home/dominik/RRM/ros2_ws/install/surani_interface/lib/python3.12/site-packages/surani_interface/surani_interface_s__rosidl_typesupport_fastrtps_c.so
[2.118s] -- Up-to-date: /home/dominik/RRM/ros2_ws/install/surani_interface/lib/python3.12/site-packages/surani_interface/__init__.py
[2.118s] -- Up-to-date: /home/dominik/RRM/ros2_ws/install/surani_interface/lib/python3.12/site-packages/surani_interface/_surani_interface_s.ep.rosidl_typesupport_fastrtps_c.c
[2.118s] -- Up-to-date: /home/dominik/RRM/ros2_ws/install/surani_interface/lib/python3.12/site-packages/surani_interface/surani_interface_s__rosidl_typesupport_c.so
[2.118s] -- Up-to-date: /home/dominik/RRM/ros2_ws/install/surani_interface/lib/python3.12/site-packages/surani_interface/_surani_interface_s.ep.rosidl_typesupport_c.c
[2.119s] -- Up-to-date: /home/dominik/RRM/ros2_ws/install/surani_interface/lib/python3.12/site-packages/surani_interface/surani_interface_s__rosidl_typesupport_introspection_c.so
[2.196s] Listing '/home/dominik/RRM/ros2_ws/install/surani_interface/lib/python3.12/site-packages/surani_interface'...
[2.197s] Listing '/home/dominik/RRM/ros2_ws/install/surani_interface/lib/python3.12/site-packages/surani_interface/srv'...
[2.208s] -- Up-to-date: /home/dominik/RRM/ros2_ws/install/surani_interface/lib/python3.12/site-packages/surani_interface/surani_interface_s__rosidl_typesupport_fastrtps_c.so
[2.209s] -- Up-to-date: /home/dominik/RRM/ros2_ws/install/surani_interface/lib/python3.12/site-packages/surani_interface/surani_interface_s__rosidl_typesupport_introspection_c.so
[2.210s] -- Up-to-date: /home/dominik/RRM/ros2_ws/install/surani_interface/lib/python3.12/site-packages/surani_interface/surani_interface_s__rosidl_typesupport_c.so
[2.211s] -- Up-to-date: /home/dominik/RRM/ros2_ws/install/surani_interface/lib/libsurani_interface__rosidl_generator_py.so
[2.211s] -- Up-to-date: /home/dominik/RRM/ros2_ws/install/surani_interface/share/surani_interface/srv/TeachPoint.idl
[2.211s] -- Up-to-date: /home/dominik/RRM/ros2_ws/install/surani_interface/share/surani_interface/srv/TeachPoint.srv
[2.212s] -- Up-to-date: /home/dominik/RRM/ros2_ws/install/surani_interface/share/ament_index/resource_index/package_run_dependencies/surani_interface
[2.212s] -- Up-to-date: /home/dominik/RRM/ros2_ws/install/surani_interface/share/ament_index/resource_index/parent_prefix_path/surani_interface
[2.212s] -- Up-to-date: /home/dominik/RRM/ros2_ws/install/surani_interface/share/surani_interface/environment/ament_prefix_path.sh
[2.213s] -- Up-to-date: /home/dominik/RRM/ros2_ws/install/surani_interface/share/surani_interface/environment/ament_prefix_path.dsv
[2.213s] -- Up-to-date: /home/dominik/RRM/ros2_ws/install/surani_interface/share/surani_interface/environment/path.sh
[2.213s] -- Up-to-date: /home/dominik/RRM/ros2_ws/install/surani_interface/share/surani_interface/environment/path.dsv
[2.213s] -- Up-to-date: /home/dominik/RRM/ros2_ws/install/surani_interface/share/surani_interface/local_setup.bash
[2.213s] -- Up-to-date: /home/dominik/RRM/ros2_ws/install/surani_interface/share/surani_interface/local_setup.sh
[2.214s] -- Up-to-date: /home/dominik/RRM/ros2_ws/install/surani_interface/share/surani_interface/local_setup.zsh
[2.214s] -- Up-to-date: /home/dominik/RRM/ros2_ws/install/surani_interface/share/surani_interface/local_setup.dsv
[2.214s] -- Installing: /home/dominik/RRM/ros2_ws/install/surani_interface/share/surani_interface/package.dsv
[2.214s] -- Up-to-date: /home/dominik/RRM/ros2_ws/install/surani_interface/share/ament_index/resource_index/packages/surani_interface
[2.214s] -- Up-to-date: /home/dominik/RRM/ros2_ws/install/surani_interface/share/surani_interface/cmake/export_surani_interface__rosidl_generator_cExport.cmake
[2.214s] -- Up-to-date: /home/dominik/RRM/ros2_ws/install/surani_interface/share/surani_interface/cmake/export_surani_interface__rosidl_generator_cExport-noconfig.cmake
[2.215s] -- Up-to-date: /home/dominik/RRM/ros2_ws/install/surani_interface/share/surani_interface/cmake/export_surani_interface__rosidl_typesupport_fastrtps_cExport.cmake
[2.215s] -- Up-to-date: /home/dominik/RRM/ros2_ws/install/surani_interface/share/surani_interface/cmake/export_surani_interface__rosidl_typesupport_fastrtps_cExport-noconfig.cmake
[2.215s] -- Up-to-date: /home/dominik/RRM/ros2_ws/install/surani_interface/share/surani_interface/cmake/surani_interface__rosidl_typesupport_introspection_cExport.cmake
[2.215s] -- Up-to-date: /home/dominik/RRM/ros2_ws/install/surani_interface/share/surani_interface/cmake/surani_interface__rosidl_typesupport_introspection_cExport-noconfig.cmake
[2.216s] -- Up-to-date: /home/dominik/RRM/ros2_ws/install/surani_interface/share/surani_interface/cmake/surani_interface__rosidl_typesupport_cExport.cmake
[2.216s] -- Up-to-date: /home/dominik/RRM/ros2_ws/install/surani_interface/share/surani_interface/cmake/surani_interface__rosidl_typesupport_cExport-noconfig.cmake
[2.216s] -- Up-to-date: /home/dominik/RRM/ros2_ws/install/surani_interface/share/surani_interface/cmake/export_surani_interface__rosidl_generator_cppExport.cmake
[2.216s] -- Up-to-date: /home/dominik/RRM/ros2_ws/install/surani_interface/share/surani_interface/cmake/export_surani_interface__rosidl_typesupport_fastrtps_cppExport.cmake
[2.216s] -- Up-to-date: /home/dominik/RRM/ros2_ws/install/surani_interface/share/surani_interface/cmake/export_surani_interface__rosidl_typesupport_fastrtps_cppExport-noconfig.cmake
[2.217s] -- Up-to-date: /home/dominik/RRM/ros2_ws/install/surani_interface/share/surani_interface/cmake/surani_interface__rosidl_typesupport_introspection_cppExport.cmake
[2.217s] -- Up-to-date: /home/dominik/RRM/ros2_ws/install/surani_interface/share/surani_interface/cmake/surani_interface__rosidl_typesupport_introspection_cppExport-noconfig.cmake
[2.217s] -- Up-to-date: /home/dominik/RRM/ros2_ws/install/surani_interface/share/surani_interface/cmake/surani_interface__rosidl_typesupport_cppExport.cmake
[2.217s] -- Up-to-date: /home/dominik/RRM/ros2_ws/install/surani_interface/share/surani_interface/cmake/surani_interface__rosidl_typesupport_cppExport-noconfig.cmake
[2.217s] -- Up-to-date: /home/dominik/RRM/ros2_ws/install/surani_interface/share/surani_interface/cmake/export_surani_interface__rosidl_generator_pyExport.cmake
[2.217s] -- Up-to-date: /home/dominik/RRM/ros2_ws/install/surani_interface/share/surani_interface/cmake/export_surani_interface__rosidl_generator_pyExport-noconfig.cmake
[2.218s] -- Up-to-date: /home/dominik/RRM/ros2_ws/install/surani_interface/share/surani_interface/cmake/rosidl_cmake-extras.cmake
[2.218s] -- Up-to-date: /home/dominik/RRM/ros2_ws/install/surani_interface/share/surani_interface/cmake/ament_cmake_export_dependencies-extras.cmake
[2.218s] -- Up-to-date: /home/dominik/RRM/ros2_ws/install/surani_interface/share/surani_interface/cmake/ament_cmake_export_include_directories-extras.cmake
[2.218s] -- Up-to-date: /home/dominik/RRM/ros2_ws/install/surani_interface/share/surani_interface/cmake/ament_cmake_export_libraries-extras.cmake
[2.218s] -- Up-to-date: /home/dominik/RRM/ros2_ws/install/surani_interface/share/surani_interface/cmake/ament_cmake_export_targets-extras.cmake
[2.218s] -- Up-to-date: /home/dominik/RRM/ros2_ws/install/surani_interface/share/surani_interface/cmake/rosidl_cmake_export_typesupport_targets-extras.cmake
[2.219s] -- Up-to-date: /home/dominik/RRM/ros2_ws/install/surani_interface/share/surani_interface/cmake/rosidl_cmake_export_typesupport_libraries-extras.cmake
[2.219s] -- Up-to-date: /home/dominik/RRM/ros2_ws/install/surani_interface/share/surani_interface/cmake/surani_interfaceConfig.cmake
[2.219s] -- Up-to-date: /home/dominik/RRM/ros2_ws/install/surani_interface/share/surani_interface/cmake/surani_interfaceConfig-version.cmake
[2.219s] -- Up-to-date: /home/dominik/RRM/ros2_ws/install/surani_interface/share/surani_interface/package.xml
[2.224s] Invoked command in '/home/dominik/RRM/ros2_ws/build/surani_interface' returned '0': CMAKE_PREFIX_PATH=${CMAKE_PREFIX_PATH}:/opt/ros/jazzy DEBUGINFOD_URLS=https://debuginfod.ubuntu.com /usr/bin/cmake --install /home/dominik/RRM/ros2_ws/build/surani_interface
