[0.158s] DEBUG:colcon:Command line arguments: ['/usr/bin/colcon', 'build']
[0.158s] DEBUG:colcon:Parsed command line arguments: Namespace(log_base=None, log_level=None, verb_name='build', build_base='build', install_base='install', merge_install=False, symlink_install=False, test_result_base=None, continue_on_error=False, executor='parallel', parallel_workers=16, event_handlers=None, ignore_user_meta=False, metas=['./colcon.meta'], base_paths=['.'], packages_ignore=None, packages_ignore_regex=None, paths=None, packages_up_to=None, packages_up_to_regex=None, packages_above=None, packages_above_and_dependencies=None, packages_above_depth=None, packages_select_by_dep=None, packages_skip_by_dep=None, packages_skip_up_to=None, packages_select_build_failed=False, packages_skip_build_finished=False, packages_select_test_failures=False, packages_skip_test_passed=False, packages_select=None, packages_skip=None, packages_select_regex=None, packages_skip_regex=None, packages_start=None, packages_end=None, allow_overriding=[], cmake_args=None, cmake_target=None, cmake_target_skip_unavailable=False, cmake_clean_cache=False, cmake_clean_first=False, cmake_force_configure=False, ament_cmake_args=None, catkin_cmake_args=None, catkin_skip_building_tests=False, mixin_files=None, mixin=None, verb_parser=<colcon_mixin.mixin.mixin_argument.MixinArgumentDecorator object at 0x7429a2d72270>, verb_extension=<colcon_core.verb.build.BuildVerb object at 0x7429a2d180b0>, main=<bound method BuildVerb.main of <colcon_core.verb.build.BuildVerb object at 0x7429a2d180b0>>, mixin_verb=('build',))
[0.211s] Level 1:colcon.colcon_core.package_discovery:discover_packages(colcon_meta) check parameters
[0.211s] Level 1:colcon.colcon_core.package_discovery:discover_packages(recursive) check parameters
[0.211s] Level 1:colcon.colcon_core.package_discovery:discover_packages(ignore) check parameters
[0.211s] Level 1:colcon.colcon_core.package_discovery:discover_packages(path) check parameters
[0.211s] Level 1:colcon.colcon_core.package_discovery:discover_packages(colcon_meta) discover
[0.211s] Level 1:colcon.colcon_core.package_discovery:discover_packages(recursive) discover
[0.211s] INFO:colcon.colcon_core.package_discovery:Crawling recursively for packages in '/home/dominik/RRM/ros2_ws'
[0.211s] Level 1:colcon.colcon_core.package_identification:_identify(.) by extensions ['ignore', 'ignore_ament_install']
[0.212s] Level 1:colcon.colcon_core.package_identification:_identify(.) by extension 'ignore'
[0.212s] Level 1:colcon.colcon_core.package_identification:_identify(.) by extension 'ignore_ament_install'
[0.212s] Level 1:colcon.colcon_core.package_identification:_identify(.) by extensions ['colcon_pkg']
[0.212s] Level 1:colcon.colcon_core.package_identification:_identify(.) by extension 'colcon_pkg'
[0.212s] Level 1:colcon.colcon_core.package_identification:_identify(.) by extensions ['colcon_meta']
[0.212s] Level 1:colcon.colcon_core.package_identification:_identify(.) by extension 'colcon_meta'
[0.212s] Level 1:colcon.colcon_core.package_identification:_identify(.) by extensions ['ros']
[0.212s] Level 1:colcon.colcon_core.package_identification:_identify(.) by extension 'ros'
[0.248s] Level 1:colcon.colcon_core.package_identification:_identify(.) by extensions ['cmake', 'python']
[0.248s] Level 1:colcon.colcon_core.package_identification:_identify(.) by extension 'cmake'
[0.248s] Level 1:colcon.colcon_core.package_identification:_identify(.) by extension 'python'
[0.248s] Level 1:colcon.colcon_core.package_identification:_identify(.) by extensions ['python_setup_py']
[0.248s] Level 1:colcon.colcon_core.package_identification:_identify(.) by extension 'python_setup_py'
[0.248s] Level 1:colcon.colcon_core.package_identification:_identify(build) by extensions ['ignore', 'ignore_ament_install']
[0.249s] Level 1:colcon.colcon_core.package_identification:_identify(build) by extension 'ignore'
[0.249s] Level 1:colcon.colcon_core.package_identification:_identify(build) ignored
[0.249s] Level 1:colcon.colcon_core.package_identification:_identify(install) by extensions ['ignore', 'ignore_ament_install']
[0.249s] Level 1:colcon.colcon_core.package_identification:_identify(install) by extension 'ignore'
[0.249s] Level 1:colcon.colcon_core.package_identification:_identify(install) ignored
[0.249s] Level 1:colcon.colcon_core.package_identification:_identify(log) by extensions ['ignore', 'ignore_ament_install']
[0.249s] Level 1:colcon.colcon_core.package_identification:_identify(log) by extension 'ignore'
[0.249s] Level 1:colcon.colcon_core.package_identification:_identify(log) ignored
[0.249s] Level 1:colcon.colcon_core.package_identification:_identify(src) by extensions ['ignore', 'ignore_ament_install']
[0.250s] Level 1:colcon.colcon_core.package_identification:_identify(src) by extension 'ignore'
[0.250s] Level 1:colcon.colcon_core.package_identification:_identify(src) by extension 'ignore_ament_install'
[0.250s] Level 1:colcon.colcon_core.package_identification:_identify(src) by extensions ['colcon_pkg']
[0.250s] Level 1:colcon.colcon_core.package_identification:_identify(src) by extension 'colcon_pkg'
[0.250s] Level 1:colcon.colcon_core.package_identification:_identify(src) by extensions ['colcon_meta']
[0.250s] Level 1:colcon.colcon_core.package_identification:_identify(src) by extension 'colcon_meta'
[0.250s] Level 1:colcon.colcon_core.package_identification:_identify(src) by extensions ['ros']
[0.250s] Level 1:colcon.colcon_core.package_identification:_identify(src) by extension 'ros'
[0.250s] Level 1:colcon.colcon_core.package_identification:_identify(src) by extensions ['cmake', 'python']
[0.250s] Level 1:colcon.colcon_core.package_identification:_identify(src) by extension 'cmake'
[0.250s] Level 1:colcon.colcon_core.package_identification:_identify(src) by extension 'python'
[0.250s] Level 1:colcon.colcon_core.package_identification:_identify(src) by extensions ['python_setup_py']
[0.250s] Level 1:colcon.colcon_core.package_identification:_identify(src) by extension 'python_setup_py'
[0.250s] Level 1:colcon.colcon_core.package_identification:_identify(src/block1_surani) by extensions ['ignore', 'ignore_ament_install']
[0.251s] Level 1:colcon.colcon_core.package_identification:_identify(src/block1_surani) by extension 'ignore'
[0.251s] Level 1:colcon.colcon_core.package_identification:_identify(src/block1_surani) by extension 'ignore_ament_install'
[0.251s] Level 1:colcon.colcon_core.package_identification:_identify(src/block1_surani) by extensions ['colcon_pkg']
[0.251s] Level 1:colcon.colcon_core.package_identification:_identify(src/block1_surani) by extension 'colcon_pkg'
[0.251s] Level 1:colcon.colcon_core.package_identification:_identify(src/block1_surani) by extensions ['colcon_meta']
[0.251s] Level 1:colcon.colcon_core.package_identification:_identify(src/block1_surani) by extension 'colcon_meta'
[0.251s] Level 1:colcon.colcon_core.package_identification:_identify(src/block1_surani) by extensions ['ros']
[0.251s] Level 1:colcon.colcon_core.package_identification:_identify(src/block1_surani) by extension 'ros'
[0.254s] DEBUG:colcon.colcon_core.package_identification:Package 'src/block1_surani' with type 'ros.ament_cmake' and name 'block1_surani'
[0.254s] Level 1:colcon.colcon_core.package_identification:_identify(src/cv1) by extensions ['ignore', 'ignore_ament_install']
[0.255s] Level 1:colcon.colcon_core.package_identification:_identify(src/cv1) by extension 'ignore'
[0.255s] Level 1:colcon.colcon_core.package_identification:_identify(src/cv1) by extension 'ignore_ament_install'
[0.255s] Level 1:colcon.colcon_core.package_identification:_identify(src/cv1) by extensions ['colcon_pkg']
[0.255s] Level 1:colcon.colcon_core.package_identification:_identify(src/cv1) by extension 'colcon_pkg'
[0.255s] Level 1:colcon.colcon_core.package_identification:_identify(src/cv1) by extensions ['colcon_meta']
[0.255s] Level 1:colcon.colcon_core.package_identification:_identify(src/cv1) by extension 'colcon_meta'
[0.255s] Level 1:colcon.colcon_core.package_identification:_identify(src/cv1) by extensions ['ros']
[0.255s] Level 1:colcon.colcon_core.package_identification:_identify(src/cv1) by extension 'ros'
[0.256s] DEBUG:colcon.colcon_core.package_identification:Package 'src/cv1' with type 'ros.ament_cmake' and name 'cv1'
[0.256s] Level 1:colcon.colcon_core.package_identification:_identify(src/rrm) by extensions ['ignore', 'ignore_ament_install']
[0.256s] Level 1:colcon.colcon_core.package_identification:_identify(src/rrm) by extension 'ignore'
[0.256s] Level 1:colcon.colcon_core.package_identification:_identify(src/rrm) by extension 'ignore_ament_install'
[0.256s] Level 1:colcon.colcon_core.package_identification:_identify(src/rrm) by extensions ['colcon_pkg']
[0.256s] Level 1:colcon.colcon_core.package_identification:_identify(src/rrm) by extension 'colcon_pkg'
[0.256s] Level 1:colcon.colcon_core.package_identification:_identify(src/rrm) by extensions ['colcon_meta']
[0.256s] Level 1:colcon.colcon_core.package_identification:_identify(src/rrm) by extension 'colcon_meta'
[0.256s] Level 1:colcon.colcon_core.package_identification:_identify(src/rrm) by extensions ['ros']
[0.256s] Level 1:colcon.colcon_core.package_identification:_identify(src/rrm) by extension 'ros'
[0.256s] Level 1:colcon.colcon_core.package_identification:_identify(src/rrm) by extensions ['cmake', 'python']
[0.256s] Level 1:colcon.colcon_core.package_identification:_identify(src/rrm) by extension 'cmake'
[0.256s] Level 1:colcon.colcon_core.package_identification:_identify(src/rrm) by extension 'python'
[0.256s] Level 1:colcon.colcon_core.package_identification:_identify(src/rrm) by extensions ['python_setup_py']
[0.256s] Level 1:colcon.colcon_core.package_identification:_identify(src/rrm) by extension 'python_setup_py'
[0.257s] Level 1:colcon.colcon_core.package_identification:_identify(src/rrm/rrm_msgs) by extensions ['ignore', 'ignore_ament_install']
[0.257s] Level 1:colcon.colcon_core.package_identification:_identify(src/rrm/rrm_msgs) by extension 'ignore'
[0.257s] Level 1:colcon.colcon_core.package_identification:_identify(src/rrm/rrm_msgs) by extension 'ignore_ament_install'
[0.257s] Level 1:colcon.colcon_core.package_identification:_identify(src/rrm/rrm_msgs) by extensions ['colcon_pkg']
[0.257s] Level 1:colcon.colcon_core.package_identification:_identify(src/rrm/rrm_msgs) by extension 'colcon_pkg'
[0.257s] Level 1:colcon.colcon_core.package_identification:_identify(src/rrm/rrm_msgs) by extensions ['colcon_meta']
[0.257s] Level 1:colcon.colcon_core.package_identification:_identify(src/rrm/rrm_msgs) by extension 'colcon_meta'
[0.257s] Level 1:colcon.colcon_core.package_identification:_identify(src/rrm/rrm_msgs) by extensions ['ros']
[0.257s] Level 1:colcon.colcon_core.package_identification:_identify(src/rrm/rrm_msgs) by extension 'ros'
[0.258s] DEBUG:colcon.colcon_core.package_identification:Package 'src/rrm/rrm_msgs' with type 'ros.ament_cmake' and name 'rrm_msgs'
[0.258s] Level 1:colcon.colcon_core.package_identification:_identify(src/rrm/rrm_sim) by extensions ['ignore', 'ignore_ament_install']
[0.258s] Level 1:colcon.colcon_core.package_identification:_identify(src/rrm/rrm_sim) by extension 'ignore'
[0.258s] Level 1:colcon.colcon_core.package_identification:_identify(src/rrm/rrm_sim) by extension 'ignore_ament_install'
[0.258s] Level 1:colcon.colcon_core.package_identification:_identify(src/rrm/rrm_sim) by extensions ['colcon_pkg']
[0.258s] Level 1:colcon.colcon_core.package_identification:_identify(src/rrm/rrm_sim) by extension 'colcon_pkg'
[0.258s] Level 1:colcon.colcon_core.package_identification:_identify(src/rrm/rrm_sim) by extensions ['colcon_meta']
[0.258s] Level 1:colcon.colcon_core.package_identification:_identify(src/rrm/rrm_sim) by extension 'colcon_meta'
[0.258s] Level 1:colcon.colcon_core.package_identification:_identify(src/rrm/rrm_sim) by extensions ['ros']
[0.258s] Level 1:colcon.colcon_core.package_identification:_identify(src/rrm/rrm_sim) by extension 'ros'
[0.259s] DEBUG:colcon.colcon_core.package_identification:Package 'src/rrm/rrm_sim' with type 'ros.ament_cmake' and name 'rrm_sim'
[0.259s] Level 1:colcon.colcon_core.package_identification:_identify(src/rrm/rrm_simple_robot_model) by extensions ['ignore', 'ignore_ament_install']
[0.260s] Level 1:colcon.colcon_core.package_identification:_identify(src/rrm/rrm_simple_robot_model) by extension 'ignore'
[0.260s] Level 1:colcon.colcon_core.package_identification:_identify(src/rrm/rrm_simple_robot_model) by extension 'ignore_ament_install'
[0.260s] Level 1:colcon.colcon_core.package_identification:_identify(src/rrm/rrm_simple_robot_model) by extensions ['colcon_pkg']
[0.260s] Level 1:colcon.colcon_core.package_identification:_identify(src/rrm/rrm_simple_robot_model) by extension 'colcon_pkg'
[0.260s] Level 1:colcon.colcon_core.package_identification:_identify(src/rrm/rrm_simple_robot_model) by extensions ['colcon_meta']
[0.260s] Level 1:colcon.colcon_core.package_identification:_identify(src/rrm/rrm_simple_robot_model) by extension 'colcon_meta'
[0.260s] Level 1:colcon.colcon_core.package_identification:_identify(src/rrm/rrm_simple_robot_model) by extensions ['ros']
[0.260s] Level 1:colcon.colcon_core.package_identification:_identify(src/rrm/rrm_simple_robot_model) by extension 'ros'
[0.261s] DEBUG:colcon.colcon_core.package_identification:Package 'src/rrm/rrm_simple_robot_model' with type 'ros.ament_cmake' and name 'rrm_simple_robot_model'
[0.261s] Level 1:colcon.colcon_core.package_discovery:discover_packages(recursive) using defaults
[0.261s] Level 1:colcon.colcon_core.package_discovery:discover_packages(ignore) discover
[0.261s] Level 1:colcon.colcon_core.package_discovery:discover_packages(ignore) using defaults
[0.261s] Level 1:colcon.colcon_core.package_discovery:discover_packages(path) discover
[0.261s] Level 1:colcon.colcon_core.package_discovery:discover_packages(path) using defaults
[0.286s] Level 1:colcon.colcon_core.package_discovery:discover_packages(prefix_path) check parameters
[0.286s] Level 1:colcon.colcon_core.package_discovery:discover_packages(prefix_path) discover
[0.289s] DEBUG:colcon.colcon_installed_package_information.package_discovery:Found 1 installed packages in /home/dominik/RRM/zad1/install
[0.290s] DEBUG:colcon.colcon_installed_package_information.package_discovery:Found 5 installed packages in /home/dominik/RRM/ros2_ws/install
[0.292s] DEBUG:colcon.colcon_installed_package_information.package_discovery:Found 285 installed packages in /opt/ros/jazzy
[0.293s] Level 1:colcon.colcon_core.package_discovery:discover_packages(prefix_path) using defaults
[0.354s] Level 5:colcon.colcon_core.verb:set package 'cv1' build argument 'cmake_args' from command line to 'None'
[0.354s] Level 5:colcon.colcon_core.verb:set package 'cv1' build argument 'cmake_target' from command line to 'None'
[0.354s] Level 5:colcon.colcon_core.verb:set package 'cv1' build argument 'cmake_target_skip_unavailable' from command line to 'False'
[0.354s] Level 5:colcon.colcon_core.verb:set package 'cv1' build argument 'cmake_clean_cache' from command line to 'False'
[0.354s] Level 5:colcon.colcon_core.verb:set package 'cv1' build argument 'cmake_clean_first' from command line to 'False'
[0.354s] Level 5:colcon.colcon_core.verb:set package 'cv1' build argument 'cmake_force_configure' from command line to 'False'
[0.354s] Level 5:colcon.colcon_core.verb:set package 'cv1' build argument 'ament_cmake_args' from command line to 'None'
[0.354s] Level 5:colcon.colcon_core.verb:set package 'cv1' build argument 'catkin_cmake_args' from command line to 'None'
[0.354s] Level 5:colcon.colcon_core.verb:set package 'cv1' build argument 'catkin_skip_building_tests' from command line to 'False'
[0.354s] DEBUG:colcon.colcon_core.verb:Building package 'cv1' with the following arguments: {'ament_cmake_args': None, 'build_base': '/home/dominik/RRM/ros2_ws/build/cv1', 'catkin_cmake_args': None, 'catkin_skip_building_tests': False, 'cmake_args': None, 'cmake_clean_cache': False, 'cmake_clean_first': False, 'cmake_force_configure': False, 'cmake_target': None, 'cmake_target_skip_unavailable': False, 'install_base': '/home/dominik/RRM/ros2_ws/install/cv1', 'merge_install': False, 'path': '/home/dominik/RRM/ros2_ws/src/cv1', 'symlink_install': False, 'test_result_base': None}
[0.354s] Level 5:colcon.colcon_core.verb:set package 'rrm_msgs' build argument 'cmake_args' from command line to 'None'
[0.354s] Level 5:colcon.colcon_core.verb:set package 'rrm_msgs' build argument 'cmake_target' from command line to 'None'
[0.354s] Level 5:colcon.colcon_core.verb:set package 'rrm_msgs' build argument 'cmake_target_skip_unavailable' from command line to 'False'
[0.354s] Level 5:colcon.colcon_core.verb:set package 'rrm_msgs' build argument 'cmake_clean_cache' from command line to 'False'
[0.354s] Level 5:colcon.colcon_core.verb:set package 'rrm_msgs' build argument 'cmake_clean_first' from command line to 'False'
[0.354s] Level 5:colcon.colcon_core.verb:set package 'rrm_msgs' build argument 'cmake_force_configure' from command line to 'False'
[0.354s] Level 5:colcon.colcon_core.verb:set package 'rrm_msgs' build argument 'ament_cmake_args' from command line to 'None'
[0.355s] Level 5:colcon.colcon_core.verb:set package 'rrm_msgs' build argument 'catkin_cmake_args' from command line to 'None'
[0.355s] Level 5:colcon.colcon_core.verb:set package 'rrm_msgs' build argument 'catkin_skip_building_tests' from command line to 'False'
[0.355s] DEBUG:colcon.colcon_core.verb:Building package 'rrm_msgs' with the following arguments: {'ament_cmake_args': None, 'build_base': '/home/dominik/RRM/ros2_ws/build/rrm_msgs', 'catkin_cmake_args': None, 'catkin_skip_building_tests': False, 'cmake_args': None, 'cmake_clean_cache': False, 'cmake_clean_first': False, 'cmake_force_configure': False, 'cmake_target': None, 'cmake_target_skip_unavailable': False, 'install_base': '/home/dominik/RRM/ros2_ws/install/rrm_msgs', 'merge_install': False, 'path': '/home/dominik/RRM/ros2_ws/src/rrm/rrm_msgs', 'symlink_install': False, 'test_result_base': None}
[0.355s] Level 5:colcon.colcon_core.verb:set package 'rrm_simple_robot_model' build argument 'cmake_args' from command line to 'None'
[0.355s] Level 5:colcon.colcon_core.verb:set package 'rrm_simple_robot_model' build argument 'cmake_target' from command line to 'None'
[0.355s] Level 5:colcon.colcon_core.verb:set package 'rrm_simple_robot_model' build argument 'cmake_target_skip_unavailable' from command line to 'False'
[0.355s] Level 5:colcon.colcon_core.verb:set package 'rrm_simple_robot_model' build argument 'cmake_clean_cache' from command line to 'False'
[0.355s] Level 5:colcon.colcon_core.verb:set package 'rrm_simple_robot_model' build argument 'cmake_clean_first' from command line to 'False'
[0.355s] Level 5:colcon.colcon_core.verb:set package 'rrm_simple_robot_model' build argument 'cmake_force_configure' from command line to 'False'
[0.355s] Level 5:colcon.colcon_core.verb:set package 'rrm_simple_robot_model' build argument 'ament_cmake_args' from command line to 'None'
[0.355s] Level 5:colcon.colcon_core.verb:set package 'rrm_simple_robot_model' build argument 'catkin_cmake_args' from command line to 'None'
[0.355s] Level 5:colcon.colcon_core.verb:set package 'rrm_simple_robot_model' build argument 'catkin_skip_building_tests' from command line to 'False'
[0.355s] DEBUG:colcon.colcon_core.verb:Building package 'rrm_simple_robot_model' with the following arguments: {'ament_cmake_args': None, 'build_base': '/home/dominik/RRM/ros2_ws/build/rrm_simple_robot_model', 'catkin_cmake_args': None, 'catkin_skip_building_tests': False, 'cmake_args': None, 'cmake_clean_cache': False, 'cmake_clean_first': False, 'cmake_force_configure': False, 'cmake_target': None, 'cmake_target_skip_unavailable': False, 'install_base': '/home/dominik/RRM/ros2_ws/install/rrm_simple_robot_model', 'merge_install': False, 'path': '/home/dominik/RRM/ros2_ws/src/rrm/rrm_simple_robot_model', 'symlink_install': False, 'test_result_base': None}
[0.356s] Level 5:colcon.colcon_core.verb:set package 'block1_surani' build argument 'cmake_args' from command line to 'None'
[0.356s] Level 5:colcon.colcon_core.verb:set package 'block1_surani' build argument 'cmake_target' from command line to 'None'
[0.356s] Level 5:colcon.colcon_core.verb:set package 'block1_surani' build argument 'cmake_target_skip_unavailable' from command line to 'False'
[0.356s] Level 5:colcon.colcon_core.verb:set package 'block1_surani' build argument 'cmake_clean_cache' from command line to 'False'
[0.356s] Level 5:colcon.colcon_core.verb:set package 'block1_surani' build argument 'cmake_clean_first' from command line to 'False'
[0.356s] Level 5:colcon.colcon_core.verb:set package 'block1_surani' build argument 'cmake_force_configure' from command line to 'False'
[0.356s] Level 5:colcon.colcon_core.verb:set package 'block1_surani' build argument 'ament_cmake_args' from command line to 'None'
[0.356s] Level 5:colcon.colcon_core.verb:set package 'block1_surani' build argument 'catkin_cmake_args' from command line to 'None'
[0.356s] Level 5:colcon.colcon_core.verb:set package 'block1_surani' build argument 'catkin_skip_building_tests' from command line to 'False'
[0.356s] DEBUG:colcon.colcon_core.verb:Building package 'block1_surani' with the following arguments: {'ament_cmake_args': None, 'build_base': '/home/dominik/RRM/ros2_ws/build/block1_surani', 'catkin_cmake_args': None, 'catkin_skip_building_tests': False, 'cmake_args': None, 'cmake_clean_cache': False, 'cmake_clean_first': False, 'cmake_force_configure': False, 'cmake_target': None, 'cmake_target_skip_unavailable': False, 'install_base': '/home/dominik/RRM/ros2_ws/install/block1_surani', 'merge_install': False, 'path': '/home/dominik/RRM/ros2_ws/src/block1_surani', 'symlink_install': False, 'test_result_base': None}
[0.356s] Level 5:colcon.colcon_core.verb:set package 'rrm_sim' build argument 'cmake_args' from command line to 'None'
[0.356s] Level 5:colcon.colcon_core.verb:set package 'rrm_sim' build argument 'cmake_target' from command line to 'None'
[0.356s] Level 5:colcon.colcon_core.verb:set package 'rrm_sim' build argument 'cmake_target_skip_unavailable' from command line to 'False'
[0.356s] Level 5:colcon.colcon_core.verb:set package 'rrm_sim' build argument 'cmake_clean_cache' from command line to 'False'
[0.356s] Level 5:colcon.colcon_core.verb:set package 'rrm_sim' build argument 'cmake_clean_first' from command line to 'False'
[0.356s] Level 5:colcon.colcon_core.verb:set package 'rrm_sim' build argument 'cmake_force_configure' from command line to 'False'
[0.356s] Level 5:colcon.colcon_core.verb:set package 'rrm_sim' build argument 'ament_cmake_args' from command line to 'None'
[0.357s] Level 5:colcon.colcon_core.verb:set package 'rrm_sim' build argument 'catkin_cmake_args' from command line to 'None'
[0.357s] Level 5:colcon.colcon_core.verb:set package 'rrm_sim' build argument 'catkin_skip_building_tests' from command line to 'False'
[0.357s] DEBUG:colcon.colcon_core.verb:Building package 'rrm_sim' with the following arguments: {'ament_cmake_args': None, 'build_base': '/home/dominik/RRM/ros2_ws/build/rrm_sim', 'catkin_cmake_args': None, 'catkin_skip_building_tests': False, 'cmake_args': None, 'cmake_clean_cache': False, 'cmake_clean_first': False, 'cmake_force_configure': False, 'cmake_target': None, 'cmake_target_skip_unavailable': False, 'install_base': '/home/dominik/RRM/ros2_ws/install/rrm_sim', 'merge_install': False, 'path': '/home/dominik/RRM/ros2_ws/src/rrm/rrm_sim', 'symlink_install': False, 'test_result_base': None}
[0.357s] INFO:colcon.colcon_core.executor:Executing jobs using 'parallel' executor
[0.358s] DEBUG:colcon.colcon_parallel_executor.executor.parallel:run_until_complete
[0.358s] INFO:colcon.colcon_ros.task.ament_cmake.build:Building ROS package in '/home/dominik/RRM/ros2_ws/src/rrm/rrm_msgs' with build type 'ament_cmake'
[0.358s] INFO:colcon.colcon_cmake.task.cmake.build:Building CMake package in '/home/dominik/RRM/ros2_ws/src/rrm/rrm_msgs'
[0.361s] INFO:colcon.colcon_core.plugin_system:Skipping extension 'colcon_core.shell.bat': Not used on non-Windows systems
[0.362s] INFO:colcon.colcon_core.shell:Skip shell extension 'powershell' for command environment: Not usable outside of PowerShell
[0.362s] DEBUG:colcon.colcon_core.shell:Skip shell extension 'dsv' for command environment
[0.368s] INFO:colcon.colcon_ros.task.ament_cmake.build:Building ROS package in '/home/dominik/RRM/ros2_ws/src/cv1' with build type 'ament_cmake'
[0.368s] INFO:colcon.colcon_cmake.task.cmake.build:Building CMake package in '/home/dominik/RRM/ros2_ws/src/cv1'
[0.369s] INFO:colcon.colcon_core.shell:Skip shell extension 'powershell' for command environment: Not usable outside of PowerShell
[0.369s] DEBUG:colcon.colcon_core.shell:Skip shell extension 'dsv' for command environment
[0.374s] INFO:colcon.colcon_ros.task.ament_cmake.build:Building ROS package in '/home/dominik/RRM/ros2_ws/src/rrm/rrm_simple_robot_model' with build type 'ament_cmake'
[0.374s] INFO:colcon.colcon_cmake.task.cmake.build:Building CMake package in '/home/dominik/RRM/ros2_ws/src/rrm/rrm_simple_robot_model'
[0.375s] INFO:colcon.colcon_core.shell:Skip shell extension 'powershell' for command environment: Not usable outside of PowerShell
[0.375s] DEBUG:colcon.colcon_core.shell:Skip shell extension 'dsv' for command environment
[0.389s] DEBUG:colcon.colcon_core.event_handler.log_command:Invoking command in '/home/dominik/RRM/ros2_ws/build/rrm_msgs': CMAKE_PREFIX_PATH=${CMAKE_PREFIX_PATH}:/opt/ros/jazzy DEBUGINFOD_URLS=https://debuginfod.ubuntu.com /usr/bin/cmake --build /home/dominik/RRM/ros2_ws/build/rrm_msgs -- -j16 -l16
[0.393s] DEBUG:colcon.colcon_core.event_handler.log_command:Invoking command in '/home/dominik/RRM/ros2_ws/build/cv1': CMAKE_PREFIX_PATH=${CMAKE_PREFIX_PATH}:/opt/ros/jazzy DEBUGINFOD_URLS=https://debuginfod.ubuntu.com /usr/bin/cmake --build /home/dominik/RRM/ros2_ws/build/cv1 -- -j16 -l16
[0.399s] DEBUG:colcon.colcon_core.event_handler.log_command:Invoking command in '/home/dominik/RRM/ros2_ws/build/rrm_simple_robot_model': CMAKE_PREFIX_PATH=${CMAKE_PREFIX_PATH}:/opt/ros/jazzy DEBUGINFOD_URLS=https://debuginfod.ubuntu.com /usr/bin/cmake --build /home/dominik/RRM/ros2_ws/build/rrm_simple_robot_model -- -j16 -l16
[0.459s] DEBUG:colcon.colcon_core.event_handler.log_command:Invoked command in '/home/dominik/RRM/ros2_ws/build/rrm_simple_robot_model' returned '0': CMAKE_PREFIX_PATH=${CMAKE_PREFIX_PATH}:/opt/ros/jazzy DEBUGINFOD_URLS=https://debuginfod.ubuntu.com /usr/bin/cmake --build /home/dominik/RRM/ros2_ws/build/rrm_simple_robot_model -- -j16 -l16
[0.509s] DEBUG:colcon.colcon_core.event_handler.log_command:Invoking command in '/home/dominik/RRM/ros2_ws/build/rrm_simple_robot_model': CMAKE_PREFIX_PATH=${CMAKE_PREFIX_PATH}:/opt/ros/jazzy DEBUGINFOD_URLS=https://debuginfod.ubuntu.com /usr/bin/cmake --install /home/dominik/RRM/ros2_ws/build/rrm_simple_robot_model
[0.511s] DEBUG:colcon.colcon_core.event_handler.log_command:Invoked command in '/home/dominik/RRM/ros2_ws/build/cv1' returned '0': CMAKE_PREFIX_PATH=${CMAKE_PREFIX_PATH}:/opt/ros/jazzy DEBUGINFOD_URLS=https://debuginfod.ubuntu.com /usr/bin/cmake --build /home/dominik/RRM/ros2_ws/build/cv1 -- -j16 -l16
[0.528s] Level 1:colcon.colcon_core.environment:create_environment_scripts_only(rrm_simple_robot_model)
[0.529s] DEBUG:colcon.colcon_core.event_handler.log_command:Invoked command in '/home/dominik/RRM/ros2_ws/build/rrm_simple_robot_model' returned '0': CMAKE_PREFIX_PATH=${CMAKE_PREFIX_PATH}:/opt/ros/jazzy DEBUGINFOD_URLS=https://debuginfod.ubuntu.com /usr/bin/cmake --install /home/dominik/RRM/ros2_ws/build/rrm_simple_robot_model
[0.533s] Level 1:colcon.colcon_core.environment:checking '/home/dominik/RRM/ros2_ws/install/rrm_simple_robot_model' for CMake module files
[0.534s] Level 1:colcon.colcon_core.environment:checking '/home/dominik/RRM/ros2_ws/install/rrm_simple_robot_model' for CMake config files
[0.535s] Level 1:colcon.colcon_core.shell:create_environment_hook('rrm_simple_robot_model', 'cmake_prefix_path')
[0.535s] INFO:colcon.colcon_core.shell:Creating environment hook '/home/dominik/RRM/ros2_ws/install/rrm_simple_robot_model/share/rrm_simple_robot_model/hook/cmake_prefix_path.ps1'
[0.536s] INFO:colcon.colcon_core.shell:Creating environment descriptor '/home/dominik/RRM/ros2_ws/install/rrm_simple_robot_model/share/rrm_simple_robot_model/hook/cmake_prefix_path.dsv'
[0.537s] INFO:colcon.colcon_core.shell:Creating environment hook '/home/dominik/RRM/ros2_ws/install/rrm_simple_robot_model/share/rrm_simple_robot_model/hook/cmake_prefix_path.sh'
[0.538s] Level 1:colcon.colcon_core.environment:checking '/home/dominik/RRM/ros2_ws/install/rrm_simple_robot_model/bin'
[0.538s] Level 1:colcon.colcon_core.environment:checking '/home/dominik/RRM/ros2_ws/install/rrm_simple_robot_model/lib/pkgconfig/rrm_simple_robot_model.pc'
[0.538s] Level 1:colcon.colcon_core.environment:checking '/home/dominik/RRM/ros2_ws/install/rrm_simple_robot_model/lib/python3.12/site-packages'
[0.539s] Level 1:colcon.colcon_core.environment:checking '/home/dominik/RRM/ros2_ws/install/rrm_simple_robot_model/bin'
[0.539s] INFO:colcon.colcon_core.shell:Creating package script '/home/dominik/RRM/ros2_ws/install/rrm_simple_robot_model/share/rrm_simple_robot_model/package.ps1'
[0.540s] INFO:colcon.colcon_core.shell:Creating package descriptor '/home/dominik/RRM/ros2_ws/install/rrm_simple_robot_model/share/rrm_simple_robot_model/package.dsv'
[0.541s] INFO:colcon.colcon_core.shell:Creating package script '/home/dominik/RRM/ros2_ws/install/rrm_simple_robot_model/share/rrm_simple_robot_model/package.sh'
[0.542s] INFO:colcon.colcon_core.shell:Creating package script '/home/dominik/RRM/ros2_ws/install/rrm_simple_robot_model/share/rrm_simple_robot_model/package.bash'
[0.542s] INFO:colcon.colcon_core.shell:Creating package script '/home/dominik/RRM/ros2_ws/install/rrm_simple_robot_model/share/rrm_simple_robot_model/package.zsh'
[0.543s] Level 1:colcon.colcon_core.environment:create_file_with_runtime_dependencies(/home/dominik/RRM/ros2_ws/install/rrm_simple_robot_model/share/colcon-core/packages/rrm_simple_robot_model)
[0.560s] DEBUG:colcon.colcon_core.event_handler.log_command:Invoking command in '/home/dominik/RRM/ros2_ws/build/cv1': CMAKE_PREFIX_PATH=${CMAKE_PREFIX_PATH}:/opt/ros/jazzy DEBUGINFOD_URLS=https://debuginfod.ubuntu.com /usr/bin/cmake --install /home/dominik/RRM/ros2_ws/build/cv1
[0.580s] Level 1:colcon.colcon_core.environment:create_environment_scripts_only(cv1)
[0.581s] Level 1:colcon.colcon_core.environment:checking '/home/dominik/RRM/ros2_ws/install/cv1' for CMake module files
[0.581s] DEBUG:colcon.colcon_core.event_handler.log_command:Invoked command in '/home/dominik/RRM/ros2_ws/build/cv1' returned '0': CMAKE_PREFIX_PATH=${CMAKE_PREFIX_PATH}:/opt/ros/jazzy DEBUGINFOD_URLS=https://debuginfod.ubuntu.com /usr/bin/cmake --install /home/dominik/RRM/ros2_ws/build/cv1
[0.582s] Level 1:colcon.colcon_core.environment:checking '/home/dominik/RRM/ros2_ws/install/cv1' for CMake config files
[0.582s] Level 1:colcon.colcon_core.shell:create_environment_hook('cv1', 'cmake_prefix_path')
[0.582s] INFO:colcon.colcon_core.shell:Creating environment hook '/home/dominik/RRM/ros2_ws/install/cv1/share/cv1/hook/cmake_prefix_path.ps1'
[0.583s] INFO:colcon.colcon_core.shell:Creating environment descriptor '/home/dominik/RRM/ros2_ws/install/cv1/share/cv1/hook/cmake_prefix_path.dsv'
[0.583s] INFO:colcon.colcon_core.shell:Creating environment hook '/home/dominik/RRM/ros2_ws/install/cv1/share/cv1/hook/cmake_prefix_path.sh'
[0.584s] Level 1:colcon.colcon_core.environment:checking '/home/dominik/RRM/ros2_ws/install/cv1/lib'
[0.584s] Level 1:colcon.colcon_core.environment:checking '/home/dominik/RRM/ros2_ws/install/cv1/bin'
[0.584s] Level 1:colcon.colcon_core.environment:checking '/home/dominik/RRM/ros2_ws/install/cv1/lib/pkgconfig/cv1.pc'
[0.585s] Level 1:colcon.colcon_core.environment:checking '/home/dominik/RRM/ros2_ws/install/cv1/lib/python3.12/site-packages'
[0.585s] Level 1:colcon.colcon_core.environment:checking '/home/dominik/RRM/ros2_ws/install/cv1/bin'
[0.585s] INFO:colcon.colcon_core.shell:Creating package script '/home/dominik/RRM/ros2_ws/install/cv1/share/cv1/package.ps1'
[0.586s] INFO:colcon.colcon_core.shell:Creating package descriptor '/home/dominik/RRM/ros2_ws/install/cv1/share/cv1/package.dsv'
[0.586s] INFO:colcon.colcon_core.shell:Creating package script '/home/dominik/RRM/ros2_ws/install/cv1/share/cv1/package.sh'
[0.587s] INFO:colcon.colcon_core.shell:Creating package script '/home/dominik/RRM/ros2_ws/install/cv1/share/cv1/package.bash'
[0.587s] INFO:colcon.colcon_core.shell:Creating package script '/home/dominik/RRM/ros2_ws/install/cv1/share/cv1/package.zsh'
[0.588s] Level 1:colcon.colcon_core.environment:create_file_with_runtime_dependencies(/home/dominik/RRM/ros2_ws/install/cv1/share/colcon-core/packages/cv1)
[0.589s] Level 1:colcon.colcon_core.environment:create_environment_scripts_only(rrm_simple_robot_model)
[0.590s] Level 1:colcon.colcon_core.environment:checking '/home/dominik/RRM/ros2_ws/install/rrm_simple_robot_model' for CMake module files
[0.591s] Level 1:colcon.colcon_core.environment:checking '/home/dominik/RRM/ros2_ws/install/rrm_simple_robot_model' for CMake config files
[0.591s] Level 1:colcon.colcon_core.shell:create_environment_hook('rrm_simple_robot_model', 'cmake_prefix_path')
[0.591s] INFO:colcon.colcon_core.shell:Creating environment hook '/home/dominik/RRM/ros2_ws/install/rrm_simple_robot_model/share/rrm_simple_robot_model/hook/cmake_prefix_path.ps1'
[0.592s] INFO:colcon.colcon_core.shell:Creating environment descriptor '/home/dominik/RRM/ros2_ws/install/rrm_simple_robot_model/share/rrm_simple_robot_model/hook/cmake_prefix_path.dsv'
[0.592s] INFO:colcon.colcon_core.shell:Creating environment hook '/home/dominik/RRM/ros2_ws/install/rrm_simple_robot_model/share/rrm_simple_robot_model/hook/cmake_prefix_path.sh'
[0.593s] Level 1:colcon.colcon_core.environment:checking '/home/dominik/RRM/ros2_ws/install/rrm_simple_robot_model/bin'
[0.593s] Level 1:colcon.colcon_core.environment:checking '/home/dominik/RRM/ros2_ws/install/rrm_simple_robot_model/lib/pkgconfig/rrm_simple_robot_model.pc'
[0.593s] Level 1:colcon.colcon_core.environment:checking '/home/dominik/RRM/ros2_ws/install/rrm_simple_robot_model/lib/python3.12/site-packages'
[0.593s] Level 1:colcon.colcon_core.environment:checking '/home/dominik/RRM/ros2_ws/install/rrm_simple_robot_model/bin'
[0.594s] INFO:colcon.colcon_core.shell:Creating package script '/home/dominik/RRM/ros2_ws/install/rrm_simple_robot_model/share/rrm_simple_robot_model/package.ps1'
[0.594s] INFO:colcon.colcon_core.shell:Creating package descriptor '/home/dominik/RRM/ros2_ws/install/rrm_simple_robot_model/share/rrm_simple_robot_model/package.dsv'
[0.595s] INFO:colcon.colcon_core.shell:Creating package script '/home/dominik/RRM/ros2_ws/install/rrm_simple_robot_model/share/rrm_simple_robot_model/package.sh'
[0.595s] INFO:colcon.colcon_core.shell:Creating package script '/home/dominik/RRM/ros2_ws/install/rrm_simple_robot_model/share/rrm_simple_robot_model/package.bash'
[0.596s] INFO:colcon.colcon_core.shell:Creating package script '/home/dominik/RRM/ros2_ws/install/rrm_simple_robot_model/share/rrm_simple_robot_model/package.zsh'
[0.596s] Level 1:colcon.colcon_core.environment:create_file_with_runtime_dependencies(/home/dominik/RRM/ros2_ws/install/rrm_simple_robot_model/share/colcon-core/packages/rrm_simple_robot_model)
[0.640s] Level 1:colcon.colcon_core.environment:create_environment_scripts_only(cv1)
[0.641s] Level 1:colcon.colcon_core.environment:checking '/home/dominik/RRM/ros2_ws/install/cv1' for CMake module files
[0.641s] Level 1:colcon.colcon_core.environment:checking '/home/dominik/RRM/ros2_ws/install/cv1' for CMake config files
[0.642s] Level 1:colcon.colcon_core.shell:create_environment_hook('cv1', 'cmake_prefix_path')
[0.642s] INFO:colcon.colcon_core.shell:Creating environment hook '/home/dominik/RRM/ros2_ws/install/cv1/share/cv1/hook/cmake_prefix_path.ps1'
[0.642s] INFO:colcon.colcon_core.shell:Creating environment descriptor '/home/dominik/RRM/ros2_ws/install/cv1/share/cv1/hook/cmake_prefix_path.dsv'
[0.643s] INFO:colcon.colcon_core.shell:Creating environment hook '/home/dominik/RRM/ros2_ws/install/cv1/share/cv1/hook/cmake_prefix_path.sh'
[0.644s] Level 1:colcon.colcon_core.environment:checking '/home/dominik/RRM/ros2_ws/install/cv1/lib'
[0.644s] Level 1:colcon.colcon_core.environment:checking '/home/dominik/RRM/ros2_ws/install/cv1/bin'
[0.644s] Level 1:colcon.colcon_core.environment:checking '/home/dominik/RRM/ros2_ws/install/cv1/lib/pkgconfig/cv1.pc'
[0.645s] Level 1:colcon.colcon_core.environment:checking '/home/dominik/RRM/ros2_ws/install/cv1/lib/python3.12/site-packages'
[0.645s] Level 1:colcon.colcon_core.environment:checking '/home/dominik/RRM/ros2_ws/install/cv1/bin'
[0.645s] INFO:colcon.colcon_core.shell:Creating package script '/home/dominik/RRM/ros2_ws/install/cv1/share/cv1/package.ps1'
[0.646s] INFO:colcon.colcon_core.shell:Creating package descriptor '/home/dominik/RRM/ros2_ws/install/cv1/share/cv1/package.dsv'
[0.646s] INFO:colcon.colcon_core.shell:Creating package script '/home/dominik/RRM/ros2_ws/install/cv1/share/cv1/package.sh'
[0.647s] INFO:colcon.colcon_core.shell:Creating package script '/home/dominik/RRM/ros2_ws/install/cv1/share/cv1/package.bash'
[0.648s] INFO:colcon.colcon_core.shell:Creating package script '/home/dominik/RRM/ros2_ws/install/cv1/share/cv1/package.zsh'
[0.648s] Level 1:colcon.colcon_core.environment:create_file_with_runtime_dependencies(/home/dominik/RRM/ros2_ws/install/cv1/share/colcon-core/packages/cv1)
[1.028s] DEBUG:colcon.colcon_core.event_handler.log_command:Invoked command in '/home/dominik/RRM/ros2_ws/build/rrm_msgs' returned '0': CMAKE_PREFIX_PATH=${CMAKE_PREFIX_PATH}:/opt/ros/jazzy DEBUGINFOD_URLS=https://debuginfod.ubuntu.com /usr/bin/cmake --build /home/dominik/RRM/ros2_ws/build/rrm_msgs -- -j16 -l16
[1.208s] DEBUG:colcon.colcon_core.event_handler.log_command:Invoking command in '/home/dominik/RRM/ros2_ws/build/rrm_msgs': CMAKE_PREFIX_PATH=${CMAKE_PREFIX_PATH}:/opt/ros/jazzy DEBUGINFOD_URLS=https://debuginfod.ubuntu.com /usr/bin/cmake --install /home/dominik/RRM/ros2_ws/build/rrm_msgs
[1.302s] Level 1:colcon.colcon_core.environment:create_environment_scripts_only(rrm_msgs)
[1.303s] Level 1:colcon.colcon_core.environment:checking '/home/dominik/RRM/ros2_ws/install/rrm_msgs' for CMake module files
[1.303s] DEBUG:colcon.colcon_core.event_handler.log_command:Invoked command in '/home/dominik/RRM/ros2_ws/build/rrm_msgs' returned '0': CMAKE_PREFIX_PATH=${CMAKE_PREFIX_PATH}:/opt/ros/jazzy DEBUGINFOD_URLS=https://debuginfod.ubuntu.com /usr/bin/cmake --install /home/dominik/RRM/ros2_ws/build/rrm_msgs
[1.304s] Level 1:colcon.colcon_core.environment:checking '/home/dominik/RRM/ros2_ws/install/rrm_msgs' for CMake config files
[1.305s] Level 1:colcon.colcon_core.shell:create_environment_hook('rrm_msgs', 'cmake_prefix_path')
[1.305s] INFO:colcon.colcon_core.shell:Creating environment hook '/home/dominik/RRM/ros2_ws/install/rrm_msgs/share/rrm_msgs/hook/cmake_prefix_path.ps1'
[1.306s] INFO:colcon.colcon_core.shell:Creating environment descriptor '/home/dominik/RRM/ros2_ws/install/rrm_msgs/share/rrm_msgs/hook/cmake_prefix_path.dsv'
[1.306s] INFO:colcon.colcon_core.shell:Creating environment hook '/home/dominik/RRM/ros2_ws/install/rrm_msgs/share/rrm_msgs/hook/cmake_prefix_path.sh'
[1.307s] Level 1:colcon.colcon_core.environment:checking '/home/dominik/RRM/ros2_ws/install/rrm_msgs/lib'
[1.307s] Level 1:colcon.colcon_core.shell:create_environment_hook('rrm_msgs', 'ld_library_path_lib')
[1.307s] INFO:colcon.colcon_core.shell:Creating environment hook '/home/dominik/RRM/ros2_ws/install/rrm_msgs/share/rrm_msgs/hook/ld_library_path_lib.ps1'
[1.308s] INFO:colcon.colcon_core.shell:Creating environment descriptor '/home/dominik/RRM/ros2_ws/install/rrm_msgs/share/rrm_msgs/hook/ld_library_path_lib.dsv'
[1.308s] INFO:colcon.colcon_core.shell:Creating environment hook '/home/dominik/RRM/ros2_ws/install/rrm_msgs/share/rrm_msgs/hook/ld_library_path_lib.sh'
[1.308s] Level 1:colcon.colcon_core.environment:checking '/home/dominik/RRM/ros2_ws/install/rrm_msgs/bin'
[1.309s] Level 1:colcon.colcon_core.environment:checking '/home/dominik/RRM/ros2_ws/install/rrm_msgs/lib/pkgconfig/rrm_msgs.pc'
[1.309s] Level 1:colcon.colcon_core.environment:checking '/home/dominik/RRM/ros2_ws/install/rrm_msgs/lib/python3.12/site-packages'
[1.309s] Level 1:colcon.colcon_core.shell:create_environment_hook('rrm_msgs', 'pythonpath')
[1.309s] INFO:colcon.colcon_core.shell:Creating environment hook '/home/dominik/RRM/ros2_ws/install/rrm_msgs/share/rrm_msgs/hook/pythonpath.ps1'
[1.310s] INFO:colcon.colcon_core.shell:Creating environment descriptor '/home/dominik/RRM/ros2_ws/install/rrm_msgs/share/rrm_msgs/hook/pythonpath.dsv'
[1.310s] INFO:colcon.colcon_core.shell:Creating environment hook '/home/dominik/RRM/ros2_ws/install/rrm_msgs/share/rrm_msgs/hook/pythonpath.sh'
[1.311s] Level 1:colcon.colcon_core.environment:checking '/home/dominik/RRM/ros2_ws/install/rrm_msgs/bin'
[1.311s] INFO:colcon.colcon_core.shell:Creating package script '/home/dominik/RRM/ros2_ws/install/rrm_msgs/share/rrm_msgs/package.ps1'
[1.312s] INFO:colcon.colcon_core.shell:Creating package descriptor '/home/dominik/RRM/ros2_ws/install/rrm_msgs/share/rrm_msgs/package.dsv'
[1.312s] INFO:colcon.colcon_core.shell:Creating package script '/home/dominik/RRM/ros2_ws/install/rrm_msgs/share/rrm_msgs/package.sh'
[1.313s] INFO:colcon.colcon_core.shell:Creating package script '/home/dominik/RRM/ros2_ws/install/rrm_msgs/share/rrm_msgs/package.bash'
[1.314s] INFO:colcon.colcon_core.shell:Creating package script '/home/dominik/RRM/ros2_ws/install/rrm_msgs/share/rrm_msgs/package.zsh'
[1.314s] Level 1:colcon.colcon_core.environment:create_file_with_runtime_dependencies(/home/dominik/RRM/ros2_ws/install/rrm_msgs/share/colcon-core/packages/rrm_msgs)
[1.469s] Level 1:colcon.colcon_core.environment:create_environment_scripts_only(rrm_msgs)
[1.469s] Level 1:colcon.colcon_core.environment:checking '/home/dominik/RRM/ros2_ws/install/rrm_msgs' for CMake module files
[1.471s] Level 1:colcon.colcon_core.environment:checking '/home/dominik/RRM/ros2_ws/install/rrm_msgs' for CMake config files
[1.471s] Level 1:colcon.colcon_core.shell:create_environment_hook('rrm_msgs', 'cmake_prefix_path')
[1.471s] INFO:colcon.colcon_core.shell:Creating environment hook '/home/dominik/RRM/ros2_ws/install/rrm_msgs/share/rrm_msgs/hook/cmake_prefix_path.ps1'
[1.472s] INFO:colcon.colcon_core.shell:Creating environment descriptor '/home/dominik/RRM/ros2_ws/install/rrm_msgs/share/rrm_msgs/hook/cmake_prefix_path.dsv'
[1.472s] INFO:colcon.colcon_core.shell:Creating environment hook '/home/dominik/RRM/ros2_ws/install/rrm_msgs/share/rrm_msgs/hook/cmake_prefix_path.sh'
[1.472s] Level 1:colcon.colcon_core.environment:checking '/home/dominik/RRM/ros2_ws/install/rrm_msgs/lib'
[1.472s] Level 1:colcon.colcon_core.shell:create_environment_hook('rrm_msgs', 'ld_library_path_lib')
[1.472s] INFO:colcon.colcon_core.shell:Creating environment hook '/home/dominik/RRM/ros2_ws/install/rrm_msgs/share/rrm_msgs/hook/ld_library_path_lib.ps1'
[1.473s] INFO:colcon.colcon_core.shell:Creating environment descriptor '/home/dominik/RRM/ros2_ws/install/rrm_msgs/share/rrm_msgs/hook/ld_library_path_lib.dsv'
[1.473s] INFO:colcon.colcon_core.shell:Creating environment hook '/home/dominik/RRM/ros2_ws/install/rrm_msgs/share/rrm_msgs/hook/ld_library_path_lib.sh'
[1.473s] Level 1:colcon.colcon_core.environment:checking '/home/dominik/RRM/ros2_ws/install/rrm_msgs/bin'
[1.473s] Level 1:colcon.colcon_core.environment:checking '/home/dominik/RRM/ros2_ws/install/rrm_msgs/lib/pkgconfig/rrm_msgs.pc'
[1.473s] Level 1:colcon.colcon_core.environment:checking '/home/dominik/RRM/ros2_ws/install/rrm_msgs/lib/python3.12/site-packages'
[1.473s] Level 1:colcon.colcon_core.shell:create_environment_hook('rrm_msgs', 'pythonpath')
[1.474s] INFO:colcon.colcon_core.shell:Creating environment hook '/home/dominik/RRM/ros2_ws/install/rrm_msgs/share/rrm_msgs/hook/pythonpath.ps1'
[1.474s] INFO:colcon.colcon_core.shell:Creating environment descriptor '/home/dominik/RRM/ros2_ws/install/rrm_msgs/share/rrm_msgs/hook/pythonpath.dsv'
[1.474s] INFO:colcon.colcon_core.shell:Creating environment hook '/home/dominik/RRM/ros2_ws/install/rrm_msgs/share/rrm_msgs/hook/pythonpath.sh'
[1.474s] Level 1:colcon.colcon_core.environment:checking '/home/dominik/RRM/ros2_ws/install/rrm_msgs/bin'
[1.475s] INFO:colcon.colcon_core.shell:Creating package script '/home/dominik/RRM/ros2_ws/install/rrm_msgs/share/rrm_msgs/package.ps1'
[1.475s] INFO:colcon.colcon_core.shell:Creating package descriptor '/home/dominik/RRM/ros2_ws/install/rrm_msgs/share/rrm_msgs/package.dsv'
[1.476s] INFO:colcon.colcon_core.shell:Creating package script '/home/dominik/RRM/ros2_ws/install/rrm_msgs/share/rrm_msgs/package.sh'
[1.476s] INFO:colcon.colcon_core.shell:Creating package script '/home/dominik/RRM/ros2_ws/install/rrm_msgs/share/rrm_msgs/package.bash'
[1.476s] INFO:colcon.colcon_core.shell:Creating package script '/home/dominik/RRM/ros2_ws/install/rrm_msgs/share/rrm_msgs/package.zsh'
[1.477s] Level 1:colcon.colcon_core.environment:create_file_with_runtime_dependencies(/home/dominik/RRM/ros2_ws/install/rrm_msgs/share/colcon-core/packages/rrm_msgs)
[1.477s] INFO:colcon.colcon_ros.task.ament_cmake.build:Building ROS package in '/home/dominik/RRM/ros2_ws/src/block1_surani' with build type 'ament_cmake'
[1.477s] INFO:colcon.colcon_cmake.task.cmake.build:Building CMake package in '/home/dominik/RRM/ros2_ws/src/block1_surani'
[1.477s] INFO:colcon.colcon_core.shell:Skip shell extension 'powershell' for command environment: Not usable outside of PowerShell
[1.477s] DEBUG:colcon.colcon_core.shell:Skip shell extension 'dsv' for command environment
[1.480s] INFO:colcon.colcon_ros.task.ament_cmake.build:Building ROS package in '/home/dominik/RRM/ros2_ws/src/rrm/rrm_sim' with build type 'ament_cmake'
[1.481s] INFO:colcon.colcon_cmake.task.cmake.build:Building CMake package in '/home/dominik/RRM/ros2_ws/src/rrm/rrm_sim'
[1.481s] INFO:colcon.colcon_core.shell:Skip shell extension 'powershell' for command environment: Not usable outside of PowerShell
[1.481s] DEBUG:colcon.colcon_core.shell:Skip shell extension 'dsv' for command environment
[1.490s] DEBUG:colcon.colcon_core.event_handler.log_command:Invoking command in '/home/dominik/RRM/ros2_ws/build/block1_surani': CMAKE_PREFIX_PATH=/home/dominik/RRM/ros2_ws/install/rrm_msgs:/home/dominik/RRM/ros2_ws/install/rrm_simple_robot_model:/home/dominik/RRM/ros2_ws/install/rrm_sim:/home/dominik/RRM/ros2_ws/install/block1_surani:/home/dominik/RRM/ros2_ws/install/cv1:/home/dominik/RRM/zad1/install/zad1:/opt/ros/jazzy/opt/gz_math_vendor:/opt/ros/jazzy/opt/gz_utils_vendor:/opt/ros/jazzy/opt/gz_cmake_vendor:/opt/ros/jazzy DEBUGINFOD_URLS=https://debuginfod.ubuntu.com /usr/bin/cmake --build /home/dominik/RRM/ros2_ws/build/block1_surani -- -j16 -l16
[1.492s] DEBUG:colcon.colcon_core.event_handler.log_command:Invoking command in '/home/dominik/RRM/ros2_ws/build/rrm_sim': CMAKE_PREFIX_PATH=/home/dominik/RRM/ros2_ws/install/rrm_msgs:/home/dominik/RRM/ros2_ws/install/rrm_simple_robot_model:/home/dominik/RRM/ros2_ws/install/rrm_sim:/home/dominik/RRM/ros2_ws/install/block1_surani:/home/dominik/RRM/ros2_ws/install/cv1:/home/dominik/RRM/zad1/install/zad1:/opt/ros/jazzy/opt/gz_math_vendor:/opt/ros/jazzy/opt/gz_utils_vendor:/opt/ros/jazzy/opt/gz_cmake_vendor:/opt/ros/jazzy DEBUGINFOD_URLS=https://debuginfod.ubuntu.com /usr/bin/cmake --build /home/dominik/RRM/ros2_ws/build/rrm_sim -- -j16 -l16
[1.555s] DEBUG:colcon.colcon_core.event_handler.log_command:Invoked command in '/home/dominik/RRM/ros2_ws/build/rrm_sim' returned '0': CMAKE_PREFIX_PATH=/home/dominik/RRM/ros2_ws/install/rrm_msgs:/home/dominik/RRM/ros2_ws/install/rrm_simple_robot_model:/home/dominik/RRM/ros2_ws/install/rrm_sim:/home/dominik/RRM/ros2_ws/install/block1_surani:/home/dominik/RRM/ros2_ws/install/cv1:/home/dominik/RRM/zad1/install/zad1:/opt/ros/jazzy/opt/gz_math_vendor:/opt/ros/jazzy/opt/gz_utils_vendor:/opt/ros/jazzy/opt/gz_cmake_vendor:/opt/ros/jazzy DEBUGINFOD_URLS=https://debuginfod.ubuntu.com /usr/bin/cmake --build /home/dominik/RRM/ros2_ws/build/rrm_sim -- -j16 -l16
[1.585s] DEBUG:colcon.colcon_core.event_handler.log_command:Invoking command in '/home/dominik/RRM/ros2_ws/build/rrm_sim': CMAKE_PREFIX_PATH=/home/dominik/RRM/ros2_ws/install/rrm_msgs:/home/dominik/RRM/ros2_ws/install/rrm_simple_robot_model:/home/dominik/RRM/ros2_ws/install/rrm_sim:/home/dominik/RRM/ros2_ws/install/block1_surani:/home/dominik/RRM/ros2_ws/install/cv1:/home/dominik/RRM/zad1/install/zad1:/opt/ros/jazzy/opt/gz_math_vendor:/opt/ros/jazzy/opt/gz_utils_vendor:/opt/ros/jazzy/opt/gz_cmake_vendor:/opt/ros/jazzy DEBUGINFOD_URLS=https://debuginfod.ubuntu.com /usr/bin/cmake --install /home/dominik/RRM/ros2_ws/build/rrm_sim
[1.594s] Level 1:colcon.colcon_core.environment:create_environment_scripts_only(rrm_sim)
[1.595s] Level 1:colcon.colcon_core.environment:checking '/home/dominik/RRM/ros2_ws/install/rrm_sim' for CMake module files
[1.595s] DEBUG:colcon.colcon_core.event_handler.log_command:Invoked command in '/home/dominik/RRM/ros2_ws/build/rrm_sim' returned '0': CMAKE_PREFIX_PATH=/home/dominik/RRM/ros2_ws/install/rrm_msgs:/home/dominik/RRM/ros2_ws/install/rrm_simple_robot_model:/home/dominik/RRM/ros2_ws/install/rrm_sim:/home/dominik/RRM/ros2_ws/install/block1_surani:/home/dominik/RRM/ros2_ws/install/cv1:/home/dominik/RRM/zad1/install/zad1:/opt/ros/jazzy/opt/gz_math_vendor:/opt/ros/jazzy/opt/gz_utils_vendor:/opt/ros/jazzy/opt/gz_cmake_vendor:/opt/ros/jazzy DEBUGINFOD_URLS=https://debuginfod.ubuntu.com /usr/bin/cmake --install /home/dominik/RRM/ros2_ws/build/rrm_sim
[1.595s] Level 1:colcon.colcon_core.environment:checking '/home/dominik/RRM/ros2_ws/install/rrm_sim' for CMake config files
[1.595s] Level 1:colcon.colcon_core.shell:create_environment_hook('rrm_sim', 'cmake_prefix_path')
[1.596s] INFO:colcon.colcon_core.shell:Creating environment hook '/home/dominik/RRM/ros2_ws/install/rrm_sim/share/rrm_sim/hook/cmake_prefix_path.ps1'
[1.596s] INFO:colcon.colcon_core.shell:Creating environment descriptor '/home/dominik/RRM/ros2_ws/install/rrm_sim/share/rrm_sim/hook/cmake_prefix_path.dsv'
[1.596s] INFO:colcon.colcon_core.shell:Creating environment hook '/home/dominik/RRM/ros2_ws/install/rrm_sim/share/rrm_sim/hook/cmake_prefix_path.sh'
[1.597s] Level 1:colcon.colcon_core.environment:checking '/home/dominik/RRM/ros2_ws/install/rrm_sim/lib'
[1.597s] Level 1:colcon.colcon_core.environment:checking '/home/dominik/RRM/ros2_ws/install/rrm_sim/bin'
[1.597s] Level 1:colcon.colcon_core.environment:checking '/home/dominik/RRM/ros2_ws/install/rrm_sim/lib/pkgconfig/rrm_sim.pc'
[1.597s] Level 1:colcon.colcon_core.environment:checking '/home/dominik/RRM/ros2_ws/install/rrm_sim/lib/python3.12/site-packages'
[1.597s] Level 1:colcon.colcon_core.environment:checking '/home/dominik/RRM/ros2_ws/install/rrm_sim/bin'
[1.597s] INFO:colcon.colcon_core.shell:Creating package script '/home/dominik/RRM/ros2_ws/install/rrm_sim/share/rrm_sim/package.ps1'
[1.597s] INFO:colcon.colcon_core.shell:Creating package descriptor '/home/dominik/RRM/ros2_ws/install/rrm_sim/share/rrm_sim/package.dsv'
[1.598s] INFO:colcon.colcon_core.shell:Creating package script '/home/dominik/RRM/ros2_ws/install/rrm_sim/share/rrm_sim/package.sh'
[1.598s] INFO:colcon.colcon_core.shell:Creating package script '/home/dominik/RRM/ros2_ws/install/rrm_sim/share/rrm_sim/package.bash'
[1.598s] INFO:colcon.colcon_core.shell:Creating package script '/home/dominik/RRM/ros2_ws/install/rrm_sim/share/rrm_sim/package.zsh'
[1.598s] Level 1:colcon.colcon_core.environment:create_file_with_runtime_dependencies(/home/dominik/RRM/ros2_ws/install/rrm_sim/share/colcon-core/packages/rrm_sim)
[1.632s] Level 1:colcon.colcon_core.environment:create_environment_scripts_only(rrm_sim)
[1.632s] Level 1:colcon.colcon_core.environment:checking '/home/dominik/RRM/ros2_ws/install/rrm_sim' for CMake module files
[1.633s] Level 1:colcon.colcon_core.environment:checking '/home/dominik/RRM/ros2_ws/install/rrm_sim' for CMake config files
[1.633s] Level 1:colcon.colcon_core.shell:create_environment_hook('rrm_sim', 'cmake_prefix_path')
[1.633s] INFO:colcon.colcon_core.shell:Creating environment hook '/home/dominik/RRM/ros2_ws/install/rrm_sim/share/rrm_sim/hook/cmake_prefix_path.ps1'
[1.634s] INFO:colcon.colcon_core.shell:Creating environment descriptor '/home/dominik/RRM/ros2_ws/install/rrm_sim/share/rrm_sim/hook/cmake_prefix_path.dsv'
[1.634s] INFO:colcon.colcon_core.shell:Creating environment hook '/home/dominik/RRM/ros2_ws/install/rrm_sim/share/rrm_sim/hook/cmake_prefix_path.sh'
[1.634s] Level 1:colcon.colcon_core.environment:checking '/home/dominik/RRM/ros2_ws/install/rrm_sim/lib'
[1.634s] Level 1:colcon.colcon_core.environment:checking '/home/dominik/RRM/ros2_ws/install/rrm_sim/bin'
[1.634s] Level 1:colcon.colcon_core.environment:checking '/home/dominik/RRM/ros2_ws/install/rrm_sim/lib/pkgconfig/rrm_sim.pc'
[1.635s] Level 1:colcon.colcon_core.environment:checking '/home/dominik/RRM/ros2_ws/install/rrm_sim/lib/python3.12/site-packages'
[1.635s] Level 1:colcon.colcon_core.environment:checking '/home/dominik/RRM/ros2_ws/install/rrm_sim/bin'
[1.635s] INFO:colcon.colcon_core.shell:Creating package script '/home/dominik/RRM/ros2_ws/install/rrm_sim/share/rrm_sim/package.ps1'
[1.635s] INFO:colcon.colcon_core.shell:Creating package descriptor '/home/dominik/RRM/ros2_ws/install/rrm_sim/share/rrm_sim/package.dsv'
[1.636s] INFO:colcon.colcon_core.shell:Creating package script '/home/dominik/RRM/ros2_ws/install/rrm_sim/share/rrm_sim/package.sh'
[1.636s] INFO:colcon.colcon_core.shell:Creating package script '/home/dominik/RRM/ros2_ws/install/rrm_sim/share/rrm_sim/package.bash'
[1.636s] INFO:colcon.colcon_core.shell:Creating package script '/home/dominik/RRM/ros2_ws/install/rrm_sim/share/rrm_sim/package.zsh'
[1.636s] Level 1:colcon.colcon_core.environment:create_file_with_runtime_dependencies(/home/dominik/RRM/ros2_ws/install/rrm_sim/share/colcon-core/packages/rrm_sim)
[5.427s] DEBUG:colcon.colcon_core.event_handler.log_command:Invoked command in '/home/dominik/RRM/ros2_ws/build/block1_surani' returned '0': CMAKE_PREFIX_PATH=/home/dominik/RRM/ros2_ws/install/rrm_msgs:/home/dominik/RRM/ros2_ws/install/rrm_simple_robot_model:/home/dominik/RRM/ros2_ws/install/rrm_sim:/home/dominik/RRM/ros2_ws/install/block1_surani:/home/dominik/RRM/ros2_ws/install/cv1:/home/dominik/RRM/zad1/install/zad1:/opt/ros/jazzy/opt/gz_math_vendor:/opt/ros/jazzy/opt/gz_utils_vendor:/opt/ros/jazzy/opt/gz_cmake_vendor:/opt/ros/jazzy DEBUGINFOD_URLS=https://debuginfod.ubuntu.com /usr/bin/cmake --build /home/dominik/RRM/ros2_ws/build/block1_surani -- -j16 -l16
[5.462s] DEBUG:colcon.colcon_core.event_handler.log_command:Invoking command in '/home/dominik/RRM/ros2_ws/build/block1_surani': CMAKE_PREFIX_PATH=/home/dominik/RRM/ros2_ws/install/rrm_msgs:/home/dominik/RRM/ros2_ws/install/rrm_simple_robot_model:/home/dominik/RRM/ros2_ws/install/rrm_sim:/home/dominik/RRM/ros2_ws/install/block1_surani:/home/dominik/RRM/ros2_ws/install/cv1:/home/dominik/RRM/zad1/install/zad1:/opt/ros/jazzy/opt/gz_math_vendor:/opt/ros/jazzy/opt/gz_utils_vendor:/opt/ros/jazzy/opt/gz_cmake_vendor:/opt/ros/jazzy DEBUGINFOD_URLS=https://debuginfod.ubuntu.com /usr/bin/cmake --install /home/dominik/RRM/ros2_ws/build/block1_surani
[5.472s] Level 1:colcon.colcon_core.environment:create_environment_scripts_only(block1_surani)
[5.472s] Level 1:colcon.colcon_core.environment:checking '/home/dominik/RRM/ros2_ws/install/block1_surani' for CMake module files
[5.473s] DEBUG:colcon.colcon_core.event_handler.log_command:Invoked command in '/home/dominik/RRM/ros2_ws/build/block1_surani' returned '0': CMAKE_PREFIX_PATH=/home/dominik/RRM/ros2_ws/install/rrm_msgs:/home/dominik/RRM/ros2_ws/install/rrm_simple_robot_model:/home/dominik/RRM/ros2_ws/install/rrm_sim:/home/dominik/RRM/ros2_ws/install/block1_surani:/home/dominik/RRM/ros2_ws/install/cv1:/home/dominik/RRM/zad1/install/zad1:/opt/ros/jazzy/opt/gz_math_vendor:/opt/ros/jazzy/opt/gz_utils_vendor:/opt/ros/jazzy/opt/gz_cmake_vendor:/opt/ros/jazzy DEBUGINFOD_URLS=https://debuginfod.ubuntu.com /usr/bin/cmake --install /home/dominik/RRM/ros2_ws/build/block1_surani
[5.474s] Level 1:colcon.colcon_core.environment:checking '/home/dominik/RRM/ros2_ws/install/block1_surani' for CMake config files
[5.474s] Level 1:colcon.colcon_core.shell:create_environment_hook('block1_surani', 'cmake_prefix_path')
[5.474s] INFO:colcon.colcon_core.shell:Creating environment hook '/home/dominik/RRM/ros2_ws/install/block1_surani/share/block1_surani/hook/cmake_prefix_path.ps1'
[5.474s] INFO:colcon.colcon_core.shell:Creating environment descriptor '/home/dominik/RRM/ros2_ws/install/block1_surani/share/block1_surani/hook/cmake_prefix_path.dsv'
[5.474s] INFO:colcon.colcon_core.shell:Creating environment hook '/home/dominik/RRM/ros2_ws/install/block1_surani/share/block1_surani/hook/cmake_prefix_path.sh'
[5.475s] Level 1:colcon.colcon_core.environment:checking '/home/dominik/RRM/ros2_ws/install/block1_surani/lib'
[5.475s] Level 1:colcon.colcon_core.environment:checking '/home/dominik/RRM/ros2_ws/install/block1_surani/bin'
[5.475s] Level 1:colcon.colcon_core.environment:checking '/home/dominik/RRM/ros2_ws/install/block1_surani/lib/pkgconfig/block1_surani.pc'
[5.475s] Level 1:colcon.colcon_core.environment:checking '/home/dominik/RRM/ros2_ws/install/block1_surani/lib/python3.12/site-packages'
[5.475s] Level 1:colcon.colcon_core.environment:checking '/home/dominik/RRM/ros2_ws/install/block1_surani/bin'
[5.476s] INFO:colcon.colcon_core.shell:Creating package script '/home/dominik/RRM/ros2_ws/install/block1_surani/share/block1_surani/package.ps1'
[5.476s] INFO:colcon.colcon_core.shell:Creating package descriptor '/home/dominik/RRM/ros2_ws/install/block1_surani/share/block1_surani/package.dsv'
[5.476s] INFO:colcon.colcon_core.shell:Creating package script '/home/dominik/RRM/ros2_ws/install/block1_surani/share/block1_surani/package.sh'
[5.476s] INFO:colcon.colcon_core.shell:Creating package script '/home/dominik/RRM/ros2_ws/install/block1_surani/share/block1_surani/package.bash'
[5.477s] INFO:colcon.colcon_core.shell:Creating package script '/home/dominik/RRM/ros2_ws/install/block1_surani/share/block1_surani/package.zsh'
[5.477s] Level 1:colcon.colcon_core.environment:create_file_with_runtime_dependencies(/home/dominik/RRM/ros2_ws/install/block1_surani/share/colcon-core/packages/block1_surani)
[5.512s] Level 1:colcon.colcon_core.environment:create_environment_scripts_only(block1_surani)
[5.512s] Level 1:colcon.colcon_core.environment:checking '/home/dominik/RRM/ros2_ws/install/block1_surani' for CMake module files
[5.513s] Level 1:colcon.colcon_core.environment:checking '/home/dominik/RRM/ros2_ws/install/block1_surani' for CMake config files
[5.513s] Level 1:colcon.colcon_core.shell:create_environment_hook('block1_surani', 'cmake_prefix_path')
[5.513s] INFO:colcon.colcon_core.shell:Creating environment hook '/home/dominik/RRM/ros2_ws/install/block1_surani/share/block1_surani/hook/cmake_prefix_path.ps1'
[5.513s] INFO:colcon.colcon_core.shell:Creating environment descriptor '/home/dominik/RRM/ros2_ws/install/block1_surani/share/block1_surani/hook/cmake_prefix_path.dsv'
[5.514s] INFO:colcon.colcon_core.shell:Creating environment hook '/home/dominik/RRM/ros2_ws/install/block1_surani/share/block1_surani/hook/cmake_prefix_path.sh'
[5.514s] Level 1:colcon.colcon_core.environment:checking '/home/dominik/RRM/ros2_ws/install/block1_surani/lib'
[5.514s] Level 1:colcon.colcon_core.environment:checking '/home/dominik/RRM/ros2_ws/install/block1_surani/bin'
[5.514s] Level 1:colcon.colcon_core.environment:checking '/home/dominik/RRM/ros2_ws/install/block1_surani/lib/pkgconfig/block1_surani.pc'
[5.514s] Level 1:colcon.colcon_core.environment:checking '/home/dominik/RRM/ros2_ws/install/block1_surani/lib/python3.12/site-packages'
[5.515s] Level 1:colcon.colcon_core.environment:checking '/home/dominik/RRM/ros2_ws/install/block1_surani/bin'
[5.515s] INFO:colcon.colcon_core.shell:Creating package script '/home/dominik/RRM/ros2_ws/install/block1_surani/share/block1_surani/package.ps1'
[5.515s] INFO:colcon.colcon_core.shell:Creating package descriptor '/home/dominik/RRM/ros2_ws/install/block1_surani/share/block1_surani/package.dsv'
[5.515s] INFO:colcon.colcon_core.shell:Creating package script '/home/dominik/RRM/ros2_ws/install/block1_surani/share/block1_surani/package.sh'
[5.516s] INFO:colcon.colcon_core.shell:Creating package script '/home/dominik/RRM/ros2_ws/install/block1_surani/share/block1_surani/package.bash'
[5.516s] INFO:colcon.colcon_core.shell:Creating package script '/home/dominik/RRM/ros2_ws/install/block1_surani/share/block1_surani/package.zsh'
[5.516s] Level 1:colcon.colcon_core.environment:create_file_with_runtime_dependencies(/home/dominik/RRM/ros2_ws/install/block1_surani/share/colcon-core/packages/block1_surani)
[5.516s] DEBUG:colcon.colcon_parallel_executor.executor.parallel:closing loop
[5.517s] DEBUG:colcon.colcon_parallel_executor.executor.parallel:loop closed
[5.517s] DEBUG:colcon.colcon_parallel_executor.executor.parallel:run_until_complete finished with '0'
[5.517s] DEBUG:colcon.colcon_core.event_reactor:joining thread
[5.522s] INFO:colcon.colcon_core.plugin_system:Skipping extension 'colcon_notification.desktop_notification.terminal_notifier': Not used on non-Darwin systems
[5.522s] INFO:colcon.colcon_core.plugin_system:Skipping extension 'colcon_notification.desktop_notification.win32': Not used on non-Windows systems
[5.522s] INFO:colcon.colcon_notification.desktop_notification:Sending desktop notification using 'notify2'
[5.536s] DEBUG:colcon.colcon_core.event_reactor:joined thread
[5.536s] INFO:colcon.colcon_core.shell:Creating prefix script '/home/dominik/RRM/ros2_ws/install/local_setup.ps1'
[5.537s] INFO:colcon.colcon_core.shell:Creating prefix util module '/home/dominik/RRM/ros2_ws/install/_local_setup_util_ps1.py'
[5.537s] INFO:colcon.colcon_core.shell:Creating prefix chain script '/home/dominik/RRM/ros2_ws/install/setup.ps1'
[5.538s] INFO:colcon.colcon_core.shell:Creating prefix script '/home/dominik/RRM/ros2_ws/install/local_setup.sh'
[5.539s] INFO:colcon.colcon_core.shell:Creating prefix util module '/home/dominik/RRM/ros2_ws/install/_local_setup_util_sh.py'
[5.539s] INFO:colcon.colcon_core.shell:Creating prefix chain script '/home/dominik/RRM/ros2_ws/install/setup.sh'
[5.540s] INFO:colcon.colcon_core.shell:Creating prefix script '/home/dominik/RRM/ros2_ws/install/local_setup.bash'
[5.540s] INFO:colcon.colcon_core.shell:Creating prefix chain script '/home/dominik/RRM/ros2_ws/install/setup.bash'
[5.541s] INFO:colcon.colcon_core.shell:Creating prefix script '/home/dominik/RRM/ros2_ws/install/local_setup.zsh'
[5.541s] INFO:colcon.colcon_core.shell:Creating prefix chain script '/home/dominik/RRM/ros2_ws/install/setup.zsh'
