[0.050s] Invoking command in '/home/dominik/RRM/ros2_ws/build/surani_interface': CMAKE_PREFIX_PATH=${CMAKE_PREFIX_PATH}:/opt/ros/jazzy DEBUGINFOD_URLS=https://debuginfod.ubuntu.com /usr/bin/cmake --build /home/dominik/RRM/ros2_ws/build/surani_interface -- -j16 -l16
[0.152s] [  2%] Built target surani_interface__rosidl_generator_type_description
[0.183s] [  2%] Built target ament_cmake_python_copy_surani_interface
[0.197s] [  5%] Built target surani_interface__cpp
[0.199s] [ 20%] Built target surani_interface__rosidl_generator_c
[0.250s] [ 47%] Built target surani_interface__rosidl_typesupport_fastrtps_c
[0.250s] [ 47%] Built target surani_interface__rosidl_typesupport_cpp
[0.250s] [ 47%] Built target surani_interface__rosidl_typesupport_introspection_cpp
[0.250s] [ 61%] Built target surani_interface__rosidl_typesupport_introspection_c
[0.251s] [ 64%] Built target surani_interface__rosidl_typesupport_c
[0.253s] [ 73%] Built target surani_interface__rosidl_typesupport_fastrtps_cpp
[0.295s] [ 73%] Built target surani_interface
[0.335s] [ 76%] Built target surani_interface__py
[0.377s] [ 82%] Built target surani_interface__rosidl_generator_py
[0.425s] [ 88%] Built target surani_interface_s__rosidl_typesupport_fastrtps_c
[0.427s] [ 94%] Built target surani_interface_s__rosidl_typesupport_introspection_c
[0.429s] [100%] Built target surani_interface_s__rosidl_typesupport_c
[0.581s] running egg_info
[0.614s] writing surani_interface.egg-info/PKG-INFO
[0.614s] writing dependency_links to surani_interface.egg-info/dependency_links.txt
[0.615s] writing top-level names to surani_interface.egg-info/top_level.txt
[0.714s] reading manifest file 'surani_interface.egg-info/SOURCES.txt'
[0.714s] writing manifest file 'surani_interface.egg-info/SOURCES.txt'
[0.758s] [100%] Built target ament_cmake_python_build_surani_interface_egg
[0.780s] Invoked command in '/home/dominik/RRM/ros2_ws/build/surani_interface' returned '0': CMAKE_PREFIX_PATH=${CMAKE_PREFIX_PATH}:/opt/ros/jazzy DEBUGINFOD_URLS=https://debuginfod.ubuntu.com /usr/bin/cmake --build /home/dominik/RRM/ros2_ws/build/surani_interface -- -j16 -l16
[0.782s] Invoking command in '/home/dominik/RRM/ros2_ws/build/surani_interface': CMAKE_PREFIX_PATH=${CMAKE_PREFIX_PATH}:/opt/ros/jazzy DEBUGINFOD_URLS=https://debuginfod.ubuntu.com /usr/bin/cmake --install /home/dominik/RRM/ros2_ws/build/surani_interface
[0.797s] -- Install configuration: ""
[0.797s] -- Up-to-date: /home/dominik/RRM/ros2_ws/install/surani_interface/share/ament_index/resource_index/rosidl_interfaces/surani_interface
[0.797s] -- Up-to-date: /home/dominik/RRM/ros2_ws/install/surani_interface/share/surani_interface/srv/TeachPoint.json
[0.797s] -- Up-to-date: /home/dominik/RRM/ros2_ws/install/surani_interface/include/surani_interface/surani_interface
[0.797s] -- Up-to-date: /home/dominik/RRM/ros2_ws/install/surani_interface/include/surani_interface/surani_interface/msg
[0.797s] -- Up-to-date: /home/dominik/RRM/ros2_ws/install/surani_interface/include/surani_interface/surani_interface/msg/rosidl_generator_c__visibility_control.h
[0.798s] -- Up-to-date: /home/dominik/RRM/ros2_ws/install/surani_interface/include/surani_interface/surani_interface/srv
[0.798s] -- Up-to-date: /home/dominik/RRM/ros2_ws/install/surani_interface/include/surani_interface/surani_interface/srv/teach_point.h
[0.798s] -- Up-to-date: /home/dominik/RRM/ros2_ws/install/surani_interface/include/surani_interface/surani_interface/srv/detail
[0.798s] -- Up-to-date: /home/dominik/RRM/ros2_ws/install/surani_interface/include/surani_interface/surani_interface/srv/detail/teach_point__type_support.c
[0.798s] -- Up-to-date: /home/dominik/RRM/ros2_ws/install/surani_interface/include/surani_interface/surani_interface/srv/detail/teach_point__description.c
[0.798s] -- Up-to-date: /home/dominik/RRM/ros2_ws/install/surani_interface/include/surani_interface/surani_interface/srv/detail/teach_point__functions.h
[0.798s] -- Up-to-date: /home/dominik/RRM/ros2_ws/install/surani_interface/include/surani_interface/surani_interface/srv/detail/teach_point__type_support.h
[0.798s] -- Up-to-date: /home/dominik/RRM/ros2_ws/install/surani_interface/include/surani_interface/surani_interface/srv/detail/teach_point__functions.c
[0.799s] -- Up-to-date: /home/dominik/RRM/ros2_ws/install/surani_interface/include/surani_interface/surani_interface/srv/detail/teach_point__struct.h
[0.799s] -- Up-to-date: /home/dominik/RRM/ros2_ws/install/surani_interface/share/surani_interface/environment/library_path.sh
[0.799s] -- Up-to-date: /home/dominik/RRM/ros2_ws/install/surani_interface/share/surani_interface/environment/library_path.dsv
[0.799s] -- Up-to-date: /home/dominik/RRM/ros2_ws/install/surani_interface/lib/libsurani_interface__rosidl_generator_c.so
[0.799s] -- Up-to-date: /home/dominik/RRM/ros2_ws/install/surani_interface/include/surani_interface/surani_interface
[0.799s] -- Up-to-date: /home/dominik/RRM/ros2_ws/install/surani_interface/include/surani_interface/surani_interface/msg
[0.800s] -- Up-to-date: /home/dominik/RRM/ros2_ws/install/surani_interface/include/surani_interface/surani_interface/msg/rosidl_typesupport_fastrtps_c__visibility_control.h
[0.800s] -- Up-to-date: /home/dominik/RRM/ros2_ws/install/surani_interface/include/surani_interface/surani_interface/srv
[0.800s] -- Up-to-date: /home/dominik/RRM/ros2_ws/install/surani_interface/include/surani_interface/surani_interface/srv/detail
[0.800s] -- Up-to-date: /home/dominik/RRM/ros2_ws/install/surani_interface/include/surani_interface/surani_interface/srv/detail/teach_point__rosidl_typesupport_fastrtps_c.h
[0.801s] -- Up-to-date: /home/dominik/RRM/ros2_ws/install/surani_interface/lib/libsurani_interface__rosidl_typesupport_fastrtps_c.so
[0.801s] -- Up-to-date: /home/dominik/RRM/ros2_ws/install/surani_interface/include/surani_interface/surani_interface
[0.802s] -- Up-to-date: /home/dominik/RRM/ros2_ws/install/surani_interface/include/surani_interface/surani_interface/msg
[0.802s] -- Up-to-date: /home/dominik/RRM/ros2_ws/install/surani_interface/include/surani_interface/surani_interface/msg/rosidl_typesupport_introspection_c__visibility_control.h
[0.802s] -- Up-to-date: /home/dominik/RRM/ros2_ws/install/surani_interface/include/surani_interface/surani_interface/srv
[0.802s] -- Up-to-date: /home/dominik/RRM/ros2_ws/install/surani_interface/include/surani_interface/surani_interface/srv/detail
[0.802s] -- Up-to-date: /home/dominik/RRM/ros2_ws/install/surani_interface/include/surani_interface/surani_interface/srv/detail/teach_point__type_support.c
[0.802s] -- Up-to-date: /home/dominik/RRM/ros2_ws/install/surani_interface/include/surani_interface/surani_interface/srv/detail/teach_point__rosidl_typesupport_introspection_c.h
[0.803s] -- Up-to-date: /home/dominik/RRM/ros2_ws/install/surani_interface/lib/libsurani_interface__rosidl_typesupport_introspection_c.so
[0.804s] -- Up-to-date: /home/dominik/RRM/ros2_ws/install/surani_interface/lib/libsurani_interface__rosidl_typesupport_c.so
[0.804s] -- Up-to-date: /home/dominik/RRM/ros2_ws/install/surani_interface/include/surani_interface/surani_interface
[0.804s] -- Up-to-date: /home/dominik/RRM/ros2_ws/install/surani_interface/include/surani_interface/surani_interface/msg
[0.804s] -- Up-to-date: /home/dominik/RRM/ros2_ws/install/surani_interface/include/surani_interface/surani_interface/msg/rosidl_generator_cpp__visibility_control.hpp
[0.804s] -- Up-to-date: /home/dominik/RRM/ros2_ws/install/surani_interface/include/surani_interface/surani_interface/srv
[0.804s] -- Up-to-date: /home/dominik/RRM/ros2_ws/install/surani_interface/include/surani_interface/surani_interface/srv/detail
[0.805s] -- Up-to-date: /home/dominik/RRM/ros2_ws/install/surani_interface/include/surani_interface/surani_interface/srv/detail/teach_point__builder.hpp
[0.805s] -- Up-to-date: /home/dominik/RRM/ros2_ws/install/surani_interface/include/surani_interface/surani_interface/srv/detail/teach_point__struct.hpp
[0.805s] -- Up-to-date: /home/dominik/RRM/ros2_ws/install/surani_interface/include/surani_interface/surani_interface/srv/detail/teach_point__type_support.hpp
[0.805s] -- Up-to-date: /home/dominik/RRM/ros2_ws/install/surani_interface/include/surani_interface/surani_interface/srv/detail/teach_point__traits.hpp
[0.806s] -- Up-to-date: /home/dominik/RRM/ros2_ws/install/surani_interface/include/surani_interface/surani_interface/srv/teach_point.hpp
[0.806s] -- Up-to-date: /home/dominik/RRM/ros2_ws/install/surani_interface/include/surani_interface/surani_interface
[0.806s] -- Up-to-date: /home/dominik/RRM/ros2_ws/install/surani_interface/include/surani_interface/surani_interface/msg
[0.806s] -- Up-to-date: /home/dominik/RRM/ros2_ws/install/surani_interface/include/surani_interface/surani_interface/msg/rosidl_typesupport_fastrtps_cpp__visibility_control.h
[0.806s] -- Up-to-date: /home/dominik/RRM/ros2_ws/install/surani_interface/include/surani_interface/surani_interface/srv
[0.806s] -- Up-to-date: /home/dominik/RRM/ros2_ws/install/surani_interface/include/surani_interface/surani_interface/srv/detail
[0.806s] -- Up-to-date: /home/dominik/RRM/ros2_ws/install/surani_interface/include/surani_interface/surani_interface/srv/detail/teach_point__rosidl_typesupport_fastrtps_cpp.hpp
[0.807s] -- Up-to-date: /home/dominik/RRM/ros2_ws/install/surani_interface/include/surani_interface/surani_interface/srv/detail/dds_fastrtps
[0.807s] -- Up-to-date: /home/dominik/RRM/ros2_ws/install/surani_interface/lib/libsurani_interface__rosidl_typesupport_fastrtps_cpp.so
[0.807s] -- Up-to-date: /home/dominik/RRM/ros2_ws/install/surani_interface/include/surani_interface/surani_interface
[0.807s] -- Up-to-date: /home/dominik/RRM/ros2_ws/install/surani_interface/include/surani_interface/surani_interface/srv
[0.808s] -- Up-to-date: /home/dominik/RRM/ros2_ws/install/surani_interface/include/surani_interface/surani_interface/srv/detail
[0.808s] -- Up-to-date: /home/dominik/RRM/ros2_ws/install/surani_interface/include/surani_interface/surani_interface/srv/detail/teach_point__type_support.cpp
[0.808s] -- Up-to-date: /home/dominik/RRM/ros2_ws/install/surani_interface/include/surani_interface/surani_interface/srv/detail/teach_point__rosidl_typesupport_introspection_cpp.hpp
[0.809s] -- Up-to-date: /home/dominik/RRM/ros2_ws/install/surani_interface/lib/libsurani_interface__rosidl_typesupport_introspection_cpp.so
[0.809s] -- Up-to-date: /home/dominik/RRM/ros2_ws/install/surani_interface/lib/libsurani_interface__rosidl_typesupport_cpp.so
[0.809s] -- Up-to-date: /home/dominik/RRM/ros2_ws/install/surani_interface/share/surani_interface/environment/pythonpath.sh
[0.809s] -- Up-to-date: /home/dominik/RRM/ros2_ws/install/surani_interface/share/surani_interface/environment/pythonpath.dsv
[0.809s] -- Up-to-date: /home/dominik/RRM/ros2_ws/install/surani_interface/lib/python3.12/site-packages/surani_interface-0.0.0-py3.12.egg-info
[0.809s] -- Installing: /home/dominik/RRM/ros2_ws/install/surani_interface/lib/python3.12/site-packages/surani_interface-0.0.0-py3.12.egg-info/SOURCES.txt
[0.809s] -- Installing: /home/dominik/RRM/ros2_ws/install/surani_interface/lib/python3.12/site-packages/surani_interface-0.0.0-py3.12.egg-info/top_level.txt
[0.809s] -- Installing: /home/dominik/RRM/ros2_ws/install/surani_interface/lib/python3.12/site-packages/surani_interface-0.0.0-py3.12.egg-info/dependency_links.txt
[0.810s] -- Installing: /home/dominik/RRM/ros2_ws/install/surani_interface/lib/python3.12/site-packages/surani_interface-0.0.0-py3.12.egg-info/PKG-INFO
[0.810s] -- Up-to-date: /home/dominik/RRM/ros2_ws/install/surani_interface/lib/python3.12/site-packages/surani_interface
[0.810s] -- Up-to-date: /home/dominik/RRM/ros2_ws/install/surani_interface/lib/python3.12/site-packages/surani_interface/_surani_interface_s.ep.rosidl_typesupport_introspection_c.c
[0.810s] -- Up-to-date: /home/dominik/RRM/ros2_ws/install/surani_interface/lib/python3.12/site-packages/surani_interface/srv
[0.810s] -- Up-to-date: /home/dominik/RRM/ros2_ws/install/surani_interface/lib/python3.12/site-packages/surani_interface/srv/__init__.py
[0.810s] -- Up-to-date: /home/dominik/RRM/ros2_ws/install/surani_interface/lib/python3.12/site-packages/surani_interface/srv/_teach_point.py
[0.810s] -- Up-to-date: /home/dominik/RRM/ros2_ws/install/surani_interface/lib/python3.12/site-packages/surani_interface/srv/_teach_point_s.c
[0.810s] -- Up-to-date: /home/dominik/RRM/ros2_ws/install/surani_interface/lib/python3.12/site-packages/surani_interface/surani_interface_s__rosidl_typesupport_fastrtps_c.so
[0.810s] -- Up-to-date: /home/dominik/RRM/ros2_ws/install/surani_interface/lib/python3.12/site-packages/surani_interface/__init__.py
[0.810s] -- Up-to-date: /home/dominik/RRM/ros2_ws/install/surani_interface/lib/python3.12/site-packages/surani_interface/_surani_interface_s.ep.rosidl_typesupport_fastrtps_c.c
[0.811s] -- Up-to-date: /home/dominik/RRM/ros2_ws/install/surani_interface/lib/python3.12/site-packages/surani_interface/surani_interface_s__rosidl_typesupport_c.so
[0.811s] -- Up-to-date: /home/dominik/RRM/ros2_ws/install/surani_interface/lib/python3.12/site-packages/surani_interface/_surani_interface_s.ep.rosidl_typesupport_c.c
[0.811s] -- Up-to-date: /home/dominik/RRM/ros2_ws/install/surani_interface/lib/python3.12/site-packages/surani_interface/surani_interface_s__rosidl_typesupport_introspection_c.so
[0.868s] Listing '/home/dominik/RRM/ros2_ws/install/surani_interface/lib/python3.12/site-packages/surani_interface'...
[0.868s] Listing '/home/dominik/RRM/ros2_ws/install/surani_interface/lib/python3.12/site-packages/surani_interface/srv'...
[0.876s] -- Up-to-date: /home/dominik/RRM/ros2_ws/install/surani_interface/lib/python3.12/site-packages/surani_interface/surani_interface_s__rosidl_typesupport_fastrtps_c.so
[0.877s] -- Up-to-date: /home/dominik/RRM/ros2_ws/install/surani_interface/lib/python3.12/site-packages/surani_interface/surani_interface_s__rosidl_typesupport_introspection_c.so
[0.878s] -- Up-to-date: /home/dominik/RRM/ros2_ws/install/surani_interface/lib/python3.12/site-packages/surani_interface/surani_interface_s__rosidl_typesupport_c.so
[0.878s] -- Up-to-date: /home/dominik/RRM/ros2_ws/install/surani_interface/lib/libsurani_interface__rosidl_generator_py.so
[0.878s] -- Up-to-date: /home/dominik/RRM/ros2_ws/install/surani_interface/share/surani_interface/srv/TeachPoint.idl
[0.879s] -- Up-to-date: /home/dominik/RRM/ros2_ws/install/surani_interface/share/surani_interface/srv/TeachPoint.srv
[0.879s] -- Up-to-date: /home/dominik/RRM/ros2_ws/install/surani_interface/share/ament_index/resource_index/package_run_dependencies/surani_interface
[0.879s] -- Up-to-date: /home/dominik/RRM/ros2_ws/install/surani_interface/share/ament_index/resource_index/parent_prefix_path/surani_interface
[0.879s] -- Up-to-date: /home/dominik/RRM/ros2_ws/install/surani_interface/share/surani_interface/environment/ament_prefix_path.sh
[0.879s] -- Up-to-date: /home/dominik/RRM/ros2_ws/install/surani_interface/share/surani_interface/environment/ament_prefix_path.dsv
[0.879s] -- Up-to-date: /home/dominik/RRM/ros2_ws/install/surani_interface/share/surani_interface/environment/path.sh
[0.879s] -- Up-to-date: /home/dominik/RRM/ros2_ws/install/surani_interface/share/surani_interface/environment/path.dsv
[0.880s] -- Up-to-date: /home/dominik/RRM/ros2_ws/install/surani_interface/share/surani_interface/local_setup.bash
[0.880s] -- Up-to-date: /home/dominik/RRM/ros2_ws/install/surani_interface/share/surani_interface/local_setup.sh
[0.880s] -- Up-to-date: /home/dominik/RRM/ros2_ws/install/surani_interface/share/surani_interface/local_setup.zsh
[0.880s] -- Up-to-date: /home/dominik/RRM/ros2_ws/install/surani_interface/share/surani_interface/local_setup.dsv
[0.880s] -- Installing: /home/dominik/RRM/ros2_ws/install/surani_interface/share/surani_interface/package.dsv
[0.880s] -- Up-to-date: /home/dominik/RRM/ros2_ws/install/surani_interface/share/ament_index/resource_index/packages/surani_interface
[0.880s] -- Up-to-date: /home/dominik/RRM/ros2_ws/install/surani_interface/share/surani_interface/cmake/export_surani_interface__rosidl_generator_cExport.cmake
[0.880s] -- Up-to-date: /home/dominik/RRM/ros2_ws/install/surani_interface/share/surani_interface/cmake/export_surani_interface__rosidl_generator_cExport-noconfig.cmake
[0.881s] -- Up-to-date: /home/dominik/RRM/ros2_ws/install/surani_interface/share/surani_interface/cmake/export_surani_interface__rosidl_typesupport_fastrtps_cExport.cmake
[0.881s] -- Up-to-date: /home/dominik/RRM/ros2_ws/install/surani_interface/share/surani_interface/cmake/export_surani_interface__rosidl_typesupport_fastrtps_cExport-noconfig.cmake
[0.881s] -- Up-to-date: /home/dominik/RRM/ros2_ws/install/surani_interface/share/surani_interface/cmake/surani_interface__rosidl_typesupport_introspection_cExport.cmake
[0.881s] -- Up-to-date: /home/dominik/RRM/ros2_ws/install/surani_interface/share/surani_interface/cmake/surani_interface__rosidl_typesupport_introspection_cExport-noconfig.cmake
[0.881s] -- Up-to-date: /home/dominik/RRM/ros2_ws/install/surani_interface/share/surani_interface/cmake/surani_interface__rosidl_typesupport_cExport.cmake
[0.881s] -- Up-to-date: /home/dominik/RRM/ros2_ws/install/surani_interface/share/surani_interface/cmake/surani_interface__rosidl_typesupport_cExport-noconfig.cmake
[0.881s] -- Up-to-date: /home/dominik/RRM/ros2_ws/install/surani_interface/share/surani_interface/cmake/export_surani_interface__rosidl_generator_cppExport.cmake
[0.881s] -- Up-to-date: /home/dominik/RRM/ros2_ws/install/surani_interface/share/surani_interface/cmake/export_surani_interface__rosidl_typesupport_fastrtps_cppExport.cmake
[0.881s] -- Up-to-date: /home/dominik/RRM/ros2_ws/install/surani_interface/share/surani_interface/cmake/export_surani_interface__rosidl_typesupport_fastrtps_cppExport-noconfig.cmake
[0.882s] -- Up-to-date: /home/dominik/RRM/ros2_ws/install/surani_interface/share/surani_interface/cmake/surani_interface__rosidl_typesupport_introspection_cppExport.cmake
[0.882s] -- Up-to-date: /home/dominik/RRM/ros2_ws/install/surani_interface/share/surani_interface/cmake/surani_interface__rosidl_typesupport_introspection_cppExport-noconfig.cmake
[0.882s] -- Up-to-date: /home/dominik/RRM/ros2_ws/install/surani_interface/share/surani_interface/cmake/surani_interface__rosidl_typesupport_cppExport.cmake
[0.882s] -- Up-to-date: /home/dominik/RRM/ros2_ws/install/surani_interface/share/surani_interface/cmake/surani_interface__rosidl_typesupport_cppExport-noconfig.cmake
[0.882s] -- Up-to-date: /home/dominik/RRM/ros2_ws/install/surani_interface/share/surani_interface/cmake/export_surani_interface__rosidl_generator_pyExport.cmake
[0.882s] -- Up-to-date: /home/dominik/RRM/ros2_ws/install/surani_interface/share/surani_interface/cmake/export_surani_interface__rosidl_generator_pyExport-noconfig.cmake
[0.882s] -- Up-to-date: /home/dominik/RRM/ros2_ws/install/surani_interface/share/surani_interface/cmake/rosidl_cmake-extras.cmake
[0.882s] -- Up-to-date: /home/dominik/RRM/ros2_ws/install/surani_interface/share/surani_interface/cmake/ament_cmake_export_dependencies-extras.cmake
[0.883s] -- Up-to-date: /home/dominik/RRM/ros2_ws/install/surani_interface/share/surani_interface/cmake/ament_cmake_export_include_directories-extras.cmake
[0.883s] -- Up-to-date: /home/dominik/RRM/ros2_ws/install/surani_interface/share/surani_interface/cmake/ament_cmake_export_libraries-extras.cmake
[0.883s] -- Up-to-date: /home/dominik/RRM/ros2_ws/install/surani_interface/share/surani_interface/cmake/ament_cmake_export_targets-extras.cmake
[0.883s] -- Up-to-date: /home/dominik/RRM/ros2_ws/install/surani_interface/share/surani_interface/cmake/rosidl_cmake_export_typesupport_targets-extras.cmake
[0.883s] -- Up-to-date: /home/dominik/RRM/ros2_ws/install/surani_interface/share/surani_interface/cmake/rosidl_cmake_export_typesupport_libraries-extras.cmake
[0.883s] -- Up-to-date: /home/dominik/RRM/ros2_ws/install/surani_interface/share/surani_interface/cmake/surani_interfaceConfig.cmake
[0.883s] -- Up-to-date: /home/dominik/RRM/ros2_ws/install/surani_interface/share/surani_interface/cmake/surani_interfaceConfig-version.cmake
[0.883s] -- Up-to-date: /home/dominik/RRM/ros2_ws/install/surani_interface/share/surani_interface/package.xml
[0.886s] Invoked command in '/home/dominik/RRM/ros2_ws/build/surani_interface' returned '0': CMAKE_PREFIX_PATH=${CMAKE_PREFIX_PATH}:/opt/ros/jazzy DEBUGINFOD_URLS=https://debuginfod.ubuntu.com /usr/bin/cmake --install /home/dominik/RRM/ros2_ws/build/surani_interface
