-- The C compiler identification is GNU 13.2.0
-- The CXX compiler identification is GNU 13.2.0
-- Detecting C compiler ABI info
-- Detecting C compiler ABI info - done
-- Check for working C compiler: /usr/bin/cc - skipped
-- Detecting C compile features
-- Detecting C compile features - done
-- Detecting CXX compiler ABI info
-- Detecting CXX compiler ABI info - done
-- Check for working CXX compiler: /usr/bin/c++ - skipped
-- Detecting CXX compile features
-- Detecting CXX compile features - done
-- Found ament_cmake: 2.5.2 (/opt/ros/jazzy/share/ament_cmake/cmake)
-- Found Python3: /usr/bin/python3 (found version "3.12.3") found components: Interpreter 
-- Found ament_lint_auto: 0.17.1 (/opt/ros/jazzy/share/ament_lint_auto/cmake)
WARNING: Package name "Surani_interface" does not follow the naming conventions. It should start with a lower case letter and only contain lower case letters, digits, underscores, and dashes.
-- Added test 'lint_cmake' to check CMake code style
-- Added test 'xmllint' to check XML markup files
-- Configuring done (1.3s)
-- Generating done (0.0s)
-- Build files have been written to: /home/dominik/RRM/ros2_ws/build/Surani_interface
-- Install configuration: ""
-- Installing: /home/dominik/RRM/ros2_ws/install/Surani_interface/share/ament_index/resource_index/package_run_dependencies/Surani_interface
-- Installing: /home/dominik/RRM/ros2_ws/install/Surani_interface/share/ament_index/resource_index/parent_prefix_path/Surani_interface
-- Installing: /home/dominik/RRM/ros2_ws/install/Surani_interface/share/Surani_interface/environment/ament_prefix_path.sh
-- Installing: /home/dominik/RRM/ros2_ws/install/Surani_interface/share/Surani_interface/environment/ament_prefix_path.dsv
-- Installing: /home/dominik/RRM/ros2_ws/install/Surani_interface/share/Surani_interface/environment/path.sh
-- Installing: /home/dominik/RRM/ros2_ws/install/Surani_interface/share/Surani_interface/environment/path.dsv
-- Installing: /home/dominik/RRM/ros2_ws/install/Surani_interface/share/Surani_interface/local_setup.bash
-- Installing: /home/dominik/RRM/ros2_ws/install/Surani_interface/share/Surani_interface/local_setup.sh
-- Installing: /home/dominik/RRM/ros2_ws/install/Surani_interface/share/Surani_interface/local_setup.zsh
-- Installing: /home/dominik/RRM/ros2_ws/install/Surani_interface/share/Surani_interface/local_setup.dsv
-- Installing: /home/dominik/RRM/ros2_ws/install/Surani_interface/share/Surani_interface/package.dsv
-- Installing: /home/dominik/RRM/ros2_ws/install/Surani_interface/share/ament_index/resource_index/packages/Surani_interface
-- Installing: /home/dominik/RRM/ros2_ws/install/Surani_interface/share/Surani_interface/cmake/Surani_interfaceConfig.cmake
-- Installing: /home/dominik/RRM/ros2_ws/install/Surani_interface/share/Surani_interface/cmake/Surani_interfaceConfig-version.cmake
-- Installing: /home/dominik/RRM/ros2_ws/install/Surani_interface/share/Surani_interface/package.xml
