[0.034s] Invoking command in '/home/dominik/RRM/ros2_ws/build/Surani_interface': CMAKE_PREFIX_PATH=${CMAKE_PREFIX_PATH}:/opt/ros/jazzy DEBUGINFOD_URLS=https://debuginfod.ubuntu.com /usr/bin/cmake /home/dominik/RRM/ros2_ws/src/Surani_interface -DCMAKE_INSTALL_PREFIX=/home/dominik/RRM/ros2_ws/install/Surani_interface
[0.167s] -- The C compiler identification is GNU 13.2.0
[0.307s] -- The CXX compiler identification is GNU 13.2.0
[0.345s] -- Detecting C compiler ABI info
[0.499s] -- Detecting C compiler ABI info - done
[0.512s] -- Check for working C compiler: /usr/bin/cc - skipped
[0.513s] -- Detecting C compile features
[0.513s] -- Detecting C compile features - done
[0.531s] -- Detecting CXX compiler ABI info
[0.692s] -- Detecting CXX compiler ABI info - done
[0.706s] -- Check for working CXX compiler: /usr/bin/c++ - skipped
[0.707s] -- Detecting CXX compile features
[0.707s] -- Detecting CXX compile features - done
[0.715s] -- Found ament_cmake: 2.5.2 (/opt/ros/jazzy/share/ament_cmake/cmake)
[0.959s] -- Found Python3: /usr/bin/python3 (found version "3.12.3") found components: Interpreter 
[1.145s] -- Found ament_lint_auto: 0.17.1 (/opt/ros/jazzy/share/ament_lint_auto/cmake)
[1.258s] WARNING: Package name "Surani_interface" does not follow the naming conventions. It should start with a lower case letter and only contain lower case letters, digits, underscores, and dashes.
[1.324s] -- Added test 'lint_cmake' to check CMake code style
[1.326s] -- Added test 'xmllint' to check XML markup files
[1.329s] -- Configuring done (1.3s)
[1.334s] -- Generating done (0.0s)
[1.336s] -- Build files have been written to: /home/dominik/RRM/ros2_ws/build/Surani_interface
[1.344s] Invoked command in '/home/dominik/RRM/ros2_ws/build/Surani_interface' returned '0': CMAKE_PREFIX_PATH=${CMAKE_PREFIX_PATH}:/opt/ros/jazzy DEBUGINFOD_URLS=https://debuginfod.ubuntu.com /usr/bin/cmake /home/dominik/RRM/ros2_ws/src/Surani_interface -DCMAKE_INSTALL_PREFIX=/home/dominik/RRM/ros2_ws/install/Surani_interface
[1.346s] Invoking command in '/home/dominik/RRM/ros2_ws/build/Surani_interface': CMAKE_PREFIX_PATH=${CMAKE_PREFIX_PATH}:/opt/ros/jazzy DEBUGINFOD_URLS=https://debuginfod.ubuntu.com /usr/bin/cmake --build /home/dominik/RRM/ros2_ws/build/Surani_interface -- -j16 -l16
[1.415s] Invoked command in '/home/dominik/RRM/ros2_ws/build/Surani_interface' returned '0': CMAKE_PREFIX_PATH=${CMAKE_PREFIX_PATH}:/opt/ros/jazzy DEBUGINFOD_URLS=https://debuginfod.ubuntu.com /usr/bin/cmake --build /home/dominik/RRM/ros2_ws/build/Surani_interface -- -j16 -l16
[1.454s] Invoking command in '/home/dominik/RRM/ros2_ws/build/Surani_interface': CMAKE_PREFIX_PATH=${CMAKE_PREFIX_PATH}:/opt/ros/jazzy DEBUGINFOD_URLS=https://debuginfod.ubuntu.com /usr/bin/cmake --install /home/dominik/RRM/ros2_ws/build/Surani_interface
[1.466s] -- Install configuration: ""
[1.467s] -- Installing: /home/dominik/RRM/ros2_ws/install/Surani_interface/share/ament_index/resource_index/package_run_dependencies/Surani_interface
[1.467s] -- Installing: /home/dominik/RRM/ros2_ws/install/Surani_interface/share/ament_index/resource_index/parent_prefix_path/Surani_interface
[1.467s] -- Installing: /home/dominik/RRM/ros2_ws/install/Surani_interface/share/Surani_interface/environment/ament_prefix_path.sh
[1.468s] -- Installing: /home/dominik/RRM/ros2_ws/install/Surani_interface/share/Surani_interface/environment/ament_prefix_path.dsv
[1.468s] -- Installing: /home/dominik/RRM/ros2_ws/install/Surani_interface/share/Surani_interface/environment/path.sh
[1.468s] -- Installing: /home/dominik/RRM/ros2_ws/install/Surani_interface/share/Surani_interface/environment/path.dsv
[1.469s] -- Installing: /home/dominik/RRM/ros2_ws/install/Surani_interface/share/Surani_interface/local_setup.bash
[1.469s] -- Installing: /home/dominik/RRM/ros2_ws/install/Surani_interface/share/Surani_interface/local_setup.sh
[1.469s] -- Installing: /home/dominik/RRM/ros2_ws/install/Surani_interface/share/Surani_interface/local_setup.zsh
[1.470s] -- Installing: /home/dominik/RRM/ros2_ws/install/Surani_interface/share/Surani_interface/local_setup.dsv
[1.470s] -- Installing: /home/dominik/RRM/ros2_ws/install/Surani_interface/share/Surani_interface/package.dsv
[1.471s] -- Installing: /home/dominik/RRM/ros2_ws/install/Surani_interface/share/ament_index/resource_index/packages/Surani_interface
[1.471s] -- Installing: /home/dominik/RRM/ros2_ws/install/Surani_interface/share/Surani_interface/cmake/Surani_interfaceConfig.cmake
[1.471s] -- Installing: /home/dominik/RRM/ros2_ws/install/Surani_interface/share/Surani_interface/cmake/Surani_interfaceConfig-version.cmake
[1.471s] -- Installing: /home/dominik/RRM/ros2_ws/install/Surani_interface/share/Surani_interface/package.xml
[1.475s] Invoked command in '/home/dominik/RRM/ros2_ws/build/Surani_interface' returned '0': CMAKE_PREFIX_PATH=${CMAKE_PREFIX_PATH}:/opt/ros/jazzy DEBUGINFOD_URLS=https://debuginfod.ubuntu.com /usr/bin/cmake --install /home/dominik/RRM/ros2_ws/build/Surani_interface
