[0.111s] DEBUG:colcon:Command line arguments: ['/usr/bin/colcon', 'list', '-p', '--base-paths', '/home/dominik/RRM/ros2_ws']
[0.112s] DEBUG:colcon:Parsed command line arguments: Namespace(log_base=None, log_level=None, verb_name='list', build_base='build', ignore_user_meta=False, metas=['./colcon.meta'], base_paths=['/home/dominik/RRM/ros2_ws'], packages_ignore=None, packages_ignore_regex=None, paths=None, packages_up_to=None, packages_up_to_regex=None, packages_above=None, packages_above_and_dependencies=None, packages_above_depth=None, packages_select_by_dep=None, packages_skip_by_dep=None, packages_skip_up_to=None, packages_select_build_failed=False, packages_skip_build_finished=False, packages_select_test_failures=False, packages_skip_test_passed=False, packages_select=None, packages_skip=None, packages_select_regex=None, packages_skip_regex=None, packages_start=None, packages_end=None, allow_overriding=[], topological_order=False, names_only=False, paths_only=True, topological_graph=False, topological_graph_dot=False, topological_graph_density=False, topological_graph_legend=False, topological_graph_dot_cluster=False, topological_graph_dot_include_skipped=False, mixin_files=None, mixin=None, verb_parser=<colcon_mixin.mixin.mixin_argument.MixinArgumentDecorator object at 0x7d8c5a28b650>, verb_extension=<colcon_package_information.verb.list.ListVerb object at 0x7d8c5a22ca40>, main=<bound method ListVerb.main of <colcon_package_information.verb.list.ListVerb object at 0x7d8c5a22ca40>>, mixin_verb=('list',))
[0.151s] Level 1:colcon.colcon_core.package_discovery:discover_packages(colcon_meta) check parameters
[0.151s] Level 1:colcon.colcon_core.package_discovery:discover_packages(recursive) check parameters
[0.151s] Level 1:colcon.colcon_core.package_discovery:discover_packages(ignore) check parameters
[0.151s] Level 1:colcon.colcon_core.package_discovery:discover_packages(path) check parameters
[0.151s] Level 1:colcon.colcon_core.package_discovery:discover_packages(recursive) discover
[0.151s] INFO:colcon.colcon_core.package_discovery:Crawling recursively for packages in '/home/dominik/RRM/ros2_ws'
[0.151s] Level 1:colcon.colcon_core.package_identification:_identify(/home/dominik/RRM/ros2_ws) by extensions ['ignore', 'ignore_ament_install']
[0.151s] Level 1:colcon.colcon_core.package_identification:_identify(/home/dominik/RRM/ros2_ws) by extension 'ignore'
[0.151s] Level 1:colcon.colcon_core.package_identification:_identify(/home/dominik/RRM/ros2_ws) by extension 'ignore_ament_install'
[0.152s] Level 1:colcon.colcon_core.package_identification:_identify(/home/dominik/RRM/ros2_ws) by extensions ['colcon_pkg']
[0.152s] Level 1:colcon.colcon_core.package_identification:_identify(/home/dominik/RRM/ros2_ws) by extension 'colcon_pkg'
[0.152s] Level 1:colcon.colcon_core.package_identification:_identify(/home/dominik/RRM/ros2_ws) by extensions ['colcon_meta']
[0.152s] Level 1:colcon.colcon_core.package_identification:_identify(/home/dominik/RRM/ros2_ws) by extension 'colcon_meta'
[0.152s] Level 1:colcon.colcon_core.package_identification:_identify(/home/dominik/RRM/ros2_ws) by extensions ['ros']
[0.152s] Level 1:colcon.colcon_core.package_identification:_identify(/home/dominik/RRM/ros2_ws) by extension 'ros'
[0.175s] Level 1:colcon.colcon_core.package_identification:_identify(/home/dominik/RRM/ros2_ws) by extensions ['cmake', 'python']
[0.175s] Level 1:colcon.colcon_core.package_identification:_identify(/home/dominik/RRM/ros2_ws) by extension 'cmake'
[0.175s] Level 1:colcon.colcon_core.package_identification:_identify(/home/dominik/RRM/ros2_ws) by extension 'python'
[0.175s] Level 1:colcon.colcon_core.package_identification:_identify(/home/dominik/RRM/ros2_ws) by extensions ['python_setup_py']
[0.175s] Level 1:colcon.colcon_core.package_identification:_identify(/home/dominik/RRM/ros2_ws) by extension 'python_setup_py'
[0.175s] Level 1:colcon.colcon_core.package_identification:_identify(/home/dominik/RRM/ros2_ws/build) by extensions ['ignore', 'ignore_ament_install']
[0.175s] Level 1:colcon.colcon_core.package_identification:_identify(/home/dominik/RRM/ros2_ws/build) by extension 'ignore'
[0.175s] Level 1:colcon.colcon_core.package_identification:_identify(/home/dominik/RRM/ros2_ws/build) ignored
[0.175s] Level 1:colcon.colcon_core.package_identification:_identify(/home/dominik/RRM/ros2_ws/install) by extensions ['ignore', 'ignore_ament_install']
[0.175s] Level 1:colcon.colcon_core.package_identification:_identify(/home/dominik/RRM/ros2_ws/install) by extension 'ignore'
[0.175s] Level 1:colcon.colcon_core.package_identification:_identify(/home/dominik/RRM/ros2_ws/install) ignored
[0.176s] Level 1:colcon.colcon_core.package_identification:_identify(/home/dominik/RRM/ros2_ws/log) by extensions ['ignore', 'ignore_ament_install']
[0.176s] Level 1:colcon.colcon_core.package_identification:_identify(/home/dominik/RRM/ros2_ws/log) by extension 'ignore'
[0.176s] Level 1:colcon.colcon_core.package_identification:_identify(/home/dominik/RRM/ros2_ws/log) ignored
[0.176s] Level 1:colcon.colcon_core.package_identification:_identify(/home/dominik/RRM/ros2_ws/src) by extensions ['ignore', 'ignore_ament_install']
[0.176s] Level 1:colcon.colcon_core.package_identification:_identify(/home/dominik/RRM/ros2_ws/src) by extension 'ignore'
[0.176s] Level 1:colcon.colcon_core.package_identification:_identify(/home/dominik/RRM/ros2_ws/src) by extension 'ignore_ament_install'
[0.176s] Level 1:colcon.colcon_core.package_identification:_identify(/home/dominik/RRM/ros2_ws/src) by extensions ['colcon_pkg']
[0.176s] Level 1:colcon.colcon_core.package_identification:_identify(/home/dominik/RRM/ros2_ws/src) by extension 'colcon_pkg'
[0.176s] Level 1:colcon.colcon_core.package_identification:_identify(/home/dominik/RRM/ros2_ws/src) by extensions ['colcon_meta']
[0.176s] Level 1:colcon.colcon_core.package_identification:_identify(/home/dominik/RRM/ros2_ws/src) by extension 'colcon_meta'
[0.176s] Level 1:colcon.colcon_core.package_identification:_identify(/home/dominik/RRM/ros2_ws/src) by extensions ['ros']
[0.176s] Level 1:colcon.colcon_core.package_identification:_identify(/home/dominik/RRM/ros2_ws/src) by extension 'ros'
[0.176s] Level 1:colcon.colcon_core.package_identification:_identify(/home/dominik/RRM/ros2_ws/src) by extensions ['cmake', 'python']
[0.176s] Level 1:colcon.colcon_core.package_identification:_identify(/home/dominik/RRM/ros2_ws/src) by extension 'cmake'
[0.176s] Level 1:colcon.colcon_core.package_identification:_identify(/home/dominik/RRM/ros2_ws/src) by extension 'python'
[0.176s] Level 1:colcon.colcon_core.package_identification:_identify(/home/dominik/RRM/ros2_ws/src) by extensions ['python_setup_py']
[0.176s] Level 1:colcon.colcon_core.package_identification:_identify(/home/dominik/RRM/ros2_ws/src) by extension 'python_setup_py'
[0.176s] Level 1:colcon.colcon_core.package_identification:_identify(/home/dominik/RRM/ros2_ws/src/block1_surani) by extensions ['ignore', 'ignore_ament_install']
[0.176s] Level 1:colcon.colcon_core.package_identification:_identify(/home/dominik/RRM/ros2_ws/src/block1_surani) by extension 'ignore'
[0.176s] Level 1:colcon.colcon_core.package_identification:_identify(/home/dominik/RRM/ros2_ws/src/block1_surani) by extension 'ignore_ament_install'
[0.176s] Level 1:colcon.colcon_core.package_identification:_identify(/home/dominik/RRM/ros2_ws/src/block1_surani) by extensions ['colcon_pkg']
[0.176s] Level 1:colcon.colcon_core.package_identification:_identify(/home/dominik/RRM/ros2_ws/src/block1_surani) by extension 'colcon_pkg'
[0.176s] Level 1:colcon.colcon_core.package_identification:_identify(/home/dominik/RRM/ros2_ws/src/block1_surani) by extensions ['colcon_meta']
[0.177s] Level 1:colcon.colcon_core.package_identification:_identify(/home/dominik/RRM/ros2_ws/src/block1_surani) by extension 'colcon_meta'
[0.177s] Level 1:colcon.colcon_core.package_identification:_identify(/home/dominik/RRM/ros2_ws/src/block1_surani) by extensions ['ros']
[0.177s] Level 1:colcon.colcon_core.package_identification:_identify(/home/dominik/RRM/ros2_ws/src/block1_surani) by extension 'ros'
[0.179s] DEBUG:colcon.colcon_core.package_identification:Package '/home/dominik/RRM/ros2_ws/src/block1_surani' with type 'ros.ament_cmake' and name 'block1_surani'
[0.179s] Level 1:colcon.colcon_core.package_identification:_identify(/home/dominik/RRM/ros2_ws/src/build) by extensions ['ignore', 'ignore_ament_install']
[0.179s] Level 1:colcon.colcon_core.package_identification:_identify(/home/dominik/RRM/ros2_ws/src/build) by extension 'ignore'
[0.179s] Level 1:colcon.colcon_core.package_identification:_identify(/home/dominik/RRM/ros2_ws/src/build) ignored
[0.179s] Level 1:colcon.colcon_core.package_identification:_identify(/home/dominik/RRM/ros2_ws/src/cv1) by extensions ['ignore', 'ignore_ament_install']
[0.179s] Level 1:colcon.colcon_core.package_identification:_identify(/home/dominik/RRM/ros2_ws/src/cv1) by extension 'ignore'
[0.179s] Level 1:colcon.colcon_core.package_identification:_identify(/home/dominik/RRM/ros2_ws/src/cv1) by extension 'ignore_ament_install'
[0.180s] Level 1:colcon.colcon_core.package_identification:_identify(/home/dominik/RRM/ros2_ws/src/cv1) by extensions ['colcon_pkg']
[0.180s] Level 1:colcon.colcon_core.package_identification:_identify(/home/dominik/RRM/ros2_ws/src/cv1) by extension 'colcon_pkg'
[0.180s] Level 1:colcon.colcon_core.package_identification:_identify(/home/dominik/RRM/ros2_ws/src/cv1) by extensions ['colcon_meta']
[0.180s] Level 1:colcon.colcon_core.package_identification:_identify(/home/dominik/RRM/ros2_ws/src/cv1) by extension 'colcon_meta'
[0.180s] Level 1:colcon.colcon_core.package_identification:_identify(/home/dominik/RRM/ros2_ws/src/cv1) by extensions ['ros']
[0.180s] Level 1:colcon.colcon_core.package_identification:_identify(/home/dominik/RRM/ros2_ws/src/cv1) by extension 'ros'
[0.180s] DEBUG:colcon.colcon_core.package_identification:Package '/home/dominik/RRM/ros2_ws/src/cv1' with type 'ros.ament_cmake' and name 'cv1'
[0.180s] Level 1:colcon.colcon_core.package_identification:_identify(/home/dominik/RRM/ros2_ws/src/install) by extensions ['ignore', 'ignore_ament_install']
[0.180s] Level 1:colcon.colcon_core.package_identification:_identify(/home/dominik/RRM/ros2_ws/src/install) by extension 'ignore'
[0.180s] Level 1:colcon.colcon_core.package_identification:_identify(/home/dominik/RRM/ros2_ws/src/install) ignored
[0.180s] Level 1:colcon.colcon_core.package_identification:_identify(/home/dominik/RRM/ros2_ws/src/log) by extensions ['ignore', 'ignore_ament_install']
[0.180s] Level 1:colcon.colcon_core.package_identification:_identify(/home/dominik/RRM/ros2_ws/src/log) by extension 'ignore'
[0.180s] Level 1:colcon.colcon_core.package_identification:_identify(/home/dominik/RRM/ros2_ws/src/log) ignored
[0.181s] Level 1:colcon.colcon_core.package_identification:_identify(/home/dominik/RRM/ros2_ws/src/rrm) by extensions ['ignore', 'ignore_ament_install']
[0.181s] Level 1:colcon.colcon_core.package_identification:_identify(/home/dominik/RRM/ros2_ws/src/rrm) by extension 'ignore'
[0.181s] Level 1:colcon.colcon_core.package_identification:_identify(/home/dominik/RRM/ros2_ws/src/rrm) by extension 'ignore_ament_install'
[0.181s] Level 1:colcon.colcon_core.package_identification:_identify(/home/dominik/RRM/ros2_ws/src/rrm) by extensions ['colcon_pkg']
[0.181s] Level 1:colcon.colcon_core.package_identification:_identify(/home/dominik/RRM/ros2_ws/src/rrm) by extension 'colcon_pkg'
[0.181s] Level 1:colcon.colcon_core.package_identification:_identify(/home/dominik/RRM/ros2_ws/src/rrm) by extensions ['colcon_meta']
[0.181s] Level 1:colcon.colcon_core.package_identification:_identify(/home/dominik/RRM/ros2_ws/src/rrm) by extension 'colcon_meta'
[0.181s] Level 1:colcon.colcon_core.package_identification:_identify(/home/dominik/RRM/ros2_ws/src/rrm) by extensions ['ros']
[0.181s] Level 1:colcon.colcon_core.package_identification:_identify(/home/dominik/RRM/ros2_ws/src/rrm) by extension 'ros'
[0.181s] Level 1:colcon.colcon_core.package_identification:_identify(/home/dominik/RRM/ros2_ws/src/rrm) by extensions ['cmake', 'python']
[0.181s] Level 1:colcon.colcon_core.package_identification:_identify(/home/dominik/RRM/ros2_ws/src/rrm) by extension 'cmake'
[0.181s] Level 1:colcon.colcon_core.package_identification:_identify(/home/dominik/RRM/ros2_ws/src/rrm) by extension 'python'
[0.181s] Level 1:colcon.colcon_core.package_identification:_identify(/home/dominik/RRM/ros2_ws/src/rrm) by extensions ['python_setup_py']
[0.181s] Level 1:colcon.colcon_core.package_identification:_identify(/home/dominik/RRM/ros2_ws/src/rrm) by extension 'python_setup_py'
[0.181s] Level 1:colcon.colcon_core.package_identification:_identify(/home/dominik/RRM/ros2_ws/src/rrm/rrm_msgs) by extensions ['ignore', 'ignore_ament_install']
[0.181s] Level 1:colcon.colcon_core.package_identification:_identify(/home/dominik/RRM/ros2_ws/src/rrm/rrm_msgs) by extension 'ignore'
[0.181s] Level 1:colcon.colcon_core.package_identification:_identify(/home/dominik/RRM/ros2_ws/src/rrm/rrm_msgs) by extension 'ignore_ament_install'
[0.181s] Level 1:colcon.colcon_core.package_identification:_identify(/home/dominik/RRM/ros2_ws/src/rrm/rrm_msgs) by extensions ['colcon_pkg']
[0.181s] Level 1:colcon.colcon_core.package_identification:_identify(/home/dominik/RRM/ros2_ws/src/rrm/rrm_msgs) by extension 'colcon_pkg'
[0.181s] Level 1:colcon.colcon_core.package_identification:_identify(/home/dominik/RRM/ros2_ws/src/rrm/rrm_msgs) by extensions ['colcon_meta']
[0.181s] Level 1:colcon.colcon_core.package_identification:_identify(/home/dominik/RRM/ros2_ws/src/rrm/rrm_msgs) by extension 'colcon_meta'
[0.181s] Level 1:colcon.colcon_core.package_identification:_identify(/home/dominik/RRM/ros2_ws/src/rrm/rrm_msgs) by extensions ['ros']
[0.181s] Level 1:colcon.colcon_core.package_identification:_identify(/home/dominik/RRM/ros2_ws/src/rrm/rrm_msgs) by extension 'ros'
[0.182s] DEBUG:colcon.colcon_core.package_identification:Package '/home/dominik/RRM/ros2_ws/src/rrm/rrm_msgs' with type 'ros.ament_cmake' and name 'rrm_msgs'
[0.182s] Level 1:colcon.colcon_core.package_identification:_identify(/home/dominik/RRM/ros2_ws/src/rrm/rrm_sim) by extensions ['ignore', 'ignore_ament_install']
[0.182s] Level 1:colcon.colcon_core.package_identification:_identify(/home/dominik/RRM/ros2_ws/src/rrm/rrm_sim) by extension 'ignore'
[0.182s] Level 1:colcon.colcon_core.package_identification:_identify(/home/dominik/RRM/ros2_ws/src/rrm/rrm_sim) by extension 'ignore_ament_install'
[0.182s] Level 1:colcon.colcon_core.package_identification:_identify(/home/dominik/RRM/ros2_ws/src/rrm/rrm_sim) by extensions ['colcon_pkg']
[0.182s] Level 1:colcon.colcon_core.package_identification:_identify(/home/dominik/RRM/ros2_ws/src/rrm/rrm_sim) by extension 'colcon_pkg'
[0.182s] Level 1:colcon.colcon_core.package_identification:_identify(/home/dominik/RRM/ros2_ws/src/rrm/rrm_sim) by extensions ['colcon_meta']
[0.182s] Level 1:colcon.colcon_core.package_identification:_identify(/home/dominik/RRM/ros2_ws/src/rrm/rrm_sim) by extension 'colcon_meta'
[0.182s] Level 1:colcon.colcon_core.package_identification:_identify(/home/dominik/RRM/ros2_ws/src/rrm/rrm_sim) by extensions ['ros']
[0.182s] Level 1:colcon.colcon_core.package_identification:_identify(/home/dominik/RRM/ros2_ws/src/rrm/rrm_sim) by extension 'ros'
[0.184s] DEBUG:colcon.colcon_core.package_identification:Package '/home/dominik/RRM/ros2_ws/src/rrm/rrm_sim' with type 'ros.ament_cmake' and name 'rrm_sim'
[0.184s] Level 1:colcon.colcon_core.package_identification:_identify(/home/dominik/RRM/ros2_ws/src/rrm/rrm_simple_robot_model) by extensions ['ignore', 'ignore_ament_install']
[0.184s] Level 1:colcon.colcon_core.package_identification:_identify(/home/dominik/RRM/ros2_ws/src/rrm/rrm_simple_robot_model) by extension 'ignore'
[0.184s] Level 1:colcon.colcon_core.package_identification:_identify(/home/dominik/RRM/ros2_ws/src/rrm/rrm_simple_robot_model) by extension 'ignore_ament_install'
[0.184s] Level 1:colcon.colcon_core.package_identification:_identify(/home/dominik/RRM/ros2_ws/src/rrm/rrm_simple_robot_model) by extensions ['colcon_pkg']
[0.184s] Level 1:colcon.colcon_core.package_identification:_identify(/home/dominik/RRM/ros2_ws/src/rrm/rrm_simple_robot_model) by extension 'colcon_pkg'
[0.184s] Level 1:colcon.colcon_core.package_identification:_identify(/home/dominik/RRM/ros2_ws/src/rrm/rrm_simple_robot_model) by extensions ['colcon_meta']
[0.184s] Level 1:colcon.colcon_core.package_identification:_identify(/home/dominik/RRM/ros2_ws/src/rrm/rrm_simple_robot_model) by extension 'colcon_meta'
[0.184s] Level 1:colcon.colcon_core.package_identification:_identify(/home/dominik/RRM/ros2_ws/src/rrm/rrm_simple_robot_model) by extensions ['ros']
[0.184s] Level 1:colcon.colcon_core.package_identification:_identify(/home/dominik/RRM/ros2_ws/src/rrm/rrm_simple_robot_model) by extension 'ros'
[0.185s] DEBUG:colcon.colcon_core.package_identification:Package '/home/dominik/RRM/ros2_ws/src/rrm/rrm_simple_robot_model' with type 'ros.ament_cmake' and name 'rrm_simple_robot_model'
[0.185s] Level 1:colcon.colcon_core.package_identification:_identify(/home/dominik/RRM/ros2_ws/src/surani_interface) by extensions ['ignore', 'ignore_ament_install']
[0.185s] Level 1:colcon.colcon_core.package_identification:_identify(/home/dominik/RRM/ros2_ws/src/surani_interface) by extension 'ignore'
[0.185s] Level 1:colcon.colcon_core.package_identification:_identify(/home/dominik/RRM/ros2_ws/src/surani_interface) ignored
[0.185s] Level 1:colcon.colcon_core.package_discovery:discover_packages(recursive) using defaults
