[0.080s] Invoking command in '/home/dominik/RRM/ros2_ws/build/abb_model': CMAKE_PREFIX_PATH=${CMAKE_PREFIX_PATH}:/opt/ros/jazzy DEBUGINFOD_URLS=https://debuginfod.ubuntu.com /usr/bin/cmake --build /home/dominik/RRM/ros2_ws/build/abb_model -- -j16 -l16
[0.194s] Invoked command in '/home/dominik/RRM/ros2_ws/build/abb_model' returned '0': CMAKE_PREFIX_PATH=${CMAKE_PREFIX_PATH}:/opt/ros/jazzy DEBUGINFOD_URLS=https://debuginfod.ubuntu.com /usr/bin/cmake --build /home/dominik/RRM/ros2_ws/build/abb_model -- -j16 -l16
[0.328s] Invoking command in '/home/dominik/RRM/ros2_ws/build/abb_model': CMAKE_PREFIX_PATH=${CMAKE_PREFIX_PATH}:/opt/ros/jazzy DEBUGINFOD_URLS=https://debuginfod.ubuntu.com /usr/bin/cmake --install /home/dominik/RRM/ros2_ws/build/abb_model
[0.403s] -- Install configuration: ""
[0.506s] -- Up-to-date: /home/dominik/RRM/ros2_ws/install/abb_model/share/abb_model/urdf
[0.512s] -- Up-to-date: /home/dominik/RRM/ros2_ws/install/abb_model/share/abb_model/urdf/camera_macro.xacro
[0.513s] -- Up-to-date: /home/dominik/RRM/ros2_ws/install/abb_model/share/abb_model/urdf/camera.xacro
[0.515s] -- Up-to-date: /home/dominik/RRM/ros2_ws/install/abb_model/share/abb_model/urdf/abb_irb4600_60_205.xacro
[0.521s] -- Up-to-date: /home/dominik/RRM/ros2_ws/install/abb_model/share/abb_model/urdf/abb_irb4600_60_205_macro.xacro
[0.522s] -- Up-to-date: /home/dominik/RRM/ros2_ws/install/abb_model/share/abb_model/urdf/robot.urdf
[0.523s] -- Up-to-date: /home/dominik/RRM/ros2_ws/install/abb_model/share/abb_model/config
[0.529s] -- Up-to-date: /home/dominik/RRM/ros2_ws/install/abb_model/share/abb_model/config/urdf.rviz
[0.530s] -- Up-to-date: /home/dominik/RRM/ros2_ws/install/abb_model/share/abb_model/launch
[0.531s] -- Up-to-date: /home/dominik/RRM/ros2_ws/install/abb_model/share/abb_model/launch/test_irb4600.launch.xml
[0.539s] -- Up-to-date: /home/dominik/RRM/ros2_ws/install/abb_model/share/abb_model/launch/test_irb4600.launch.py
[0.540s] -- Up-to-date: /home/dominik/RRM/ros2_ws/install/abb_model/share/abb_model/launch/rsp_irb4600.launch.xml
[0.541s] -- Up-to-date: /home/dominik/RRM/ros2_ws/install/abb_model/share/abb_model/launch/rsp_irb4600.launch.py
[0.544s] -- Up-to-date: /home/dominik/RRM/ros2_ws/install/abb_model/share/abb_model/meshes
[0.545s] -- Up-to-date: /home/dominik/RRM/ros2_ws/install/abb_model/share/abb_model/meshes/abb_irb4600_60_205
[0.546s] -- Up-to-date: /home/dominik/RRM/ros2_ws/install/abb_model/share/abb_model/meshes/abb_irb4600_60_205/collision
[0.551s] -- Up-to-date: /home/dominik/RRM/ros2_ws/install/abb_model/share/abb_model/meshes/abb_irb4600_60_205/collision/link_1.stl
[0.552s] -- Up-to-date: /home/dominik/RRM/ros2_ws/install/abb_model/share/abb_model/meshes/abb_irb4600_60_205/collision/link_5.stl
[0.553s] -- Up-to-date: /home/dominik/RRM/ros2_ws/install/abb_model/share/abb_model/meshes/abb_irb4600_60_205/collision/base_link.stl
[0.560s] -- Up-to-date: /home/dominik/RRM/ros2_ws/install/abb_model/share/abb_model/meshes/abb_irb4600_60_205/collision/link_4.stl
[0.562s] -- Up-to-date: /home/dominik/RRM/ros2_ws/install/abb_model/share/abb_model/meshes/abb_irb4600_60_205/collision/link_2.stl
[0.563s] -- Up-to-date: /home/dominik/RRM/ros2_ws/install/abb_model/share/abb_model/meshes/abb_irb4600_60_205/collision/link_3.stl
[0.568s] -- Up-to-date: /home/dominik/RRM/ros2_ws/install/abb_model/share/abb_model/meshes/abb_irb4600_60_205/collision/link_6.stl
[0.576s] -- Up-to-date: /home/dominik/RRM/ros2_ws/install/abb_model/share/abb_model/meshes/abb_irb4600_60_205/collision/mount.stl
[0.577s] -- Up-to-date: /home/dominik/RRM/ros2_ws/install/abb_model/share/abb_model/meshes/abb_irb4600_60_205/visual
[0.585s] -- Up-to-date: /home/dominik/RRM/ros2_ws/install/abb_model/share/abb_model/meshes/abb_irb4600_60_205/visual/link_1.stl
[0.586s] -- Up-to-date: /home/dominik/RRM/ros2_ws/install/abb_model/share/abb_model/meshes/abb_irb4600_60_205/visual/link_5.stl
[0.587s] -- Up-to-date: /home/dominik/RRM/ros2_ws/install/abb_model/share/abb_model/meshes/abb_irb4600_60_205/visual/base_link.stl
[0.595s] -- Up-to-date: /home/dominik/RRM/ros2_ws/install/abb_model/share/abb_model/meshes/abb_irb4600_60_205/visual/link_4.stl
[0.596s] -- Up-to-date: /home/dominik/RRM/ros2_ws/install/abb_model/share/abb_model/meshes/abb_irb4600_60_205/visual/link_2.stl
[0.598s] -- Up-to-date: /home/dominik/RRM/ros2_ws/install/abb_model/share/abb_model/meshes/abb_irb4600_60_205/visual/link_3.stl
[0.599s] -- Up-to-date: /home/dominik/RRM/ros2_ws/install/abb_model/share/abb_model/meshes/abb_irb4600_60_205/visual/link_6.stl
[0.600s] -- Up-to-date: /home/dominik/RRM/ros2_ws/install/abb_model/share/abb_model/meshes/abb_irb4600_60_205/visual/mount.stl
[0.618s] -- Up-to-date: /home/dominik/RRM/ros2_ws/install/abb_model/share/abb_model/meshes/kinect
[0.619s] -- Up-to-date: /home/dominik/RRM/ros2_ws/install/abb_model/share/abb_model/meshes/kinect/collision
[0.628s] -- Up-to-date: /home/dominik/RRM/ros2_ws/install/abb_model/share/abb_model/meshes/kinect/collision/kinect_sensor.stl
[0.630s] -- Up-to-date: /home/dominik/RRM/ros2_ws/install/abb_model/share/abb_model/meshes/kinect/collision/kinect_sensor_empty.stl
[0.631s] -- Up-to-date: /home/dominik/RRM/ros2_ws/install/abb_model/share/abb_model/meshes/kinect/visual
[0.636s] -- Up-to-date: /home/dominik/RRM/ros2_ws/install/abb_model/share/abb_model/meshes/kinect/visual/kinect_sensor.stl
[0.647s] -- Up-to-date: /home/dominik/RRM/ros2_ws/install/abb_model/share/abb_model/meshes/kinect/visual/kinect_sensor_empty.stl
[0.649s] -- Up-to-date: /home/dominik/RRM/ros2_ws/install/abb_model/share/ament_index/resource_index/package_run_dependencies/abb_model
[0.650s] -- Up-to-date: /home/dominik/RRM/ros2_ws/install/abb_model/share/ament_index/resource_index/parent_prefix_path/abb_model
[0.653s] -- Up-to-date: /home/dominik/RRM/ros2_ws/install/abb_model/share/abb_model/environment/ament_prefix_path.sh
[0.657s] -- Up-to-date: /home/dominik/RRM/ros2_ws/install/abb_model/share/abb_model/environment/ament_prefix_path.dsv
[0.658s] -- Up-to-date: /home/dominik/RRM/ros2_ws/install/abb_model/share/abb_model/environment/path.sh
[0.659s] -- Up-to-date: /home/dominik/RRM/ros2_ws/install/abb_model/share/abb_model/environment/path.dsv
[0.669s] -- Up-to-date: /home/dominik/RRM/ros2_ws/install/abb_model/share/abb_model/local_setup.bash
[0.676s] -- Up-to-date: /home/dominik/RRM/ros2_ws/install/abb_model/share/abb_model/local_setup.sh
[0.677s] -- Up-to-date: /home/dominik/RRM/ros2_ws/install/abb_model/share/abb_model/local_setup.zsh
[0.679s] -- Up-to-date: /home/dominik/RRM/ros2_ws/install/abb_model/share/abb_model/local_setup.dsv
[0.683s] -- Installing: /home/dominik/RRM/ros2_ws/install/abb_model/share/abb_model/package.dsv
[0.685s] -- Up-to-date: /home/dominik/RRM/ros2_ws/install/abb_model/share/ament_index/resource_index/packages/abb_model
[0.686s] -- Up-to-date: /home/dominik/RRM/ros2_ws/install/abb_model/share/abb_model/cmake/abb_modelConfig.cmake
[0.694s] -- Up-to-date: /home/dominik/RRM/ros2_ws/install/abb_model/share/abb_model/cmake/abb_modelConfig-version.cmake
[0.705s] -- Up-to-date: /home/dominik/RRM/ros2_ws/install/abb_model/share/abb_model/package.xml
[0.738s] Invoked command in '/home/dominik/RRM/ros2_ws/build/abb_model' returned '0': CMAKE_PREFIX_PATH=${CMAKE_PREFIX_PATH}:/opt/ros/jazzy DEBUGINFOD_URLS=https://debuginfod.ubuntu.com /usr/bin/cmake --install /home/dominik/RRM/ros2_ws/build/abb_model
