[0.063s] Invoking command in '/home/dominik/RRM/ros2_ws/build/zad2': CMAKE_PREFIX_PATH=${CMAKE_PREFIX_PATH}:/opt/ros/jazzy DEBUGINFOD_URLS=https://debuginfod.ubuntu.com /usr/bin/cmake --build /home/dominik/RRM/ros2_ws/build/zad2 -- -j16 -l16
[0.112s] -- Found ament_cmake: 2.5.2 (/opt/ros/jazzy/share/ament_cmake/cmake)
[0.586s] -- Found rclcpp: 28.1.5 (/opt/ros/jazzy/share/rclcpp/cmake)
[0.630s] -- Found rosidl_generator_c: 4.6.4 (/opt/ros/jazzy/share/rosidl_generator_c/cmake)
[0.648s] -- Found rosidl_generator_cpp: 4.6.4 (/opt/ros/jazzy/share/rosidl_generator_cpp/cmake)
[0.668s] -- Using all available rosidl_typesupport_c: rosidl_typesupport_fastrtps_c;rosidl_typesupport_introspection_c
[0.690s] -- Using all available rosidl_typesupport_cpp: rosidl_typesupport_fastrtps_cpp;rosidl_typesupport_introspection_cpp
[0.794s] -- Found rmw_implementation_cmake: 7.3.1 (/opt/ros/jazzy/share/rmw_implementation_cmake/cmake)
[0.797s] -- Found rmw_fastrtps_cpp: 8.4.1 (/opt/ros/jazzy/share/rmw_fastrtps_cpp/cmake)
[0.918s] -- Using RMW implementation 'rmw_fastrtps_cpp' as default
[1.041s] -- Found sensor_msgs: 5.3.5 (/opt/ros/jazzy/share/sensor_msgs/cmake)
[1.141s] -- Found std_srvs: 5.3.5 (/opt/ros/jazzy/share/std_srvs/cmake)
[1.183s] -- Found ament_lint_auto: 0.17.1 (/opt/ros/jazzy/share/ament_lint_auto/cmake)
[1.387s] -- Added test 'cppcheck' to perform static code analysis on C / C++ code
[1.387s] -- Configured cppcheck include dirs: $<BUILD_INTERFACE:/home/dominik/RRM/ros2_ws/src/zad2/include>
[1.387s] -- Configured cppcheck exclude dirs and/or files: 
[1.393s] -- Added test 'lint_cmake' to check CMake code style
[1.409s] -- Added test 'uncrustify' to check C / C++ code style
[1.410s] -- Configured uncrustify additional arguments: 
[1.412s] -- Added test 'xmllint' to check XML markup files
[1.413s] -- Configuring done (1.3s)
[1.435s] -- Generating done (0.0s)
[1.438s] -- Build files have been written to: /home/dominik/RRM/ros2_ws/build/zad2
[1.507s] [100%] Built target zad2_node
[1.526s] Invoked command in '/home/dominik/RRM/ros2_ws/build/zad2' returned '0': CMAKE_PREFIX_PATH=${CMAKE_PREFIX_PATH}:/opt/ros/jazzy DEBUGINFOD_URLS=https://debuginfod.ubuntu.com /usr/bin/cmake --build /home/dominik/RRM/ros2_ws/build/zad2 -- -j16 -l16
[1.556s] Invoking command in '/home/dominik/RRM/ros2_ws/build/zad2': CMAKE_PREFIX_PATH=${CMAKE_PREFIX_PATH}:/opt/ros/jazzy DEBUGINFOD_URLS=https://debuginfod.ubuntu.com /usr/bin/cmake --install /home/dominik/RRM/ros2_ws/build/zad2
[1.565s] -- Install configuration: ""
[1.566s] -- Up-to-date: /home/dominik/RRM/ros2_ws/install/zad2/lib/zad2/zad2_node
[1.566s] -- Installing: /home/dominik/RRM/ros2_ws/install/zad2/share/zad2/launch
[1.566s] -- Installing: /home/dominik/RRM/ros2_ws/install/zad2/share/zad2/launch/zad2.launch.xml
[1.566s] -- Up-to-date: /home/dominik/RRM/ros2_ws/install/zad2/lib/zad2/zad2_node
[1.567s] -- Up-to-date: /home/dominik/RRM/ros2_ws/install/zad2/share/ament_index/resource_index/package_run_dependencies/zad2
[1.567s] -- Up-to-date: /home/dominik/RRM/ros2_ws/install/zad2/share/ament_index/resource_index/parent_prefix_path/zad2
[1.567s] -- Up-to-date: /home/dominik/RRM/ros2_ws/install/zad2/share/zad2/environment/ament_prefix_path.sh
[1.567s] -- Up-to-date: /home/dominik/RRM/ros2_ws/install/zad2/share/zad2/environment/ament_prefix_path.dsv
[1.567s] -- Up-to-date: /home/dominik/RRM/ros2_ws/install/zad2/share/zad2/environment/path.sh
[1.567s] -- Up-to-date: /home/dominik/RRM/ros2_ws/install/zad2/share/zad2/environment/path.dsv
[1.567s] -- Up-to-date: /home/dominik/RRM/ros2_ws/install/zad2/share/zad2/local_setup.bash
[1.567s] -- Up-to-date: /home/dominik/RRM/ros2_ws/install/zad2/share/zad2/local_setup.sh
[1.567s] -- Up-to-date: /home/dominik/RRM/ros2_ws/install/zad2/share/zad2/local_setup.zsh
[1.567s] -- Up-to-date: /home/dominik/RRM/ros2_ws/install/zad2/share/zad2/local_setup.dsv
[1.567s] -- Installing: /home/dominik/RRM/ros2_ws/install/zad2/share/zad2/package.dsv
[1.568s] -- Up-to-date: /home/dominik/RRM/ros2_ws/install/zad2/share/ament_index/resource_index/packages/zad2
[1.568s] -- Up-to-date: /home/dominik/RRM/ros2_ws/install/zad2/share/zad2/cmake/ament_cmake_export_include_directories-extras.cmake
[1.568s] -- Up-to-date: /home/dominik/RRM/ros2_ws/install/zad2/share/zad2/cmake/ament_cmake_export_dependencies-extras.cmake
[1.568s] -- Up-to-date: /home/dominik/RRM/ros2_ws/install/zad2/share/zad2/cmake/zad2Config.cmake
[1.568s] -- Up-to-date: /home/dominik/RRM/ros2_ws/install/zad2/share/zad2/cmake/zad2Config-version.cmake
[1.568s] -- Up-to-date: /home/dominik/RRM/ros2_ws/install/zad2/share/zad2/package.xml
[1.573s] Invoked command in '/home/dominik/RRM/ros2_ws/build/zad2' returned '0': CMAKE_PREFIX_PATH=${CMAKE_PREFIX_PATH}:/opt/ros/jazzy DEBUGINFOD_URLS=https://debuginfod.ubuntu.com /usr/bin/cmake --install /home/dominik/RRM/ros2_ws/build/zad2
