[0.014s] Invoking command in '/home/dominik/RRM/ros2_ws/build/ik_solver_example': CMAKE_PREFIX_PATH=/home/dominik/RRM/ros2_ws/install/abb_irb4600_ikfast:/home/dominik/RRM/ros2_ws/install/ik_solver_example:/home/dominik/RRM/ros2_ws/install/abb_moveit_config:/home/dominik/RRM/ros2_ws/install/zad2:/home/dominik/RRM/ros2_ws/install/trajectory_visualization:/home/dominik/RRM/ros2_ws/install/surani_interface:/home/dominik/RRM/ros2_ws/install/block1_surani:/home/dominik/RRM/ros2_ws/install/rrm_simple_robot_model:/home/dominik/RRM/ros2_ws/install/rrm_sim:/home/dominik/RRM/ros2_ws/install/block1_suraniV2:/home/dominik/RRM/ros2_ws/install/rrm_msgs:/home/dominik/RRM/ros2_ws/install/eigen_example:/home/dominik/RRM/ros2_ws/install/cv1:/home/dominik/RRM/ros2_ws/install/abb_model:/home/dominik/RRM/ros2_ws/install/Surani_interface:/home/dominik/RRM/zad1/install/zad1:/opt/ros/jazzy/opt/sdformat_vendor:/opt/ros/jazzy/opt/gz_math_vendor:/opt/ros/jazzy/opt/gz_utils_vendor:/opt/ros/jazzy/opt/gz_tools_vendor:/opt/ros/jazzy/opt/gz_cmake_vendor:/opt/ros/jazzy DEBUGINFOD_URLS=https://debuginfod.ubuntu.com /usr/bin/cmake /home/dominik/RRM/ros2_ws/src/ik_solver_example -DCMAKE_INSTALL_PREFIX=/home/dominik/RRM/ros2_ws/install/ik_solver_example
[0.081s] -- The C compiler identification is GNU 13.2.0
[0.152s] -- The CXX compiler identification is GNU 13.2.0
[0.173s] -- Detecting C compiler ABI info
[0.277s] -- Detecting C compiler ABI info - done
[0.292s] -- Check for working C compiler: /usr/bin/cc - skipped
[0.292s] -- Detecting C compile features
[0.293s] -- Detecting C compile features - done
[0.307s] -- Detecting CXX compiler ABI info
[0.436s] -- Detecting CXX compiler ABI info - done
[0.445s] -- Check for working CXX compiler: /usr/bin/c++ - skipped
[0.445s] -- Detecting CXX compile features
[0.446s] -- Detecting CXX compile features - done
[0.452s] -- Found ament_cmake: 2.5.2 (/opt/ros/jazzy/share/ament_cmake/cmake)
[0.653s] -- Found Python3: /usr/bin/python3 (found version "3.12.3") found components: Interpreter 
[0.796s] -- Found rclcpp: 28.1.5 (/opt/ros/jazzy/share/rclcpp/cmake)
[0.854s] -- Found rosidl_generator_c: 4.6.4 (/opt/ros/jazzy/share/rosidl_generator_c/cmake)
[0.873s] -- Found rosidl_generator_cpp: 4.6.4 (/opt/ros/jazzy/share/rosidl_generator_cpp/cmake)
[0.895s] -- Using all available rosidl_typesupport_c: rosidl_typesupport_fastrtps_c;rosidl_typesupport_introspection_c
[0.919s] -- Using all available rosidl_typesupport_cpp: rosidl_typesupport_fastrtps_cpp;rosidl_typesupport_introspection_cpp
[1.020s] -- Found rmw_implementation_cmake: 7.3.1 (/opt/ros/jazzy/share/rmw_implementation_cmake/cmake)
[1.026s] -- Found rmw_fastrtps_cpp: 8.4.1 (/opt/ros/jazzy/share/rmw_fastrtps_cpp/cmake)
[1.128s] -- Found OpenSSL: /usr/lib/x86_64-linux-gnu/libcrypto.so (found version "3.0.13")  
[1.154s] -- Found FastRTPS: /opt/ros/jazzy/include (Required is at least version "2.13") 
[1.181s] -- Using RMW implementation 'rmw_fastrtps_cpp' as default
[1.290s] -- Found abb_irb4600_ikfast: 0.0.0 (/home/dominik/RRM/ros2_ws/install/abb_irb4600_ikfast/share/abb_irb4600_ikfast/cmake)
[1.304s] -- Found ament_lint_auto: 0.17.1 (/opt/ros/jazzy/share/ament_lint_auto/cmake)
[1.448s] -- Added test 'copyright' to check source files copyright and LICENSE
[1.450s] -- Added test 'cppcheck' to perform static code analysis on C / C++ code
[1.450s] -- Configured cppcheck include dirs: $<BUILD_INTERFACE:/home/dominik/RRM/ros2_ws/src/ik_solver_example/include>
[1.451s] -- Configured cppcheck exclude dirs and/or files: 
[1.452s] -- Added test 'lint_cmake' to check CMake code style
[1.454s] -- Added test 'uncrustify' to check C / C++ code style
[1.454s] -- Configured uncrustify additional arguments: 
[1.455s] -- Added test 'xmllint' to check XML markup files
[1.458s] -- Configuring done (1.4s)
[1.471s] -- Generating done (0.0s)
[1.476s] -- Build files have been written to: /home/dominik/RRM/ros2_ws/build/ik_solver_example
[1.487s] Invoked command in '/home/dominik/RRM/ros2_ws/build/ik_solver_example' returned '0': CMAKE_PREFIX_PATH=/home/dominik/RRM/ros2_ws/install/abb_irb4600_ikfast:/home/dominik/RRM/ros2_ws/install/ik_solver_example:/home/dominik/RRM/ros2_ws/install/abb_moveit_config:/home/dominik/RRM/ros2_ws/install/zad2:/home/dominik/RRM/ros2_ws/install/trajectory_visualization:/home/dominik/RRM/ros2_ws/install/surani_interface:/home/dominik/RRM/ros2_ws/install/block1_surani:/home/dominik/RRM/ros2_ws/install/rrm_simple_robot_model:/home/dominik/RRM/ros2_ws/install/rrm_sim:/home/dominik/RRM/ros2_ws/install/block1_suraniV2:/home/dominik/RRM/ros2_ws/install/rrm_msgs:/home/dominik/RRM/ros2_ws/install/eigen_example:/home/dominik/RRM/ros2_ws/install/cv1:/home/dominik/RRM/ros2_ws/install/abb_model:/home/dominik/RRM/ros2_ws/install/Surani_interface:/home/dominik/RRM/zad1/install/zad1:/opt/ros/jazzy/opt/sdformat_vendor:/opt/ros/jazzy/opt/gz_math_vendor:/opt/ros/jazzy/opt/gz_utils_vendor:/opt/ros/jazzy/opt/gz_tools_vendor:/opt/ros/jazzy/opt/gz_cmake_vendor:/opt/ros/jazzy DEBUGINFOD_URLS=https://debuginfod.ubuntu.com /usr/bin/cmake /home/dominik/RRM/ros2_ws/src/ik_solver_example -DCMAKE_INSTALL_PREFIX=/home/dominik/RRM/ros2_ws/install/ik_solver_example
[1.488s] Invoking command in '/home/dominik/RRM/ros2_ws/build/ik_solver_example': CMAKE_PREFIX_PATH=/home/dominik/RRM/ros2_ws/install/abb_irb4600_ikfast:/home/dominik/RRM/ros2_ws/install/ik_solver_example:/home/dominik/RRM/ros2_ws/install/abb_moveit_config:/home/dominik/RRM/ros2_ws/install/zad2:/home/dominik/RRM/ros2_ws/install/trajectory_visualization:/home/dominik/RRM/ros2_ws/install/surani_interface:/home/dominik/RRM/ros2_ws/install/block1_surani:/home/dominik/RRM/ros2_ws/install/rrm_simple_robot_model:/home/dominik/RRM/ros2_ws/install/rrm_sim:/home/dominik/RRM/ros2_ws/install/block1_suraniV2:/home/dominik/RRM/ros2_ws/install/rrm_msgs:/home/dominik/RRM/ros2_ws/install/eigen_example:/home/dominik/RRM/ros2_ws/install/cv1:/home/dominik/RRM/ros2_ws/install/abb_model:/home/dominik/RRM/ros2_ws/install/Surani_interface:/home/dominik/RRM/zad1/install/zad1:/opt/ros/jazzy/opt/sdformat_vendor:/opt/ros/jazzy/opt/gz_math_vendor:/opt/ros/jazzy/opt/gz_utils_vendor:/opt/ros/jazzy/opt/gz_tools_vendor:/opt/ros/jazzy/opt/gz_cmake_vendor:/opt/ros/jazzy DEBUGINFOD_URLS=https://debuginfod.ubuntu.com /usr/bin/cmake --build /home/dominik/RRM/ros2_ws/build/ik_solver_example -- -j16 -l16
[1.547s] [ 50%] [32mBuilding CXX object CMakeFiles/ik_solver_example.dir/src/ik_solver_example.cpp.o[0m
[7.376s] [100%] [32m[1mLinking CXX executable ik_solver_example[0m
[7.555s] [100%] Built target ik_solver_example
[7.569s] Invoked command in '/home/dominik/RRM/ros2_ws/build/ik_solver_example' returned '0': CMAKE_PREFIX_PATH=/home/dominik/RRM/ros2_ws/install/abb_irb4600_ikfast:/home/dominik/RRM/ros2_ws/install/ik_solver_example:/home/dominik/RRM/ros2_ws/install/abb_moveit_config:/home/dominik/RRM/ros2_ws/install/zad2:/home/dominik/RRM/ros2_ws/install/trajectory_visualization:/home/dominik/RRM/ros2_ws/install/surani_interface:/home/dominik/RRM/ros2_ws/install/block1_surani:/home/dominik/RRM/ros2_ws/install/rrm_simple_robot_model:/home/dominik/RRM/ros2_ws/install/rrm_sim:/home/dominik/RRM/ros2_ws/install/block1_suraniV2:/home/dominik/RRM/ros2_ws/install/rrm_msgs:/home/dominik/RRM/ros2_ws/install/eigen_example:/home/dominik/RRM/ros2_ws/install/cv1:/home/dominik/RRM/ros2_ws/install/abb_model:/home/dominik/RRM/ros2_ws/install/Surani_interface:/home/dominik/RRM/zad1/install/zad1:/opt/ros/jazzy/opt/sdformat_vendor:/opt/ros/jazzy/opt/gz_math_vendor:/opt/ros/jazzy/opt/gz_utils_vendor:/opt/ros/jazzy/opt/gz_tools_vendor:/opt/ros/jazzy/opt/gz_cmake_vendor:/opt/ros/jazzy DEBUGINFOD_URLS=https://debuginfod.ubuntu.com /usr/bin/cmake --build /home/dominik/RRM/ros2_ws/build/ik_solver_example -- -j16 -l16
[7.570s] Invoking command in '/home/dominik/RRM/ros2_ws/build/ik_solver_example': CMAKE_PREFIX_PATH=/home/dominik/RRM/ros2_ws/install/abb_irb4600_ikfast:/home/dominik/RRM/ros2_ws/install/ik_solver_example:/home/dominik/RRM/ros2_ws/install/abb_moveit_config:/home/dominik/RRM/ros2_ws/install/zad2:/home/dominik/RRM/ros2_ws/install/trajectory_visualization:/home/dominik/RRM/ros2_ws/install/surani_interface:/home/dominik/RRM/ros2_ws/install/block1_surani:/home/dominik/RRM/ros2_ws/install/rrm_simple_robot_model:/home/dominik/RRM/ros2_ws/install/rrm_sim:/home/dominik/RRM/ros2_ws/install/block1_suraniV2:/home/dominik/RRM/ros2_ws/install/rrm_msgs:/home/dominik/RRM/ros2_ws/install/eigen_example:/home/dominik/RRM/ros2_ws/install/cv1:/home/dominik/RRM/ros2_ws/install/abb_model:/home/dominik/RRM/ros2_ws/install/Surani_interface:/home/dominik/RRM/zad1/install/zad1:/opt/ros/jazzy/opt/sdformat_vendor:/opt/ros/jazzy/opt/gz_math_vendor:/opt/ros/jazzy/opt/gz_utils_vendor:/opt/ros/jazzy/opt/gz_tools_vendor:/opt/ros/jazzy/opt/gz_cmake_vendor:/opt/ros/jazzy DEBUGINFOD_URLS=https://debuginfod.ubuntu.com /usr/bin/cmake --install /home/dominik/RRM/ros2_ws/build/ik_solver_example
[7.579s] -- Install configuration: ""
[7.579s] -- Installing: /home/dominik/RRM/ros2_ws/install/ik_solver_example/lib/ik_solver_example/ik_solver_example
[7.582s] -- Set non-toolchain portion of runtime path of "/home/dominik/RRM/ros2_ws/install/ik_solver_example/lib/ik_solver_example/ik_solver_example" to ""
[7.582s] -- Installing: /home/dominik/RRM/ros2_ws/install/ik_solver_example/share/ament_index/resource_index/package_run_dependencies/ik_solver_example
[7.582s] -- Installing: /home/dominik/RRM/ros2_ws/install/ik_solver_example/share/ament_index/resource_index/parent_prefix_path/ik_solver_example
[7.582s] -- Up-to-date: /home/dominik/RRM/ros2_ws/install/ik_solver_example/share/ik_solver_example/environment/ament_prefix_path.sh
[7.582s] -- Installing: /home/dominik/RRM/ros2_ws/install/ik_solver_example/share/ik_solver_example/environment/ament_prefix_path.dsv
[7.583s] -- Up-to-date: /home/dominik/RRM/ros2_ws/install/ik_solver_example/share/ik_solver_example/environment/path.sh
[7.583s] -- Installing: /home/dominik/RRM/ros2_ws/install/ik_solver_example/share/ik_solver_example/environment/path.dsv
[7.583s] -- Installing: /home/dominik/RRM/ros2_ws/install/ik_solver_example/share/ik_solver_example/local_setup.bash
[7.583s] -- Installing: /home/dominik/RRM/ros2_ws/install/ik_solver_example/share/ik_solver_example/local_setup.sh
[7.583s] -- Installing: /home/dominik/RRM/ros2_ws/install/ik_solver_example/share/ik_solver_example/local_setup.zsh
[7.583s] -- Installing: /home/dominik/RRM/ros2_ws/install/ik_solver_example/share/ik_solver_example/local_setup.dsv
[7.583s] -- Installing: /home/dominik/RRM/ros2_ws/install/ik_solver_example/share/ik_solver_example/package.dsv
[7.584s] -- Installing: /home/dominik/RRM/ros2_ws/install/ik_solver_example/share/ament_index/resource_index/packages/ik_solver_example
[7.584s] -- Installing: /home/dominik/RRM/ros2_ws/install/ik_solver_example/share/ik_solver_example/cmake/ik_solver_exampleConfig.cmake
[7.584s] -- Installing: /home/dominik/RRM/ros2_ws/install/ik_solver_example/share/ik_solver_example/cmake/ik_solver_exampleConfig-version.cmake
[7.584s] -- Up-to-date: /home/dominik/RRM/ros2_ws/install/ik_solver_example/share/ik_solver_example/package.xml
[7.586s] Invoked command in '/home/dominik/RRM/ros2_ws/build/ik_solver_example' returned '0': CMAKE_PREFIX_PATH=/home/dominik/RRM/ros2_ws/install/abb_irb4600_ikfast:/home/dominik/RRM/ros2_ws/install/ik_solver_example:/home/dominik/RRM/ros2_ws/install/abb_moveit_config:/home/dominik/RRM/ros2_ws/install/zad2:/home/dominik/RRM/ros2_ws/install/trajectory_visualization:/home/dominik/RRM/ros2_ws/install/surani_interface:/home/dominik/RRM/ros2_ws/install/block1_surani:/home/dominik/RRM/ros2_ws/install/rrm_simple_robot_model:/home/dominik/RRM/ros2_ws/install/rrm_sim:/home/dominik/RRM/ros2_ws/install/block1_suraniV2:/home/dominik/RRM/ros2_ws/install/rrm_msgs:/home/dominik/RRM/ros2_ws/install/eigen_example:/home/dominik/RRM/ros2_ws/install/cv1:/home/dominik/RRM/ros2_ws/install/abb_model:/home/dominik/RRM/ros2_ws/install/Surani_interface:/home/dominik/RRM/zad1/install/zad1:/opt/ros/jazzy/opt/sdformat_vendor:/opt/ros/jazzy/opt/gz_math_vendor:/opt/ros/jazzy/opt/gz_utils_vendor:/opt/ros/jazzy/opt/gz_tools_vendor:/opt/ros/jazzy/opt/gz_cmake_vendor:/opt/ros/jazzy DEBUGINFOD_URLS=https://debuginfod.ubuntu.com /usr/bin/cmake --install /home/dominik/RRM/ros2_ws/build/ik_solver_example
