[0.094s] Invoking command in '/home/dominik/RRM/ros2_ws/build/abb_model': CMAKE_PREFIX_PATH=${CMAKE_PREFIX_PATH}:/opt/ros/jazzy DEBUGINFOD_URLS=https://debuginfod.ubuntu.com /usr/bin/cmake --build /home/dominik/RRM/ros2_ws/build/abb_model -- -j16 -l16
[0.284s] Invoked command in '/home/dominik/RRM/ros2_ws/build/abb_model' returned '0': CMAKE_PREFIX_PATH=${CMAKE_PREFIX_PATH}:/opt/ros/jazzy DEBUGINFOD_URLS=https://debuginfod.ubuntu.com /usr/bin/cmake --build /home/dominik/RRM/ros2_ws/build/abb_model -- -j16 -l16
[0.500s] Invoking command in '/home/dominik/RRM/ros2_ws/build/abb_model': CMAKE_PREFIX_PATH=${CMAKE_PREFIX_PATH}:/opt/ros/jazzy DEBUGINFOD_URLS=https://debuginfod.ubuntu.com /usr/bin/cmake --install /home/dominik/RRM/ros2_ws/build/abb_model
[0.688s] -- Install configuration: ""
[0.689s] -- Up-to-date: /home/dominik/RRM/ros2_ws/install/abb_model/share/abb_model/urdf
[0.695s] -- Up-to-date: /home/dominik/RRM/ros2_ws/install/abb_model/share/abb_model/urdf/camera_macro.xacro
[0.695s] -- Up-to-date: /home/dominik/RRM/ros2_ws/install/abb_model/share/abb_model/urdf/camera.xacro
[0.700s] -- Up-to-date: /home/dominik/RRM/ros2_ws/install/abb_model/share/abb_model/urdf/abb_irb4600_60_205.xacro
[0.701s] -- Up-to-date: /home/dominik/RRM/ros2_ws/install/abb_model/share/abb_model/urdf/abb_irb4600_60_205_macro.xacro
[0.702s] -- Up-to-date: /home/dominik/RRM/ros2_ws/install/abb_model/share/abb_model/urdf/robot.urdf
[0.703s] -- Up-to-date: /home/dominik/RRM/ros2_ws/install/abb_model/share/abb_model/config
[0.703s] -- Up-to-date: /home/dominik/RRM/ros2_ws/install/abb_model/share/abb_model/config/urdf.rviz
[0.704s] -- Up-to-date: /home/dominik/RRM/ros2_ws/install/abb_model/share/abb_model/launch
[0.711s] -- Up-to-date: /home/dominik/RRM/ros2_ws/install/abb_model/share/abb_model/launch/test_irb4600.launch.xml
[0.712s] -- Up-to-date: /home/dominik/RRM/ros2_ws/install/abb_model/share/abb_model/launch/test_irb4600.launch.py
[0.721s] -- Up-to-date: /home/dominik/RRM/ros2_ws/install/abb_model/share/abb_model/launch/rsp_irb4600.launch.xml
[0.722s] -- Up-to-date: /home/dominik/RRM/ros2_ws/install/abb_model/share/abb_model/launch/rsp_irb4600.launch.py
[0.722s] -- Up-to-date: /home/dominik/RRM/ros2_ws/install/abb_model/share/abb_model/meshes
[0.723s] -- Up-to-date: /home/dominik/RRM/ros2_ws/install/abb_model/share/abb_model/meshes/abb_irb4600_60_205
[0.723s] -- Up-to-date: /home/dominik/RRM/ros2_ws/install/abb_model/share/abb_model/meshes/abb_irb4600_60_205/collision
[0.725s] -- Up-to-date: /home/dominik/RRM/ros2_ws/install/abb_model/share/abb_model/meshes/abb_irb4600_60_205/collision/link_1.stl
[0.726s] -- Up-to-date: /home/dominik/RRM/ros2_ws/install/abb_model/share/abb_model/meshes/abb_irb4600_60_205/collision/link_5.stl
[0.726s] -- Up-to-date: /home/dominik/RRM/ros2_ws/install/abb_model/share/abb_model/meshes/abb_irb4600_60_205/collision/base_link.stl
[0.727s] -- Up-to-date: /home/dominik/RRM/ros2_ws/install/abb_model/share/abb_model/meshes/abb_irb4600_60_205/collision/link_4.stl
[0.728s] -- Up-to-date: /home/dominik/RRM/ros2_ws/install/abb_model/share/abb_model/meshes/abb_irb4600_60_205/collision/link_2.stl
[0.733s] -- Up-to-date: /home/dominik/RRM/ros2_ws/install/abb_model/share/abb_model/meshes/abb_irb4600_60_205/collision/link_3.stl
[0.734s] -- Up-to-date: /home/dominik/RRM/ros2_ws/install/abb_model/share/abb_model/meshes/abb_irb4600_60_205/collision/link_6.stl
[0.735s] -- Up-to-date: /home/dominik/RRM/ros2_ws/install/abb_model/share/abb_model/meshes/abb_irb4600_60_205/collision/mount.stl
[0.740s] -- Up-to-date: /home/dominik/RRM/ros2_ws/install/abb_model/share/abb_model/meshes/abb_irb4600_60_205/visual
[0.740s] -- Up-to-date: /home/dominik/RRM/ros2_ws/install/abb_model/share/abb_model/meshes/abb_irb4600_60_205/visual/link_1.stl
[0.741s] -- Up-to-date: /home/dominik/RRM/ros2_ws/install/abb_model/share/abb_model/meshes/abb_irb4600_60_205/visual/link_5.stl
[0.741s] -- Up-to-date: /home/dominik/RRM/ros2_ws/install/abb_model/share/abb_model/meshes/abb_irb4600_60_205/visual/base_link.stl
[0.742s] -- Up-to-date: /home/dominik/RRM/ros2_ws/install/abb_model/share/abb_model/meshes/abb_irb4600_60_205/visual/link_4.stl
[0.748s] -- Up-to-date: /home/dominik/RRM/ros2_ws/install/abb_model/share/abb_model/meshes/abb_irb4600_60_205/visual/link_2.stl
[0.750s] -- Up-to-date: /home/dominik/RRM/ros2_ws/install/abb_model/share/abb_model/meshes/abb_irb4600_60_205/visual/link_3.stl
[0.751s] -- Up-to-date: /home/dominik/RRM/ros2_ws/install/abb_model/share/abb_model/meshes/abb_irb4600_60_205/visual/link_6.stl
[0.760s] -- Up-to-date: /home/dominik/RRM/ros2_ws/install/abb_model/share/abb_model/meshes/abb_irb4600_60_205/visual/mount.stl
[0.779s] -- Up-to-date: /home/dominik/RRM/ros2_ws/install/abb_model/share/abb_model/meshes/kinect
[0.791s] -- Up-to-date: /home/dominik/RRM/ros2_ws/install/abb_model/share/abb_model/meshes/kinect/collision
[0.793s] -- Up-to-date: /home/dominik/RRM/ros2_ws/install/abb_model/share/abb_model/meshes/kinect/collision/kinect_sensor.stl
[0.794s] -- Up-to-date: /home/dominik/RRM/ros2_ws/install/abb_model/share/abb_model/meshes/kinect/collision/kinect_sensor_empty.stl
[0.795s] -- Up-to-date: /home/dominik/RRM/ros2_ws/install/abb_model/share/abb_model/meshes/kinect/visual
[0.801s] -- Up-to-date: /home/dominik/RRM/ros2_ws/install/abb_model/share/abb_model/meshes/kinect/visual/kinect_sensor.stl
[0.802s] -- Up-to-date: /home/dominik/RRM/ros2_ws/install/abb_model/share/abb_model/meshes/kinect/visual/kinect_sensor_empty.stl
[0.820s] -- Up-to-date: /home/dominik/RRM/ros2_ws/install/abb_model/share/ament_index/resource_index/package_run_dependencies/abb_model
[0.821s] -- Up-to-date: /home/dominik/RRM/ros2_ws/install/abb_model/share/ament_index/resource_index/parent_prefix_path/abb_model
[0.826s] -- Up-to-date: /home/dominik/RRM/ros2_ws/install/abb_model/share/abb_model/environment/ament_prefix_path.sh
[0.828s] -- Up-to-date: /home/dominik/RRM/ros2_ws/install/abb_model/share/abb_model/environment/ament_prefix_path.dsv
[0.829s] -- Up-to-date: /home/dominik/RRM/ros2_ws/install/abb_model/share/abb_model/environment/path.sh
[0.830s] -- Up-to-date: /home/dominik/RRM/ros2_ws/install/abb_model/share/abb_model/environment/path.dsv
[0.831s] -- Up-to-date: /home/dominik/RRM/ros2_ws/install/abb_model/share/abb_model/local_setup.bash
[0.832s] -- Up-to-date: /home/dominik/RRM/ros2_ws/install/abb_model/share/abb_model/local_setup.sh
[0.833s] -- Up-to-date: /home/dominik/RRM/ros2_ws/install/abb_model/share/abb_model/local_setup.zsh
[0.834s] -- Up-to-date: /home/dominik/RRM/ros2_ws/install/abb_model/share/abb_model/local_setup.dsv
[0.834s] -- Installing: /home/dominik/RRM/ros2_ws/install/abb_model/share/abb_model/package.dsv
[0.836s] -- Up-to-date: /home/dominik/RRM/ros2_ws/install/abb_model/share/ament_index/resource_index/packages/abb_model
[0.836s] -- Up-to-date: /home/dominik/RRM/ros2_ws/install/abb_model/share/abb_model/cmake/abb_modelConfig.cmake
[0.837s] -- Up-to-date: /home/dominik/RRM/ros2_ws/install/abb_model/share/abb_model/cmake/abb_modelConfig-version.cmake
[0.838s] -- Up-to-date: /home/dominik/RRM/ros2_ws/install/abb_model/share/abb_model/package.xml
[0.882s] Invoked command in '/home/dominik/RRM/ros2_ws/build/abb_model' returned '0': CMAKE_PREFIX_PATH=${CMAKE_PREFIX_PATH}:/opt/ros/jazzy DEBUGINFOD_URLS=https://debuginfod.ubuntu.com /usr/bin/cmake --install /home/dominik/RRM/ros2_ws/build/abb_model
