[ 66%] [32mBuilding CXX object CMakeFiles/zad1_node.dir/src/zad1_node.cpp.o[0m
[ 66%] [32mBuilding CXX object CMakeFiles/zad1_node.dir/src/robot.cpp.o[0m
[100%] [32m[1mLinking CXX executable zad1_node[0m
[100%] Built target zad1_node
-- Install configuration: ""
-- Installing: /home/dominik/RRM/zad1/install/zad1/lib/zad1/zad1_node
-- Set non-toolchain portion of runtime path of "/home/dominik/RRM/zad1/install/zad1/lib/zad1/zad1_node" to ""
-- Up-to-date: /home/dominik/RRM/zad1/install/zad1/share/ament_index/resource_index/package_run_dependencies/zad1
-- Up-to-date: /home/dominik/RRM/zad1/install/zad1/share/ament_index/resource_index/parent_prefix_path/zad1
-- Up-to-date: /home/dominik/RRM/zad1/install/zad1/share/zad1/environment/ament_prefix_path.sh
-- Up-to-date: /home/dominik/RRM/zad1/install/zad1/share/zad1/environment/ament_prefix_path.dsv
-- Up-to-date: /home/dominik/RRM/zad1/install/zad1/share/zad1/environment/path.sh
-- Up-to-date: /home/dominik/RRM/zad1/install/zad1/share/zad1/environment/path.dsv
-- Up-to-date: /home/dominik/RRM/zad1/install/zad1/share/zad1/local_setup.bash
-- Up-to-date: /home/dominik/RRM/zad1/install/zad1/share/zad1/local_setup.sh
-- Up-to-date: /home/dominik/RRM/zad1/install/zad1/share/zad1/local_setup.zsh
-- Up-to-date: /home/dominik/RRM/zad1/install/zad1/share/zad1/local_setup.dsv
-- Installing: /home/dominik/RRM/zad1/install/zad1/share/zad1/package.dsv
-- Up-to-date: /home/dominik/RRM/zad1/install/zad1/share/ament_index/resource_index/packages/zad1
-- Up-to-date: /home/dominik/RRM/zad1/install/zad1/share/zad1/cmake/zad1Config.cmake
-- Up-to-date: /home/dominik/RRM/zad1/install/zad1/share/zad1/cmake/zad1Config-version.cmake
-- Up-to-date: /home/dominik/RRM/zad1/install/zad1/share/zad1/package.xml
