[  2%] Built target surani_interface__rosidl_generator_type_description
[  2%] Built target ament_cmake_python_copy_surani_interface
[  5%] Built target surani_interface__cpp
[ 20%] Built target surani_interface__rosidl_generator_c
[ 29%] Built target surani_interface__rosidl_typesupport_introspection_c
[ 38%] Built target surani_interface__rosidl_typesupport_fastrtps_c
[ 47%] Built target surani_interface__rosidl_typesupport_fastrtps_cpp
[ 55%] Built target surani_interface__rosidl_typesupport_c
[ 64%] Built target surani_interface__rosidl_typesupport_cpp
[ 73%] Built target surani_interface__rosidl_typesupport_introspection_cpp
[ 73%] Built target surani_interface
[ 76%] Built target surani_interface__py
[ 82%] Built target surani_interface__rosidl_generator_py
[ 97%] Built target surani_interface_s__rosidl_typesupport_introspection_c
[ 97%] Built target surani_interface_s__rosidl_typesupport_fastrtps_c
[100%] Built target surani_interface_s__rosidl_typesupport_c
running egg_info
writing surani_interface.egg-info/PKG-INFO
writing dependency_links to surani_interface.egg-info/dependency_links.txt
writing top-level names to surani_interface.egg-info/top_level.txt
reading manifest file 'surani_interface.egg-info/SOURCES.txt'
writing manifest file 'surani_interface.egg-info/SOURCES.txt'
[100%] Built target ament_cmake_python_build_surani_interface_egg
