[0.039s] Invoking command in '/home/dominik/RRM/ros2_ws/build/zad2': CMAKE_PREFIX_PATH=${CMAKE_PREFIX_PATH}:/home/dominik/RRM/ros2_ws/install/rrm_sim:/opt/ros/jazzy DEBUGINFOD_URLS=https://debuginfod.ubuntu.com /usr/bin/cmake --build /home/dominik/RRM/ros2_ws/build/zad2 -- -j16 -l16
[0.133s] [100%] Built target zad2_node
[0.164s] Invoked command in '/home/dominik/RRM/ros2_ws/build/zad2' returned '0': CMAKE_PREFIX_PATH=${CMAKE_PREFIX_PATH}:/home/dominik/RRM/ros2_ws/install/rrm_sim:/opt/ros/jazzy DEBUGINFOD_URLS=https://debuginfod.ubuntu.com /usr/bin/cmake --build /home/dominik/RRM/ros2_ws/build/zad2 -- -j16 -l16
[0.200s] Invoking command in '/home/dominik/RRM/ros2_ws/build/zad2': CMAKE_PREFIX_PATH=${CMAKE_PREFIX_PATH}:/home/dominik/RRM/ros2_ws/install/rrm_sim:/opt/ros/jazzy DEBUGINFOD_URLS=https://debuginfod.ubuntu.com /usr/bin/cmake --install /home/dominik/RRM/ros2_ws/build/zad2
[0.211s] -- Install configuration: ""
[0.212s] -- Up-to-date: /home/dominik/RRM/ros2_ws/install/zad2/lib/zad2/zad2_node
[0.212s] -- Up-to-date: /home/dominik/RRM/ros2_ws/install/zad2/share/ament_index/resource_index/package_run_dependencies/zad2
[0.212s] -- Up-to-date: /home/dominik/RRM/ros2_ws/install/zad2/share/ament_index/resource_index/parent_prefix_path/zad2
[0.212s] -- Up-to-date: /home/dominik/RRM/ros2_ws/install/zad2/share/zad2/environment/ament_prefix_path.sh
[0.212s] -- Up-to-date: /home/dominik/RRM/ros2_ws/install/zad2/share/zad2/environment/ament_prefix_path.dsv
[0.212s] -- Up-to-date: /home/dominik/RRM/ros2_ws/install/zad2/share/zad2/environment/path.sh
[0.213s] -- Up-to-date: /home/dominik/RRM/ros2_ws/install/zad2/share/zad2/environment/path.dsv
[0.213s] -- Up-to-date: /home/dominik/RRM/ros2_ws/install/zad2/share/zad2/local_setup.bash
[0.213s] -- Up-to-date: /home/dominik/RRM/ros2_ws/install/zad2/share/zad2/local_setup.sh
[0.213s] -- Up-to-date: /home/dominik/RRM/ros2_ws/install/zad2/share/zad2/local_setup.zsh
[0.213s] -- Up-to-date: /home/dominik/RRM/ros2_ws/install/zad2/share/zad2/local_setup.dsv
[0.213s] -- Installing: /home/dominik/RRM/ros2_ws/install/zad2/share/zad2/package.dsv
[0.213s] -- Up-to-date: /home/dominik/RRM/ros2_ws/install/zad2/share/ament_index/resource_index/packages/zad2
[0.213s] -- Up-to-date: /home/dominik/RRM/ros2_ws/install/zad2/share/zad2/cmake/ament_cmake_export_include_directories-extras.cmake
[0.213s] -- Up-to-date: /home/dominik/RRM/ros2_ws/install/zad2/share/zad2/cmake/ament_cmake_export_dependencies-extras.cmake
[0.213s] -- Up-to-date: /home/dominik/RRM/ros2_ws/install/zad2/share/zad2/cmake/zad2Config.cmake
[0.213s] -- Up-to-date: /home/dominik/RRM/ros2_ws/install/zad2/share/zad2/cmake/zad2Config-version.cmake
[0.213s] -- Up-to-date: /home/dominik/RRM/ros2_ws/install/zad2/share/zad2/package.xml
[0.213s] -- Up-to-date: /home/dominik/RRM/ros2_ws/install/zad2/include/zad2
[0.213s] -- Up-to-date: /home/dominik/RRM/ros2_ws/install/zad2/include/zad2/zad2
[0.215s] Invoked command in '/home/dominik/RRM/ros2_ws/build/zad2' returned '0': CMAKE_PREFIX_PATH=${CMAKE_PREFIX_PATH}:/home/dominik/RRM/ros2_ws/install/rrm_sim:/opt/ros/jazzy DEBUGINFOD_URLS=https://debuginfod.ubuntu.com /usr/bin/cmake --install /home/dominik/RRM/ros2_ws/build/zad2
