[0.026s] Invoking command in '/home/dominik/RRM/ros2_ws/build/eigen_example': CMAKE_PREFIX_PATH=${CMAKE_PREFIX_PATH}:/opt/ros/jazzy DEBUGINFOD_URLS=https://debuginfod.ubuntu.com /usr/bin/cmake --build /home/dominik/RRM/ros2_ws/build/eigen_example -- -j16 -l16
[0.070s] -- Found ament_cmake: 2.5.2 (/opt/ros/jazzy/share/ament_cmake/cmake)
[0.327s] -- Found rclcpp: 28.1.5 (/opt/ros/jazzy/share/rclcpp/cmake)
[0.362s] -- Found rosidl_generator_c: 4.6.4 (/opt/ros/jazzy/share/rosidl_generator_c/cmake)
[0.372s] -- Found rosidl_generator_cpp: 4.6.4 (/opt/ros/jazzy/share/rosidl_generator_cpp/cmake)
[0.385s] -- Using all available rosidl_typesupport_c: rosidl_typesupport_fastrtps_c;rosidl_typesupport_introspection_c
[0.401s] -- Using all available rosidl_typesupport_cpp: rosidl_typesupport_fastrtps_cpp;rosidl_typesupport_introspection_cpp
[0.475s] -- Found rmw_implementation_cmake: 7.3.1 (/opt/ros/jazzy/share/rmw_implementation_cmake/cmake)
[0.477s] -- Found rmw_fastrtps_cpp: 8.4.1 (/opt/ros/jazzy/share/rmw_fastrtps_cpp/cmake)
[0.551s] -- Using RMW implementation 'rmw_fastrtps_cpp' as default
[0.695s] -- Configuring done (0.6s)
[0.709s] -- Generating done (0.0s)
[0.711s] -- Build files have been written to: /home/dominik/RRM/ros2_ws/build/eigen_example
[0.776s] [100%] Built target eigen_example
[0.788s] Invoked command in '/home/dominik/RRM/ros2_ws/build/eigen_example' returned '0': CMAKE_PREFIX_PATH=${CMAKE_PREFIX_PATH}:/opt/ros/jazzy DEBUGINFOD_URLS=https://debuginfod.ubuntu.com /usr/bin/cmake --build /home/dominik/RRM/ros2_ws/build/eigen_example -- -j16 -l16
[0.810s] Invoking command in '/home/dominik/RRM/ros2_ws/build/eigen_example': CMAKE_PREFIX_PATH=${CMAKE_PREFIX_PATH}:/opt/ros/jazzy DEBUGINFOD_URLS=https://debuginfod.ubuntu.com /usr/bin/cmake --install /home/dominik/RRM/ros2_ws/build/eigen_example
[0.818s] -- Install configuration: ""
[0.818s] -- Installing: /home/dominik/RRM/ros2_ws/install/eigen_example/lib/eigen_example/eigen_example
[0.819s] -- Set non-toolchain portion of runtime path of "/home/dominik/RRM/ros2_ws/install/eigen_example/lib/eigen_example/eigen_example" to ""
[0.819s] -- Installing: /home/dominik/RRM/ros2_ws/install/eigen_example/share/ament_index/resource_index/package_run_dependencies/eigen_example
[0.820s] -- Installing: /home/dominik/RRM/ros2_ws/install/eigen_example/share/ament_index/resource_index/parent_prefix_path/eigen_example
[0.820s] -- Installing: /home/dominik/RRM/ros2_ws/install/eigen_example/share/eigen_example/environment/ament_prefix_path.sh
[0.820s] -- Installing: /home/dominik/RRM/ros2_ws/install/eigen_example/share/eigen_example/environment/ament_prefix_path.dsv
[0.820s] -- Installing: /home/dominik/RRM/ros2_ws/install/eigen_example/share/eigen_example/environment/path.sh
[0.820s] -- Installing: /home/dominik/RRM/ros2_ws/install/eigen_example/share/eigen_example/environment/path.dsv
[0.820s] -- Installing: /home/dominik/RRM/ros2_ws/install/eigen_example/share/eigen_example/local_setup.bash
[0.820s] -- Installing: /home/dominik/RRM/ros2_ws/install/eigen_example/share/eigen_example/local_setup.sh
[0.821s] -- Installing: /home/dominik/RRM/ros2_ws/install/eigen_example/share/eigen_example/local_setup.zsh
[0.821s] -- Installing: /home/dominik/RRM/ros2_ws/install/eigen_example/share/eigen_example/local_setup.dsv
[0.821s] -- Installing: /home/dominik/RRM/ros2_ws/install/eigen_example/share/eigen_example/package.dsv
[0.821s] -- Installing: /home/dominik/RRM/ros2_ws/install/eigen_example/share/ament_index/resource_index/packages/eigen_example
[0.821s] -- Installing: /home/dominik/RRM/ros2_ws/install/eigen_example/share/eigen_example/cmake/eigen_exampleConfig.cmake
[0.821s] -- Installing: /home/dominik/RRM/ros2_ws/install/eigen_example/share/eigen_example/cmake/eigen_exampleConfig-version.cmake
[0.821s] -- Installing: /home/dominik/RRM/ros2_ws/install/eigen_example/share/eigen_example/package.xml
[0.828s] Invoked command in '/home/dominik/RRM/ros2_ws/build/eigen_example' returned '0': CMAKE_PREFIX_PATH=${CMAKE_PREFIX_PATH}:/opt/ros/jazzy DEBUGINFOD_URLS=https://debuginfod.ubuntu.com /usr/bin/cmake --install /home/dominik/RRM/ros2_ws/build/eigen_example
