[0.034s] Invoking command in '/home/dominik/RRM/ros2_ws/build/block1_surani': CMAKE_PREFIX_PATH=/home/dominik/RRM/ros2_ws/install/rrm_simple_robot_model:/home/dominik/RRM/ros2_ws/install/rrm_msgs:/home/dominik/RRM/ros2_ws/install/abb_moveit_config:/home/dominik/RRM/ros2_ws/install/zad2:/home/dominik/RRM/ros2_ws/install/trajectory_visualization:/home/dominik/RRM/ros2_ws/install/surani_interface:/home/dominik/RRM/ros2_ws/install/block1_surani:/home/dominik/RRM/ros2_ws/install/rrm_sim:/home/dominik/RRM/ros2_ws/install/block1_suraniV2:/home/dominik/RRM/ros2_ws/install/eigen_example:/home/dominik/RRM/ros2_ws/install/cv1:/home/dominik/RRM/ros2_ws/install/abb_model:/home/dominik/RRM/ros2_ws/install/Surani_interface:/home/dominik/RRM/zad1/install/zad1:/opt/ros/jazzy/opt/sdformat_vendor:/opt/ros/jazzy/opt/gz_math_vendor:/opt/ros/jazzy/opt/gz_utils_vendor:/opt/ros/jazzy/opt/gz_tools_vendor:/opt/ros/jazzy/opt/gz_cmake_vendor:/opt/ros/jazzy DEBUGINFOD_URLS=https://debuginfod.ubuntu.com LD_LIBRARY_PATH=/home/dominik/RRM/ros2_ws/install/rrm_msgs/lib:/home/dominik/RRM/ros2_ws/install/surani_interface/lib:/opt/ros/jazzy/opt/sdformat_vendor/lib:/opt/ros/jazzy/opt/rviz_ogre_vendor/lib:/opt/ros/jazzy/lib/x86_64-linux-gnu:/opt/ros/jazzy/opt/gz_math_vendor/lib:/opt/ros/jazzy/opt/gz_utils_vendor/lib:/opt/ros/jazzy/opt/gz_tools_vendor/lib:/opt/ros/jazzy/opt/gz_cmake_vendor/lib:/opt/ros/jazzy/lib PYTHONPATH=/home/dominik/RRM/ros2_ws/install/rrm_msgs/lib/python3.12/site-packages:/home/dominik/RRM/ros2_ws/install/surani_interface/lib/python3.12/site-packages:/opt/ros/jazzy/lib/python3.12/site-packages /usr/bin/cmake --build /home/dominik/RRM/ros2_ws/build/block1_surani -- -j16 -l16
[0.075s] [ 50%] [32m[1mLinking CXX executable teleop_node[0m
[0.075s] [ 50%] [32m[1mLinking CXX executable jointlogger_node[0m
[0.075s] [ 50%] [32m[1mLinking CXX executable logger_node[0m
[0.276s] [ 66%] Built target jointlogger_node
[0.286s] [ 83%] Built target teleop_node
[0.482s] [100%] Built target logger_node
[0.495s] Invoked command in '/home/dominik/RRM/ros2_ws/build/block1_surani' returned '0': CMAKE_PREFIX_PATH=/home/dominik/RRM/ros2_ws/install/rrm_simple_robot_model:/home/dominik/RRM/ros2_ws/install/rrm_msgs:/home/dominik/RRM/ros2_ws/install/abb_moveit_config:/home/dominik/RRM/ros2_ws/install/zad2:/home/dominik/RRM/ros2_ws/install/trajectory_visualization:/home/dominik/RRM/ros2_ws/install/surani_interface:/home/dominik/RRM/ros2_ws/install/block1_surani:/home/dominik/RRM/ros2_ws/install/rrm_sim:/home/dominik/RRM/ros2_ws/install/block1_suraniV2:/home/dominik/RRM/ros2_ws/install/eigen_example:/home/dominik/RRM/ros2_ws/install/cv1:/home/dominik/RRM/ros2_ws/install/abb_model:/home/dominik/RRM/ros2_ws/install/Surani_interface:/home/dominik/RRM/zad1/install/zad1:/opt/ros/jazzy/opt/sdformat_vendor:/opt/ros/jazzy/opt/gz_math_vendor:/opt/ros/jazzy/opt/gz_utils_vendor:/opt/ros/jazzy/opt/gz_tools_vendor:/opt/ros/jazzy/opt/gz_cmake_vendor:/opt/ros/jazzy DEBUGINFOD_URLS=https://debuginfod.ubuntu.com LD_LIBRARY_PATH=/home/dominik/RRM/ros2_ws/install/rrm_msgs/lib:/home/dominik/RRM/ros2_ws/install/surani_interface/lib:/opt/ros/jazzy/opt/sdformat_vendor/lib:/opt/ros/jazzy/opt/rviz_ogre_vendor/lib:/opt/ros/jazzy/lib/x86_64-linux-gnu:/opt/ros/jazzy/opt/gz_math_vendor/lib:/opt/ros/jazzy/opt/gz_utils_vendor/lib:/opt/ros/jazzy/opt/gz_tools_vendor/lib:/opt/ros/jazzy/opt/gz_cmake_vendor/lib:/opt/ros/jazzy/lib PYTHONPATH=/home/dominik/RRM/ros2_ws/install/rrm_msgs/lib/python3.12/site-packages:/home/dominik/RRM/ros2_ws/install/surani_interface/lib/python3.12/site-packages:/opt/ros/jazzy/lib/python3.12/site-packages /usr/bin/cmake --build /home/dominik/RRM/ros2_ws/build/block1_surani -- -j16 -l16
[0.534s] Invoking command in '/home/dominik/RRM/ros2_ws/build/block1_surani': CMAKE_PREFIX_PATH=/home/dominik/RRM/ros2_ws/install/rrm_simple_robot_model:/home/dominik/RRM/ros2_ws/install/rrm_msgs:/home/dominik/RRM/ros2_ws/install/abb_moveit_config:/home/dominik/RRM/ros2_ws/install/zad2:/home/dominik/RRM/ros2_ws/install/trajectory_visualization:/home/dominik/RRM/ros2_ws/install/surani_interface:/home/dominik/RRM/ros2_ws/install/block1_surani:/home/dominik/RRM/ros2_ws/install/rrm_sim:/home/dominik/RRM/ros2_ws/install/block1_suraniV2:/home/dominik/RRM/ros2_ws/install/eigen_example:/home/dominik/RRM/ros2_ws/install/cv1:/home/dominik/RRM/ros2_ws/install/abb_model:/home/dominik/RRM/ros2_ws/install/Surani_interface:/home/dominik/RRM/zad1/install/zad1:/opt/ros/jazzy/opt/sdformat_vendor:/opt/ros/jazzy/opt/gz_math_vendor:/opt/ros/jazzy/opt/gz_utils_vendor:/opt/ros/jazzy/opt/gz_tools_vendor:/opt/ros/jazzy/opt/gz_cmake_vendor:/opt/ros/jazzy DEBUGINFOD_URLS=https://debuginfod.ubuntu.com LD_LIBRARY_PATH=/home/dominik/RRM/ros2_ws/install/rrm_msgs/lib:/home/dominik/RRM/ros2_ws/install/surani_interface/lib:/opt/ros/jazzy/opt/sdformat_vendor/lib:/opt/ros/jazzy/opt/rviz_ogre_vendor/lib:/opt/ros/jazzy/lib/x86_64-linux-gnu:/opt/ros/jazzy/opt/gz_math_vendor/lib:/opt/ros/jazzy/opt/gz_utils_vendor/lib:/opt/ros/jazzy/opt/gz_tools_vendor/lib:/opt/ros/jazzy/opt/gz_cmake_vendor/lib:/opt/ros/jazzy/lib PYTHONPATH=/home/dominik/RRM/ros2_ws/install/rrm_msgs/lib/python3.12/site-packages:/home/dominik/RRM/ros2_ws/install/surani_interface/lib/python3.12/site-packages:/opt/ros/jazzy/lib/python3.12/site-packages /usr/bin/cmake --install /home/dominik/RRM/ros2_ws/build/block1_surani
[0.544s] -- Install configuration: ""
[0.544s] -- Installing: /home/dominik/RRM/ros2_ws/install/block1_surani/lib/block1_surani/teleop_node
[0.546s] -- Set non-toolchain portion of runtime path of "/home/dominik/RRM/ros2_ws/install/block1_surani/lib/block1_surani/teleop_node" to ""
[0.546s] -- Installing: /home/dominik/RRM/ros2_ws/install/block1_surani/lib/block1_surani/logger_node
[0.553s] -- Set non-toolchain portion of runtime path of "/home/dominik/RRM/ros2_ws/install/block1_surani/lib/block1_surani/logger_node" to ""
[0.553s] -- Installing: /home/dominik/RRM/ros2_ws/install/block1_surani/lib/block1_surani/jointlogger_node
[0.555s] -- Set non-toolchain portion of runtime path of "/home/dominik/RRM/ros2_ws/install/block1_surani/lib/block1_surani/jointlogger_node" to ""
[0.555s] -- Up-to-date: /home/dominik/RRM/ros2_ws/install/block1_surani/share/block1_surani//launch
[0.555s] -- Up-to-date: /home/dominik/RRM/ros2_ws/install/block1_surani/share/block1_surani//launch/logger_node.launch.xml
[0.555s] -- Up-to-date: /home/dominik/RRM/ros2_ws/install/block1_surani/share/ament_index/resource_index/package_run_dependencies/block1_surani
[0.555s] -- Up-to-date: /home/dominik/RRM/ros2_ws/install/block1_surani/share/ament_index/resource_index/parent_prefix_path/block1_surani
[0.555s] -- Up-to-date: /home/dominik/RRM/ros2_ws/install/block1_surani/share/block1_surani/environment/ament_prefix_path.sh
[0.555s] -- Up-to-date: /home/dominik/RRM/ros2_ws/install/block1_surani/share/block1_surani/environment/ament_prefix_path.dsv
[0.555s] -- Up-to-date: /home/dominik/RRM/ros2_ws/install/block1_surani/share/block1_surani/environment/path.sh
[0.555s] -- Up-to-date: /home/dominik/RRM/ros2_ws/install/block1_surani/share/block1_surani/environment/path.dsv
[0.555s] -- Up-to-date: /home/dominik/RRM/ros2_ws/install/block1_surani/share/block1_surani/local_setup.bash
[0.555s] -- Up-to-date: /home/dominik/RRM/ros2_ws/install/block1_surani/share/block1_surani/local_setup.sh
[0.555s] -- Up-to-date: /home/dominik/RRM/ros2_ws/install/block1_surani/share/block1_surani/local_setup.zsh
[0.555s] -- Up-to-date: /home/dominik/RRM/ros2_ws/install/block1_surani/share/block1_surani/local_setup.dsv
[0.555s] -- Installing: /home/dominik/RRM/ros2_ws/install/block1_surani/share/block1_surani/package.dsv
[0.556s] -- Up-to-date: /home/dominik/RRM/ros2_ws/install/block1_surani/share/ament_index/resource_index/packages/block1_surani
[0.556s] -- Up-to-date: /home/dominik/RRM/ros2_ws/install/block1_surani/share/block1_surani/cmake/block1_suraniConfig.cmake
[0.556s] -- Up-to-date: /home/dominik/RRM/ros2_ws/install/block1_surani/share/block1_surani/cmake/block1_suraniConfig-version.cmake
[0.556s] -- Up-to-date: /home/dominik/RRM/ros2_ws/install/block1_surani/share/block1_surani/package.xml
[0.558s] Invoked command in '/home/dominik/RRM/ros2_ws/build/block1_surani' returned '0': CMAKE_PREFIX_PATH=/home/dominik/RRM/ros2_ws/install/rrm_simple_robot_model:/home/dominik/RRM/ros2_ws/install/rrm_msgs:/home/dominik/RRM/ros2_ws/install/abb_moveit_config:/home/dominik/RRM/ros2_ws/install/zad2:/home/dominik/RRM/ros2_ws/install/trajectory_visualization:/home/dominik/RRM/ros2_ws/install/surani_interface:/home/dominik/RRM/ros2_ws/install/block1_surani:/home/dominik/RRM/ros2_ws/install/rrm_sim:/home/dominik/RRM/ros2_ws/install/block1_suraniV2:/home/dominik/RRM/ros2_ws/install/eigen_example:/home/dominik/RRM/ros2_ws/install/cv1:/home/dominik/RRM/ros2_ws/install/abb_model:/home/dominik/RRM/ros2_ws/install/Surani_interface:/home/dominik/RRM/zad1/install/zad1:/opt/ros/jazzy/opt/sdformat_vendor:/opt/ros/jazzy/opt/gz_math_vendor:/opt/ros/jazzy/opt/gz_utils_vendor:/opt/ros/jazzy/opt/gz_tools_vendor:/opt/ros/jazzy/opt/gz_cmake_vendor:/opt/ros/jazzy DEBUGINFOD_URLS=https://debuginfod.ubuntu.com LD_LIBRARY_PATH=/home/dominik/RRM/ros2_ws/install/rrm_msgs/lib:/home/dominik/RRM/ros2_ws/install/surani_interface/lib:/opt/ros/jazzy/opt/sdformat_vendor/lib:/opt/ros/jazzy/opt/rviz_ogre_vendor/lib:/opt/ros/jazzy/lib/x86_64-linux-gnu:/opt/ros/jazzy/opt/gz_math_vendor/lib:/opt/ros/jazzy/opt/gz_utils_vendor/lib:/opt/ros/jazzy/opt/gz_tools_vendor/lib:/opt/ros/jazzy/opt/gz_cmake_vendor/lib:/opt/ros/jazzy/lib PYTHONPATH=/home/dominik/RRM/ros2_ws/install/rrm_msgs/lib/python3.12/site-packages:/home/dominik/RRM/ros2_ws/install/surani_interface/lib/python3.12/site-packages:/opt/ros/jazzy/lib/python3.12/site-packages /usr/bin/cmake --install /home/dominik/RRM/ros2_ws/build/block1_surani
