[0.088s] Invoking command in '/home/dominik/RRM/ros2_ws/build/rrm_msgs': CMAKE_PREFIX_PATH=${CMAKE_PREFIX_PATH}:/opt/ros/jazzy DEBUGINFOD_URLS=https://debuginfod.ubuntu.com /usr/bin/cmake --build /home/dominik/RRM/ros2_ws/build/rrm_msgs -- -j16 -l16
[0.211s] [  2%] Built target rrm_msgs__rosidl_generator_type_description
[0.236s] [  2%] Built target ament_cmake_python_copy_rrm_msgs
[0.267s] [  4%] Built target rrm_msgs__cpp
[0.268s] [ 22%] Built target rrm_msgs__rosidl_generator_c
[0.340s] [ 31%] Built target rrm_msgs__rosidl_typesupport_fastrtps_c
[0.350s] [ 40%] Built target rrm_msgs__rosidl_typesupport_c
[0.355s] [ 50%] Built target rrm_msgs__rosidl_typesupport_introspection_c
[0.362s] [ 59%] Built target rrm_msgs__rosidl_typesupport_introspection_cpp
[0.363s] [ 68%] Built target rrm_msgs__rosidl_typesupport_fastrtps_cpp
[0.369s] [ 77%] Built target rrm_msgs__rosidl_typesupport_cpp
[0.417s] [ 77%] Built target rrm_msgs
[0.473s] [ 79%] Built target rrm_msgs__py
[0.532s] [ 86%] Built target rrm_msgs__rosidl_generator_py
[0.597s] [100%] Built target rrm_msgs_s__rosidl_typesupport_fastrtps_c
[0.597s] [100%] Built target rrm_msgs_s__rosidl_typesupport_c
[0.597s] [100%] Built target rrm_msgs_s__rosidl_typesupport_introspection_c
[0.748s] running egg_info
[0.785s] writing rrm_msgs.egg-info/PKG-INFO
[0.786s] writing dependency_links to rrm_msgs.egg-info/dependency_links.txt
[0.786s] writing top-level names to rrm_msgs.egg-info/top_level.txt
[0.893s] reading manifest file 'rrm_msgs.egg-info/SOURCES.txt'
[0.894s] writing manifest file 'rrm_msgs.egg-info/SOURCES.txt'
[0.979s] [100%] Built target ament_cmake_python_build_rrm_msgs_egg
[0.994s] Invoked command in '/home/dominik/RRM/ros2_ws/build/rrm_msgs' returned '0': CMAKE_PREFIX_PATH=${CMAKE_PREFIX_PATH}:/opt/ros/jazzy DEBUGINFOD_URLS=https://debuginfod.ubuntu.com /usr/bin/cmake --build /home/dominik/RRM/ros2_ws/build/rrm_msgs -- -j16 -l16
[1.096s] Invoking command in '/home/dominik/RRM/ros2_ws/build/rrm_msgs': CMAKE_PREFIX_PATH=${CMAKE_PREFIX_PATH}:/opt/ros/jazzy DEBUGINFOD_URLS=https://debuginfod.ubuntu.com /usr/bin/cmake --install /home/dominik/RRM/ros2_ws/build/rrm_msgs
[1.108s] -- Install configuration: ""
[1.108s] -- Up-to-date: /home/dominik/RRM/ros2_ws/install/rrm_msgs/share/ament_index/resource_index/rosidl_interfaces/rrm_msgs
[1.108s] -- Up-to-date: /home/dominik/RRM/ros2_ws/install/rrm_msgs/share/rrm_msgs/msg/Command.json
[1.108s] -- Up-to-date: /home/dominik/RRM/ros2_ws/install/rrm_msgs/share/rrm_msgs/srv/Command.json
[1.108s] -- Up-to-date: /home/dominik/RRM/ros2_ws/install/rrm_msgs/include/rrm_msgs/rrm_msgs
[1.112s] -- Up-to-date: /home/dominik/RRM/ros2_ws/install/rrm_msgs/include/rrm_msgs/rrm_msgs/msg
[1.112s] -- Up-to-date: /home/dominik/RRM/ros2_ws/install/rrm_msgs/include/rrm_msgs/rrm_msgs/msg/command.h
[1.112s] -- Up-to-date: /home/dominik/RRM/ros2_ws/install/rrm_msgs/include/rrm_msgs/rrm_msgs/msg/rosidl_generator_c__visibility_control.h
[1.113s] -- Up-to-date: /home/dominik/RRM/ros2_ws/install/rrm_msgs/include/rrm_msgs/rrm_msgs/msg/detail
[1.113s] -- Up-to-date: /home/dominik/RRM/ros2_ws/install/rrm_msgs/include/rrm_msgs/rrm_msgs/msg/detail/command__functions.c
[1.113s] -- Up-to-date: /home/dominik/RRM/ros2_ws/install/rrm_msgs/include/rrm_msgs/rrm_msgs/msg/detail/command__description.c
[1.113s] -- Up-to-date: /home/dominik/RRM/ros2_ws/install/rrm_msgs/include/rrm_msgs/rrm_msgs/msg/detail/command__type_support.h
[1.113s] -- Up-to-date: /home/dominik/RRM/ros2_ws/install/rrm_msgs/include/rrm_msgs/rrm_msgs/msg/detail/command__struct.h
[1.113s] -- Installing: /home/dominik/RRM/ros2_ws/install/rrm_msgs/include/rrm_msgs/rrm_msgs/msg/detail/command__type_support.c
[1.113s] -- Up-to-date: /home/dominik/RRM/ros2_ws/install/rrm_msgs/include/rrm_msgs/rrm_msgs/msg/detail/command__functions.h
[1.113s] -- Up-to-date: /home/dominik/RRM/ros2_ws/install/rrm_msgs/include/rrm_msgs/rrm_msgs/srv
[1.113s] -- Up-to-date: /home/dominik/RRM/ros2_ws/install/rrm_msgs/include/rrm_msgs/rrm_msgs/srv/command.h
[1.113s] -- Up-to-date: /home/dominik/RRM/ros2_ws/install/rrm_msgs/include/rrm_msgs/rrm_msgs/srv/detail
[1.114s] -- Up-to-date: /home/dominik/RRM/ros2_ws/install/rrm_msgs/include/rrm_msgs/rrm_msgs/srv/detail/command__functions.c
[1.114s] -- Up-to-date: /home/dominik/RRM/ros2_ws/install/rrm_msgs/include/rrm_msgs/rrm_msgs/srv/detail/command__description.c
[1.114s] -- Up-to-date: /home/dominik/RRM/ros2_ws/install/rrm_msgs/include/rrm_msgs/rrm_msgs/srv/detail/command__type_support.h
[1.114s] -- Up-to-date: /home/dominik/RRM/ros2_ws/install/rrm_msgs/include/rrm_msgs/rrm_msgs/srv/detail/command__struct.h
[1.114s] -- Installing: /home/dominik/RRM/ros2_ws/install/rrm_msgs/include/rrm_msgs/rrm_msgs/srv/detail/command__type_support.c
[1.114s] -- Up-to-date: /home/dominik/RRM/ros2_ws/install/rrm_msgs/include/rrm_msgs/rrm_msgs/srv/detail/command__functions.h
[1.114s] -- Up-to-date: /home/dominik/RRM/ros2_ws/install/rrm_msgs/share/rrm_msgs/environment/library_path.sh
[1.114s] -- Up-to-date: /home/dominik/RRM/ros2_ws/install/rrm_msgs/share/rrm_msgs/environment/library_path.dsv
[1.114s] -- Up-to-date: /home/dominik/RRM/ros2_ws/install/rrm_msgs/lib/librrm_msgs__rosidl_generator_c.so
[1.114s] -- Up-to-date: /home/dominik/RRM/ros2_ws/install/rrm_msgs/include/rrm_msgs/rrm_msgs
[1.114s] -- Up-to-date: /home/dominik/RRM/ros2_ws/install/rrm_msgs/include/rrm_msgs/rrm_msgs/msg
[1.114s] -- Up-to-date: /home/dominik/RRM/ros2_ws/install/rrm_msgs/include/rrm_msgs/rrm_msgs/msg/rosidl_typesupport_fastrtps_c__visibility_control.h
[1.115s] -- Up-to-date: /home/dominik/RRM/ros2_ws/install/rrm_msgs/include/rrm_msgs/rrm_msgs/msg/detail
[1.115s] -- Up-to-date: /home/dominik/RRM/ros2_ws/install/rrm_msgs/include/rrm_msgs/rrm_msgs/msg/detail/command__rosidl_typesupport_fastrtps_c.h
[1.115s] -- Up-to-date: /home/dominik/RRM/ros2_ws/install/rrm_msgs/include/rrm_msgs/rrm_msgs/srv
[1.115s] -- Up-to-date: /home/dominik/RRM/ros2_ws/install/rrm_msgs/include/rrm_msgs/rrm_msgs/srv/detail
[1.115s] -- Up-to-date: /home/dominik/RRM/ros2_ws/install/rrm_msgs/include/rrm_msgs/rrm_msgs/srv/detail/command__rosidl_typesupport_fastrtps_c.h
[1.115s] -- Up-to-date: /home/dominik/RRM/ros2_ws/install/rrm_msgs/lib/librrm_msgs__rosidl_typesupport_fastrtps_c.so
[1.115s] -- Up-to-date: /home/dominik/RRM/ros2_ws/install/rrm_msgs/include/rrm_msgs/rrm_msgs
[1.115s] -- Up-to-date: /home/dominik/RRM/ros2_ws/install/rrm_msgs/include/rrm_msgs/rrm_msgs/msg
[1.115s] -- Up-to-date: /home/dominik/RRM/ros2_ws/install/rrm_msgs/include/rrm_msgs/rrm_msgs/msg/detail
[1.115s] -- Up-to-date: /home/dominik/RRM/ros2_ws/install/rrm_msgs/include/rrm_msgs/rrm_msgs/msg/detail/command__rosidl_typesupport_introspection_c.h
[1.115s] -- Installing: /home/dominik/RRM/ros2_ws/install/rrm_msgs/include/rrm_msgs/rrm_msgs/msg/detail/command__type_support.c
[1.116s] -- Up-to-date: /home/dominik/RRM/ros2_ws/install/rrm_msgs/include/rrm_msgs/rrm_msgs/msg/rosidl_typesupport_introspection_c__visibility_control.h
[1.116s] -- Up-to-date: /home/dominik/RRM/ros2_ws/install/rrm_msgs/include/rrm_msgs/rrm_msgs/srv
[1.116s] -- Up-to-date: /home/dominik/RRM/ros2_ws/install/rrm_msgs/include/rrm_msgs/rrm_msgs/srv/detail
[1.116s] -- Up-to-date: /home/dominik/RRM/ros2_ws/install/rrm_msgs/include/rrm_msgs/rrm_msgs/srv/detail/command__rosidl_typesupport_introspection_c.h
[1.116s] -- Installing: /home/dominik/RRM/ros2_ws/install/rrm_msgs/include/rrm_msgs/rrm_msgs/srv/detail/command__type_support.c
[1.116s] -- Up-to-date: /home/dominik/RRM/ros2_ws/install/rrm_msgs/lib/librrm_msgs__rosidl_typesupport_introspection_c.so
[1.116s] -- Up-to-date: /home/dominik/RRM/ros2_ws/install/rrm_msgs/lib/librrm_msgs__rosidl_typesupport_c.so
[1.116s] -- Up-to-date: /home/dominik/RRM/ros2_ws/install/rrm_msgs/include/rrm_msgs/rrm_msgs
[1.116s] -- Up-to-date: /home/dominik/RRM/ros2_ws/install/rrm_msgs/include/rrm_msgs/rrm_msgs/msg
[1.116s] -- Up-to-date: /home/dominik/RRM/ros2_ws/install/rrm_msgs/include/rrm_msgs/rrm_msgs/msg/rosidl_generator_cpp__visibility_control.hpp
[1.116s] -- Up-to-date: /home/dominik/RRM/ros2_ws/install/rrm_msgs/include/rrm_msgs/rrm_msgs/msg/detail
[1.116s] -- Up-to-date: /home/dominik/RRM/ros2_ws/install/rrm_msgs/include/rrm_msgs/rrm_msgs/msg/detail/command__builder.hpp
[1.116s] -- Up-to-date: /home/dominik/RRM/ros2_ws/install/rrm_msgs/include/rrm_msgs/rrm_msgs/msg/detail/command__struct.hpp
[1.116s] -- Up-to-date: /home/dominik/RRM/ros2_ws/install/rrm_msgs/include/rrm_msgs/rrm_msgs/msg/detail/command__traits.hpp
[1.116s] -- Up-to-date: /home/dominik/RRM/ros2_ws/install/rrm_msgs/include/rrm_msgs/rrm_msgs/msg/detail/command__type_support.hpp
[1.117s] -- Up-to-date: /home/dominik/RRM/ros2_ws/install/rrm_msgs/include/rrm_msgs/rrm_msgs/msg/command.hpp
[1.117s] -- Up-to-date: /home/dominik/RRM/ros2_ws/install/rrm_msgs/include/rrm_msgs/rrm_msgs/srv
[1.117s] -- Up-to-date: /home/dominik/RRM/ros2_ws/install/rrm_msgs/include/rrm_msgs/rrm_msgs/srv/detail
[1.117s] -- Up-to-date: /home/dominik/RRM/ros2_ws/install/rrm_msgs/include/rrm_msgs/rrm_msgs/srv/detail/command__builder.hpp
[1.117s] -- Up-to-date: /home/dominik/RRM/ros2_ws/install/rrm_msgs/include/rrm_msgs/rrm_msgs/srv/detail/command__struct.hpp
[1.117s] -- Up-to-date: /home/dominik/RRM/ros2_ws/install/rrm_msgs/include/rrm_msgs/rrm_msgs/srv/detail/command__traits.hpp
[1.117s] -- Up-to-date: /home/dominik/RRM/ros2_ws/install/rrm_msgs/include/rrm_msgs/rrm_msgs/srv/detail/command__type_support.hpp
[1.117s] -- Up-to-date: /home/dominik/RRM/ros2_ws/install/rrm_msgs/include/rrm_msgs/rrm_msgs/srv/command.hpp
[1.117s] -- Up-to-date: /home/dominik/RRM/ros2_ws/install/rrm_msgs/include/rrm_msgs/rrm_msgs
[1.117s] -- Up-to-date: /home/dominik/RRM/ros2_ws/install/rrm_msgs/include/rrm_msgs/rrm_msgs/msg
[1.117s] -- Up-to-date: /home/dominik/RRM/ros2_ws/install/rrm_msgs/include/rrm_msgs/rrm_msgs/msg/rosidl_typesupport_fastrtps_cpp__visibility_control.h
[1.117s] -- Up-to-date: /home/dominik/RRM/ros2_ws/install/rrm_msgs/include/rrm_msgs/rrm_msgs/msg/detail
[1.117s] -- Up-to-date: /home/dominik/RRM/ros2_ws/install/rrm_msgs/include/rrm_msgs/rrm_msgs/msg/detail/command__rosidl_typesupport_fastrtps_cpp.hpp
[1.117s] -- Up-to-date: /home/dominik/RRM/ros2_ws/install/rrm_msgs/include/rrm_msgs/rrm_msgs/msg/detail/dds_fastrtps
[1.117s] -- Up-to-date: /home/dominik/RRM/ros2_ws/install/rrm_msgs/include/rrm_msgs/rrm_msgs/srv
[1.117s] -- Up-to-date: /home/dominik/RRM/ros2_ws/install/rrm_msgs/include/rrm_msgs/rrm_msgs/srv/detail
[1.117s] -- Up-to-date: /home/dominik/RRM/ros2_ws/install/rrm_msgs/include/rrm_msgs/rrm_msgs/srv/detail/command__rosidl_typesupport_fastrtps_cpp.hpp
[1.117s] -- Up-to-date: /home/dominik/RRM/ros2_ws/install/rrm_msgs/include/rrm_msgs/rrm_msgs/srv/detail/dds_fastrtps
[1.117s] -- Up-to-date: /home/dominik/RRM/ros2_ws/install/rrm_msgs/lib/librrm_msgs__rosidl_typesupport_fastrtps_cpp.so
[1.117s] -- Up-to-date: /home/dominik/RRM/ros2_ws/install/rrm_msgs/include/rrm_msgs/rrm_msgs
[1.117s] -- Up-to-date: /home/dominik/RRM/ros2_ws/install/rrm_msgs/include/rrm_msgs/rrm_msgs/msg
[1.117s] -- Up-to-date: /home/dominik/RRM/ros2_ws/install/rrm_msgs/include/rrm_msgs/rrm_msgs/msg/detail
[1.118s] -- Up-to-date: /home/dominik/RRM/ros2_ws/install/rrm_msgs/include/rrm_msgs/rrm_msgs/msg/detail/command__rosidl_typesupport_introspection_cpp.hpp
[1.118s] -- Up-to-date: /home/dominik/RRM/ros2_ws/install/rrm_msgs/include/rrm_msgs/rrm_msgs/msg/detail/command__type_support.cpp
[1.118s] -- Up-to-date: /home/dominik/RRM/ros2_ws/install/rrm_msgs/include/rrm_msgs/rrm_msgs/srv
[1.118s] -- Up-to-date: /home/dominik/RRM/ros2_ws/install/rrm_msgs/include/rrm_msgs/rrm_msgs/srv/detail
[1.118s] -- Up-to-date: /home/dominik/RRM/ros2_ws/install/rrm_msgs/include/rrm_msgs/rrm_msgs/srv/detail/command__rosidl_typesupport_introspection_cpp.hpp
[1.118s] -- Up-to-date: /home/dominik/RRM/ros2_ws/install/rrm_msgs/include/rrm_msgs/rrm_msgs/srv/detail/command__type_support.cpp
[1.118s] -- Up-to-date: /home/dominik/RRM/ros2_ws/install/rrm_msgs/lib/librrm_msgs__rosidl_typesupport_introspection_cpp.so
[1.118s] -- Up-to-date: /home/dominik/RRM/ros2_ws/install/rrm_msgs/lib/librrm_msgs__rosidl_typesupport_cpp.so
[1.118s] -- Up-to-date: /home/dominik/RRM/ros2_ws/install/rrm_msgs/share/rrm_msgs/environment/pythonpath.sh
[1.118s] -- Up-to-date: /home/dominik/RRM/ros2_ws/install/rrm_msgs/share/rrm_msgs/environment/pythonpath.dsv
[1.118s] -- Up-to-date: /home/dominik/RRM/ros2_ws/install/rrm_msgs/lib/python3.12/site-packages/rrm_msgs-0.0.0-py3.12.egg-info
[1.118s] -- Installing: /home/dominik/RRM/ros2_ws/install/rrm_msgs/lib/python3.12/site-packages/rrm_msgs-0.0.0-py3.12.egg-info/SOURCES.txt
[1.118s] -- Installing: /home/dominik/RRM/ros2_ws/install/rrm_msgs/lib/python3.12/site-packages/rrm_msgs-0.0.0-py3.12.egg-info/top_level.txt
[1.118s] -- Installing: /home/dominik/RRM/ros2_ws/install/rrm_msgs/lib/python3.12/site-packages/rrm_msgs-0.0.0-py3.12.egg-info/dependency_links.txt
[1.118s] -- Installing: /home/dominik/RRM/ros2_ws/install/rrm_msgs/lib/python3.12/site-packages/rrm_msgs-0.0.0-py3.12.egg-info/PKG-INFO
[1.118s] -- Up-to-date: /home/dominik/RRM/ros2_ws/install/rrm_msgs/lib/python3.12/site-packages/rrm_msgs
[1.118s] -- Up-to-date: /home/dominik/RRM/ros2_ws/install/rrm_msgs/lib/python3.12/site-packages/rrm_msgs/msg
[1.118s] -- Up-to-date: /home/dominik/RRM/ros2_ws/install/rrm_msgs/lib/python3.12/site-packages/rrm_msgs/msg/__init__.py
[1.118s] -- Up-to-date: /home/dominik/RRM/ros2_ws/install/rrm_msgs/lib/python3.12/site-packages/rrm_msgs/msg/_command_s.c
[1.118s] -- Up-to-date: /home/dominik/RRM/ros2_ws/install/rrm_msgs/lib/python3.12/site-packages/rrm_msgs/msg/_command.py
[1.118s] -- Up-to-date: /home/dominik/RRM/ros2_ws/install/rrm_msgs/lib/python3.12/site-packages/rrm_msgs/_rrm_msgs_s.ep.rosidl_typesupport_fastrtps_c.c
[1.118s] -- Up-to-date: /home/dominik/RRM/ros2_ws/install/rrm_msgs/lib/python3.12/site-packages/rrm_msgs/rrm_msgs_s__rosidl_typesupport_fastrtps_c.so
[1.118s] -- Up-to-date: /home/dominik/RRM/ros2_ws/install/rrm_msgs/lib/python3.12/site-packages/rrm_msgs/srv
[1.119s] -- Up-to-date: /home/dominik/RRM/ros2_ws/install/rrm_msgs/lib/python3.12/site-packages/rrm_msgs/srv/__init__.py
[1.119s] -- Up-to-date: /home/dominik/RRM/ros2_ws/install/rrm_msgs/lib/python3.12/site-packages/rrm_msgs/srv/_command_s.c
[1.119s] -- Up-to-date: /home/dominik/RRM/ros2_ws/install/rrm_msgs/lib/python3.12/site-packages/rrm_msgs/srv/_command.py
[1.119s] -- Up-to-date: /home/dominik/RRM/ros2_ws/install/rrm_msgs/lib/python3.12/site-packages/rrm_msgs/__init__.py
[1.119s] -- Up-to-date: /home/dominik/RRM/ros2_ws/install/rrm_msgs/lib/python3.12/site-packages/rrm_msgs/_rrm_msgs_s.ep.rosidl_typesupport_c.c
[1.119s] -- Up-to-date: /home/dominik/RRM/ros2_ws/install/rrm_msgs/lib/python3.12/site-packages/rrm_msgs/rrm_msgs_s__rosidl_typesupport_introspection_c.so
[1.119s] -- Up-to-date: /home/dominik/RRM/ros2_ws/install/rrm_msgs/lib/python3.12/site-packages/rrm_msgs/_rrm_msgs_s.ep.rosidl_typesupport_introspection_c.c
[1.119s] -- Up-to-date: /home/dominik/RRM/ros2_ws/install/rrm_msgs/lib/python3.12/site-packages/rrm_msgs/rrm_msgs_s__rosidl_typesupport_c.so
[1.149s] Listing '/home/dominik/RRM/ros2_ws/install/rrm_msgs/lib/python3.12/site-packages/rrm_msgs'...
[1.149s] Listing '/home/dominik/RRM/ros2_ws/install/rrm_msgs/lib/python3.12/site-packages/rrm_msgs/msg'...
[1.149s] Listing '/home/dominik/RRM/ros2_ws/install/rrm_msgs/lib/python3.12/site-packages/rrm_msgs/srv'...
[1.155s] -- Up-to-date: /home/dominik/RRM/ros2_ws/install/rrm_msgs/lib/python3.12/site-packages/rrm_msgs/rrm_msgs_s__rosidl_typesupport_fastrtps_c.so
[1.155s] -- Up-to-date: /home/dominik/RRM/ros2_ws/install/rrm_msgs/lib/python3.12/site-packages/rrm_msgs/rrm_msgs_s__rosidl_typesupport_introspection_c.so
[1.156s] -- Up-to-date: /home/dominik/RRM/ros2_ws/install/rrm_msgs/lib/python3.12/site-packages/rrm_msgs/rrm_msgs_s__rosidl_typesupport_c.so
[1.156s] -- Up-to-date: /home/dominik/RRM/ros2_ws/install/rrm_msgs/lib/librrm_msgs__rosidl_generator_py.so
[1.156s] -- Up-to-date: /home/dominik/RRM/ros2_ws/install/rrm_msgs/share/rrm_msgs/msg/Command.idl
[1.156s] -- Up-to-date: /home/dominik/RRM/ros2_ws/install/rrm_msgs/share/rrm_msgs/srv/Command.idl
[1.156s] -- Up-to-date: /home/dominik/RRM/ros2_ws/install/rrm_msgs/share/rrm_msgs/msg/Command.msg
[1.157s] -- Up-to-date: /home/dominik/RRM/ros2_ws/install/rrm_msgs/share/rrm_msgs/srv/Command.srv
[1.157s] -- Up-to-date: /home/dominik/RRM/ros2_ws/install/rrm_msgs/share/ament_index/resource_index/package_run_dependencies/rrm_msgs
[1.157s] -- Up-to-date: /home/dominik/RRM/ros2_ws/install/rrm_msgs/share/ament_index/resource_index/parent_prefix_path/rrm_msgs
[1.157s] -- Up-to-date: /home/dominik/RRM/ros2_ws/install/rrm_msgs/share/rrm_msgs/environment/ament_prefix_path.sh
[1.157s] -- Up-to-date: /home/dominik/RRM/ros2_ws/install/rrm_msgs/share/rrm_msgs/environment/ament_prefix_path.dsv
[1.157s] -- Up-to-date: /home/dominik/RRM/ros2_ws/install/rrm_msgs/share/rrm_msgs/environment/path.sh
[1.157s] -- Up-to-date: /home/dominik/RRM/ros2_ws/install/rrm_msgs/share/rrm_msgs/environment/path.dsv
[1.157s] -- Up-to-date: /home/dominik/RRM/ros2_ws/install/rrm_msgs/share/rrm_msgs/local_setup.bash
[1.157s] -- Up-to-date: /home/dominik/RRM/ros2_ws/install/rrm_msgs/share/rrm_msgs/local_setup.sh
[1.157s] -- Up-to-date: /home/dominik/RRM/ros2_ws/install/rrm_msgs/share/rrm_msgs/local_setup.zsh
[1.157s] -- Up-to-date: /home/dominik/RRM/ros2_ws/install/rrm_msgs/share/rrm_msgs/local_setup.dsv
[1.157s] -- Installing: /home/dominik/RRM/ros2_ws/install/rrm_msgs/share/rrm_msgs/package.dsv
[1.157s] -- Up-to-date: /home/dominik/RRM/ros2_ws/install/rrm_msgs/share/ament_index/resource_index/packages/rrm_msgs
[1.158s] -- Up-to-date: /home/dominik/RRM/ros2_ws/install/rrm_msgs/share/rrm_msgs/cmake/export_rrm_msgs__rosidl_generator_cExport.cmake
[1.158s] -- Up-to-date: /home/dominik/RRM/ros2_ws/install/rrm_msgs/share/rrm_msgs/cmake/export_rrm_msgs__rosidl_generator_cExport-noconfig.cmake
[1.158s] -- Up-to-date: /home/dominik/RRM/ros2_ws/install/rrm_msgs/share/rrm_msgs/cmake/export_rrm_msgs__rosidl_typesupport_fastrtps_cExport.cmake
[1.158s] -- Up-to-date: /home/dominik/RRM/ros2_ws/install/rrm_msgs/share/rrm_msgs/cmake/export_rrm_msgs__rosidl_typesupport_fastrtps_cExport-noconfig.cmake
[1.158s] -- Up-to-date: /home/dominik/RRM/ros2_ws/install/rrm_msgs/share/rrm_msgs/cmake/rrm_msgs__rosidl_typesupport_introspection_cExport.cmake
[1.158s] -- Up-to-date: /home/dominik/RRM/ros2_ws/install/rrm_msgs/share/rrm_msgs/cmake/rrm_msgs__rosidl_typesupport_introspection_cExport-noconfig.cmake
[1.158s] -- Up-to-date: /home/dominik/RRM/ros2_ws/install/rrm_msgs/share/rrm_msgs/cmake/rrm_msgs__rosidl_typesupport_cExport.cmake
[1.158s] -- Up-to-date: /home/dominik/RRM/ros2_ws/install/rrm_msgs/share/rrm_msgs/cmake/rrm_msgs__rosidl_typesupport_cExport-noconfig.cmake
[1.158s] -- Up-to-date: /home/dominik/RRM/ros2_ws/install/rrm_msgs/share/rrm_msgs/cmake/export_rrm_msgs__rosidl_generator_cppExport.cmake
[1.158s] -- Up-to-date: /home/dominik/RRM/ros2_ws/install/rrm_msgs/share/rrm_msgs/cmake/export_rrm_msgs__rosidl_typesupport_fastrtps_cppExport.cmake
[1.158s] -- Up-to-date: /home/dominik/RRM/ros2_ws/install/rrm_msgs/share/rrm_msgs/cmake/export_rrm_msgs__rosidl_typesupport_fastrtps_cppExport-noconfig.cmake
[1.159s] -- Up-to-date: /home/dominik/RRM/ros2_ws/install/rrm_msgs/share/rrm_msgs/cmake/rrm_msgs__rosidl_typesupport_introspection_cppExport.cmake
[1.159s] -- Up-to-date: /home/dominik/RRM/ros2_ws/install/rrm_msgs/share/rrm_msgs/cmake/rrm_msgs__rosidl_typesupport_introspection_cppExport-noconfig.cmake
[1.159s] -- Up-to-date: /home/dominik/RRM/ros2_ws/install/rrm_msgs/share/rrm_msgs/cmake/rrm_msgs__rosidl_typesupport_cppExport.cmake
[1.159s] -- Up-to-date: /home/dominik/RRM/ros2_ws/install/rrm_msgs/share/rrm_msgs/cmake/rrm_msgs__rosidl_typesupport_cppExport-noconfig.cmake
[1.159s] -- Up-to-date: /home/dominik/RRM/ros2_ws/install/rrm_msgs/share/rrm_msgs/cmake/export_rrm_msgs__rosidl_generator_pyExport.cmake
[1.159s] -- Up-to-date: /home/dominik/RRM/ros2_ws/install/rrm_msgs/share/rrm_msgs/cmake/export_rrm_msgs__rosidl_generator_pyExport-noconfig.cmake
[1.159s] -- Up-to-date: /home/dominik/RRM/ros2_ws/install/rrm_msgs/share/rrm_msgs/cmake/rosidl_cmake-extras.cmake
[1.159s] -- Up-to-date: /home/dominik/RRM/ros2_ws/install/rrm_msgs/share/rrm_msgs/cmake/ament_cmake_export_dependencies-extras.cmake
[1.159s] -- Up-to-date: /home/dominik/RRM/ros2_ws/install/rrm_msgs/share/rrm_msgs/cmake/ament_cmake_export_include_directories-extras.cmake
[1.160s] -- Up-to-date: /home/dominik/RRM/ros2_ws/install/rrm_msgs/share/rrm_msgs/cmake/ament_cmake_export_libraries-extras.cmake
[1.160s] -- Up-to-date: /home/dominik/RRM/ros2_ws/install/rrm_msgs/share/rrm_msgs/cmake/ament_cmake_export_targets-extras.cmake
[1.160s] -- Up-to-date: /home/dominik/RRM/ros2_ws/install/rrm_msgs/share/rrm_msgs/cmake/rosidl_cmake_export_typesupport_targets-extras.cmake
[1.160s] -- Up-to-date: /home/dominik/RRM/ros2_ws/install/rrm_msgs/share/rrm_msgs/cmake/rosidl_cmake_export_typesupport_libraries-extras.cmake
[1.160s] -- Up-to-date: /home/dominik/RRM/ros2_ws/install/rrm_msgs/share/rrm_msgs/cmake/rrm_msgsConfig.cmake
[1.161s] -- Up-to-date: /home/dominik/RRM/ros2_ws/install/rrm_msgs/share/rrm_msgs/cmake/rrm_msgsConfig-version.cmake
[1.161s] -- Up-to-date: /home/dominik/RRM/ros2_ws/install/rrm_msgs/share/rrm_msgs/package.xml
[1.169s] Invoked command in '/home/dominik/RRM/ros2_ws/build/rrm_msgs' returned '0': CMAKE_PREFIX_PATH=${CMAKE_PREFIX_PATH}:/opt/ros/jazzy DEBUGINFOD_URLS=https://debuginfod.ubuntu.com /usr/bin/cmake --install /home/dominik/RRM/ros2_ws/build/rrm_msgs
