[0.027s] Invoking command in '/home/dominik/RRM/ros2_ws/build/surani_interface~': DEBUGINFOD_URLS=https://debuginfod.ubuntu.com /usr/bin/cmake /home/dominik/RRM/ros2_ws/src/surani_interface~ -DCMAKE_INSTALL_PREFIX=/home/dominik/RRM/ros2_ws/install/surani_interface~
[0.117s] -- The C compiler identification is GNU 13.2.0
[0.221s] -- The CXX compiler identification is GNU 13.2.0
[0.250s] -- Detecting C compiler ABI info
[0.401s] -- Detecting C compiler ABI info - done
[0.414s] -- Check for working C compiler: /usr/bin/cc - skipped
[0.414s] -- Detecting C compile features
[0.415s] -- Detecting C compile features - done
[0.431s] -- Detecting CXX compiler ABI info
[0.596s] -- Detecting CXX compiler ABI info - done
[0.610s] -- Check for working CXX compiler: /usr/bin/c++ - skipped
[0.610s] -- Detecting CXX compile features
[0.611s] -- Detecting CXX compile features - done
[0.617s] -- Found ament_cmake: 2.5.2 (/opt/ros/jazzy/share/ament_cmake/cmake)
[0.851s] -- Found Python3: /usr/bin/python3 (found version "3.12.3") found components: Interpreter 
[0.961s] [31mCMake Error at /opt/ros/jazzy/share/ament_cmake_core/cmake/ament_cmake_uninstall_target-extras.cmake:40 (add_custom_target):
[0.961s]   The target name "surani_interface~_uninstall" is reserved or not valid for
[0.962s]   certain CMake features, such as generator expressions, and may result in
[0.962s]   undefined behavior.
[0.962s] Call Stack (most recent call first):
[0.962s]   /opt/ros/jazzy/share/ament_cmake_core/cmake/ament_cmake_coreConfig.cmake:41 (include)
[0.962s]   /opt/ros/jazzy/share/ament_cmake/cmake/ament_cmake_export_dependencies-extras.cmake:15 (find_package)
[0.962s]   /opt/ros/jazzy/share/ament_cmake/cmake/ament_cmakeConfig.cmake:41 (include)
[0.963s]   CMakeLists.txt:9 (find_package)
[0.963s] 
[0.963s] [0m
[1.019s] -- Found ament_lint_auto: 0.17.1 (/opt/ros/jazzy/share/ament_lint_auto/cmake)
[1.140s] Error parsing '/home/dominik/RRM/ros2_ws/src/surani_interface~/package.xml':
[2.361s] Traceback (most recent call last):
[2.361s]   File "/opt/ros/jazzy/share/ament_cmake_core/cmake/core/package_xml_2_cmake.py", line 150, in <module>
[2.362s]     main()
[2.362s]   File "/opt/ros/jazzy/share/ament_cmake_core/cmake/core/package_xml_2_cmake.py", line 53, in main
[2.362s]     raise e
[2.362s]   File "/opt/ros/jazzy/share/ament_cmake_core/cmake/core/package_xml_2_cmake.py", line 49, in main
[2.362s]     package = parse_package_string(
[2.362s]               ^^^^^^^^^^^^^^^^^^^^^
[2.362s]   File "/usr/lib/python3/dist-packages/catkin_pkg/package.py", line 788, in parse_package_string
[2.362s]     pkg.validate(warnings=warnings)
[2.362s]   File "/usr/lib/python3/dist-packages/catkin_pkg/package.py", line 330, in validate
[2.362s]     raise InvalidPackage('\n'.join(errors), self.filename)
[2.362s] catkin_pkg.package.InvalidPackage: Error(s) in package '/home/dominik/RRM/ros2_ws/src/surani_interface~/package.xml':
[2.362s] Package name "surani_interface~" does not follow naming conventions
[2.403s] [31mCMake Error at /opt/ros/jazzy/share/ament_cmake_core/cmake/core/ament_package_xml.cmake:95 (message):
[2.403s]   execute_process(/usr/bin/python3
[2.403s]   /opt/ros/jazzy/share/ament_cmake_core/cmake/core/package_xml_2_cmake.py
[2.403s]   /home/dominik/RRM/ros2_ws/src/surani_interface~/package.xml
[2.403s]   /home/dominik/RRM/ros2_ws/build/surani_interface~/ament_cmake_core/package.cmake)
[2.403s]   returned error code 1
[2.403s] Call Stack (most recent call first):
[2.403s]   /opt/ros/jazzy/share/ament_cmake_core/cmake/core/ament_package_xml.cmake:49 (_ament_package_xml)
[2.404s]   /opt/ros/jazzy/share/ament_lint_auto/cmake/ament_lint_auto_find_test_dependencies.cmake:31 (ament_package_xml)
[2.404s]   CMakeLists.txt:23 (ament_lint_auto_find_test_dependencies)
[2.404s] 
[2.404s] [0m
[2.404s] -- Configuring incomplete, errors occurred!
[2.408s] Invoked command in '/home/dominik/RRM/ros2_ws/build/surani_interface~' returned '1': DEBUGINFOD_URLS=https://debuginfod.ubuntu.com /usr/bin/cmake /home/dominik/RRM/ros2_ws/src/surani_interface~ -DCMAKE_INSTALL_PREFIX=/home/dominik/RRM/ros2_ws/install/surani_interface~
