[0.026s] Invoking command in '/home/dominik/RRM/ros2_ws/src/build/surani_interface': CMAKE_PREFIX_PATH=${CMAKE_PREFIX_PATH}:/opt/ros/jazzy DEBUGINFOD_URLS=https://debuginfod.ubuntu.com /usr/bin/cmake /home/dominik/RRM/ros2_ws/src/surani_interface -DCMAKE_INSTALL_PREFIX=/home/dominik/RRM/ros2_ws/src/install/surani_interface
[0.106s] -- The C compiler identification is GNU 13.2.0
[0.177s] -- The CXX compiler identification is GNU 13.2.0
[0.201s] -- Detecting C compiler ABI info
[0.317s] -- Detecting C compiler ABI info - done
[0.327s] -- Check for working C compiler: /usr/bin/cc - skipped
[0.327s] -- Detecting C compile features
[0.328s] -- Detecting C compile features - done
[0.340s] -- Detecting CXX compiler ABI info
[0.469s] -- Detecting CXX compiler ABI info - done
[0.481s] -- Check for working CXX compiler: /usr/bin/c++ - skipped
[0.482s] -- Detecting CXX compile features
[0.482s] -- Detecting CXX compile features - done
[0.488s] -- Found ament_cmake: 2.5.2 (/opt/ros/jazzy/share/ament_cmake/cmake)
[0.685s] -- Found Python3: /usr/bin/python3 (found version "3.12.3") found components: Interpreter 
[0.815s] -- Found rosidl_default_generators: 1.6.0 (/opt/ros/jazzy/share/rosidl_default_generators/cmake)
[0.824s] -- Using all available rosidl_typesupport_c: rosidl_typesupport_fastrtps_c;rosidl_typesupport_introspection_c
[0.886s] -- Using all available rosidl_typesupport_cpp: rosidl_typesupport_fastrtps_cpp;rosidl_typesupport_introspection_cpp
[0.941s] -- Found rosidl_adapter: 4.6.4 (/opt/ros/jazzy/share/rosidl_adapter/cmake)
[1.694s] -- Found ament_cmake_ros: 0.12.0 (/opt/ros/jazzy/share/ament_cmake_ros/cmake)
[2.223s] -- Using all available rosidl_typesupport_c: rosidl_typesupport_fastrtps_c;rosidl_typesupport_introspection_c
[2.933s] -- Using all available rosidl_typesupport_cpp: rosidl_typesupport_fastrtps_cpp;rosidl_typesupport_introspection_cpp
[2.938s] -- Found python_cmake_module: 0.11.1 (/opt/ros/jazzy/share/python_cmake_module/cmake)
[3.106s] -- Found PythonExtra: /usr/bin/python3  
[3.680s] -- Found Python3: /usr/bin/python3 (found version "3.12.3") found components: Interpreter Development NumPy Development.Module Development.Embed 
[3.744s] -- Found ament_lint_auto: 0.17.1 (/opt/ros/jazzy/share/ament_lint_auto/cmake)
[3.830s] -- Added test 'cppcheck' to perform static code analysis on C / C++ code
[3.830s] -- Configured cppcheck include dirs: 
[3.830s] -- Configured cppcheck exclude dirs and/or files: 
[3.838s] -- Added test 'flake8' to check Python code syntax and style conventions
[3.838s] -- Configured 'flake8' exclude dirs and/or files: 
[3.851s] -- Added test 'lint_cmake' to check CMake code style
[3.859s] -- Added test 'pep257' to check Python code against some of the docstring style conventions in PEP 257
[3.912s] -- Added test 'uncrustify' to check C / C++ code style
[3.912s] -- Configured uncrustify additional arguments: 
[3.919s] -- Added test 'xmllint' to check XML markup files
[3.924s] -- Configuring done (3.9s)
[3.967s] -- Generating done (0.0s)
[3.971s] -- Build files have been written to: /home/dominik/RRM/ros2_ws/src/build/surani_interface
[3.986s] Invoked command in '/home/dominik/RRM/ros2_ws/src/build/surani_interface' returned '0': CMAKE_PREFIX_PATH=${CMAKE_PREFIX_PATH}:/opt/ros/jazzy DEBUGINFOD_URLS=https://debuginfod.ubuntu.com /usr/bin/cmake /home/dominik/RRM/ros2_ws/src/surani_interface -DCMAKE_INSTALL_PREFIX=/home/dominik/RRM/ros2_ws/src/install/surani_interface
[3.988s] Invoking command in '/home/dominik/RRM/ros2_ws/src/build/surani_interface': CMAKE_PREFIX_PATH=${CMAKE_PREFIX_PATH}:/opt/ros/jazzy DEBUGINFOD_URLS=https://debuginfod.ubuntu.com /usr/bin/cmake --build /home/dominik/RRM/ros2_ws/src/build/surani_interface -- -j16 -l16
[4.059s] [  2%] [34m[1mGenerating type hashes for ROS interfaces[0m
[4.071s] [  2%] Built target ament_cmake_python_copy_surani_interface
[4.298s] [  2%] Built target surani_interface__rosidl_generator_type_description
[4.314s] [  5%] [34m[1mGenerating C code for ROS interfaces[0m
[4.329s] [  8%] [34m[1mGenerating C++ code for ROS interfaces[0m
[4.375s] running egg_info
[4.376s] creating surani_interface.egg-info
[4.411s] writing surani_interface.egg-info/PKG-INFO
[4.411s] writing dependency_links to surani_interface.egg-info/dependency_links.txt
[4.412s] writing top-level names to surani_interface.egg-info/top_level.txt
[4.412s] writing manifest file 'surani_interface.egg-info/SOURCES.txt'
[4.514s] reading manifest file 'surani_interface.egg-info/SOURCES.txt'
[4.515s] writing manifest file 'surani_interface.egg-info/SOURCES.txt'
[4.568s] [  8%] Built target ament_cmake_python_build_surani_interface_egg
[4.710s] [  8%] Built target surani_interface__cpp
[4.714s] [ 14%] [32mBuilding C object CMakeFiles/surani_interface__rosidl_generator_c.dir/rosidl_generator_c/surani_interface/srv/detail/teach_point__type_support.c.o[0m
[4.714s] [ 14%] [32mBuilding C object CMakeFiles/surani_interface__rosidl_generator_c.dir/rosidl_generator_c/surani_interface/srv/detail/teach_point__functions.c.o[0m
[4.716s] [ 17%] [32mBuilding C object CMakeFiles/surani_interface__rosidl_generator_c.dir/rosidl_generator_c/surani_interface/srv/detail/teach_point__description.c.o[0m
[4.821s] [ 20%] [32m[1mLinking C shared library libsurani_interface__rosidl_generator_c.so[0m
[4.878s] [ 20%] Built target surani_interface__rosidl_generator_c
[4.893s] [ 26%] [34m[1mGenerating C introspection for ROS interfaces[0m
[4.893s] [ 26%] [34m[1mGenerating C++ type support dispatch for ROS interfaces[0m
[4.896s] [ 32%] [34m[1mGenerating C type support for eProsima Fast-RTPS[0m
[4.896s] [ 32%] [34m[1mGenerating C type support dispatch for ROS interfaces[0m
[4.896s] [ 35%] [34m[1mGenerating C++ type support for eProsima Fast-RTPS[0m
[4.897s] [ 38%] [34m[1mGenerating C++ introspection for ROS interfaces[0m
[5.286s] [ 41%] [32mBuilding C object CMakeFiles/surani_interface__rosidl_typesupport_introspection_c.dir/rosidl_typesupport_introspection_c/surani_interface/srv/detail/teach_point__type_support.c.o[0m
[5.343s] [ 44%] [32mBuilding CXX object CMakeFiles/surani_interface__rosidl_typesupport_cpp.dir/rosidl_typesupport_cpp/surani_interface/srv/teach_point__type_support.cpp.o[0m
[5.376s] [ 47%] [32mBuilding CXX object CMakeFiles/surani_interface__rosidl_typesupport_c.dir/rosidl_typesupport_c/surani_interface/srv/teach_point__type_support.cpp.o[0m
[5.376s] [ 50%] [32m[1mLinking C shared library libsurani_interface__rosidl_typesupport_introspection_c.so[0m
[5.377s] [ 52%] [32mBuilding CXX object CMakeFiles/surani_interface__rosidl_typesupport_fastrtps_c.dir/rosidl_typesupport_fastrtps_c/surani_interface/srv/detail/teach_point__type_support_c.cpp.o[0m
[5.416s] [ 55%] [32mBuilding CXX object CMakeFiles/surani_interface__rosidl_typesupport_introspection_cpp.dir/rosidl_typesupport_introspection_cpp/surani_interface/srv/detail/teach_point__type_support.cpp.o[0m
[5.433s] [ 55%] Built target surani_interface__rosidl_typesupport_introspection_c
[5.458s] [ 58%] [32m[1mLinking CXX shared library libsurani_interface__rosidl_typesupport_c.so[0m
[5.531s] [ 58%] Built target surani_interface__rosidl_typesupport_c
[5.536s] [ 61%] [32mBuilding CXX object CMakeFiles/surani_interface__rosidl_typesupport_fastrtps_cpp.dir/rosidl_typesupport_fastrtps_cpp/surani_interface/srv/detail/dds_fastrtps/teach_point__type_support.cpp.o[0m
[6.119s] [ 64%] [32m[1mLinking CXX shared library libsurani_interface__rosidl_typesupport_cpp.so[0m
[6.234s] [ 67%] [32m[1mLinking CXX shared library libsurani_interface__rosidl_typesupport_introspection_cpp.so[0m
[6.261s] [ 67%] Built target surani_interface__rosidl_typesupport_cpp
[6.357s] [ 67%] Built target surani_interface__rosidl_typesupport_introspection_cpp
[6.516s] [ 70%] [32m[1mLinking CXX shared library libsurani_interface__rosidl_typesupport_fastrtps_c.so[0m
[6.682s] [ 70%] Built target surani_interface__rosidl_typesupport_fastrtps_c
[6.753s] [ 73%] [32m[1mLinking CXX shared library libsurani_interface__rosidl_typesupport_fastrtps_cpp.so[0m
[6.858s] [ 73%] Built target surani_interface__rosidl_typesupport_fastrtps_cpp
[6.885s] [ 73%] Built target surani_interface
[6.913s] [ 76%] [34m[1mGenerating Python code for ROS interfaces[0m
[7.319s] [ 76%] Built target surani_interface__py
[7.349s] [ 79%] [32mBuilding C object CMakeFiles/surani_interface__rosidl_generator_py.dir/rosidl_generator_py/surani_interface/srv/_teach_point_s.c.o[0m
[7.574s] [ 82%] [32m[1mLinking C shared library libsurani_interface__rosidl_generator_py.so[0m
[7.633s] [ 82%] Built target surani_interface__rosidl_generator_py
[7.661s] [ 88%] [32mBuilding C object CMakeFiles/surani_interface_s__rosidl_typesupport_introspection_c.dir/rosidl_generator_py/surani_interface/_surani_interface_s.ep.rosidl_typesupport_introspection_c.c.o[0m
[7.662s] [ 88%] [32mBuilding C object CMakeFiles/surani_interface_s__rosidl_typesupport_fastrtps_c.dir/rosidl_generator_py/surani_interface/_surani_interface_s.ep.rosidl_typesupport_fastrtps_c.c.o[0m
[7.662s] [ 91%] [32mBuilding C object CMakeFiles/surani_interface_s__rosidl_typesupport_c.dir/rosidl_generator_py/surani_interface/_surani_interface_s.ep.rosidl_typesupport_c.c.o[0m
[7.808s] [ 94%] [32m[1mLinking C shared module rosidl_generator_py/surani_interface/surani_interface_s__rosidl_typesupport_c.so[0m
[7.819s] [ 97%] [32m[1mLinking C shared module rosidl_generator_py/surani_interface/surani_interface_s__rosidl_typesupport_fastrtps_c.so[0m
[7.819s] [100%] [32m[1mLinking C shared module rosidl_generator_py/surani_interface/surani_interface_s__rosidl_typesupport_introspection_c.so[0m
[7.853s] [100%] Built target surani_interface_s__rosidl_typesupport_c
[7.866s] [100%] Built target surani_interface_s__rosidl_typesupport_introspection_c
[7.867s] [100%] Built target surani_interface_s__rosidl_typesupport_fastrtps_c
[7.886s] Invoked command in '/home/dominik/RRM/ros2_ws/src/build/surani_interface' returned '0': CMAKE_PREFIX_PATH=${CMAKE_PREFIX_PATH}:/opt/ros/jazzy DEBUGINFOD_URLS=https://debuginfod.ubuntu.com /usr/bin/cmake --build /home/dominik/RRM/ros2_ws/src/build/surani_interface -- -j16 -l16
[7.963s] Invoking command in '/home/dominik/RRM/ros2_ws/src/build/surani_interface': CMAKE_PREFIX_PATH=${CMAKE_PREFIX_PATH}:/opt/ros/jazzy DEBUGINFOD_URLS=https://debuginfod.ubuntu.com /usr/bin/cmake --install /home/dominik/RRM/ros2_ws/src/build/surani_interface
[7.974s] -- Install configuration: ""
[7.974s] -- Installing: /home/dominik/RRM/ros2_ws/src/install/surani_interface/share/ament_index/resource_index/rosidl_interfaces/surani_interface
[7.974s] -- Installing: /home/dominik/RRM/ros2_ws/src/install/surani_interface/share/surani_interface/srv/TeachPoint.json
[7.974s] -- Installing: /home/dominik/RRM/ros2_ws/src/install/surani_interface/include/surani_interface/surani_interface
[7.974s] -- Installing: /home/dominik/RRM/ros2_ws/src/install/surani_interface/include/surani_interface/surani_interface/msg
[7.974s] -- Installing: /home/dominik/RRM/ros2_ws/src/install/surani_interface/include/surani_interface/surani_interface/msg/rosidl_generator_c__visibility_control.h
[7.975s] -- Installing: /home/dominik/RRM/ros2_ws/src/install/surani_interface/include/surani_interface/surani_interface/srv
[7.975s] -- Installing: /home/dominik/RRM/ros2_ws/src/install/surani_interface/include/surani_interface/surani_interface/srv/teach_point.h
[7.975s] -- Installing: /home/dominik/RRM/ros2_ws/src/install/surani_interface/include/surani_interface/surani_interface/srv/detail
[7.975s] -- Installing: /home/dominik/RRM/ros2_ws/src/install/surani_interface/include/surani_interface/surani_interface/srv/detail/teach_point__type_support.c
[7.975s] -- Installing: /home/dominik/RRM/ros2_ws/src/install/surani_interface/include/surani_interface/surani_interface/srv/detail/teach_point__description.c
[7.975s] -- Installing: /home/dominik/RRM/ros2_ws/src/install/surani_interface/include/surani_interface/surani_interface/srv/detail/teach_point__functions.h
[7.975s] -- Installing: /home/dominik/RRM/ros2_ws/src/install/surani_interface/include/surani_interface/surani_interface/srv/detail/teach_point__type_support.h
[7.976s] -- Installing: /home/dominik/RRM/ros2_ws/src/install/surani_interface/include/surani_interface/surani_interface/srv/detail/teach_point__functions.c
[7.976s] -- Installing: /home/dominik/RRM/ros2_ws/src/install/surani_interface/include/surani_interface/surani_interface/srv/detail/teach_point__struct.h
[7.976s] -- Installing: /home/dominik/RRM/ros2_ws/src/install/surani_interface/share/surani_interface/environment/library_path.sh
[7.978s] -- Installing: /home/dominik/RRM/ros2_ws/src/install/surani_interface/share/surani_interface/environment/library_path.dsv
[7.979s] -- Installing: /home/dominik/RRM/ros2_ws/src/install/surani_interface/lib/libsurani_interface__rosidl_generator_c.so
[7.979s] -- Set non-toolchain portion of runtime path of "/home/dominik/RRM/ros2_ws/src/install/surani_interface/lib/libsurani_interface__rosidl_generator_c.so" to ""
[7.979s] -- Up-to-date: /home/dominik/RRM/ros2_ws/src/install/surani_interface/include/surani_interface/surani_interface
[7.980s] -- Up-to-date: /home/dominik/RRM/ros2_ws/src/install/surani_interface/include/surani_interface/surani_interface/msg
[7.980s] -- Installing: /home/dominik/RRM/ros2_ws/src/install/surani_interface/include/surani_interface/surani_interface/msg/rosidl_typesupport_fastrtps_c__visibility_control.h
[7.980s] -- Up-to-date: /home/dominik/RRM/ros2_ws/src/install/surani_interface/include/surani_interface/surani_interface/srv
[7.980s] -- Up-to-date: /home/dominik/RRM/ros2_ws/src/install/surani_interface/include/surani_interface/surani_interface/srv/detail
[7.980s] -- Installing: /home/dominik/RRM/ros2_ws/src/install/surani_interface/include/surani_interface/surani_interface/srv/detail/teach_point__rosidl_typesupport_fastrtps_c.h
[7.980s] -- Installing: /home/dominik/RRM/ros2_ws/src/install/surani_interface/lib/libsurani_interface__rosidl_typesupport_fastrtps_c.so
[7.981s] -- Set non-toolchain portion of runtime path of "/home/dominik/RRM/ros2_ws/src/install/surani_interface/lib/libsurani_interface__rosidl_typesupport_fastrtps_c.so" to ""
[7.981s] -- Up-to-date: /home/dominik/RRM/ros2_ws/src/install/surani_interface/include/surani_interface/surani_interface
[7.981s] -- Up-to-date: /home/dominik/RRM/ros2_ws/src/install/surani_interface/include/surani_interface/surani_interface/msg
[7.981s] -- Installing: /home/dominik/RRM/ros2_ws/src/install/surani_interface/include/surani_interface/surani_interface/msg/rosidl_typesupport_introspection_c__visibility_control.h
[7.981s] -- Up-to-date: /home/dominik/RRM/ros2_ws/src/install/surani_interface/include/surani_interface/surani_interface/srv
[7.981s] -- Up-to-date: /home/dominik/RRM/ros2_ws/src/install/surani_interface/include/surani_interface/surani_interface/srv/detail
[7.981s] -- Installing: /home/dominik/RRM/ros2_ws/src/install/surani_interface/include/surani_interface/surani_interface/srv/detail/teach_point__type_support.c
[7.982s] -- Installing: /home/dominik/RRM/ros2_ws/src/install/surani_interface/include/surani_interface/surani_interface/srv/detail/teach_point__rosidl_typesupport_introspection_c.h
[7.982s] -- Installing: /home/dominik/RRM/ros2_ws/src/install/surani_interface/lib/libsurani_interface__rosidl_typesupport_introspection_c.so
[7.982s] -- Set non-toolchain portion of runtime path of "/home/dominik/RRM/ros2_ws/src/install/surani_interface/lib/libsurani_interface__rosidl_typesupport_introspection_c.so" to ""
[7.982s] -- Installing: /home/dominik/RRM/ros2_ws/src/install/surani_interface/lib/libsurani_interface__rosidl_typesupport_c.so
[7.983s] -- Set non-toolchain portion of runtime path of "/home/dominik/RRM/ros2_ws/src/install/surani_interface/lib/libsurani_interface__rosidl_typesupport_c.so" to ""
[7.983s] -- Up-to-date: /home/dominik/RRM/ros2_ws/src/install/surani_interface/include/surani_interface/surani_interface
[7.983s] -- Up-to-date: /home/dominik/RRM/ros2_ws/src/install/surani_interface/include/surani_interface/surani_interface/msg
[7.983s] -- Installing: /home/dominik/RRM/ros2_ws/src/install/surani_interface/include/surani_interface/surani_interface/msg/rosidl_generator_cpp__visibility_control.hpp
[7.983s] -- Up-to-date: /home/dominik/RRM/ros2_ws/src/install/surani_interface/include/surani_interface/surani_interface/srv
[7.984s] -- Up-to-date: /home/dominik/RRM/ros2_ws/src/install/surani_interface/include/surani_interface/surani_interface/srv/detail
[7.984s] -- Installing: /home/dominik/RRM/ros2_ws/src/install/surani_interface/include/surani_interface/surani_interface/srv/detail/teach_point__builder.hpp
[7.984s] -- Installing: /home/dominik/RRM/ros2_ws/src/install/surani_interface/include/surani_interface/surani_interface/srv/detail/teach_point__struct.hpp
[7.984s] -- Installing: /home/dominik/RRM/ros2_ws/src/install/surani_interface/include/surani_interface/surani_interface/srv/detail/teach_point__type_support.hpp
[7.984s] -- Installing: /home/dominik/RRM/ros2_ws/src/install/surani_interface/include/surani_interface/surani_interface/srv/detail/teach_point__traits.hpp
[7.985s] -- Installing: /home/dominik/RRM/ros2_ws/src/install/surani_interface/include/surani_interface/surani_interface/srv/teach_point.hpp
[7.985s] -- Up-to-date: /home/dominik/RRM/ros2_ws/src/install/surani_interface/include/surani_interface/surani_interface
[7.985s] -- Up-to-date: /home/dominik/RRM/ros2_ws/src/install/surani_interface/include/surani_interface/surani_interface/msg
[7.985s] -- Installing: /home/dominik/RRM/ros2_ws/src/install/surani_interface/include/surani_interface/surani_interface/msg/rosidl_typesupport_fastrtps_cpp__visibility_control.h
[7.985s] -- Up-to-date: /home/dominik/RRM/ros2_ws/src/install/surani_interface/include/surani_interface/surani_interface/srv
[7.985s] -- Up-to-date: /home/dominik/RRM/ros2_ws/src/install/surani_interface/include/surani_interface/surani_interface/srv/detail
[7.985s] -- Installing: /home/dominik/RRM/ros2_ws/src/install/surani_interface/include/surani_interface/surani_interface/srv/detail/teach_point__rosidl_typesupport_fastrtps_cpp.hpp
[7.986s] -- Installing: /home/dominik/RRM/ros2_ws/src/install/surani_interface/include/surani_interface/surani_interface/srv/detail/dds_fastrtps
[7.986s] -- Installing: /home/dominik/RRM/ros2_ws/src/install/surani_interface/lib/libsurani_interface__rosidl_typesupport_fastrtps_cpp.so
[7.987s] -- Set non-toolchain portion of runtime path of "/home/dominik/RRM/ros2_ws/src/install/surani_interface/lib/libsurani_interface__rosidl_typesupport_fastrtps_cpp.so" to ""
[7.987s] -- Up-to-date: /home/dominik/RRM/ros2_ws/src/install/surani_interface/include/surani_interface/surani_interface
[7.987s] -- Up-to-date: /home/dominik/RRM/ros2_ws/src/install/surani_interface/include/surani_interface/surani_interface/srv
[7.987s] -- Up-to-date: /home/dominik/RRM/ros2_ws/src/install/surani_interface/include/surani_interface/surani_interface/srv/detail
[7.987s] -- Installing: /home/dominik/RRM/ros2_ws/src/install/surani_interface/include/surani_interface/surani_interface/srv/detail/teach_point__type_support.cpp
[7.987s] -- Installing: /home/dominik/RRM/ros2_ws/src/install/surani_interface/include/surani_interface/surani_interface/srv/detail/teach_point__rosidl_typesupport_introspection_cpp.hpp
[7.987s] -- Installing: /home/dominik/RRM/ros2_ws/src/install/surani_interface/lib/libsurani_interface__rosidl_typesupport_introspection_cpp.so
[7.988s] -- Set non-toolchain portion of runtime path of "/home/dominik/RRM/ros2_ws/src/install/surani_interface/lib/libsurani_interface__rosidl_typesupport_introspection_cpp.so" to ""
[7.988s] -- Installing: /home/dominik/RRM/ros2_ws/src/install/surani_interface/lib/libsurani_interface__rosidl_typesupport_cpp.so
[7.989s] -- Set non-toolchain portion of runtime path of "/home/dominik/RRM/ros2_ws/src/install/surani_interface/lib/libsurani_interface__rosidl_typesupport_cpp.so" to ""
[7.989s] -- Installing: /home/dominik/RRM/ros2_ws/src/install/surani_interface/share/surani_interface/environment/pythonpath.sh
[7.989s] -- Installing: /home/dominik/RRM/ros2_ws/src/install/surani_interface/share/surani_interface/environment/pythonpath.dsv
[7.990s] -- Installing: /home/dominik/RRM/ros2_ws/src/install/surani_interface/lib/python3.12/site-packages/surani_interface-0.0.0-py3.12.egg-info
[7.990s] -- Installing: /home/dominik/RRM/ros2_ws/src/install/surani_interface/lib/python3.12/site-packages/surani_interface-0.0.0-py3.12.egg-info/SOURCES.txt
[7.990s] -- Installing: /home/dominik/RRM/ros2_ws/src/install/surani_interface/lib/python3.12/site-packages/surani_interface-0.0.0-py3.12.egg-info/top_level.txt
[7.990s] -- Installing: /home/dominik/RRM/ros2_ws/src/install/surani_interface/lib/python3.12/site-packages/surani_interface-0.0.0-py3.12.egg-info/dependency_links.txt
[7.990s] -- Installing: /home/dominik/RRM/ros2_ws/src/install/surani_interface/lib/python3.12/site-packages/surani_interface-0.0.0-py3.12.egg-info/PKG-INFO
[7.991s] -- Installing: /home/dominik/RRM/ros2_ws/src/install/surani_interface/lib/python3.12/site-packages/surani_interface
[7.991s] -- Installing: /home/dominik/RRM/ros2_ws/src/install/surani_interface/lib/python3.12/site-packages/surani_interface/_surani_interface_s.ep.rosidl_typesupport_introspection_c.c
[7.991s] -- Installing: /home/dominik/RRM/ros2_ws/src/install/surani_interface/lib/python3.12/site-packages/surani_interface/srv
[7.991s] -- Installing: /home/dominik/RRM/ros2_ws/src/install/surani_interface/lib/python3.12/site-packages/surani_interface/srv/__init__.py
[7.991s] -- Installing: /home/dominik/RRM/ros2_ws/src/install/surani_interface/lib/python3.12/site-packages/surani_interface/srv/_teach_point.py
[7.992s] -- Installing: /home/dominik/RRM/ros2_ws/src/install/surani_interface/lib/python3.12/site-packages/surani_interface/srv/_teach_point_s.c
[7.992s] -- Installing: /home/dominik/RRM/ros2_ws/src/install/surani_interface/lib/python3.12/site-packages/surani_interface/surani_interface_s__rosidl_typesupport_fastrtps_c.so
[7.992s] -- Installing: /home/dominik/RRM/ros2_ws/src/install/surani_interface/lib/python3.12/site-packages/surani_interface/__init__.py
[7.992s] -- Installing: /home/dominik/RRM/ros2_ws/src/install/surani_interface/lib/python3.12/site-packages/surani_interface/_surani_interface_s.ep.rosidl_typesupport_fastrtps_c.c
[7.993s] -- Installing: /home/dominik/RRM/ros2_ws/src/install/surani_interface/lib/python3.12/site-packages/surani_interface/surani_interface_s__rosidl_typesupport_c.so
[7.993s] -- Installing: /home/dominik/RRM/ros2_ws/src/install/surani_interface/lib/python3.12/site-packages/surani_interface/_surani_interface_s.ep.rosidl_typesupport_c.c
[7.993s] -- Installing: /home/dominik/RRM/ros2_ws/src/install/surani_interface/lib/python3.12/site-packages/surani_interface/surani_interface_s__rosidl_typesupport_introspection_c.so
[8.053s] Listing '/home/dominik/RRM/ros2_ws/src/install/surani_interface/lib/python3.12/site-packages/surani_interface'...
[8.054s] Compiling '/home/dominik/RRM/ros2_ws/src/install/surani_interface/lib/python3.12/site-packages/surani_interface/__init__.py'...
[8.054s] Listing '/home/dominik/RRM/ros2_ws/src/install/surani_interface/lib/python3.12/site-packages/surani_interface/srv'...
[8.054s] Compiling '/home/dominik/RRM/ros2_ws/src/install/surani_interface/lib/python3.12/site-packages/surani_interface/srv/__init__.py'...
[8.054s] Compiling '/home/dominik/RRM/ros2_ws/src/install/surani_interface/lib/python3.12/site-packages/surani_interface/srv/_teach_point.py'...
[8.065s] -- Installing: /home/dominik/RRM/ros2_ws/src/install/surani_interface/lib/python3.12/site-packages/surani_interface/surani_interface_s__rosidl_typesupport_fastrtps_c.so
[8.065s] -- Set non-toolchain portion of runtime path of "/home/dominik/RRM/ros2_ws/src/install/surani_interface/lib/python3.12/site-packages/surani_interface/surani_interface_s__rosidl_typesupport_fastrtps_c.so" to ""
[8.065s] -- Installing: /home/dominik/RRM/ros2_ws/src/install/surani_interface/lib/python3.12/site-packages/surani_interface/surani_interface_s__rosidl_typesupport_introspection_c.so
[8.066s] -- Set non-toolchain portion of runtime path of "/home/dominik/RRM/ros2_ws/src/install/surani_interface/lib/python3.12/site-packages/surani_interface/surani_interface_s__rosidl_typesupport_introspection_c.so" to ""
[8.067s] -- Installing: /home/dominik/RRM/ros2_ws/src/install/surani_interface/lib/python3.12/site-packages/surani_interface/surani_interface_s__rosidl_typesupport_c.so
[8.067s] -- Set non-toolchain portion of runtime path of "/home/dominik/RRM/ros2_ws/src/install/surani_interface/lib/python3.12/site-packages/surani_interface/surani_interface_s__rosidl_typesupport_c.so" to ""
[8.067s] -- Installing: /home/dominik/RRM/ros2_ws/src/install/surani_interface/lib/libsurani_interface__rosidl_generator_py.so
[8.068s] -- Set non-toolchain portion of runtime path of "/home/dominik/RRM/ros2_ws/src/install/surani_interface/lib/libsurani_interface__rosidl_generator_py.so" to ""
[8.068s] -- Installing: /home/dominik/RRM/ros2_ws/src/install/surani_interface/share/surani_interface/srv/TeachPoint.idl
[8.069s] -- Installing: /home/dominik/RRM/ros2_ws/src/install/surani_interface/share/surani_interface/srv/TeachPoint.srv
[8.069s] -- Installing: /home/dominik/RRM/ros2_ws/src/install/surani_interface/share/ament_index/resource_index/package_run_dependencies/surani_interface
[8.070s] -- Installing: /home/dominik/RRM/ros2_ws/src/install/surani_interface/share/ament_index/resource_index/parent_prefix_path/surani_interface
[8.070s] -- Installing: /home/dominik/RRM/ros2_ws/src/install/surani_interface/share/surani_interface/environment/ament_prefix_path.sh
[8.071s] -- Installing: /home/dominik/RRM/ros2_ws/src/install/surani_interface/share/surani_interface/environment/ament_prefix_path.dsv
[8.071s] -- Installing: /home/dominik/RRM/ros2_ws/src/install/surani_interface/share/surani_interface/environment/path.sh
[8.071s] -- Installing: /home/dominik/RRM/ros2_ws/src/install/surani_interface/share/surani_interface/environment/path.dsv
[8.072s] -- Installing: /home/dominik/RRM/ros2_ws/src/install/surani_interface/share/surani_interface/local_setup.bash
[8.072s] -- Installing: /home/dominik/RRM/ros2_ws/src/install/surani_interface/share/surani_interface/local_setup.sh
[8.072s] -- Installing: /home/dominik/RRM/ros2_ws/src/install/surani_interface/share/surani_interface/local_setup.zsh
[8.073s] -- Installing: /home/dominik/RRM/ros2_ws/src/install/surani_interface/share/surani_interface/local_setup.dsv
[8.073s] -- Installing: /home/dominik/RRM/ros2_ws/src/install/surani_interface/share/surani_interface/package.dsv
[8.074s] -- Installing: /home/dominik/RRM/ros2_ws/src/install/surani_interface/share/ament_index/resource_index/packages/surani_interface
[8.074s] -- Installing: /home/dominik/RRM/ros2_ws/src/install/surani_interface/share/surani_interface/cmake/export_surani_interface__rosidl_generator_cExport.cmake
[8.074s] -- Installing: /home/dominik/RRM/ros2_ws/src/install/surani_interface/share/surani_interface/cmake/export_surani_interface__rosidl_generator_cExport-noconfig.cmake
[8.075s] -- Installing: /home/dominik/RRM/ros2_ws/src/install/surani_interface/share/surani_interface/cmake/export_surani_interface__rosidl_typesupport_fastrtps_cExport.cmake
[8.075s] -- Installing: /home/dominik/RRM/ros2_ws/src/install/surani_interface/share/surani_interface/cmake/export_surani_interface__rosidl_typesupport_fastrtps_cExport-noconfig.cmake
[8.075s] -- Installing: /home/dominik/RRM/ros2_ws/src/install/surani_interface/share/surani_interface/cmake/surani_interface__rosidl_typesupport_introspection_cExport.cmake
[8.076s] -- Installing: /home/dominik/RRM/ros2_ws/src/install/surani_interface/share/surani_interface/cmake/surani_interface__rosidl_typesupport_introspection_cExport-noconfig.cmake
[8.076s] -- Installing: /home/dominik/RRM/ros2_ws/src/install/surani_interface/share/surani_interface/cmake/surani_interface__rosidl_typesupport_cExport.cmake
[8.076s] -- Installing: /home/dominik/RRM/ros2_ws/src/install/surani_interface/share/surani_interface/cmake/surani_interface__rosidl_typesupport_cExport-noconfig.cmake
[8.077s] -- Installing: /home/dominik/RRM/ros2_ws/src/install/surani_interface/share/surani_interface/cmake/export_surani_interface__rosidl_generator_cppExport.cmake
[8.077s] -- Installing: /home/dominik/RRM/ros2_ws/src/install/surani_interface/share/surani_interface/cmake/export_surani_interface__rosidl_typesupport_fastrtps_cppExport.cmake
[8.078s] -- Installing: /home/dominik/RRM/ros2_ws/src/install/surani_interface/share/surani_interface/cmake/export_surani_interface__rosidl_typesupport_fastrtps_cppExport-noconfig.cmake
[8.078s] -- Installing: /home/dominik/RRM/ros2_ws/src/install/surani_interface/share/surani_interface/cmake/surani_interface__rosidl_typesupport_introspection_cppExport.cmake
[8.078s] -- Installing: /home/dominik/RRM/ros2_ws/src/install/surani_interface/share/surani_interface/cmake/surani_interface__rosidl_typesupport_introspection_cppExport-noconfig.cmake
[8.079s] -- Installing: /home/dominik/RRM/ros2_ws/src/install/surani_interface/share/surani_interface/cmake/surani_interface__rosidl_typesupport_cppExport.cmake
[8.079s] -- Installing: /home/dominik/RRM/ros2_ws/src/install/surani_interface/share/surani_interface/cmake/surani_interface__rosidl_typesupport_cppExport-noconfig.cmake
[8.079s] -- Installing: /home/dominik/RRM/ros2_ws/src/install/surani_interface/share/surani_interface/cmake/export_surani_interface__rosidl_generator_pyExport.cmake
[8.080s] -- Installing: /home/dominik/RRM/ros2_ws/src/install/surani_interface/share/surani_interface/cmake/export_surani_interface__rosidl_generator_pyExport-noconfig.cmake
[8.080s] -- Installing: /home/dominik/RRM/ros2_ws/src/install/surani_interface/share/surani_interface/cmake/rosidl_cmake-extras.cmake
[8.080s] -- Installing: /home/dominik/RRM/ros2_ws/src/install/surani_interface/share/surani_interface/cmake/ament_cmake_export_dependencies-extras.cmake
[8.081s] -- Installing: /home/dominik/RRM/ros2_ws/src/install/surani_interface/share/surani_interface/cmake/ament_cmake_export_include_directories-extras.cmake
[8.081s] -- Installing: /home/dominik/RRM/ros2_ws/src/install/surani_interface/share/surani_interface/cmake/ament_cmake_export_libraries-extras.cmake
[8.081s] -- Installing: /home/dominik/RRM/ros2_ws/src/install/surani_interface/share/surani_interface/cmake/ament_cmake_export_targets-extras.cmake
[8.082s] -- Installing: /home/dominik/RRM/ros2_ws/src/install/surani_interface/share/surani_interface/cmake/rosidl_cmake_export_typesupport_targets-extras.cmake
[8.082s] -- Installing: /home/dominik/RRM/ros2_ws/src/install/surani_interface/share/surani_interface/cmake/rosidl_cmake_export_typesupport_libraries-extras.cmake
[8.082s] -- Installing: /home/dominik/RRM/ros2_ws/src/install/surani_interface/share/surani_interface/cmake/surani_interfaceConfig.cmake
[8.083s] -- Installing: /home/dominik/RRM/ros2_ws/src/install/surani_interface/share/surani_interface/cmake/surani_interfaceConfig-version.cmake
[8.083s] -- Installing: /home/dominik/RRM/ros2_ws/src/install/surani_interface/share/surani_interface/package.xml
[8.087s] Invoked command in '/home/dominik/RRM/ros2_ws/src/build/surani_interface' returned '0': CMAKE_PREFIX_PATH=${CMAKE_PREFIX_PATH}:/opt/ros/jazzy DEBUGINFOD_URLS=https://debuginfod.ubuntu.com /usr/bin/cmake --install /home/dominik/RRM/ros2_ws/src/build/surani_interface
