[0.010s] Invoking command in '/home/dominik/RRM/ros2_ws/build/block1_surani': CMAKE_PREFIX_PATH=/home/dominik/RRM/ros2_ws/install/rrm_msgs:/home/dominik/RRM/ros2_ws/install/rrm_simple_robot_model:/home/dominik/RRM/ros2_ws/install/rrm_sim:/home/dominik/RRM/ros2_ws/install/block1_surani:/home/dominik/RRM/ros2_ws/install/cv1:/home/dominik/RRM/zad1/install/zad1:/opt/ros/jazzy/opt/gz_math_vendor:/opt/ros/jazzy/opt/gz_utils_vendor:/opt/ros/jazzy/opt/gz_cmake_vendor:/opt/ros/jazzy DEBUGINFOD_URLS=https://debuginfod.ubuntu.com /usr/bin/cmake --build /home/dominik/RRM/ros2_ws/build/block1_surani -- -j16 -l16
[0.066s] [ 25%] [32mBuilding CXX object CMakeFiles/logger_node.dir/src/logger_node.cpp.o[0m
[0.068s] [ 75%] Built target teleop_node
[6.889s] [100%] [32m[1mLinking CXX executable logger_node[0m
[7.110s] [100%] Built target logger_node
[7.125s] Invoked command in '/home/dominik/RRM/ros2_ws/build/block1_surani' returned '0': CMAKE_PREFIX_PATH=/home/dominik/RRM/ros2_ws/install/rrm_msgs:/home/dominik/RRM/ros2_ws/install/rrm_simple_robot_model:/home/dominik/RRM/ros2_ws/install/rrm_sim:/home/dominik/RRM/ros2_ws/install/block1_surani:/home/dominik/RRM/ros2_ws/install/cv1:/home/dominik/RRM/zad1/install/zad1:/opt/ros/jazzy/opt/gz_math_vendor:/opt/ros/jazzy/opt/gz_utils_vendor:/opt/ros/jazzy/opt/gz_cmake_vendor:/opt/ros/jazzy DEBUGINFOD_URLS=https://debuginfod.ubuntu.com /usr/bin/cmake --build /home/dominik/RRM/ros2_ws/build/block1_surani -- -j16 -l16
[7.152s] Invoking command in '/home/dominik/RRM/ros2_ws/build/block1_surani': CMAKE_PREFIX_PATH=/home/dominik/RRM/ros2_ws/install/rrm_msgs:/home/dominik/RRM/ros2_ws/install/rrm_simple_robot_model:/home/dominik/RRM/ros2_ws/install/rrm_sim:/home/dominik/RRM/ros2_ws/install/block1_surani:/home/dominik/RRM/ros2_ws/install/cv1:/home/dominik/RRM/zad1/install/zad1:/opt/ros/jazzy/opt/gz_math_vendor:/opt/ros/jazzy/opt/gz_utils_vendor:/opt/ros/jazzy/opt/gz_cmake_vendor:/opt/ros/jazzy DEBUGINFOD_URLS=https://debuginfod.ubuntu.com /usr/bin/cmake --install /home/dominik/RRM/ros2_ws/build/block1_surani
[7.159s] -- Install configuration: ""
[7.159s] -- Up-to-date: /home/dominik/RRM/ros2_ws/install/block1_surani/lib/block1_surani/teleop_node
[7.159s] -- Up-to-date: /home/dominik/RRM/ros2_ws/install/block1_surani/lib/block1_surani/teleop_node
[7.159s] -- Installing: /home/dominik/RRM/ros2_ws/install/block1_surani/lib/block1_surani/logger_node
[7.163s] -- Set non-toolchain portion of runtime path of "/home/dominik/RRM/ros2_ws/install/block1_surani/lib/block1_surani/logger_node" to ""
[7.163s] -- Up-to-date: /home/dominik/RRM/ros2_ws/install/block1_surani/share/ament_index/resource_index/package_run_dependencies/block1_surani
[7.163s] -- Up-to-date: /home/dominik/RRM/ros2_ws/install/block1_surani/share/ament_index/resource_index/parent_prefix_path/block1_surani
[7.164s] -- Up-to-date: /home/dominik/RRM/ros2_ws/install/block1_surani/share/block1_surani/environment/ament_prefix_path.sh
[7.164s] -- Up-to-date: /home/dominik/RRM/ros2_ws/install/block1_surani/share/block1_surani/environment/ament_prefix_path.dsv
[7.164s] -- Up-to-date: /home/dominik/RRM/ros2_ws/install/block1_surani/share/block1_surani/environment/path.sh
[7.164s] -- Up-to-date: /home/dominik/RRM/ros2_ws/install/block1_surani/share/block1_surani/environment/path.dsv
[7.164s] -- Up-to-date: /home/dominik/RRM/ros2_ws/install/block1_surani/share/block1_surani/local_setup.bash
[7.164s] -- Up-to-date: /home/dominik/RRM/ros2_ws/install/block1_surani/share/block1_surani/local_setup.sh
[7.164s] -- Up-to-date: /home/dominik/RRM/ros2_ws/install/block1_surani/share/block1_surani/local_setup.zsh
[7.164s] -- Up-to-date: /home/dominik/RRM/ros2_ws/install/block1_surani/share/block1_surani/local_setup.dsv
[7.164s] -- Installing: /home/dominik/RRM/ros2_ws/install/block1_surani/share/block1_surani/package.dsv
[7.164s] -- Up-to-date: /home/dominik/RRM/ros2_ws/install/block1_surani/share/ament_index/resource_index/packages/block1_surani
[7.165s] -- Up-to-date: /home/dominik/RRM/ros2_ws/install/block1_surani/share/block1_surani/cmake/block1_suraniConfig.cmake
[7.165s] -- Up-to-date: /home/dominik/RRM/ros2_ws/install/block1_surani/share/block1_surani/cmake/block1_suraniConfig-version.cmake
[7.165s] -- Up-to-date: /home/dominik/RRM/ros2_ws/install/block1_surani/share/block1_surani/package.xml
[7.166s] Invoked command in '/home/dominik/RRM/ros2_ws/build/block1_surani' returned '0': CMAKE_PREFIX_PATH=/home/dominik/RRM/ros2_ws/install/rrm_msgs:/home/dominik/RRM/ros2_ws/install/rrm_simple_robot_model:/home/dominik/RRM/ros2_ws/install/rrm_sim:/home/dominik/RRM/ros2_ws/install/block1_surani:/home/dominik/RRM/ros2_ws/install/cv1:/home/dominik/RRM/zad1/install/zad1:/opt/ros/jazzy/opt/gz_math_vendor:/opt/ros/jazzy/opt/gz_utils_vendor:/opt/ros/jazzy/opt/gz_cmake_vendor:/opt/ros/jazzy DEBUGINFOD_URLS=https://debuginfod.ubuntu.com /usr/bin/cmake --install /home/dominik/RRM/ros2_ws/build/block1_surani
