[0.050s] Invoking command in '/home/dominik/RRM/ros2_ws/build/eigen_example': CMAKE_PREFIX_PATH=${CMAKE_PREFIX_PATH}:/opt/ros/jazzy DEBUGINFOD_URLS=https://debuginfod.ubuntu.com /usr/bin/cmake --build /home/dominik/RRM/ros2_ws/build/eigen_example -- -j16 -l16
[0.187s] [100%] Built target eigen_example
[0.352s] Invoked command in '/home/dominik/RRM/ros2_ws/build/eigen_example' returned '0': CMAKE_PREFIX_PATH=${CMAKE_PREFIX_PATH}:/opt/ros/jazzy DEBUGINFOD_URLS=https://debuginfod.ubuntu.com /usr/bin/cmake --build /home/dominik/RRM/ros2_ws/build/eigen_example -- -j16 -l16
[0.607s] Invoking command in '/home/dominik/RRM/ros2_ws/build/eigen_example': CMAKE_PREFIX_PATH=${CMAKE_PREFIX_PATH}:/opt/ros/jazzy DEBUGINFOD_URLS=https://debuginfod.ubuntu.com /usr/bin/cmake --install /home/dominik/RRM/ros2_ws/build/eigen_example
[0.698s] -- Install configuration: ""
[0.705s] -- Up-to-date: /home/dominik/RRM/ros2_ws/install/eigen_example/lib/eigen_example/eigen_example
[0.706s] -- Up-to-date: /home/dominik/RRM/ros2_ws/install/eigen_example/share/ament_index/resource_index/package_run_dependencies/eigen_example
[0.708s] -- Up-to-date: /home/dominik/RRM/ros2_ws/install/eigen_example/share/ament_index/resource_index/parent_prefix_path/eigen_example
[0.709s] -- Up-to-date: /home/dominik/RRM/ros2_ws/install/eigen_example/share/eigen_example/environment/ament_prefix_path.sh
[0.710s] -- Up-to-date: /home/dominik/RRM/ros2_ws/install/eigen_example/share/eigen_example/environment/ament_prefix_path.dsv
[0.711s] -- Up-to-date: /home/dominik/RRM/ros2_ws/install/eigen_example/share/eigen_example/environment/path.sh
[0.711s] -- Up-to-date: /home/dominik/RRM/ros2_ws/install/eigen_example/share/eigen_example/environment/path.dsv
[0.712s] -- Up-to-date: /home/dominik/RRM/ros2_ws/install/eigen_example/share/eigen_example/local_setup.bash
[0.713s] -- Up-to-date: /home/dominik/RRM/ros2_ws/install/eigen_example/share/eigen_example/local_setup.sh
[0.715s] -- Up-to-date: /home/dominik/RRM/ros2_ws/install/eigen_example/share/eigen_example/local_setup.zsh
[0.715s] -- Up-to-date: /home/dominik/RRM/ros2_ws/install/eigen_example/share/eigen_example/local_setup.dsv
[0.718s] -- Installing: /home/dominik/RRM/ros2_ws/install/eigen_example/share/eigen_example/package.dsv
[0.719s] -- Up-to-date: /home/dominik/RRM/ros2_ws/install/eigen_example/share/ament_index/resource_index/packages/eigen_example
[0.720s] -- Up-to-date: /home/dominik/RRM/ros2_ws/install/eigen_example/share/eigen_example/cmake/eigen_exampleConfig.cmake
[0.721s] -- Up-to-date: /home/dominik/RRM/ros2_ws/install/eigen_example/share/eigen_example/cmake/eigen_exampleConfig-version.cmake
[0.722s] -- Up-to-date: /home/dominik/RRM/ros2_ws/install/eigen_example/share/eigen_example/package.xml
[0.777s] Invoked command in '/home/dominik/RRM/ros2_ws/build/eigen_example' returned '0': CMAKE_PREFIX_PATH=${CMAKE_PREFIX_PATH}:/opt/ros/jazzy DEBUGINFOD_URLS=https://debuginfod.ubuntu.com /usr/bin/cmake --install /home/dominik/RRM/ros2_ws/build/eigen_example
