[0.098s] Invoking command in '/home/dominik/RRM/ros2_ws/build/cv1': CMAKE_PREFIX_PATH=${CMAKE_PREFIX_PATH}:/opt/ros/jazzy DEBUGINFOD_URLS=https://debuginfod.ubuntu.com /usr/bin/cmake --build /home/dominik/RRM/ros2_ws/build/cv1 -- -j16 -l16
[0.587s] [100%] Built target cv1_node
[0.691s] Invoked command in '/home/dominik/RRM/ros2_ws/build/cv1' returned '0': CMAKE_PREFIX_PATH=${CMAKE_PREFIX_PATH}:/opt/ros/jazzy DEBUGINFOD_URLS=https://debuginfod.ubuntu.com /usr/bin/cmake --build /home/dominik/RRM/ros2_ws/build/cv1 -- -j16 -l16
[1.312s] Invoking command in '/home/dominik/RRM/ros2_ws/build/cv1': CMAKE_PREFIX_PATH=${CMAKE_PREFIX_PATH}:/opt/ros/jazzy DEBUGINFOD_URLS=https://debuginfod.ubuntu.com /usr/bin/cmake --install /home/dominik/RRM/ros2_ws/build/cv1
[1.394s] -- Install configuration: ""
[1.407s] -- Up-to-date: /home/dominik/RRM/ros2_ws/install/cv1/lib/cv1/cv1_node
[1.409s] -- Up-to-date: /home/dominik/RRM/ros2_ws/install/cv1/share/ament_index/resource_index/package_run_dependencies/cv1
[1.410s] -- Up-to-date: /home/dominik/RRM/ros2_ws/install/cv1/share/ament_index/resource_index/parent_prefix_path/cv1
[1.412s] -- Up-to-date: /home/dominik/RRM/ros2_ws/install/cv1/share/cv1/environment/ament_prefix_path.sh
[1.413s] -- Up-to-date: /home/dominik/RRM/ros2_ws/install/cv1/share/cv1/environment/ament_prefix_path.dsv
[1.414s] -- Up-to-date: /home/dominik/RRM/ros2_ws/install/cv1/share/cv1/environment/path.sh
[1.415s] -- Up-to-date: /home/dominik/RRM/ros2_ws/install/cv1/share/cv1/environment/path.dsv
[1.416s] -- Up-to-date: /home/dominik/RRM/ros2_ws/install/cv1/share/cv1/local_setup.bash
[1.435s] -- Up-to-date: /home/dominik/RRM/ros2_ws/install/cv1/share/cv1/local_setup.sh
[1.436s] -- Up-to-date: /home/dominik/RRM/ros2_ws/install/cv1/share/cv1/local_setup.zsh
[1.437s] -- Up-to-date: /home/dominik/RRM/ros2_ws/install/cv1/share/cv1/local_setup.dsv
[1.442s] -- Installing: /home/dominik/RRM/ros2_ws/install/cv1/share/cv1/package.dsv
[1.444s] -- Up-to-date: /home/dominik/RRM/ros2_ws/install/cv1/share/ament_index/resource_index/packages/cv1
[1.445s] -- Up-to-date: /home/dominik/RRM/ros2_ws/install/cv1/share/cv1/cmake/cv1Config.cmake
[1.447s] -- Up-to-date: /home/dominik/RRM/ros2_ws/install/cv1/share/cv1/cmake/cv1Config-version.cmake
[1.448s] -- Up-to-date: /home/dominik/RRM/ros2_ws/install/cv1/share/cv1/package.xml
[1.591s] Invoked command in '/home/dominik/RRM/ros2_ws/build/cv1' returned '0': CMAKE_PREFIX_PATH=${CMAKE_PREFIX_PATH}:/opt/ros/jazzy DEBUGINFOD_URLS=https://debuginfod.ubuntu.com /usr/bin/cmake --install /home/dominik/RRM/ros2_ws/build/cv1
