[0.019s] Invoking command in '/home/dominik/RRM/ros2_ws/build/block1_surani': CMAKE_PREFIX_PATH=/home/dominik/RRM/ros2_ws/install/rrm_msgs:/home/dominik/RRM/ros2_ws/install/rrm_simple_robot_model:/home/dominik/RRM/ros2_ws/install/rrm_sim:/home/dominik/RRM/ros2_ws/install/block1_surani:/home/dominik/RRM/ros2_ws/install/cv1:/home/dominik/RRM/zad1/install/zad1:/opt/ros/jazzy/opt/gz_math_vendor:/opt/ros/jazzy/opt/gz_utils_vendor:/opt/ros/jazzy/opt/gz_cmake_vendor:/opt/ros/jazzy DEBUGINFOD_URLS=https://debuginfod.ubuntu.com /usr/bin/cmake --build /home/dominik/RRM/ros2_ws/build/block1_surani -- -j16 -l16
[0.123s] [ 25%] [32mBuilding CXX object CMakeFiles/teleop_node.dir/src/teleop_node.cpp.o[0m
[0.123s] [ 75%] Built target logger_node
[2.365s] [01m[K/home/dominik/RRM/ros2_ws/src/block1_surani/src/teleop_node.cpp:[m[K In function ‘[01m[Kint[01;32m[K main[m[K(int, char**)[m[K’:
[2.365s] [01m[K/home/dominik/RRM/ros2_ws/src/block1_surani/src/teleop_node.cpp:35:17:[m[K [01;31m[Kerror: [m[K‘[01m[Krclcpp::Client<rrm_msgs::srv::Command>::SharedPtr Teleop::client_[m[K’ is private within this context
[2.365s]    35 |   while (!robot.[01;31m[Kclient_[m[K->wait_for_service (std::chrono::seconds (1))) {
[2.365s]       |                 [01;31m[K^~~~~~~[m[K
[2.365s] [01m[K/home/dominik/RRM/ros2_ws/src/block1_surani/src/teleop_node.cpp:24:55:[m[K [01;36m[Knote: [m[Kdeclared private here
[2.365s]    24 |     rclcpp::Client<rrm_msgs::srv::Command>::SharedPtr [01;36m[Kclient_[m[K;
[2.365s]       |                                                       [01;36m[K^~~~~~~[m[K
[2.367s] [01m[K/home/dominik/RRM/ros2_ws/src/block1_surani/src/teleop_node.cpp:48:23:[m[K [01;31m[Kerror: [m[K‘[01m[Krclcpp::Client<rrm_msgs::srv::Command>::SharedPtr Teleop::client_[m[K’ is private within this context
[2.367s]    48 |   auto result = robot.[01;31m[Kclient_[m[K->async_send_request(request);
[2.367s]       |                       [01;31m[K^~~~~~~[m[K
[2.367s] [01m[K/home/dominik/RRM/ros2_ws/src/block1_surani/src/teleop_node.cpp:24:55:[m[K [01;36m[Knote: [m[Kdeclared private here
[2.367s]    24 |     rclcpp::Client<rrm_msgs::srv::Command>::SharedPtr [01;36m[Kclient_[m[K;
[2.367s]       |                                                       [01;36m[K^~~~~~~[m[K
[3.490s] gmake[2]: *** [CMakeFiles/teleop_node.dir/build.make:76: CMakeFiles/teleop_node.dir/src/teleop_node.cpp.o] Error 1
[3.490s] gmake[1]: *** [CMakeFiles/Makefile2:139: CMakeFiles/teleop_node.dir/all] Error 2
[3.491s] gmake: *** [Makefile:146: all] Error 2
[3.494s] Invoked command in '/home/dominik/RRM/ros2_ws/build/block1_surani' returned '2': CMAKE_PREFIX_PATH=/home/dominik/RRM/ros2_ws/install/rrm_msgs:/home/dominik/RRM/ros2_ws/install/rrm_simple_robot_model:/home/dominik/RRM/ros2_ws/install/rrm_sim:/home/dominik/RRM/ros2_ws/install/block1_surani:/home/dominik/RRM/ros2_ws/install/cv1:/home/dominik/RRM/zad1/install/zad1:/opt/ros/jazzy/opt/gz_math_vendor:/opt/ros/jazzy/opt/gz_utils_vendor:/opt/ros/jazzy/opt/gz_cmake_vendor:/opt/ros/jazzy DEBUGINFOD_URLS=https://debuginfod.ubuntu.com /usr/bin/cmake --build /home/dominik/RRM/ros2_ws/build/block1_surani -- -j16 -l16
