-- Found ament_cmake: 2.5.2 (/opt/ros/jazzy/share/ament_cmake/cmake)
-- Found Python3: /usr/bin/python3 (found version "3.12.3") found components: Interpreter 
-- Found rosidl_default_generators: 1.6.0 (/opt/ros/jazzy/share/rosidl_default_generators/cmake)
-- Using all available rosidl_typesupport_c: rosidl_typesupport_fastrtps_c;rosidl_typesupport_introspection_c
-- Using all available rosidl_typesupport_cpp: rosidl_typesupport_fastrtps_cpp;rosidl_typesupport_introspection_cpp
-- Found rosidl_adapter: 4.6.4 (/opt/ros/jazzy/share/rosidl_adapter/cmake)
-- Found ament_cmake_ros: 0.12.0 (/opt/ros/jazzy/share/ament_cmake_ros/cmake)
-- Using all available rosidl_typesupport_c: rosidl_typesupport_fastrtps_c;rosidl_typesupport_introspection_c
-- Using all available rosidl_typesupport_cpp: rosidl_typesupport_fastrtps_cpp;rosidl_typesupport_introspection_cpp
-- Found python_cmake_module: 0.11.1 (/opt/ros/jazzy/share/python_cmake_module/cmake)
-- Found Python3: /usr/bin/python3 (found version "3.12.3") found components: Interpreter Development NumPy Development.Module Development.Embed 
-- Found ament_lint_auto: 0.17.1 (/opt/ros/jazzy/share/ament_lint_auto/cmake)
-- Added test 'copyright' to check source files copyright and LICENSE
-- Added test 'lint_cmake' to check CMake code style
-- Added test 'xmllint' to check XML markup files
-- Configuring done (0.9s)
-- Generating done (0.0s)
-- Build files have been written to: /home/dominik/RRM/ros2_ws/build/rrm_msgs
[  2%] Built target rrm_msgs__rosidl_generator_type_description
[  2%] Built target ament_cmake_python_copy_rrm_msgs
[  4%] Built target rrm_msgs__cpp
[ 22%] Built target rrm_msgs__rosidl_generator_c
[ 59%] Built target rrm_msgs__rosidl_typesupport_cpp
[ 59%] Built target rrm_msgs__rosidl_typesupport_introspection_cpp
[ 59%] Built target rrm_msgs__rosidl_typesupport_introspection_c
[ 59%] Built target rrm_msgs__rosidl_typesupport_c
[ 68%] Built target rrm_msgs__rosidl_typesupport_fastrtps_c
[ 77%] Built target rrm_msgs__rosidl_typesupport_fastrtps_cpp
[ 77%] Built target rrm_msgs
[ 79%] Built target rrm_msgs__py
[ 86%] Built target rrm_msgs__rosidl_generator_py
[100%] Built target rrm_msgs_s__rosidl_typesupport_c
[100%] Built target rrm_msgs_s__rosidl_typesupport_fastrtps_c
[100%] Built target rrm_msgs_s__rosidl_typesupport_introspection_c
running egg_info
writing rrm_msgs.egg-info/PKG-INFO
writing dependency_links to rrm_msgs.egg-info/dependency_links.txt
writing top-level names to rrm_msgs.egg-info/top_level.txt
reading manifest file 'rrm_msgs.egg-info/SOURCES.txt'
writing manifest file 'rrm_msgs.egg-info/SOURCES.txt'
[100%] Built target ament_cmake_python_build_rrm_msgs_egg
