[0.014s] Invoking command in '/home/dominik/RRM/ros2_ws/build/abb_moveit_config': CMAKE_PREFIX_PATH=/home/dominik/RRM/ros2_ws/install/abb_model:/home/dominik/RRM/ros2_ws/install/ik_solver_example:/home/dominik/RRM/ros2_ws/install/abb_irb4600_ikfast:/home/dominik/RRM/ros2_ws/install/abb_moveit_config:/home/dominik/RRM/ros2_ws/install/zad2:/home/dominik/RRM/ros2_ws/install/trajectory_visualization:/home/dominik/RRM/ros2_ws/install/surani_interface:/home/dominik/RRM/ros2_ws/install/block1_surani:/home/dominik/RRM/ros2_ws/install/rrm_simple_robot_model:/home/dominik/RRM/ros2_ws/install/rrm_sim:/home/dominik/RRM/ros2_ws/install/block1_suraniV2:/home/dominik/RRM/ros2_ws/install/rrm_msgs:/home/dominik/RRM/ros2_ws/install/eigen_example:/home/dominik/RRM/ros2_ws/install/cv1:/home/dominik/RRM/ros2_ws/install/Surani_interface:/home/dominik/RRM/zad1/install/zad1:/opt/ros/jazzy/opt/sdformat_vendor:/opt/ros/jazzy/opt/gz_math_vendor:/opt/ros/jazzy/opt/gz_utils_vendor:/opt/ros/jazzy/opt/gz_tools_vendor:/opt/ros/jazzy/opt/gz_cmake_vendor:/opt/ros/jazzy DEBUGINFOD_URLS=https://debuginfod.ubuntu.com /usr/bin/cmake /home/dominik/RRM/ros2_ws/src/zad3/abb_moveit_config -DCMAKE_INSTALL_PREFIX=/home/dominik/RRM/ros2_ws/install/abb_moveit_config
[0.082s] -- The C compiler identification is GNU 13.2.0
[0.140s] -- The CXX compiler identification is GNU 13.2.0
[0.156s] -- Detecting C compiler ABI info
[0.262s] -- Detecting C compiler ABI info - done
[0.271s] -- Check for working C compiler: /usr/bin/cc - skipped
[0.271s] -- Detecting C compile features
[0.271s] -- Detecting C compile features - done
[0.284s] -- Detecting CXX compiler ABI info
[0.396s] -- Detecting CXX compiler ABI info - done
[0.406s] -- Check for working CXX compiler: /usr/bin/c++ - skipped
[0.406s] -- Detecting CXX compile features
[0.407s] -- Detecting CXX compile features - done
[0.412s] -- Found ament_cmake: 2.5.2 (/opt/ros/jazzy/share/ament_cmake/cmake)
[0.588s] -- Found Python3: /usr/bin/python3 (found version "3.12.3") found components: Interpreter 
[0.741s] -- Found abb_model: 0.0.0 (/home/dominik/RRM/ros2_ws/install/abb_model/share/abb_model/cmake)
[0.842s] -- Configuring done (0.8s)
[0.847s] -- Generating done (0.0s)
[0.849s] -- Build files have been written to: /home/dominik/RRM/ros2_ws/build/abb_moveit_config
[0.860s] Invoked command in '/home/dominik/RRM/ros2_ws/build/abb_moveit_config' returned '0': CMAKE_PREFIX_PATH=/home/dominik/RRM/ros2_ws/install/abb_model:/home/dominik/RRM/ros2_ws/install/ik_solver_example:/home/dominik/RRM/ros2_ws/install/abb_irb4600_ikfast:/home/dominik/RRM/ros2_ws/install/abb_moveit_config:/home/dominik/RRM/ros2_ws/install/zad2:/home/dominik/RRM/ros2_ws/install/trajectory_visualization:/home/dominik/RRM/ros2_ws/install/surani_interface:/home/dominik/RRM/ros2_ws/install/block1_surani:/home/dominik/RRM/ros2_ws/install/rrm_simple_robot_model:/home/dominik/RRM/ros2_ws/install/rrm_sim:/home/dominik/RRM/ros2_ws/install/block1_suraniV2:/home/dominik/RRM/ros2_ws/install/rrm_msgs:/home/dominik/RRM/ros2_ws/install/eigen_example:/home/dominik/RRM/ros2_ws/install/cv1:/home/dominik/RRM/ros2_ws/install/Surani_interface:/home/dominik/RRM/zad1/install/zad1:/opt/ros/jazzy/opt/sdformat_vendor:/opt/ros/jazzy/opt/gz_math_vendor:/opt/ros/jazzy/opt/gz_utils_vendor:/opt/ros/jazzy/opt/gz_tools_vendor:/opt/ros/jazzy/opt/gz_cmake_vendor:/opt/ros/jazzy DEBUGINFOD_URLS=https://debuginfod.ubuntu.com /usr/bin/cmake /home/dominik/RRM/ros2_ws/src/zad3/abb_moveit_config -DCMAKE_INSTALL_PREFIX=/home/dominik/RRM/ros2_ws/install/abb_moveit_config
[0.861s] Invoking command in '/home/dominik/RRM/ros2_ws/build/abb_moveit_config': CMAKE_PREFIX_PATH=/home/dominik/RRM/ros2_ws/install/abb_model:/home/dominik/RRM/ros2_ws/install/ik_solver_example:/home/dominik/RRM/ros2_ws/install/abb_irb4600_ikfast:/home/dominik/RRM/ros2_ws/install/abb_moveit_config:/home/dominik/RRM/ros2_ws/install/zad2:/home/dominik/RRM/ros2_ws/install/trajectory_visualization:/home/dominik/RRM/ros2_ws/install/surani_interface:/home/dominik/RRM/ros2_ws/install/block1_surani:/home/dominik/RRM/ros2_ws/install/rrm_simple_robot_model:/home/dominik/RRM/ros2_ws/install/rrm_sim:/home/dominik/RRM/ros2_ws/install/block1_suraniV2:/home/dominik/RRM/ros2_ws/install/rrm_msgs:/home/dominik/RRM/ros2_ws/install/eigen_example:/home/dominik/RRM/ros2_ws/install/cv1:/home/dominik/RRM/ros2_ws/install/Surani_interface:/home/dominik/RRM/zad1/install/zad1:/opt/ros/jazzy/opt/sdformat_vendor:/opt/ros/jazzy/opt/gz_math_vendor:/opt/ros/jazzy/opt/gz_utils_vendor:/opt/ros/jazzy/opt/gz_tools_vendor:/opt/ros/jazzy/opt/gz_cmake_vendor:/opt/ros/jazzy DEBUGINFOD_URLS=https://debuginfod.ubuntu.com /usr/bin/cmake --build /home/dominik/RRM/ros2_ws/build/abb_moveit_config -- -j16 -l16
[0.912s] Invoked command in '/home/dominik/RRM/ros2_ws/build/abb_moveit_config' returned '0': CMAKE_PREFIX_PATH=/home/dominik/RRM/ros2_ws/install/abb_model:/home/dominik/RRM/ros2_ws/install/ik_solver_example:/home/dominik/RRM/ros2_ws/install/abb_irb4600_ikfast:/home/dominik/RRM/ros2_ws/install/abb_moveit_config:/home/dominik/RRM/ros2_ws/install/zad2:/home/dominik/RRM/ros2_ws/install/trajectory_visualization:/home/dominik/RRM/ros2_ws/install/surani_interface:/home/dominik/RRM/ros2_ws/install/block1_surani:/home/dominik/RRM/ros2_ws/install/rrm_simple_robot_model:/home/dominik/RRM/ros2_ws/install/rrm_sim:/home/dominik/RRM/ros2_ws/install/block1_suraniV2:/home/dominik/RRM/ros2_ws/install/rrm_msgs:/home/dominik/RRM/ros2_ws/install/eigen_example:/home/dominik/RRM/ros2_ws/install/cv1:/home/dominik/RRM/ros2_ws/install/Surani_interface:/home/dominik/RRM/zad1/install/zad1:/opt/ros/jazzy/opt/sdformat_vendor:/opt/ros/jazzy/opt/gz_math_vendor:/opt/ros/jazzy/opt/gz_utils_vendor:/opt/ros/jazzy/opt/gz_tools_vendor:/opt/ros/jazzy/opt/gz_cmake_vendor:/opt/ros/jazzy DEBUGINFOD_URLS=https://debuginfod.ubuntu.com /usr/bin/cmake --build /home/dominik/RRM/ros2_ws/build/abb_moveit_config -- -j16 -l16
[0.913s] Invoking command in '/home/dominik/RRM/ros2_ws/build/abb_moveit_config': CMAKE_PREFIX_PATH=/home/dominik/RRM/ros2_ws/install/abb_model:/home/dominik/RRM/ros2_ws/install/ik_solver_example:/home/dominik/RRM/ros2_ws/install/abb_irb4600_ikfast:/home/dominik/RRM/ros2_ws/install/abb_moveit_config:/home/dominik/RRM/ros2_ws/install/zad2:/home/dominik/RRM/ros2_ws/install/trajectory_visualization:/home/dominik/RRM/ros2_ws/install/surani_interface:/home/dominik/RRM/ros2_ws/install/block1_surani:/home/dominik/RRM/ros2_ws/install/rrm_simple_robot_model:/home/dominik/RRM/ros2_ws/install/rrm_sim:/home/dominik/RRM/ros2_ws/install/block1_suraniV2:/home/dominik/RRM/ros2_ws/install/rrm_msgs:/home/dominik/RRM/ros2_ws/install/eigen_example:/home/dominik/RRM/ros2_ws/install/cv1:/home/dominik/RRM/ros2_ws/install/Surani_interface:/home/dominik/RRM/zad1/install/zad1:/opt/ros/jazzy/opt/sdformat_vendor:/opt/ros/jazzy/opt/gz_math_vendor:/opt/ros/jazzy/opt/gz_utils_vendor:/opt/ros/jazzy/opt/gz_tools_vendor:/opt/ros/jazzy/opt/gz_cmake_vendor:/opt/ros/jazzy DEBUGINFOD_URLS=https://debuginfod.ubuntu.com /usr/bin/cmake --install /home/dominik/RRM/ros2_ws/build/abb_moveit_config
[0.923s] -- Install configuration: ""
[0.924s] -- Installing: /home/dominik/RRM/ros2_ws/install/abb_moveit_config/share/ament_index/resource_index/package_run_dependencies/abb_moveit_config
[0.924s] -- Installing: /home/dominik/RRM/ros2_ws/install/abb_moveit_config/share/ament_index/resource_index/parent_prefix_path/abb_moveit_config
[0.924s] -- Up-to-date: /home/dominik/RRM/ros2_ws/install/abb_moveit_config/share/abb_moveit_config/environment/ament_prefix_path.sh
[0.924s] -- Installing: /home/dominik/RRM/ros2_ws/install/abb_moveit_config/share/abb_moveit_config/environment/ament_prefix_path.dsv
[0.925s] -- Up-to-date: /home/dominik/RRM/ros2_ws/install/abb_moveit_config/share/abb_moveit_config/environment/path.sh
[0.925s] -- Installing: /home/dominik/RRM/ros2_ws/install/abb_moveit_config/share/abb_moveit_config/environment/path.dsv
[0.925s] -- Installing: /home/dominik/RRM/ros2_ws/install/abb_moveit_config/share/abb_moveit_config/local_setup.bash
[0.925s] -- Installing: /home/dominik/RRM/ros2_ws/install/abb_moveit_config/share/abb_moveit_config/local_setup.sh
[0.925s] -- Installing: /home/dominik/RRM/ros2_ws/install/abb_moveit_config/share/abb_moveit_config/local_setup.zsh
[0.925s] -- Installing: /home/dominik/RRM/ros2_ws/install/abb_moveit_config/share/abb_moveit_config/local_setup.dsv
[0.925s] -- Installing: /home/dominik/RRM/ros2_ws/install/abb_moveit_config/share/abb_moveit_config/package.dsv
[0.926s] -- Installing: /home/dominik/RRM/ros2_ws/install/abb_moveit_config/share/ament_index/resource_index/packages/abb_moveit_config
[0.926s] -- Installing: /home/dominik/RRM/ros2_ws/install/abb_moveit_config/share/abb_moveit_config/cmake/abb_moveit_configConfig.cmake
[0.926s] -- Installing: /home/dominik/RRM/ros2_ws/install/abb_moveit_config/share/abb_moveit_config/cmake/abb_moveit_configConfig-version.cmake
[0.926s] -- Up-to-date: /home/dominik/RRM/ros2_ws/install/abb_moveit_config/share/abb_moveit_config/package.xml
[0.926s] -- Up-to-date: /home/dominik/RRM/ros2_ws/install/abb_moveit_config/share/abb_moveit_config/launch
[0.926s] -- Up-to-date: /home/dominik/RRM/ros2_ws/install/abb_moveit_config/share/abb_moveit_config/launch/demo.launch.py
[0.927s] -- Up-to-date: /home/dominik/RRM/ros2_ws/install/abb_moveit_config/share/abb_moveit_config/launch/setup_assistant.launch.py
[0.927s] -- Up-to-date: /home/dominik/RRM/ros2_ws/install/abb_moveit_config/share/abb_moveit_config/launch/rsp.launch.py
[0.927s] -- Up-to-date: /home/dominik/RRM/ros2_ws/install/abb_moveit_config/share/abb_moveit_config/launch/move_group.launch.py
[0.927s] -- Up-to-date: /home/dominik/RRM/ros2_ws/install/abb_moveit_config/share/abb_moveit_config/launch/moveit_rviz.launch.py
[0.927s] -- Up-to-date: /home/dominik/RRM/ros2_ws/install/abb_moveit_config/share/abb_moveit_config/launch/static_virtual_joint_tfs.launch.py
[0.927s] -- Up-to-date: /home/dominik/RRM/ros2_ws/install/abb_moveit_config/share/abb_moveit_config/launch/warehouse_db.launch.py
[0.927s] -- Up-to-date: /home/dominik/RRM/ros2_ws/install/abb_moveit_config/share/abb_moveit_config/launch/spawn_controllers.launch.py
[0.927s] -- Up-to-date: /home/dominik/RRM/ros2_ws/install/abb_moveit_config/share/abb_moveit_config/config
[0.927s] -- Up-to-date: /home/dominik/RRM/ros2_ws/install/abb_moveit_config/share/abb_moveit_config/config/pilz_cartesian_limits.yaml
[0.928s] -- Up-to-date: /home/dominik/RRM/ros2_ws/install/abb_moveit_config/share/abb_moveit_config/config/ros2_controllers.yaml
[0.928s] -- Up-to-date: /home/dominik/RRM/ros2_ws/install/abb_moveit_config/share/abb_moveit_config/config/abb_irb.srdf
[0.928s] -- Up-to-date: /home/dominik/RRM/ros2_ws/install/abb_moveit_config/share/abb_moveit_config/config/initial_positions.yaml
[0.928s] -- Up-to-date: /home/dominik/RRM/ros2_ws/install/abb_moveit_config/share/abb_moveit_config/config/abb_irb.ros2_control.xacro
[0.928s] -- Up-to-date: /home/dominik/RRM/ros2_ws/install/abb_moveit_config/share/abb_moveit_config/config/kinematics.yaml
[0.928s] -- Up-to-date: /home/dominik/RRM/ros2_ws/install/abb_moveit_config/share/abb_moveit_config/config/moveit_controllers.yaml
[0.928s] -- Up-to-date: /home/dominik/RRM/ros2_ws/install/abb_moveit_config/share/abb_moveit_config/config/joint_limits.yaml
[0.928s] -- Up-to-date: /home/dominik/RRM/ros2_ws/install/abb_moveit_config/share/abb_moveit_config/config/abb_irb.urdf.xacro
[0.929s] -- Up-to-date: /home/dominik/RRM/ros2_ws/install/abb_moveit_config/share/abb_moveit_config/config/moveit.rviz
[0.930s] -- Up-to-date: /home/dominik/RRM/ros2_ws/install/abb_moveit_config/share/abb_moveit_config/.setup_assistant
[0.930s] Invoked command in '/home/dominik/RRM/ros2_ws/build/abb_moveit_config' returned '0': CMAKE_PREFIX_PATH=/home/dominik/RRM/ros2_ws/install/abb_model:/home/dominik/RRM/ros2_ws/install/ik_solver_example:/home/dominik/RRM/ros2_ws/install/abb_irb4600_ikfast:/home/dominik/RRM/ros2_ws/install/abb_moveit_config:/home/dominik/RRM/ros2_ws/install/zad2:/home/dominik/RRM/ros2_ws/install/trajectory_visualization:/home/dominik/RRM/ros2_ws/install/surani_interface:/home/dominik/RRM/ros2_ws/install/block1_surani:/home/dominik/RRM/ros2_ws/install/rrm_simple_robot_model:/home/dominik/RRM/ros2_ws/install/rrm_sim:/home/dominik/RRM/ros2_ws/install/block1_suraniV2:/home/dominik/RRM/ros2_ws/install/rrm_msgs:/home/dominik/RRM/ros2_ws/install/eigen_example:/home/dominik/RRM/ros2_ws/install/cv1:/home/dominik/RRM/ros2_ws/install/Surani_interface:/home/dominik/RRM/zad1/install/zad1:/opt/ros/jazzy/opt/sdformat_vendor:/opt/ros/jazzy/opt/gz_math_vendor:/opt/ros/jazzy/opt/gz_utils_vendor:/opt/ros/jazzy/opt/gz_tools_vendor:/opt/ros/jazzy/opt/gz_cmake_vendor:/opt/ros/jazzy DEBUGINFOD_URLS=https://debuginfod.ubuntu.com /usr/bin/cmake --install /home/dominik/RRM/ros2_ws/build/abb_moveit_config
