[0.013s] Invoking command in '/home/dominik/RRM/ros2_ws/build/cv1': CMAKE_PREFIX_PATH=${CMAKE_PREFIX_PATH}:/opt/ros/jazzy DEBUGINFOD_URLS=https://debuginfod.ubuntu.com /usr/bin/cmake --build /home/dominik/RRM/ros2_ws/build/cv1 -- -j16 -l16
[0.092s] [ 33%] [32mBuilding CXX object CMakeFiles/cv1_node.dir/src/cv1_node.cpp.o[0m
[2.697s] [ 66%] [32m[1mLinking CXX executable cv1_node[0m
[2.780s] [100%] Built target cv1_node
[2.790s] Invoked command in '/home/dominik/RRM/ros2_ws/build/cv1' returned '0': CMAKE_PREFIX_PATH=${CMAKE_PREFIX_PATH}:/opt/ros/jazzy DEBUGINFOD_URLS=https://debuginfod.ubuntu.com /usr/bin/cmake --build /home/dominik/RRM/ros2_ws/build/cv1 -- -j16 -l16
[2.827s] Invoking command in '/home/dominik/RRM/ros2_ws/build/cv1': CMAKE_PREFIX_PATH=${CMAKE_PREFIX_PATH}:/opt/ros/jazzy DEBUGINFOD_URLS=https://debuginfod.ubuntu.com /usr/bin/cmake --install /home/dominik/RRM/ros2_ws/build/cv1
[2.833s] -- Install configuration: ""
[2.833s] -- Installing: /home/dominik/RRM/ros2_ws/install/cv1/lib/cv1/cv1_node
[2.834s] -- Set non-toolchain portion of runtime path of "/home/dominik/RRM/ros2_ws/install/cv1/lib/cv1/cv1_node" to ""
[2.834s] -- Up-to-date: /home/dominik/RRM/ros2_ws/install/cv1/share/ament_index/resource_index/package_run_dependencies/cv1
[2.834s] -- Up-to-date: /home/dominik/RRM/ros2_ws/install/cv1/share/ament_index/resource_index/parent_prefix_path/cv1
[2.834s] -- Up-to-date: /home/dominik/RRM/ros2_ws/install/cv1/share/cv1/environment/ament_prefix_path.sh
[2.835s] -- Up-to-date: /home/dominik/RRM/ros2_ws/install/cv1/share/cv1/environment/ament_prefix_path.dsv
[2.835s] -- Up-to-date: /home/dominik/RRM/ros2_ws/install/cv1/share/cv1/environment/path.sh
[2.835s] -- Up-to-date: /home/dominik/RRM/ros2_ws/install/cv1/share/cv1/environment/path.dsv
[2.835s] -- Up-to-date: /home/dominik/RRM/ros2_ws/install/cv1/share/cv1/local_setup.bash
[2.835s] -- Up-to-date: /home/dominik/RRM/ros2_ws/install/cv1/share/cv1/local_setup.sh
[2.835s] -- Up-to-date: /home/dominik/RRM/ros2_ws/install/cv1/share/cv1/local_setup.zsh
[2.835s] -- Up-to-date: /home/dominik/RRM/ros2_ws/install/cv1/share/cv1/local_setup.dsv
[2.835s] -- Installing: /home/dominik/RRM/ros2_ws/install/cv1/share/cv1/package.dsv
[2.835s] -- Up-to-date: /home/dominik/RRM/ros2_ws/install/cv1/share/ament_index/resource_index/packages/cv1
[2.835s] -- Up-to-date: /home/dominik/RRM/ros2_ws/install/cv1/share/cv1/cmake/cv1Config.cmake
[2.835s] -- Up-to-date: /home/dominik/RRM/ros2_ws/install/cv1/share/cv1/cmake/cv1Config-version.cmake
[2.835s] -- Up-to-date: /home/dominik/RRM/ros2_ws/install/cv1/share/cv1/package.xml
[2.836s] Invoked command in '/home/dominik/RRM/ros2_ws/build/cv1' returned '0': CMAKE_PREFIX_PATH=${CMAKE_PREFIX_PATH}:/opt/ros/jazzy DEBUGINFOD_URLS=https://debuginfod.ubuntu.com /usr/bin/cmake --install /home/dominik/RRM/ros2_ws/build/cv1
