[0.064s] Invoking command in '/home/dominik/RRM/ros2_ws/build/abb_irb4600_ikfast': CMAKE_PREFIX_PATH=${CMAKE_PREFIX_PATH}:/opt/ros/jazzy DEBUGINFOD_URLS=https://debuginfod.ubuntu.com /usr/bin/cmake --build /home/dominik/RRM/ros2_ws/build/abb_irb4600_ikfast -- -j16 -l16
[0.195s] [100%] Built target abb_irb4600_ikfast
[0.288s] Invoked command in '/home/dominik/RRM/ros2_ws/build/abb_irb4600_ikfast' returned '0': CMAKE_PREFIX_PATH=${CMAKE_PREFIX_PATH}:/opt/ros/jazzy DEBUGINFOD_URLS=https://debuginfod.ubuntu.com /usr/bin/cmake --build /home/dominik/RRM/ros2_ws/build/abb_irb4600_ikfast -- -j16 -l16
[0.628s] Invoking command in '/home/dominik/RRM/ros2_ws/build/abb_irb4600_ikfast': CMAKE_PREFIX_PATH=${CMAKE_PREFIX_PATH}:/opt/ros/jazzy DEBUGINFOD_URLS=https://debuginfod.ubuntu.com /usr/bin/cmake --install /home/dominik/RRM/ros2_ws/build/abb_irb4600_ikfast
[0.681s] -- Install configuration: ""
[0.683s] -- Up-to-date: /home/dominik/RRM/ros2_ws/install/abb_irb4600_ikfast/include/abb_irb4600_ikfast
[0.685s] -- Up-to-date: /home/dominik/RRM/ros2_ws/install/abb_irb4600_ikfast/include/abb_irb4600_ikfast/abb_irb4600_ikfast
[0.686s] -- Up-to-date: /home/dominik/RRM/ros2_ws/install/abb_irb4600_ikfast/include/abb_irb4600_ikfast/abb_irb4600_ikfast/abb_irb4600_ikfast.h
[0.687s] -- Up-to-date: /home/dominik/RRM/ros2_ws/install/abb_irb4600_ikfast/lib/libabb_irb4600_ikfast.a
[0.688s] -- Up-to-date: /home/dominik/RRM/ros2_ws/install/abb_irb4600_ikfast/share/abb_irb4600_ikfast/environment/library_path.sh
[0.689s] -- Up-to-date: /home/dominik/RRM/ros2_ws/install/abb_irb4600_ikfast/share/abb_irb4600_ikfast/environment/library_path.dsv
[0.690s] -- Up-to-date: /home/dominik/RRM/ros2_ws/install/abb_irb4600_ikfast/share/ament_index/resource_index/package_run_dependencies/abb_irb4600_ikfast
[0.690s] -- Up-to-date: /home/dominik/RRM/ros2_ws/install/abb_irb4600_ikfast/share/ament_index/resource_index/parent_prefix_path/abb_irb4600_ikfast
[0.691s] -- Up-to-date: /home/dominik/RRM/ros2_ws/install/abb_irb4600_ikfast/share/abb_irb4600_ikfast/environment/ament_prefix_path.sh
[0.692s] -- Up-to-date: /home/dominik/RRM/ros2_ws/install/abb_irb4600_ikfast/share/abb_irb4600_ikfast/environment/ament_prefix_path.dsv
[0.692s] -- Up-to-date: /home/dominik/RRM/ros2_ws/install/abb_irb4600_ikfast/share/abb_irb4600_ikfast/environment/path.sh
[0.693s] -- Up-to-date: /home/dominik/RRM/ros2_ws/install/abb_irb4600_ikfast/share/abb_irb4600_ikfast/environment/path.dsv
[0.694s] -- Up-to-date: /home/dominik/RRM/ros2_ws/install/abb_irb4600_ikfast/share/abb_irb4600_ikfast/local_setup.bash
[0.694s] -- Up-to-date: /home/dominik/RRM/ros2_ws/install/abb_irb4600_ikfast/share/abb_irb4600_ikfast/local_setup.sh
[0.695s] -- Up-to-date: /home/dominik/RRM/ros2_ws/install/abb_irb4600_ikfast/share/abb_irb4600_ikfast/local_setup.zsh
[0.697s] -- Up-to-date: /home/dominik/RRM/ros2_ws/install/abb_irb4600_ikfast/share/abb_irb4600_ikfast/local_setup.dsv
[0.704s] -- Installing: /home/dominik/RRM/ros2_ws/install/abb_irb4600_ikfast/share/abb_irb4600_ikfast/package.dsv
[0.710s] -- Up-to-date: /home/dominik/RRM/ros2_ws/install/abb_irb4600_ikfast/share/ament_index/resource_index/packages/abb_irb4600_ikfast
[0.711s] -- Up-to-date: /home/dominik/RRM/ros2_ws/install/abb_irb4600_ikfast/share/abb_irb4600_ikfast/cmake/ament_cmake_export_include_directories-extras.cmake
[0.712s] -- Up-to-date: /home/dominik/RRM/ros2_ws/install/abb_irb4600_ikfast/share/abb_irb4600_ikfast/cmake/ament_cmake_export_libraries-extras.cmake
[0.713s] -- Up-to-date: /home/dominik/RRM/ros2_ws/install/abb_irb4600_ikfast/share/abb_irb4600_ikfast/cmake/abb_irb4600_ikfastConfig.cmake
[0.714s] -- Up-to-date: /home/dominik/RRM/ros2_ws/install/abb_irb4600_ikfast/share/abb_irb4600_ikfast/cmake/abb_irb4600_ikfastConfig-version.cmake
[0.715s] -- Up-to-date: /home/dominik/RRM/ros2_ws/install/abb_irb4600_ikfast/share/abb_irb4600_ikfast/package.xml
[0.718s] Invoked command in '/home/dominik/RRM/ros2_ws/build/abb_irb4600_ikfast' returned '0': CMAKE_PREFIX_PATH=${CMAKE_PREFIX_PATH}:/opt/ros/jazzy DEBUGINFOD_URLS=https://debuginfod.ubuntu.com /usr/bin/cmake --install /home/dominik/RRM/ros2_ws/build/abb_irb4600_ikfast
