[0.242s] Invoking command in '/home/dominik/RRM/ros2_ws/build/abb_model': CMAKE_PREFIX_PATH=${CMAKE_PREFIX_PATH}:/opt/ros/jazzy DEBUGINFOD_URLS=https://debuginfod.ubuntu.com /usr/bin/cmake --build /home/dominik/RRM/ros2_ws/build/abb_model -- -j16 -l16
[0.760s] Invoked command in '/home/dominik/RRM/ros2_ws/build/abb_model' returned '0': CMAKE_PREFIX_PATH=${CMAKE_PREFIX_PATH}:/opt/ros/jazzy DEBUGINFOD_URLS=https://debuginfod.ubuntu.com /usr/bin/cmake --build /home/dominik/RRM/ros2_ws/build/abb_model -- -j16 -l16
[0.972s] Invoking command in '/home/dominik/RRM/ros2_ws/build/abb_model': CMAKE_PREFIX_PATH=${CMAKE_PREFIX_PATH}:/opt/ros/jazzy DEBUGINFOD_URLS=https://debuginfod.ubuntu.com /usr/bin/cmake --install /home/dominik/RRM/ros2_ws/build/abb_model
[1.069s] -- Install configuration: ""
[1.070s] -- Up-to-date: /home/dominik/RRM/ros2_ws/install/abb_model/share/abb_model/urdf
[1.070s] -- Up-to-date: /home/dominik/RRM/ros2_ws/install/abb_model/share/abb_model/urdf/camera_macro.xacro
[1.078s] -- Up-to-date: /home/dominik/RRM/ros2_ws/install/abb_model/share/abb_model/urdf/camera.xacro
[1.081s] -- Up-to-date: /home/dominik/RRM/ros2_ws/install/abb_model/share/abb_model/urdf/abb_irb4600_60_205.xacro
[1.090s] -- Up-to-date: /home/dominik/RRM/ros2_ws/install/abb_model/share/abb_model/urdf/abb_irb4600_60_205_macro.xacro
[1.091s] -- Up-to-date: /home/dominik/RRM/ros2_ws/install/abb_model/share/abb_model/urdf/robot.urdf
[1.092s] -- Up-to-date: /home/dominik/RRM/ros2_ws/install/abb_model/share/abb_model/config
[1.093s] -- Up-to-date: /home/dominik/RRM/ros2_ws/install/abb_model/share/abb_model/config/urdf.rviz
[1.094s] -- Up-to-date: /home/dominik/RRM/ros2_ws/install/abb_model/share/abb_model/launch
[1.111s] -- Up-to-date: /home/dominik/RRM/ros2_ws/install/abb_model/share/abb_model/launch/test_irb4600.launch.xml
[1.116s] -- Up-to-date: /home/dominik/RRM/ros2_ws/install/abb_model/share/abb_model/launch/test_irb4600.launch.py
[1.117s] -- Up-to-date: /home/dominik/RRM/ros2_ws/install/abb_model/share/abb_model/launch/rsp_irb4600.launch.xml
[1.118s] -- Up-to-date: /home/dominik/RRM/ros2_ws/install/abb_model/share/abb_model/launch/rsp_irb4600.launch.py
[1.119s] -- Up-to-date: /home/dominik/RRM/ros2_ws/install/abb_model/share/abb_model/meshes
[1.120s] -- Up-to-date: /home/dominik/RRM/ros2_ws/install/abb_model/share/abb_model/meshes/abb_irb4600_60_205
[1.125s] -- Up-to-date: /home/dominik/RRM/ros2_ws/install/abb_model/share/abb_model/meshes/abb_irb4600_60_205/collision
[1.126s] -- Up-to-date: /home/dominik/RRM/ros2_ws/install/abb_model/share/abb_model/meshes/abb_irb4600_60_205/collision/link_1.stl
[1.126s] -- Up-to-date: /home/dominik/RRM/ros2_ws/install/abb_model/share/abb_model/meshes/abb_irb4600_60_205/collision/link_5.stl
[1.132s] -- Up-to-date: /home/dominik/RRM/ros2_ws/install/abb_model/share/abb_model/meshes/abb_irb4600_60_205/collision/base_link.stl
[1.133s] -- Up-to-date: /home/dominik/RRM/ros2_ws/install/abb_model/share/abb_model/meshes/abb_irb4600_60_205/collision/link_4.stl
[1.134s] -- Up-to-date: /home/dominik/RRM/ros2_ws/install/abb_model/share/abb_model/meshes/abb_irb4600_60_205/collision/link_2.stl
[1.135s] -- Up-to-date: /home/dominik/RRM/ros2_ws/install/abb_model/share/abb_model/meshes/abb_irb4600_60_205/collision/link_3.stl
[1.135s] -- Up-to-date: /home/dominik/RRM/ros2_ws/install/abb_model/share/abb_model/meshes/abb_irb4600_60_205/collision/link_6.stl
[1.140s] -- Up-to-date: /home/dominik/RRM/ros2_ws/install/abb_model/share/abb_model/meshes/abb_irb4600_60_205/collision/mount.stl
[1.140s] -- Up-to-date: /home/dominik/RRM/ros2_ws/install/abb_model/share/abb_model/meshes/abb_irb4600_60_205/visual
[1.141s] -- Up-to-date: /home/dominik/RRM/ros2_ws/install/abb_model/share/abb_model/meshes/abb_irb4600_60_205/visual/link_1.stl
[1.142s] -- Up-to-date: /home/dominik/RRM/ros2_ws/install/abb_model/share/abb_model/meshes/abb_irb4600_60_205/visual/link_5.stl
[1.144s] -- Up-to-date: /home/dominik/RRM/ros2_ws/install/abb_model/share/abb_model/meshes/abb_irb4600_60_205/visual/base_link.stl
[1.145s] -- Up-to-date: /home/dominik/RRM/ros2_ws/install/abb_model/share/abb_model/meshes/abb_irb4600_60_205/visual/link_4.stl
[1.146s] -- Up-to-date: /home/dominik/RRM/ros2_ws/install/abb_model/share/abb_model/meshes/abb_irb4600_60_205/visual/link_2.stl
[1.146s] -- Up-to-date: /home/dominik/RRM/ros2_ws/install/abb_model/share/abb_model/meshes/abb_irb4600_60_205/visual/link_3.stl
[1.152s] -- Up-to-date: /home/dominik/RRM/ros2_ws/install/abb_model/share/abb_model/meshes/abb_irb4600_60_205/visual/link_6.stl
[1.153s] -- Up-to-date: /home/dominik/RRM/ros2_ws/install/abb_model/share/abb_model/meshes/abb_irb4600_60_205/visual/mount.stl
[1.153s] -- Up-to-date: /home/dominik/RRM/ros2_ws/install/abb_model/share/abb_model/meshes/kinect
[1.154s] -- Up-to-date: /home/dominik/RRM/ros2_ws/install/abb_model/share/abb_model/meshes/kinect/collision
[1.155s] -- Up-to-date: /home/dominik/RRM/ros2_ws/install/abb_model/share/abb_model/meshes/kinect/collision/kinect_sensor.stl
[1.162s] -- Up-to-date: /home/dominik/RRM/ros2_ws/install/abb_model/share/abb_model/meshes/kinect/collision/kinect_sensor_empty.stl
[1.163s] -- Up-to-date: /home/dominik/RRM/ros2_ws/install/abb_model/share/abb_model/meshes/kinect/visual
[1.164s] -- Up-to-date: /home/dominik/RRM/ros2_ws/install/abb_model/share/abb_model/meshes/kinect/visual/kinect_sensor.stl
[1.169s] -- Up-to-date: /home/dominik/RRM/ros2_ws/install/abb_model/share/abb_model/meshes/kinect/visual/kinect_sensor_empty.stl
[1.170s] -- Up-to-date: /home/dominik/RRM/ros2_ws/install/abb_model/share/ament_index/resource_index/package_run_dependencies/abb_model
[1.171s] -- Up-to-date: /home/dominik/RRM/ros2_ws/install/abb_model/share/ament_index/resource_index/parent_prefix_path/abb_model
[1.176s] -- Up-to-date: /home/dominik/RRM/ros2_ws/install/abb_model/share/abb_model/environment/ament_prefix_path.sh
[1.177s] -- Up-to-date: /home/dominik/RRM/ros2_ws/install/abb_model/share/abb_model/environment/ament_prefix_path.dsv
[1.177s] -- Up-to-date: /home/dominik/RRM/ros2_ws/install/abb_model/share/abb_model/environment/path.sh
[1.178s] -- Up-to-date: /home/dominik/RRM/ros2_ws/install/abb_model/share/abb_model/environment/path.dsv
[1.181s] -- Up-to-date: /home/dominik/RRM/ros2_ws/install/abb_model/share/abb_model/local_setup.bash
[1.182s] -- Up-to-date: /home/dominik/RRM/ros2_ws/install/abb_model/share/abb_model/local_setup.sh
[1.188s] -- Up-to-date: /home/dominik/RRM/ros2_ws/install/abb_model/share/abb_model/local_setup.zsh
[1.189s] -- Up-to-date: /home/dominik/RRM/ros2_ws/install/abb_model/share/abb_model/local_setup.dsv
[1.196s] -- Installing: /home/dominik/RRM/ros2_ws/install/abb_model/share/abb_model/package.dsv
[1.201s] -- Up-to-date: /home/dominik/RRM/ros2_ws/install/abb_model/share/ament_index/resource_index/packages/abb_model
[1.202s] -- Up-to-date: /home/dominik/RRM/ros2_ws/install/abb_model/share/abb_model/cmake/abb_modelConfig.cmake
[1.203s] -- Up-to-date: /home/dominik/RRM/ros2_ws/install/abb_model/share/abb_model/cmake/abb_modelConfig-version.cmake
[1.205s] -- Up-to-date: /home/dominik/RRM/ros2_ws/install/abb_model/share/abb_model/package.xml
[1.232s] Invoked command in '/home/dominik/RRM/ros2_ws/build/abb_model' returned '0': CMAKE_PREFIX_PATH=${CMAKE_PREFIX_PATH}:/opt/ros/jazzy DEBUGINFOD_URLS=https://debuginfod.ubuntu.com /usr/bin/cmake --install /home/dominik/RRM/ros2_ws/build/abb_model
