[0.040s] Invoking command in '/home/dominik/RRM/ros2_ws/build/rrm_msgs': CMAKE_PREFIX_PATH=${CMAKE_PREFIX_PATH}:/opt/ros/jazzy DEBUGINFOD_URLS=https://debuginfod.ubuntu.com /usr/bin/cmake --build /home/dominik/RRM/ros2_ws/build/rrm_msgs -- -j16 -l16
[0.127s] [  2%] Built target rrm_msgs__rosidl_generator_type_description
[0.143s] [  2%] Built target ament_cmake_python_copy_rrm_msgs
[0.160s] [  4%] Built target rrm_msgs__cpp
[0.162s] [ 22%] Built target rrm_msgs__rosidl_generator_c
[0.201s] [ 31%] Built target rrm_msgs__rosidl_typesupport_introspection_c
[0.201s] [ 40%] Built target rrm_msgs__rosidl_typesupport_c
[0.201s] [ 50%] Built target rrm_msgs__rosidl_typesupport_cpp
[0.202s] [ 59%] Built target rrm_msgs__rosidl_typesupport_fastrtps_c
[0.203s] [ 68%] Built target rrm_msgs__rosidl_typesupport_fastrtps_cpp
[0.204s] [ 77%] Built target rrm_msgs__rosidl_typesupport_introspection_cpp
[0.241s] [ 77%] Built target rrm_msgs
[0.276s] [ 79%] Built target rrm_msgs__py
[0.320s] [ 86%] Built target rrm_msgs__rosidl_generator_py
[0.358s] [ 95%] Built target rrm_msgs_s__rosidl_typesupport_introspection_c
[0.358s] [ 95%] Built target rrm_msgs_s__rosidl_typesupport_c
[0.358s] [100%] Built target rrm_msgs_s__rosidl_typesupport_fastrtps_c
[0.506s] running egg_info
[0.538s] writing rrm_msgs.egg-info/PKG-INFO
[0.538s] writing dependency_links to rrm_msgs.egg-info/dependency_links.txt
[0.538s] writing top-level names to rrm_msgs.egg-info/top_level.txt
[0.628s] reading manifest file 'rrm_msgs.egg-info/SOURCES.txt'
[0.629s] writing manifest file 'rrm_msgs.egg-info/SOURCES.txt'
[0.677s] [100%] Built target ament_cmake_python_build_rrm_msgs_egg
[0.699s] Invoked command in '/home/dominik/RRM/ros2_ws/build/rrm_msgs' returned '0': CMAKE_PREFIX_PATH=${CMAKE_PREFIX_PATH}:/opt/ros/jazzy DEBUGINFOD_URLS=https://debuginfod.ubuntu.com /usr/bin/cmake --build /home/dominik/RRM/ros2_ws/build/rrm_msgs -- -j16 -l16
