[0.029s] Invoking command in '/home/dominik/RRM/ros2_ws/build/rrm_msgs': CMAKE_PREFIX_PATH=${CMAKE_PREFIX_PATH}:/opt/ros/jazzy DEBUGINFOD_URLS=https://debuginfod.ubuntu.com /usr/bin/cmake /home/dominik/RRM/ros2_ws/src/rrm/rrm_msgs -DCMAKE_INSTALL_PREFIX=/home/dominik/RRM/ros2_ws/install/rrm_msgs
[0.180s] -- The C compiler identification is GNU 13.2.0
[0.319s] -- The CXX compiler identification is GNU 13.2.0
[0.348s] -- Detecting C compiler ABI info
[0.511s] -- Detecting C compiler ABI info - done
[0.524s] -- Check for working C compiler: /usr/bin/cc - skipped
[0.525s] -- Detecting C compile features
[0.526s] -- Detecting C compile features - done
[0.542s] -- Detecting CXX compiler ABI info
[0.715s] -- Detecting CXX compiler ABI info - done
[0.728s] -- Check for working CXX compiler: /usr/bin/c++ - skipped
[0.728s] -- Detecting CXX compile features
[0.729s] -- Detecting CXX compile features - done
[0.735s] -- Found ament_cmake: 2.5.2 (/opt/ros/jazzy/share/ament_cmake/cmake)
[0.960s] -- Found Python3: /usr/bin/python3 (found version "3.12.3") found components: Interpreter 
[1.127s] -- Found rosidl_default_generators: 1.6.0 (/opt/ros/jazzy/share/rosidl_default_generators/cmake)
[1.136s] -- Using all available rosidl_typesupport_c: rosidl_typesupport_fastrtps_c;rosidl_typesupport_introspection_c
[1.217s] -- Using all available rosidl_typesupport_cpp: rosidl_typesupport_fastrtps_cpp;rosidl_typesupport_introspection_cpp
[1.283s] -- Found rosidl_adapter: 4.6.4 (/opt/ros/jazzy/share/rosidl_adapter/cmake)
[2.096s] -- Found ament_cmake_ros: 0.12.0 (/opt/ros/jazzy/share/ament_cmake_ros/cmake)
[2.499s] -- Using all available rosidl_typesupport_c: rosidl_typesupport_fastrtps_c;rosidl_typesupport_introspection_c
[2.954s] -- Using all available rosidl_typesupport_cpp: rosidl_typesupport_fastrtps_cpp;rosidl_typesupport_introspection_cpp
[2.968s] -- Found python_cmake_module: 0.11.1 (/opt/ros/jazzy/share/python_cmake_module/cmake)
[3.076s] -- Found PythonExtra: /usr/bin/python3  
[3.460s] -- Found Python3: /usr/bin/python3 (found version "3.12.3") found components: Interpreter Development NumPy Development.Module Development.Embed 
[3.499s] -- Found ament_lint_auto: 0.17.1 (/opt/ros/jazzy/share/ament_lint_auto/cmake)
[3.521s] -- Added test 'copyright' to check source files copyright and LICENSE
[3.522s] -- Added test 'lint_cmake' to check CMake code style
[3.523s] -- Added test 'xmllint' to check XML markup files
[3.526s] -- Configuring done (3.5s)
[3.554s] -- Generating done (0.0s)
[3.556s] -- Build files have been written to: /home/dominik/RRM/ros2_ws/build/rrm_msgs
[3.566s] Invoked command in '/home/dominik/RRM/ros2_ws/build/rrm_msgs' returned '0': CMAKE_PREFIX_PATH=${CMAKE_PREFIX_PATH}:/opt/ros/jazzy DEBUGINFOD_URLS=https://debuginfod.ubuntu.com /usr/bin/cmake /home/dominik/RRM/ros2_ws/src/rrm/rrm_msgs -DCMAKE_INSTALL_PREFIX=/home/dominik/RRM/ros2_ws/install/rrm_msgs
[3.567s] Invoking command in '/home/dominik/RRM/ros2_ws/build/rrm_msgs': CMAKE_PREFIX_PATH=${CMAKE_PREFIX_PATH}:/opt/ros/jazzy DEBUGINFOD_URLS=https://debuginfod.ubuntu.com /usr/bin/cmake --build /home/dominik/RRM/ros2_ws/build/rrm_msgs -- -j16 -l16
[3.618s] [  2%] [34m[1mGenerating type hashes for ROS interfaces[0m
[3.627s] [  2%] Built target ament_cmake_python_copy_rrm_msgs
[3.776s] [  2%] Built target rrm_msgs__rosidl_generator_type_description
[3.787s] [  4%] [34m[1mGenerating C code for ROS interfaces[0m
[3.797s] running egg_info
[3.798s] creating rrm_msgs.egg-info
[3.798s] [  6%] [34m[1mGenerating C++ code for ROS interfaces[0m
[3.813s] writing rrm_msgs.egg-info/PKG-INFO
[3.813s] writing dependency_links to rrm_msgs.egg-info/dependency_links.txt
[3.813s] writing top-level names to rrm_msgs.egg-info/top_level.txt
[3.813s] writing manifest file 'rrm_msgs.egg-info/SOURCES.txt'
[3.858s] reading manifest file 'rrm_msgs.egg-info/SOURCES.txt'
[3.858s] writing manifest file 'rrm_msgs.egg-info/SOURCES.txt'
[3.884s] [  6%] Built target ament_cmake_python_build_rrm_msgs_egg
[4.029s] [  6%] Built target rrm_msgs__cpp
[4.067s] [ 20%] [32mBuilding C object CMakeFiles/rrm_msgs__rosidl_generator_c.dir/rosidl_generator_c/rrm_msgs/msg/detail/command__description.c.o[0m
[4.067s] [ 20%] [32mBuilding C object CMakeFiles/rrm_msgs__rosidl_generator_c.dir/rosidl_generator_c/rrm_msgs/srv/detail/command__functions.c.o[0m
[4.067s] [ 20%] [32mBuilding C object CMakeFiles/rrm_msgs__rosidl_generator_c.dir/rosidl_generator_c/rrm_msgs/srv/detail/command__type_support.c.o[0m
[4.067s] [ 20%] [32mBuilding C object CMakeFiles/rrm_msgs__rosidl_generator_c.dir/rosidl_generator_c/rrm_msgs/msg/detail/command__functions.c.o[0m
[4.067s] [ 20%] [32mBuilding C object CMakeFiles/rrm_msgs__rosidl_generator_c.dir/rosidl_generator_c/rrm_msgs/msg/detail/command__type_support.c.o[0m
[4.067s] [ 20%] [32mBuilding C object CMakeFiles/rrm_msgs__rosidl_generator_c.dir/rosidl_generator_c/rrm_msgs/srv/detail/command__description.c.o[0m
[4.134s] [ 22%] [32m[1mLinking C shared library librrm_msgs__rosidl_generator_c.so[0m
[4.171s] [ 22%] Built target rrm_msgs__rosidl_generator_c
[4.180s] [ 36%] [34m[1mGenerating C++ type support dispatch for ROS interfaces[0m
[4.180s] [ 36%] [34m[1mGenerating C type support for eProsima Fast-RTPS[0m
[4.180s] [ 36%] [34m[1mGenerating C++ type support for eProsima Fast-RTPS[0m
[4.180s] [ 36%] [34m[1mGenerating C type support dispatch for ROS interfaces[0m
[4.181s] [ 36%] [34m[1mGenerating C introspection for ROS interfaces[0m
[4.181s] [ 36%] [34m[1mGenerating C++ introspection for ROS interfaces[0m
[4.395s] [ 40%] [32mBuilding CXX object CMakeFiles/rrm_msgs__rosidl_typesupport_c.dir/rosidl_typesupport_c/rrm_msgs/msg/command__type_support.cpp.o[0m
[4.396s] [ 40%] [32mBuilding CXX object CMakeFiles/rrm_msgs__rosidl_typesupport_c.dir/rosidl_typesupport_c/rrm_msgs/srv/command__type_support.cpp.o[0m
[4.396s] [ 43%] [32mBuilding CXX object CMakeFiles/rrm_msgs__rosidl_typesupport_cpp.dir/rosidl_typesupport_cpp/rrm_msgs/msg/command__type_support.cpp.o[0m
[4.398s] [ 45%] [32mBuilding CXX object CMakeFiles/rrm_msgs__rosidl_typesupport_cpp.dir/rosidl_typesupport_cpp/rrm_msgs/srv/command__type_support.cpp.o[0m
[4.444s] [ 50%] [32mBuilding CXX object CMakeFiles/rrm_msgs__rosidl_typesupport_introspection_cpp.dir/rosidl_typesupport_introspection_cpp/rrm_msgs/srv/detail/command__type_support.cpp.o[0m
[4.444s] [ 50%] [32mBuilding CXX object CMakeFiles/rrm_msgs__rosidl_typesupport_introspection_cpp.dir/rosidl_typesupport_introspection_cpp/rrm_msgs/msg/detail/command__type_support.cpp.o[0m
[4.448s] [ 52%] [32m[1mLinking CXX shared library librrm_msgs__rosidl_typesupport_c.so[0m
[4.458s] [ 54%] [32mBuilding C object CMakeFiles/rrm_msgs__rosidl_typesupport_introspection_c.dir/rosidl_typesupport_introspection_c/rrm_msgs/msg/detail/command__type_support.c.o[0m
[4.459s] [ 56%] [32mBuilding C object CMakeFiles/rrm_msgs__rosidl_typesupport_introspection_c.dir/rosidl_typesupport_introspection_c/rrm_msgs/srv/detail/command__type_support.c.o[0m
[4.481s] [ 59%] [32mBuilding CXX object CMakeFiles/rrm_msgs__rosidl_typesupport_fastrtps_c.dir/rosidl_typesupport_fastrtps_c/rrm_msgs/msg/detail/command__type_support_c.cpp.o[0m
[4.482s] [ 61%] [32mBuilding CXX object CMakeFiles/rrm_msgs__rosidl_typesupport_fastrtps_c.dir/rosidl_typesupport_fastrtps_c/rrm_msgs/srv/detail/command__type_support_c.cpp.o[0m
[4.488s] [ 65%] [32mBuilding CXX object CMakeFiles/rrm_msgs__rosidl_typesupport_fastrtps_cpp.dir/rosidl_typesupport_fastrtps_cpp/rrm_msgs/srv/detail/dds_fastrtps/command__type_support.cpp.o[0m
[4.488s] [ 65%] [32mBuilding CXX object CMakeFiles/rrm_msgs__rosidl_typesupport_fastrtps_cpp.dir/rosidl_typesupport_fastrtps_cpp/rrm_msgs/msg/detail/dds_fastrtps/command__type_support.cpp.o[0m
[4.496s] [ 65%] Built target rrm_msgs__rosidl_typesupport_c
[4.520s] [ 68%] [32m[1mLinking C shared library librrm_msgs__rosidl_typesupport_introspection_c.so[0m
[4.556s] [ 68%] Built target rrm_msgs__rosidl_typesupport_introspection_c
[4.890s] [ 70%] [32m[1mLinking CXX shared library librrm_msgs__rosidl_typesupport_cpp.so[0m
[4.968s] [ 70%] Built target rrm_msgs__rosidl_typesupport_cpp
[5.006s] [ 72%] [32m[1mLinking CXX shared library librrm_msgs__rosidl_typesupport_fastrtps_c.so[0m
[5.029s] [ 75%] [32m[1mLinking CXX shared library librrm_msgs__rosidl_typesupport_introspection_cpp.so[0m
[5.075s] [ 75%] Built target rrm_msgs__rosidl_typesupport_fastrtps_c
[5.098s] [ 75%] Built target rrm_msgs__rosidl_typesupport_introspection_cpp
[5.222s] [ 77%] [32m[1mLinking CXX shared library librrm_msgs__rosidl_typesupport_fastrtps_cpp.so[0m
[5.283s] [ 77%] Built target rrm_msgs__rosidl_typesupport_fastrtps_cpp
[5.302s] [ 77%] Built target rrm_msgs
[5.323s] [ 79%] [34m[1mGenerating Python code for ROS interfaces[0m
[5.612s] [ 79%] Built target rrm_msgs__py
[5.634s] [ 84%] [32mBuilding C object CMakeFiles/rrm_msgs__rosidl_generator_py.dir/rosidl_generator_py/rrm_msgs/srv/_command_s.c.o[0m
[5.634s] [ 84%] [32mBuilding C object CMakeFiles/rrm_msgs__rosidl_generator_py.dir/rosidl_generator_py/rrm_msgs/msg/_command_s.c.o[0m
[5.787s] [ 86%] [32m[1mLinking C shared library librrm_msgs__rosidl_generator_py.so[0m
[5.826s] [ 86%] Built target rrm_msgs__rosidl_generator_py
[5.843s] [ 88%] [32mBuilding C object CMakeFiles/rrm_msgs_s__rosidl_typesupport_fastrtps_c.dir/rosidl_generator_py/rrm_msgs/_rrm_msgs_s.ep.rosidl_typesupport_fastrtps_c.c.o[0m
[5.844s] [ 90%] [32mBuilding C object CMakeFiles/rrm_msgs_s__rosidl_typesupport_c.dir/rosidl_generator_py/rrm_msgs/_rrm_msgs_s.ep.rosidl_typesupport_c.c.o[0m
[5.845s] [ 93%] [32mBuilding C object CMakeFiles/rrm_msgs_s__rosidl_typesupport_introspection_c.dir/rosidl_generator_py/rrm_msgs/_rrm_msgs_s.ep.rosidl_typesupport_introspection_c.c.o[0m
[5.936s] [ 97%] [32m[1mLinking C shared module rosidl_generator_py/rrm_msgs/rrm_msgs_s__rosidl_typesupport_introspection_c.so[0m
[5.936s] [ 97%] [32m[1mLinking C shared module rosidl_generator_py/rrm_msgs/rrm_msgs_s__rosidl_typesupport_c.so[0m
[5.938s] [100%] [32m[1mLinking C shared module rosidl_generator_py/rrm_msgs/rrm_msgs_s__rosidl_typesupport_fastrtps_c.so[0m
[5.965s] [100%] Built target rrm_msgs_s__rosidl_typesupport_fastrtps_c
[5.965s] [100%] Built target rrm_msgs_s__rosidl_typesupport_introspection_c
[5.965s] [100%] Built target rrm_msgs_s__rosidl_typesupport_c
[5.976s] Invoked command in '/home/dominik/RRM/ros2_ws/build/rrm_msgs' returned '0': CMAKE_PREFIX_PATH=${CMAKE_PREFIX_PATH}:/opt/ros/jazzy DEBUGINFOD_URLS=https://debuginfod.ubuntu.com /usr/bin/cmake --build /home/dominik/RRM/ros2_ws/build/rrm_msgs -- -j16 -l16
[6.095s] Invoking command in '/home/dominik/RRM/ros2_ws/build/rrm_msgs': CMAKE_PREFIX_PATH=${CMAKE_PREFIX_PATH}:/opt/ros/jazzy DEBUGINFOD_URLS=https://debuginfod.ubuntu.com /usr/bin/cmake --install /home/dominik/RRM/ros2_ws/build/rrm_msgs
[6.102s] -- Install configuration: ""
[6.102s] -- Installing: /home/dominik/RRM/ros2_ws/install/rrm_msgs/share/ament_index/resource_index/rosidl_interfaces/rrm_msgs
[6.102s] -- Installing: /home/dominik/RRM/ros2_ws/install/rrm_msgs/share/rrm_msgs/msg/Command.json
[6.103s] -- Installing: /home/dominik/RRM/ros2_ws/install/rrm_msgs/share/rrm_msgs/srv/Command.json
[6.103s] -- Installing: /home/dominik/RRM/ros2_ws/install/rrm_msgs/include/rrm_msgs/rrm_msgs
[6.103s] -- Installing: /home/dominik/RRM/ros2_ws/install/rrm_msgs/include/rrm_msgs/rrm_msgs/msg
[6.103s] -- Installing: /home/dominik/RRM/ros2_ws/install/rrm_msgs/include/rrm_msgs/rrm_msgs/msg/command.h
[6.103s] -- Installing: /home/dominik/RRM/ros2_ws/install/rrm_msgs/include/rrm_msgs/rrm_msgs/msg/rosidl_generator_c__visibility_control.h
[6.103s] -- Installing: /home/dominik/RRM/ros2_ws/install/rrm_msgs/include/rrm_msgs/rrm_msgs/msg/detail
[6.103s] -- Installing: /home/dominik/RRM/ros2_ws/install/rrm_msgs/include/rrm_msgs/rrm_msgs/msg/detail/command__functions.c
[6.104s] -- Installing: /home/dominik/RRM/ros2_ws/install/rrm_msgs/include/rrm_msgs/rrm_msgs/msg/detail/command__description.c
[6.104s] -- Installing: /home/dominik/RRM/ros2_ws/install/rrm_msgs/include/rrm_msgs/rrm_msgs/msg/detail/command__type_support.h
[6.104s] -- Installing: /home/dominik/RRM/ros2_ws/install/rrm_msgs/include/rrm_msgs/rrm_msgs/msg/detail/command__struct.h
[6.104s] -- Installing: /home/dominik/RRM/ros2_ws/install/rrm_msgs/include/rrm_msgs/rrm_msgs/msg/detail/command__type_support.c
[6.104s] -- Installing: /home/dominik/RRM/ros2_ws/install/rrm_msgs/include/rrm_msgs/rrm_msgs/msg/detail/command__functions.h
[6.104s] -- Installing: /home/dominik/RRM/ros2_ws/install/rrm_msgs/include/rrm_msgs/rrm_msgs/srv
[6.104s] -- Installing: /home/dominik/RRM/ros2_ws/install/rrm_msgs/include/rrm_msgs/rrm_msgs/srv/command.h
[6.104s] -- Installing: /home/dominik/RRM/ros2_ws/install/rrm_msgs/include/rrm_msgs/rrm_msgs/srv/detail
[6.104s] -- Installing: /home/dominik/RRM/ros2_ws/install/rrm_msgs/include/rrm_msgs/rrm_msgs/srv/detail/command__functions.c
[6.104s] -- Installing: /home/dominik/RRM/ros2_ws/install/rrm_msgs/include/rrm_msgs/rrm_msgs/srv/detail/command__description.c
[6.104s] -- Installing: /home/dominik/RRM/ros2_ws/install/rrm_msgs/include/rrm_msgs/rrm_msgs/srv/detail/command__type_support.h
[6.104s] -- Installing: /home/dominik/RRM/ros2_ws/install/rrm_msgs/include/rrm_msgs/rrm_msgs/srv/detail/command__struct.h
[6.104s] -- Installing: /home/dominik/RRM/ros2_ws/install/rrm_msgs/include/rrm_msgs/rrm_msgs/srv/detail/command__type_support.c
[6.104s] -- Installing: /home/dominik/RRM/ros2_ws/install/rrm_msgs/include/rrm_msgs/rrm_msgs/srv/detail/command__functions.h
[6.104s] -- Installing: /home/dominik/RRM/ros2_ws/install/rrm_msgs/share/rrm_msgs/environment/library_path.sh
[6.104s] -- Installing: /home/dominik/RRM/ros2_ws/install/rrm_msgs/share/rrm_msgs/environment/library_path.dsv
[6.105s] -- Installing: /home/dominik/RRM/ros2_ws/install/rrm_msgs/lib/librrm_msgs__rosidl_generator_c.so
[6.105s] -- Set non-toolchain portion of runtime path of "/home/dominik/RRM/ros2_ws/install/rrm_msgs/lib/librrm_msgs__rosidl_generator_c.so" to ""
[6.105s] -- Up-to-date: /home/dominik/RRM/ros2_ws/install/rrm_msgs/include/rrm_msgs/rrm_msgs
[6.105s] -- Up-to-date: /home/dominik/RRM/ros2_ws/install/rrm_msgs/include/rrm_msgs/rrm_msgs/msg
[6.105s] -- Installing: /home/dominik/RRM/ros2_ws/install/rrm_msgs/include/rrm_msgs/rrm_msgs/msg/rosidl_typesupport_fastrtps_c__visibility_control.h
[6.105s] -- Up-to-date: /home/dominik/RRM/ros2_ws/install/rrm_msgs/include/rrm_msgs/rrm_msgs/msg/detail
[6.105s] -- Installing: /home/dominik/RRM/ros2_ws/install/rrm_msgs/include/rrm_msgs/rrm_msgs/msg/detail/command__rosidl_typesupport_fastrtps_c.h
[6.105s] -- Up-to-date: /home/dominik/RRM/ros2_ws/install/rrm_msgs/include/rrm_msgs/rrm_msgs/srv
[6.105s] -- Up-to-date: /home/dominik/RRM/ros2_ws/install/rrm_msgs/include/rrm_msgs/rrm_msgs/srv/detail
[6.105s] -- Installing: /home/dominik/RRM/ros2_ws/install/rrm_msgs/include/rrm_msgs/rrm_msgs/srv/detail/command__rosidl_typesupport_fastrtps_c.h
[6.106s] -- Installing: /home/dominik/RRM/ros2_ws/install/rrm_msgs/lib/librrm_msgs__rosidl_typesupport_fastrtps_c.so
[6.106s] -- Set non-toolchain portion of runtime path of "/home/dominik/RRM/ros2_ws/install/rrm_msgs/lib/librrm_msgs__rosidl_typesupport_fastrtps_c.so" to ""
[6.106s] -- Up-to-date: /home/dominik/RRM/ros2_ws/install/rrm_msgs/include/rrm_msgs/rrm_msgs
[6.106s] -- Up-to-date: /home/dominik/RRM/ros2_ws/install/rrm_msgs/include/rrm_msgs/rrm_msgs/msg
[6.106s] -- Up-to-date: /home/dominik/RRM/ros2_ws/install/rrm_msgs/include/rrm_msgs/rrm_msgs/msg/detail
[6.106s] -- Installing: /home/dominik/RRM/ros2_ws/install/rrm_msgs/include/rrm_msgs/rrm_msgs/msg/detail/command__rosidl_typesupport_introspection_c.h
[6.106s] -- Up-to-date: /home/dominik/RRM/ros2_ws/install/rrm_msgs/include/rrm_msgs/rrm_msgs/msg/detail/command__type_support.c
[6.106s] -- Installing: /home/dominik/RRM/ros2_ws/install/rrm_msgs/include/rrm_msgs/rrm_msgs/msg/rosidl_typesupport_introspection_c__visibility_control.h
[6.106s] -- Up-to-date: /home/dominik/RRM/ros2_ws/install/rrm_msgs/include/rrm_msgs/rrm_msgs/srv
[6.106s] -- Up-to-date: /home/dominik/RRM/ros2_ws/install/rrm_msgs/include/rrm_msgs/rrm_msgs/srv/detail
[6.106s] -- Installing: /home/dominik/RRM/ros2_ws/install/rrm_msgs/include/rrm_msgs/rrm_msgs/srv/detail/command__rosidl_typesupport_introspection_c.h
[6.106s] -- Up-to-date: /home/dominik/RRM/ros2_ws/install/rrm_msgs/include/rrm_msgs/rrm_msgs/srv/detail/command__type_support.c
[6.106s] -- Installing: /home/dominik/RRM/ros2_ws/install/rrm_msgs/lib/librrm_msgs__rosidl_typesupport_introspection_c.so
[6.107s] -- Set non-toolchain portion of runtime path of "/home/dominik/RRM/ros2_ws/install/rrm_msgs/lib/librrm_msgs__rosidl_typesupport_introspection_c.so" to ""
[6.107s] -- Installing: /home/dominik/RRM/ros2_ws/install/rrm_msgs/lib/librrm_msgs__rosidl_typesupport_c.so
[6.107s] -- Set non-toolchain portion of runtime path of "/home/dominik/RRM/ros2_ws/install/rrm_msgs/lib/librrm_msgs__rosidl_typesupport_c.so" to ""
[6.107s] -- Up-to-date: /home/dominik/RRM/ros2_ws/install/rrm_msgs/include/rrm_msgs/rrm_msgs
[6.107s] -- Up-to-date: /home/dominik/RRM/ros2_ws/install/rrm_msgs/include/rrm_msgs/rrm_msgs/msg
[6.107s] -- Installing: /home/dominik/RRM/ros2_ws/install/rrm_msgs/include/rrm_msgs/rrm_msgs/msg/rosidl_generator_cpp__visibility_control.hpp
[6.107s] -- Up-to-date: /home/dominik/RRM/ros2_ws/install/rrm_msgs/include/rrm_msgs/rrm_msgs/msg/detail
[6.107s] -- Installing: /home/dominik/RRM/ros2_ws/install/rrm_msgs/include/rrm_msgs/rrm_msgs/msg/detail/command__builder.hpp
[6.107s] -- Installing: /home/dominik/RRM/ros2_ws/install/rrm_msgs/include/rrm_msgs/rrm_msgs/msg/detail/command__struct.hpp
[6.107s] -- Installing: /home/dominik/RRM/ros2_ws/install/rrm_msgs/include/rrm_msgs/rrm_msgs/msg/detail/command__traits.hpp
[6.107s] -- Installing: /home/dominik/RRM/ros2_ws/install/rrm_msgs/include/rrm_msgs/rrm_msgs/msg/detail/command__type_support.hpp
[6.107s] -- Installing: /home/dominik/RRM/ros2_ws/install/rrm_msgs/include/rrm_msgs/rrm_msgs/msg/command.hpp
[6.108s] -- Up-to-date: /home/dominik/RRM/ros2_ws/install/rrm_msgs/include/rrm_msgs/rrm_msgs/srv
[6.108s] -- Up-to-date: /home/dominik/RRM/ros2_ws/install/rrm_msgs/include/rrm_msgs/rrm_msgs/srv/detail
[6.108s] -- Installing: /home/dominik/RRM/ros2_ws/install/rrm_msgs/include/rrm_msgs/rrm_msgs/srv/detail/command__builder.hpp
[6.108s] -- Installing: /home/dominik/RRM/ros2_ws/install/rrm_msgs/include/rrm_msgs/rrm_msgs/srv/detail/command__struct.hpp
[6.108s] -- Installing: /home/dominik/RRM/ros2_ws/install/rrm_msgs/include/rrm_msgs/rrm_msgs/srv/detail/command__traits.hpp
[6.108s] -- Installing: /home/dominik/RRM/ros2_ws/install/rrm_msgs/include/rrm_msgs/rrm_msgs/srv/detail/command__type_support.hpp
[6.108s] -- Installing: /home/dominik/RRM/ros2_ws/install/rrm_msgs/include/rrm_msgs/rrm_msgs/srv/command.hpp
[6.108s] -- Up-to-date: /home/dominik/RRM/ros2_ws/install/rrm_msgs/include/rrm_msgs/rrm_msgs
[6.108s] -- Up-to-date: /home/dominik/RRM/ros2_ws/install/rrm_msgs/include/rrm_msgs/rrm_msgs/msg
[6.108s] -- Installing: /home/dominik/RRM/ros2_ws/install/rrm_msgs/include/rrm_msgs/rrm_msgs/msg/rosidl_typesupport_fastrtps_cpp__visibility_control.h
[6.108s] -- Up-to-date: /home/dominik/RRM/ros2_ws/install/rrm_msgs/include/rrm_msgs/rrm_msgs/msg/detail
[6.108s] -- Installing: /home/dominik/RRM/ros2_ws/install/rrm_msgs/include/rrm_msgs/rrm_msgs/msg/detail/command__rosidl_typesupport_fastrtps_cpp.hpp
[6.108s] -- Installing: /home/dominik/RRM/ros2_ws/install/rrm_msgs/include/rrm_msgs/rrm_msgs/msg/detail/dds_fastrtps
[6.108s] -- Up-to-date: /home/dominik/RRM/ros2_ws/install/rrm_msgs/include/rrm_msgs/rrm_msgs/srv
[6.109s] -- Up-to-date: /home/dominik/RRM/ros2_ws/install/rrm_msgs/include/rrm_msgs/rrm_msgs/srv/detail
[6.109s] -- Installing: /home/dominik/RRM/ros2_ws/install/rrm_msgs/include/rrm_msgs/rrm_msgs/srv/detail/command__rosidl_typesupport_fastrtps_cpp.hpp
[6.109s] -- Installing: /home/dominik/RRM/ros2_ws/install/rrm_msgs/include/rrm_msgs/rrm_msgs/srv/detail/dds_fastrtps
[6.109s] -- Installing: /home/dominik/RRM/ros2_ws/install/rrm_msgs/lib/librrm_msgs__rosidl_typesupport_fastrtps_cpp.so
[6.109s] -- Set non-toolchain portion of runtime path of "/home/dominik/RRM/ros2_ws/install/rrm_msgs/lib/librrm_msgs__rosidl_typesupport_fastrtps_cpp.so" to ""
[6.109s] -- Up-to-date: /home/dominik/RRM/ros2_ws/install/rrm_msgs/include/rrm_msgs/rrm_msgs
[6.109s] -- Up-to-date: /home/dominik/RRM/ros2_ws/install/rrm_msgs/include/rrm_msgs/rrm_msgs/msg
[6.109s] -- Up-to-date: /home/dominik/RRM/ros2_ws/install/rrm_msgs/include/rrm_msgs/rrm_msgs/msg/detail
[6.109s] -- Installing: /home/dominik/RRM/ros2_ws/install/rrm_msgs/include/rrm_msgs/rrm_msgs/msg/detail/command__rosidl_typesupport_introspection_cpp.hpp
[6.109s] -- Installing: /home/dominik/RRM/ros2_ws/install/rrm_msgs/include/rrm_msgs/rrm_msgs/msg/detail/command__type_support.cpp
[6.109s] -- Up-to-date: /home/dominik/RRM/ros2_ws/install/rrm_msgs/include/rrm_msgs/rrm_msgs/srv
[6.109s] -- Up-to-date: /home/dominik/RRM/ros2_ws/install/rrm_msgs/include/rrm_msgs/rrm_msgs/srv/detail
[6.110s] -- Installing: /home/dominik/RRM/ros2_ws/install/rrm_msgs/include/rrm_msgs/rrm_msgs/srv/detail/command__rosidl_typesupport_introspection_cpp.hpp
[6.110s] -- Installing: /home/dominik/RRM/ros2_ws/install/rrm_msgs/include/rrm_msgs/rrm_msgs/srv/detail/command__type_support.cpp
[6.110s] -- Installing: /home/dominik/RRM/ros2_ws/install/rrm_msgs/lib/librrm_msgs__rosidl_typesupport_introspection_cpp.so
[6.110s] -- Set non-toolchain portion of runtime path of "/home/dominik/RRM/ros2_ws/install/rrm_msgs/lib/librrm_msgs__rosidl_typesupport_introspection_cpp.so" to ""
[6.110s] -- Installing: /home/dominik/RRM/ros2_ws/install/rrm_msgs/lib/librrm_msgs__rosidl_typesupport_cpp.so
[6.110s] -- Set non-toolchain portion of runtime path of "/home/dominik/RRM/ros2_ws/install/rrm_msgs/lib/librrm_msgs__rosidl_typesupport_cpp.so" to ""
[6.111s] -- Installing: /home/dominik/RRM/ros2_ws/install/rrm_msgs/share/rrm_msgs/environment/pythonpath.sh
[6.111s] -- Installing: /home/dominik/RRM/ros2_ws/install/rrm_msgs/share/rrm_msgs/environment/pythonpath.dsv
[6.111s] -- Installing: /home/dominik/RRM/ros2_ws/install/rrm_msgs/lib/python3.12/site-packages/rrm_msgs-0.0.0-py3.12.egg-info
[6.111s] -- Installing: /home/dominik/RRM/ros2_ws/install/rrm_msgs/lib/python3.12/site-packages/rrm_msgs-0.0.0-py3.12.egg-info/SOURCES.txt
[6.111s] -- Installing: /home/dominik/RRM/ros2_ws/install/rrm_msgs/lib/python3.12/site-packages/rrm_msgs-0.0.0-py3.12.egg-info/top_level.txt
[6.111s] -- Installing: /home/dominik/RRM/ros2_ws/install/rrm_msgs/lib/python3.12/site-packages/rrm_msgs-0.0.0-py3.12.egg-info/dependency_links.txt
[6.111s] -- Installing: /home/dominik/RRM/ros2_ws/install/rrm_msgs/lib/python3.12/site-packages/rrm_msgs-0.0.0-py3.12.egg-info/PKG-INFO
[6.111s] -- Installing: /home/dominik/RRM/ros2_ws/install/rrm_msgs/lib/python3.12/site-packages/rrm_msgs
[6.111s] -- Installing: /home/dominik/RRM/ros2_ws/install/rrm_msgs/lib/python3.12/site-packages/rrm_msgs/msg
[6.111s] -- Installing: /home/dominik/RRM/ros2_ws/install/rrm_msgs/lib/python3.12/site-packages/rrm_msgs/msg/__init__.py
[6.111s] -- Installing: /home/dominik/RRM/ros2_ws/install/rrm_msgs/lib/python3.12/site-packages/rrm_msgs/msg/_command_s.c
[6.112s] -- Installing: /home/dominik/RRM/ros2_ws/install/rrm_msgs/lib/python3.12/site-packages/rrm_msgs/msg/_command.py
[6.112s] -- Installing: /home/dominik/RRM/ros2_ws/install/rrm_msgs/lib/python3.12/site-packages/rrm_msgs/_rrm_msgs_s.ep.rosidl_typesupport_fastrtps_c.c
[6.112s] -- Installing: /home/dominik/RRM/ros2_ws/install/rrm_msgs/lib/python3.12/site-packages/rrm_msgs/rrm_msgs_s__rosidl_typesupport_fastrtps_c.so
[6.112s] -- Installing: /home/dominik/RRM/ros2_ws/install/rrm_msgs/lib/python3.12/site-packages/rrm_msgs/srv
[6.112s] -- Installing: /home/dominik/RRM/ros2_ws/install/rrm_msgs/lib/python3.12/site-packages/rrm_msgs/srv/__init__.py
[6.112s] -- Installing: /home/dominik/RRM/ros2_ws/install/rrm_msgs/lib/python3.12/site-packages/rrm_msgs/srv/_command_s.c
[6.112s] -- Installing: /home/dominik/RRM/ros2_ws/install/rrm_msgs/lib/python3.12/site-packages/rrm_msgs/srv/_command.py
[6.112s] -- Installing: /home/dominik/RRM/ros2_ws/install/rrm_msgs/lib/python3.12/site-packages/rrm_msgs/__init__.py
[6.112s] -- Installing: /home/dominik/RRM/ros2_ws/install/rrm_msgs/lib/python3.12/site-packages/rrm_msgs/_rrm_msgs_s.ep.rosidl_typesupport_c.c
[6.112s] -- Installing: /home/dominik/RRM/ros2_ws/install/rrm_msgs/lib/python3.12/site-packages/rrm_msgs/rrm_msgs_s__rosidl_typesupport_introspection_c.so
[6.113s] -- Installing: /home/dominik/RRM/ros2_ws/install/rrm_msgs/lib/python3.12/site-packages/rrm_msgs/_rrm_msgs_s.ep.rosidl_typesupport_introspection_c.c
[6.113s] -- Installing: /home/dominik/RRM/ros2_ws/install/rrm_msgs/lib/python3.12/site-packages/rrm_msgs/rrm_msgs_s__rosidl_typesupport_c.so
[6.157s] Listing '/home/dominik/RRM/ros2_ws/install/rrm_msgs/lib/python3.12/site-packages/rrm_msgs'...
[6.157s] Compiling '/home/dominik/RRM/ros2_ws/install/rrm_msgs/lib/python3.12/site-packages/rrm_msgs/__init__.py'...
[6.157s] Listing '/home/dominik/RRM/ros2_ws/install/rrm_msgs/lib/python3.12/site-packages/rrm_msgs/msg'...
[6.157s] Compiling '/home/dominik/RRM/ros2_ws/install/rrm_msgs/lib/python3.12/site-packages/rrm_msgs/msg/__init__.py'...
[6.157s] Compiling '/home/dominik/RRM/ros2_ws/install/rrm_msgs/lib/python3.12/site-packages/rrm_msgs/msg/_command.py'...
[6.157s] Listing '/home/dominik/RRM/ros2_ws/install/rrm_msgs/lib/python3.12/site-packages/rrm_msgs/srv'...
[6.157s] Compiling '/home/dominik/RRM/ros2_ws/install/rrm_msgs/lib/python3.12/site-packages/rrm_msgs/srv/__init__.py'...
[6.157s] Compiling '/home/dominik/RRM/ros2_ws/install/rrm_msgs/lib/python3.12/site-packages/rrm_msgs/srv/_command.py'...
[6.160s] -- Installing: /home/dominik/RRM/ros2_ws/install/rrm_msgs/lib/python3.12/site-packages/rrm_msgs/rrm_msgs_s__rosidl_typesupport_fastrtps_c.so
[6.161s] -- Set non-toolchain portion of runtime path of "/home/dominik/RRM/ros2_ws/install/rrm_msgs/lib/python3.12/site-packages/rrm_msgs/rrm_msgs_s__rosidl_typesupport_fastrtps_c.so" to ""
[6.161s] -- Installing: /home/dominik/RRM/ros2_ws/install/rrm_msgs/lib/python3.12/site-packages/rrm_msgs/rrm_msgs_s__rosidl_typesupport_introspection_c.so
[6.162s] -- Set non-toolchain portion of runtime path of "/home/dominik/RRM/ros2_ws/install/rrm_msgs/lib/python3.12/site-packages/rrm_msgs/rrm_msgs_s__rosidl_typesupport_introspection_c.so" to ""
[6.162s] -- Installing: /home/dominik/RRM/ros2_ws/install/rrm_msgs/lib/python3.12/site-packages/rrm_msgs/rrm_msgs_s__rosidl_typesupport_c.so
[6.162s] -- Set non-toolchain portion of runtime path of "/home/dominik/RRM/ros2_ws/install/rrm_msgs/lib/python3.12/site-packages/rrm_msgs/rrm_msgs_s__rosidl_typesupport_c.so" to ""
[6.162s] -- Installing: /home/dominik/RRM/ros2_ws/install/rrm_msgs/lib/librrm_msgs__rosidl_generator_py.so
[6.162s] -- Set non-toolchain portion of runtime path of "/home/dominik/RRM/ros2_ws/install/rrm_msgs/lib/librrm_msgs__rosidl_generator_py.so" to ""
[6.162s] -- Installing: /home/dominik/RRM/ros2_ws/install/rrm_msgs/share/rrm_msgs/msg/Command.idl
[6.163s] -- Installing: /home/dominik/RRM/ros2_ws/install/rrm_msgs/share/rrm_msgs/srv/Command.idl
[6.163s] -- Installing: /home/dominik/RRM/ros2_ws/install/rrm_msgs/share/rrm_msgs/msg/Command.msg
[6.163s] -- Installing: /home/dominik/RRM/ros2_ws/install/rrm_msgs/share/rrm_msgs/srv/Command.srv
[6.163s] -- Installing: /home/dominik/RRM/ros2_ws/install/rrm_msgs/share/ament_index/resource_index/package_run_dependencies/rrm_msgs
[6.163s] -- Installing: /home/dominik/RRM/ros2_ws/install/rrm_msgs/share/ament_index/resource_index/parent_prefix_path/rrm_msgs
[6.163s] -- Installing: /home/dominik/RRM/ros2_ws/install/rrm_msgs/share/rrm_msgs/environment/ament_prefix_path.sh
[6.163s] -- Installing: /home/dominik/RRM/ros2_ws/install/rrm_msgs/share/rrm_msgs/environment/ament_prefix_path.dsv
[6.163s] -- Installing: /home/dominik/RRM/ros2_ws/install/rrm_msgs/share/rrm_msgs/environment/path.sh
[6.164s] -- Installing: /home/dominik/RRM/ros2_ws/install/rrm_msgs/share/rrm_msgs/environment/path.dsv
[6.164s] -- Installing: /home/dominik/RRM/ros2_ws/install/rrm_msgs/share/rrm_msgs/local_setup.bash
[6.164s] -- Installing: /home/dominik/RRM/ros2_ws/install/rrm_msgs/share/rrm_msgs/local_setup.sh
[6.164s] -- Installing: /home/dominik/RRM/ros2_ws/install/rrm_msgs/share/rrm_msgs/local_setup.zsh
[6.164s] -- Installing: /home/dominik/RRM/ros2_ws/install/rrm_msgs/share/rrm_msgs/local_setup.dsv
[6.164s] -- Installing: /home/dominik/RRM/ros2_ws/install/rrm_msgs/share/rrm_msgs/package.dsv
[6.164s] -- Installing: /home/dominik/RRM/ros2_ws/install/rrm_msgs/share/ament_index/resource_index/packages/rrm_msgs
[6.164s] -- Installing: /home/dominik/RRM/ros2_ws/install/rrm_msgs/share/rrm_msgs/cmake/export_rrm_msgs__rosidl_generator_cExport.cmake
[6.165s] -- Installing: /home/dominik/RRM/ros2_ws/install/rrm_msgs/share/rrm_msgs/cmake/export_rrm_msgs__rosidl_generator_cExport-noconfig.cmake
[6.165s] -- Installing: /home/dominik/RRM/ros2_ws/install/rrm_msgs/share/rrm_msgs/cmake/export_rrm_msgs__rosidl_typesupport_fastrtps_cExport.cmake
[6.165s] -- Installing: /home/dominik/RRM/ros2_ws/install/rrm_msgs/share/rrm_msgs/cmake/export_rrm_msgs__rosidl_typesupport_fastrtps_cExport-noconfig.cmake
[6.165s] -- Installing: /home/dominik/RRM/ros2_ws/install/rrm_msgs/share/rrm_msgs/cmake/rrm_msgs__rosidl_typesupport_introspection_cExport.cmake
[6.165s] -- Installing: /home/dominik/RRM/ros2_ws/install/rrm_msgs/share/rrm_msgs/cmake/rrm_msgs__rosidl_typesupport_introspection_cExport-noconfig.cmake
[6.165s] -- Installing: /home/dominik/RRM/ros2_ws/install/rrm_msgs/share/rrm_msgs/cmake/rrm_msgs__rosidl_typesupport_cExport.cmake
[6.165s] -- Installing: /home/dominik/RRM/ros2_ws/install/rrm_msgs/share/rrm_msgs/cmake/rrm_msgs__rosidl_typesupport_cExport-noconfig.cmake
[6.165s] -- Installing: /home/dominik/RRM/ros2_ws/install/rrm_msgs/share/rrm_msgs/cmake/export_rrm_msgs__rosidl_generator_cppExport.cmake
[6.166s] -- Installing: /home/dominik/RRM/ros2_ws/install/rrm_msgs/share/rrm_msgs/cmake/export_rrm_msgs__rosidl_typesupport_fastrtps_cppExport.cmake
[6.166s] -- Installing: /home/dominik/RRM/ros2_ws/install/rrm_msgs/share/rrm_msgs/cmake/export_rrm_msgs__rosidl_typesupport_fastrtps_cppExport-noconfig.cmake
[6.166s] -- Installing: /home/dominik/RRM/ros2_ws/install/rrm_msgs/share/rrm_msgs/cmake/rrm_msgs__rosidl_typesupport_introspection_cppExport.cmake
[6.166s] -- Installing: /home/dominik/RRM/ros2_ws/install/rrm_msgs/share/rrm_msgs/cmake/rrm_msgs__rosidl_typesupport_introspection_cppExport-noconfig.cmake
[6.166s] -- Installing: /home/dominik/RRM/ros2_ws/install/rrm_msgs/share/rrm_msgs/cmake/rrm_msgs__rosidl_typesupport_cppExport.cmake
[6.166s] -- Installing: /home/dominik/RRM/ros2_ws/install/rrm_msgs/share/rrm_msgs/cmake/rrm_msgs__rosidl_typesupport_cppExport-noconfig.cmake
[6.166s] -- Installing: /home/dominik/RRM/ros2_ws/install/rrm_msgs/share/rrm_msgs/cmake/export_rrm_msgs__rosidl_generator_pyExport.cmake
[6.166s] -- Installing: /home/dominik/RRM/ros2_ws/install/rrm_msgs/share/rrm_msgs/cmake/export_rrm_msgs__rosidl_generator_pyExport-noconfig.cmake
[6.167s] -- Installing: /home/dominik/RRM/ros2_ws/install/rrm_msgs/share/rrm_msgs/cmake/rosidl_cmake-extras.cmake
[6.167s] -- Installing: /home/dominik/RRM/ros2_ws/install/rrm_msgs/share/rrm_msgs/cmake/ament_cmake_export_dependencies-extras.cmake
[6.167s] -- Installing: /home/dominik/RRM/ros2_ws/install/rrm_msgs/share/rrm_msgs/cmake/ament_cmake_export_include_directories-extras.cmake
[6.167s] -- Installing: /home/dominik/RRM/ros2_ws/install/rrm_msgs/share/rrm_msgs/cmake/ament_cmake_export_libraries-extras.cmake
[6.167s] -- Installing: /home/dominik/RRM/ros2_ws/install/rrm_msgs/share/rrm_msgs/cmake/ament_cmake_export_targets-extras.cmake
[6.167s] -- Installing: /home/dominik/RRM/ros2_ws/install/rrm_msgs/share/rrm_msgs/cmake/rosidl_cmake_export_typesupport_targets-extras.cmake
[6.167s] -- Installing: /home/dominik/RRM/ros2_ws/install/rrm_msgs/share/rrm_msgs/cmake/rosidl_cmake_export_typesupport_libraries-extras.cmake
[6.167s] -- Installing: /home/dominik/RRM/ros2_ws/install/rrm_msgs/share/rrm_msgs/cmake/rrm_msgsConfig.cmake
[6.168s] -- Installing: /home/dominik/RRM/ros2_ws/install/rrm_msgs/share/rrm_msgs/cmake/rrm_msgsConfig-version.cmake
[6.168s] -- Installing: /home/dominik/RRM/ros2_ws/install/rrm_msgs/share/rrm_msgs/package.xml
[6.170s] Invoked command in '/home/dominik/RRM/ros2_ws/build/rrm_msgs' returned '0': CMAKE_PREFIX_PATH=${CMAKE_PREFIX_PATH}:/opt/ros/jazzy DEBUGINFOD_URLS=https://debuginfod.ubuntu.com /usr/bin/cmake --install /home/dominik/RRM/ros2_ws/build/rrm_msgs
