[0.113s] Invoking command in '/home/dominik/RRM/ros2_ws/build/rrm_simple_robot_model': CMAKE_PREFIX_PATH=${CMAKE_PREFIX_PATH}:/opt/ros/jazzy DEBUGINFOD_URLS=https://debuginfod.ubuntu.com /usr/bin/cmake --build /home/dominik/RRM/ros2_ws/build/rrm_simple_robot_model -- -j16 -l16
[0.257s] Invoked command in '/home/dominik/RRM/ros2_ws/build/rrm_simple_robot_model' returned '0': CMAKE_PREFIX_PATH=${CMAKE_PREFIX_PATH}:/opt/ros/jazzy DEBUGINFOD_URLS=https://debuginfod.ubuntu.com /usr/bin/cmake --build /home/dominik/RRM/ros2_ws/build/rrm_simple_robot_model -- -j16 -l16
[0.470s] Invoking command in '/home/dominik/RRM/ros2_ws/build/rrm_simple_robot_model': CMAKE_PREFIX_PATH=${CMAKE_PREFIX_PATH}:/opt/ros/jazzy DEBUGINFOD_URLS=https://debuginfod.ubuntu.com /usr/bin/cmake --install /home/dominik/RRM/ros2_ws/build/rrm_simple_robot_model
[0.598s] -- Install configuration: ""
[0.599s] -- Up-to-date: /home/dominik/RRM/ros2_ws/install/rrm_simple_robot_model/share/rrm_simple_robot_model/urdf
[0.600s] -- Up-to-date: /home/dominik/RRM/ros2_ws/install/rrm_simple_robot_model/share/rrm_simple_robot_model/urdf/arm.urdf
[0.605s] -- Up-to-date: /home/dominik/RRM/ros2_ws/install/rrm_simple_robot_model/share/rrm_simple_robot_model/config
[0.606s] -- Up-to-date: /home/dominik/RRM/ros2_ws/install/rrm_simple_robot_model/share/rrm_simple_robot_model/config/rrm_cv3.rviz
[0.607s] -- Up-to-date: /home/dominik/RRM/ros2_ws/install/rrm_simple_robot_model/share/rrm_simple_robot_model/launch
[0.612s] -- Up-to-date: /home/dominik/RRM/ros2_ws/install/rrm_simple_robot_model/share/rrm_simple_robot_model/launch/robot_state_publisher.launch.py
[0.613s] -- Up-to-date: /home/dominik/RRM/ros2_ws/install/rrm_simple_robot_model/share/rrm_simple_robot_model/launch/robot_state_publisher.launch.xml
[0.616s] -- Up-to-date: /home/dominik/RRM/ros2_ws/install/rrm_simple_robot_model/share/ament_index/resource_index/package_run_dependencies/rrm_simple_robot_model
[0.617s] -- Up-to-date: /home/dominik/RRM/ros2_ws/install/rrm_simple_robot_model/share/ament_index/resource_index/parent_prefix_path/rrm_simple_robot_model
[0.618s] -- Up-to-date: /home/dominik/RRM/ros2_ws/install/rrm_simple_robot_model/share/rrm_simple_robot_model/environment/ament_prefix_path.sh
[0.618s] -- Up-to-date: /home/dominik/RRM/ros2_ws/install/rrm_simple_robot_model/share/rrm_simple_robot_model/environment/ament_prefix_path.dsv
[0.619s] -- Up-to-date: /home/dominik/RRM/ros2_ws/install/rrm_simple_robot_model/share/rrm_simple_robot_model/environment/path.sh
[0.637s] -- Up-to-date: /home/dominik/RRM/ros2_ws/install/rrm_simple_robot_model/share/rrm_simple_robot_model/environment/path.dsv
[0.638s] -- Up-to-date: /home/dominik/RRM/ros2_ws/install/rrm_simple_robot_model/share/rrm_simple_robot_model/local_setup.bash
[0.646s] -- Up-to-date: /home/dominik/RRM/ros2_ws/install/rrm_simple_robot_model/share/rrm_simple_robot_model/local_setup.sh
[0.658s] -- Up-to-date: /home/dominik/RRM/ros2_ws/install/rrm_simple_robot_model/share/rrm_simple_robot_model/local_setup.zsh
[0.660s] -- Up-to-date: /home/dominik/RRM/ros2_ws/install/rrm_simple_robot_model/share/rrm_simple_robot_model/local_setup.dsv
[0.660s] -- Installing: /home/dominik/RRM/ros2_ws/install/rrm_simple_robot_model/share/rrm_simple_robot_model/package.dsv
[0.661s] -- Up-to-date: /home/dominik/RRM/ros2_ws/install/rrm_simple_robot_model/share/ament_index/resource_index/packages/rrm_simple_robot_model
[0.666s] -- Up-to-date: /home/dominik/RRM/ros2_ws/install/rrm_simple_robot_model/share/rrm_simple_robot_model/cmake/rrm_simple_robot_modelConfig.cmake
[0.667s] -- Up-to-date: /home/dominik/RRM/ros2_ws/install/rrm_simple_robot_model/share/rrm_simple_robot_model/cmake/rrm_simple_robot_modelConfig-version.cmake
[0.668s] -- Up-to-date: /home/dominik/RRM/ros2_ws/install/rrm_simple_robot_model/share/rrm_simple_robot_model/package.xml
[0.700s] Invoked command in '/home/dominik/RRM/ros2_ws/build/rrm_simple_robot_model' returned '0': CMAKE_PREFIX_PATH=${CMAKE_PREFIX_PATH}:/opt/ros/jazzy DEBUGINFOD_URLS=https://debuginfod.ubuntu.com /usr/bin/cmake --install /home/dominik/RRM/ros2_ws/build/rrm_simple_robot_model
