[0.018s] Invoking command in '/home/dominik/RRM/ros2_ws/src/build/rrm_sim': AMENT_PREFIX_PATH=/home/dominik/RRM/ros2_ws/src/install/rrm_msgs:${AMENT_PREFIX_PATH} CMAKE_PREFIX_PATH=/home/dominik/RRM/ros2_ws/src/install/rrm_msgs:/home/dominik/RRM/ros2_ws/install/surani_interface:/home/dominik/RRM/ros2_ws/install/rrm_simple_robot_model:/home/dominik/RRM/ros2_ws/install/rrm_sim:/home/dominik/RRM/ros2_ws/install/block1_suraniV2:/home/dominik/RRM/ros2_ws/install/block1_surani:/home/dominik/RRM/ros2_ws/install/rrm_msgs:/home/dominik/RRM/ros2_ws/install/eigen_example:/home/dominik/RRM/ros2_ws/install/cv1:/home/dominik/RRM/ros2_ws/install/Surani_interface:/home/dominik/RRM/zad1/install/zad1:/opt/ros/jazzy/opt/gz_math_vendor:/opt/ros/jazzy/opt/gz_utils_vendor:/opt/ros/jazzy/opt/gz_cmake_vendor:/opt/ros/jazzy DEBUGINFOD_URLS=https://debuginfod.ubuntu.com LD_LIBRARY_PATH=/home/dominik/RRM/ros2_ws/src/install/rrm_msgs/lib:${LD_LIBRARY_PATH} PYTHONPATH=/home/dominik/RRM/ros2_ws/src/install/rrm_msgs/lib/python3.12/site-packages:${PYTHONPATH} /usr/bin/cmake --build /home/dominik/RRM/ros2_ws/src/build/rrm_sim -- -j16 -l16
[0.100s] [100%] Built target robot_sim_node
[0.115s] Invoked command in '/home/dominik/RRM/ros2_ws/src/build/rrm_sim' returned '0': AMENT_PREFIX_PATH=/home/dominik/RRM/ros2_ws/src/install/rrm_msgs:${AMENT_PREFIX_PATH} CMAKE_PREFIX_PATH=/home/dominik/RRM/ros2_ws/src/install/rrm_msgs:/home/dominik/RRM/ros2_ws/install/surani_interface:/home/dominik/RRM/ros2_ws/install/rrm_simple_robot_model:/home/dominik/RRM/ros2_ws/install/rrm_sim:/home/dominik/RRM/ros2_ws/install/block1_suraniV2:/home/dominik/RRM/ros2_ws/install/block1_surani:/home/dominik/RRM/ros2_ws/install/rrm_msgs:/home/dominik/RRM/ros2_ws/install/eigen_example:/home/dominik/RRM/ros2_ws/install/cv1:/home/dominik/RRM/ros2_ws/install/Surani_interface:/home/dominik/RRM/zad1/install/zad1:/opt/ros/jazzy/opt/gz_math_vendor:/opt/ros/jazzy/opt/gz_utils_vendor:/opt/ros/jazzy/opt/gz_cmake_vendor:/opt/ros/jazzy DEBUGINFOD_URLS=https://debuginfod.ubuntu.com LD_LIBRARY_PATH=/home/dominik/RRM/ros2_ws/src/install/rrm_msgs/lib:${LD_LIBRARY_PATH} PYTHONPATH=/home/dominik/RRM/ros2_ws/src/install/rrm_msgs/lib/python3.12/site-packages:${PYTHONPATH} /usr/bin/cmake --build /home/dominik/RRM/ros2_ws/src/build/rrm_sim -- -j16 -l16
[0.152s] Invoking command in '/home/dominik/RRM/ros2_ws/src/build/rrm_sim': AMENT_PREFIX_PATH=/home/dominik/RRM/ros2_ws/src/install/rrm_msgs:${AMENT_PREFIX_PATH} CMAKE_PREFIX_PATH=/home/dominik/RRM/ros2_ws/src/install/rrm_msgs:/home/dominik/RRM/ros2_ws/install/surani_interface:/home/dominik/RRM/ros2_ws/install/rrm_simple_robot_model:/home/dominik/RRM/ros2_ws/install/rrm_sim:/home/dominik/RRM/ros2_ws/install/block1_suraniV2:/home/dominik/RRM/ros2_ws/install/block1_surani:/home/dominik/RRM/ros2_ws/install/rrm_msgs:/home/dominik/RRM/ros2_ws/install/eigen_example:/home/dominik/RRM/ros2_ws/install/cv1:/home/dominik/RRM/ros2_ws/install/Surani_interface:/home/dominik/RRM/zad1/install/zad1:/opt/ros/jazzy/opt/gz_math_vendor:/opt/ros/jazzy/opt/gz_utils_vendor:/opt/ros/jazzy/opt/gz_cmake_vendor:/opt/ros/jazzy DEBUGINFOD_URLS=https://debuginfod.ubuntu.com LD_LIBRARY_PATH=/home/dominik/RRM/ros2_ws/src/install/rrm_msgs/lib:${LD_LIBRARY_PATH} PYTHONPATH=/home/dominik/RRM/ros2_ws/src/install/rrm_msgs/lib/python3.12/site-packages:${PYTHONPATH} /usr/bin/cmake --install /home/dominik/RRM/ros2_ws/src/build/rrm_sim
[0.163s] -- Install configuration: ""
[0.163s] -- Up-to-date: /home/dominik/RRM/ros2_ws/src/install/rrm_sim/lib/rrm_sim/robot_sim_node
[0.164s] -- Up-to-date: /home/dominik/RRM/ros2_ws/src/install/rrm_sim/share/rrm_sim/launch
[0.164s] -- Up-to-date: /home/dominik/RRM/ros2_ws/src/install/rrm_sim/share/rrm_sim/launch/rrm_sim.launch.xml
[0.164s] -- Up-to-date: /home/dominik/RRM/ros2_ws/src/install/rrm_sim/share/ament_index/resource_index/package_run_dependencies/rrm_sim
[0.164s] -- Up-to-date: /home/dominik/RRM/ros2_ws/src/install/rrm_sim/share/ament_index/resource_index/parent_prefix_path/rrm_sim
[0.164s] -- Up-to-date: /home/dominik/RRM/ros2_ws/src/install/rrm_sim/share/rrm_sim/environment/ament_prefix_path.sh
[0.164s] -- Up-to-date: /home/dominik/RRM/ros2_ws/src/install/rrm_sim/share/rrm_sim/environment/ament_prefix_path.dsv
[0.164s] -- Up-to-date: /home/dominik/RRM/ros2_ws/src/install/rrm_sim/share/rrm_sim/environment/path.sh
[0.164s] -- Up-to-date: /home/dominik/RRM/ros2_ws/src/install/rrm_sim/share/rrm_sim/environment/path.dsv
[0.165s] -- Up-to-date: /home/dominik/RRM/ros2_ws/src/install/rrm_sim/share/rrm_sim/local_setup.bash
[0.165s] -- Up-to-date: /home/dominik/RRM/ros2_ws/src/install/rrm_sim/share/rrm_sim/local_setup.sh
[0.165s] -- Up-to-date: /home/dominik/RRM/ros2_ws/src/install/rrm_sim/share/rrm_sim/local_setup.zsh
[0.165s] -- Up-to-date: /home/dominik/RRM/ros2_ws/src/install/rrm_sim/share/rrm_sim/local_setup.dsv
[0.165s] -- Up-to-date: /home/dominik/RRM/ros2_ws/src/install/rrm_sim/share/rrm_sim/package.dsv
[0.165s] -- Up-to-date: /home/dominik/RRM/ros2_ws/src/install/rrm_sim/share/ament_index/resource_index/packages/rrm_sim
[0.165s] -- Up-to-date: /home/dominik/RRM/ros2_ws/src/install/rrm_sim/share/rrm_sim/cmake/rrm_simConfig.cmake
[0.165s] -- Up-to-date: /home/dominik/RRM/ros2_ws/src/install/rrm_sim/share/rrm_sim/cmake/rrm_simConfig-version.cmake
[0.165s] -- Up-to-date: /home/dominik/RRM/ros2_ws/src/install/rrm_sim/share/rrm_sim/package.xml
[0.168s] Invoked command in '/home/dominik/RRM/ros2_ws/src/build/rrm_sim' returned '0': AMENT_PREFIX_PATH=/home/dominik/RRM/ros2_ws/src/install/rrm_msgs:${AMENT_PREFIX_PATH} CMAKE_PREFIX_PATH=/home/dominik/RRM/ros2_ws/src/install/rrm_msgs:/home/dominik/RRM/ros2_ws/install/surani_interface:/home/dominik/RRM/ros2_ws/install/rrm_simple_robot_model:/home/dominik/RRM/ros2_ws/install/rrm_sim:/home/dominik/RRM/ros2_ws/install/block1_suraniV2:/home/dominik/RRM/ros2_ws/install/block1_surani:/home/dominik/RRM/ros2_ws/install/rrm_msgs:/home/dominik/RRM/ros2_ws/install/eigen_example:/home/dominik/RRM/ros2_ws/install/cv1:/home/dominik/RRM/ros2_ws/install/Surani_interface:/home/dominik/RRM/zad1/install/zad1:/opt/ros/jazzy/opt/gz_math_vendor:/opt/ros/jazzy/opt/gz_utils_vendor:/opt/ros/jazzy/opt/gz_cmake_vendor:/opt/ros/jazzy DEBUGINFOD_URLS=https://debuginfod.ubuntu.com LD_LIBRARY_PATH=/home/dominik/RRM/ros2_ws/src/install/rrm_msgs/lib:${LD_LIBRARY_PATH} PYTHONPATH=/home/dominik/RRM/ros2_ws/src/install/rrm_msgs/lib/python3.12/site-packages:${PYTHONPATH} /usr/bin/cmake --install /home/dominik/RRM/ros2_ws/src/build/rrm_sim
