[0.035s] Invoking command in '/home/dominik/RRM/ros2_ws/build/abb_irb4600_ikfast': CMAKE_PREFIX_PATH=${CMAKE_PREFIX_PATH}:/opt/ros/jazzy DEBUGINFOD_URLS=https://debuginfod.ubuntu.com /usr/bin/cmake /home/dominik/RRM/ros2_ws/src/abb_irb4600_ikfast -DCMAKE_INSTALL_PREFIX=/home/dominik/RRM/ros2_ws/install/abb_irb4600_ikfast
[0.094s] -- The C compiler identification is GNU 13.2.0
[0.157s] -- The CXX compiler identification is GNU 13.2.0
[0.175s] -- Detecting C compiler ABI info
[0.271s] -- Detecting C compiler ABI info - done
[0.282s] -- Check for working C compiler: /usr/bin/cc - skipped
[0.282s] -- Detecting C compile features
[0.282s] -- Detecting C compile features - done
[0.292s] -- Detecting CXX compiler ABI info
[0.403s] -- Detecting CXX compiler ABI info - done
[0.415s] -- Check for working CXX compiler: /usr/bin/c++ - skipped
[0.415s] -- Detecting CXX compile features
[0.416s] -- Detecting CXX compile features - done
[0.422s] -- Found ament_cmake: 2.5.2 (/opt/ros/jazzy/share/ament_cmake/cmake)
[0.595s] -- Found Python3: /usr/bin/python3 (found version "3.12.3") found components: Interpreter 
[0.746s] -- Found ament_lint_auto: 0.17.1 (/opt/ros/jazzy/share/ament_lint_auto/cmake)
[0.881s] -- Added test 'cppcheck' to perform static code analysis on C / C++ code
[0.882s] -- Configured cppcheck include dirs: $<BUILD_INTERFACE:/home/dominik/RRM/ros2_ws/src/abb_irb4600_ikfast/include>
[0.882s] -- Configured cppcheck exclude dirs and/or files: 
[0.883s] -- Added test 'lint_cmake' to check CMake code style
[0.884s] -- Added test 'uncrustify' to check C / C++ code style
[0.884s] -- Configured uncrustify additional arguments: 
[0.885s] -- Added test 'xmllint' to check XML markup files
[0.889s] -- Configuring done (0.8s)
[0.896s] -- Generating done (0.0s)
[0.899s] -- Build files have been written to: /home/dominik/RRM/ros2_ws/build/abb_irb4600_ikfast
[0.935s] Invoked command in '/home/dominik/RRM/ros2_ws/build/abb_irb4600_ikfast' returned '0': CMAKE_PREFIX_PATH=${CMAKE_PREFIX_PATH}:/opt/ros/jazzy DEBUGINFOD_URLS=https://debuginfod.ubuntu.com /usr/bin/cmake /home/dominik/RRM/ros2_ws/src/abb_irb4600_ikfast -DCMAKE_INSTALL_PREFIX=/home/dominik/RRM/ros2_ws/install/abb_irb4600_ikfast
[0.936s] Invoking command in '/home/dominik/RRM/ros2_ws/build/abb_irb4600_ikfast': CMAKE_PREFIX_PATH=${CMAKE_PREFIX_PATH}:/opt/ros/jazzy DEBUGINFOD_URLS=https://debuginfod.ubuntu.com /usr/bin/cmake --build /home/dominik/RRM/ros2_ws/build/abb_irb4600_ikfast -- -j16 -l16
[1.004s] [ 50%] [32mBuilding CXX object CMakeFiles/abb_irb4600_ikfast.dir/src/abb_irb_4600_ikfast.cpp.o[0m
[6.970s] [100%] [32m[1mLinking CXX static library libabb_irb4600_ikfast.a[0m
[7.044s] [100%] Built target abb_irb4600_ikfast
[7.061s] Invoked command in '/home/dominik/RRM/ros2_ws/build/abb_irb4600_ikfast' returned '0': CMAKE_PREFIX_PATH=${CMAKE_PREFIX_PATH}:/opt/ros/jazzy DEBUGINFOD_URLS=https://debuginfod.ubuntu.com /usr/bin/cmake --build /home/dominik/RRM/ros2_ws/build/abb_irb4600_ikfast -- -j16 -l16
[7.062s] Invoking command in '/home/dominik/RRM/ros2_ws/build/abb_irb4600_ikfast': CMAKE_PREFIX_PATH=${CMAKE_PREFIX_PATH}:/opt/ros/jazzy DEBUGINFOD_URLS=https://debuginfod.ubuntu.com /usr/bin/cmake --install /home/dominik/RRM/ros2_ws/build/abb_irb4600_ikfast
[7.073s] -- Install configuration: ""
[7.073s] -- Up-to-date: /home/dominik/RRM/ros2_ws/install/abb_irb4600_ikfast/include/abb_irb4600_ikfast
[7.073s] -- Up-to-date: /home/dominik/RRM/ros2_ws/install/abb_irb4600_ikfast/include/abb_irb4600_ikfast/abb_irb4600_ikfast
[7.073s] -- Up-to-date: /home/dominik/RRM/ros2_ws/install/abb_irb4600_ikfast/include/abb_irb4600_ikfast/abb_irb4600_ikfast/abb_irb4600_ikfast.h
[7.073s] -- Installing: /home/dominik/RRM/ros2_ws/install/abb_irb4600_ikfast/lib/libabb_irb4600_ikfast.a
[7.076s] -- Up-to-date: /home/dominik/RRM/ros2_ws/install/abb_irb4600_ikfast/share/abb_irb4600_ikfast/environment/library_path.sh
[7.076s] -- Installing: /home/dominik/RRM/ros2_ws/install/abb_irb4600_ikfast/share/abb_irb4600_ikfast/environment/library_path.dsv
[7.076s] -- Installing: /home/dominik/RRM/ros2_ws/install/abb_irb4600_ikfast/share/ament_index/resource_index/package_run_dependencies/abb_irb4600_ikfast
[7.077s] -- Installing: /home/dominik/RRM/ros2_ws/install/abb_irb4600_ikfast/share/ament_index/resource_index/parent_prefix_path/abb_irb4600_ikfast
[7.077s] -- Up-to-date: /home/dominik/RRM/ros2_ws/install/abb_irb4600_ikfast/share/abb_irb4600_ikfast/environment/ament_prefix_path.sh
[7.077s] -- Installing: /home/dominik/RRM/ros2_ws/install/abb_irb4600_ikfast/share/abb_irb4600_ikfast/environment/ament_prefix_path.dsv
[7.077s] -- Up-to-date: /home/dominik/RRM/ros2_ws/install/abb_irb4600_ikfast/share/abb_irb4600_ikfast/environment/path.sh
[7.077s] -- Installing: /home/dominik/RRM/ros2_ws/install/abb_irb4600_ikfast/share/abb_irb4600_ikfast/environment/path.dsv
[7.077s] -- Installing: /home/dominik/RRM/ros2_ws/install/abb_irb4600_ikfast/share/abb_irb4600_ikfast/local_setup.bash
[7.077s] -- Installing: /home/dominik/RRM/ros2_ws/install/abb_irb4600_ikfast/share/abb_irb4600_ikfast/local_setup.sh
[7.078s] -- Installing: /home/dominik/RRM/ros2_ws/install/abb_irb4600_ikfast/share/abb_irb4600_ikfast/local_setup.zsh
[7.078s] -- Installing: /home/dominik/RRM/ros2_ws/install/abb_irb4600_ikfast/share/abb_irb4600_ikfast/local_setup.dsv
[7.078s] -- Installing: /home/dominik/RRM/ros2_ws/install/abb_irb4600_ikfast/share/abb_irb4600_ikfast/package.dsv
[7.078s] -- Installing: /home/dominik/RRM/ros2_ws/install/abb_irb4600_ikfast/share/ament_index/resource_index/packages/abb_irb4600_ikfast
[7.078s] -- Installing: /home/dominik/RRM/ros2_ws/install/abb_irb4600_ikfast/share/abb_irb4600_ikfast/cmake/ament_cmake_export_include_directories-extras.cmake
[7.079s] -- Installing: /home/dominik/RRM/ros2_ws/install/abb_irb4600_ikfast/share/abb_irb4600_ikfast/cmake/ament_cmake_export_libraries-extras.cmake
[7.079s] -- Installing: /home/dominik/RRM/ros2_ws/install/abb_irb4600_ikfast/share/abb_irb4600_ikfast/cmake/abb_irb4600_ikfastConfig.cmake
[7.079s] -- Installing: /home/dominik/RRM/ros2_ws/install/abb_irb4600_ikfast/share/abb_irb4600_ikfast/cmake/abb_irb4600_ikfastConfig-version.cmake
[7.079s] -- Up-to-date: /home/dominik/RRM/ros2_ws/install/abb_irb4600_ikfast/share/abb_irb4600_ikfast/package.xml
[7.082s] Invoked command in '/home/dominik/RRM/ros2_ws/build/abb_irb4600_ikfast' returned '0': CMAKE_PREFIX_PATH=${CMAKE_PREFIX_PATH}:/opt/ros/jazzy DEBUGINFOD_URLS=https://debuginfod.ubuntu.com /usr/bin/cmake --install /home/dominik/RRM/ros2_ws/build/abb_irb4600_ikfast
