[0.057s] Invoking command in '/home/dominik/RRM/ros2_ws/build/surani_interface': CMAKE_PREFIX_PATH=${CMAKE_PREFIX_PATH}:/opt/ros/jazzy DEBUGINFOD_URLS=https://debuginfod.ubuntu.com /usr/bin/cmake --build /home/dominik/RRM/ros2_ws/build/surani_interface -- -j16 -l16
[0.108s] -- Found ament_cmake: 2.5.2 (/opt/ros/jazzy/share/ament_cmake/cmake)
[0.156s] -- Found Python3: /usr/bin/python3 (found version "3.12.3") found components: Interpreter 
[0.363s] -- Found rosidl_default_generators: 1.6.0 (/opt/ros/jazzy/share/rosidl_default_generators/cmake)
[0.378s] -- Using all available rosidl_typesupport_c: rosidl_typesupport_fastrtps_c;rosidl_typesupport_introspection_c
[0.559s] -- Using all available rosidl_typesupport_cpp: rosidl_typesupport_fastrtps_cpp;rosidl_typesupport_introspection_cpp
[0.740s] -- Found rosidl_adapter: 4.6.4 (/opt/ros/jazzy/share/rosidl_adapter/cmake)
[0.746s] -- Found block1_surani: 0.0.0 (/home/dominik/RRM/ros2_ws/install/block1_surani/share/block1_surani/cmake)
[1.367s] -- Found ament_cmake_ros: 0.12.0 (/opt/ros/jazzy/share/ament_cmake_ros/cmake)
[1.548s] -- Using all available rosidl_typesupport_c: rosidl_typesupport_fastrtps_c;rosidl_typesupport_introspection_c
[1.848s] -- Using all available rosidl_typesupport_cpp: rosidl_typesupport_fastrtps_cpp;rosidl_typesupport_introspection_cpp
[1.848s] -- Found python_cmake_module: 0.11.1 (/opt/ros/jazzy/share/python_cmake_module/cmake)
[2.449s] -- Found Python3: /usr/bin/python3 (found version "3.12.3") found components: Interpreter Development NumPy Development.Module Development.Embed 
[2.462s] -- Found ament_lint_auto: 0.17.1 (/opt/ros/jazzy/share/ament_lint_auto/cmake)
[2.510s] -- Added test 'cppcheck' to perform static code analysis on C / C++ code
[2.511s] -- Configured cppcheck include dirs: 
[2.511s] -- Configured cppcheck exclude dirs and/or files: 
[2.516s] -- Added test 'flake8' to check Python code syntax and style conventions
[2.516s] -- Configured 'flake8' exclude dirs and/or files: 
[2.526s] -- Added test 'lint_cmake' to check CMake code style
[2.530s] -- Added test 'pep257' to check Python code against some of the docstring style conventions in PEP 257
[2.559s] -- Added test 'uncrustify' to check C / C++ code style
[2.559s] -- Configured uncrustify additional arguments: 
[2.563s] -- Added test 'xmllint' to check XML markup files
[2.567s] -- Configuring done (2.5s)
[2.626s] -- Generating done (0.1s)
[2.633s] -- Build files have been written to: /home/dominik/RRM/ros2_ws/build/surani_interface
[2.700s] [  2%] [34m[1mGenerating type hashes for ROS interfaces[0m
[2.722s] [  2%] Built target ament_cmake_python_copy_surani_interface
[3.117s] [  2%] Built target surani_interface__rosidl_generator_type_description
[3.137s] [  5%] [34m[1mGenerating C code for ROS interfaces[0m
[3.160s] [  8%] [34m[1mGenerating C++ code for ROS interfaces[0m
[3.214s] running egg_info
[3.265s] writing surani_interface.egg-info/PKG-INFO
[3.266s] writing dependency_links to surani_interface.egg-info/dependency_links.txt
[3.266s] writing top-level names to surani_interface.egg-info/top_level.txt
[3.418s] reading manifest file 'surani_interface.egg-info/SOURCES.txt'
[3.419s] writing manifest file 'surani_interface.egg-info/SOURCES.txt'
[3.479s] [  8%] Built target ament_cmake_python_build_surani_interface_egg
[3.786s] [  8%] Built target surani_interface__cpp
[3.816s] [ 17%] [32mBuilding C object CMakeFiles/surani_interface__rosidl_generator_c.dir/rosidl_generator_c/surani_interface/srv/detail/teach_point__description.c.o[0m
[3.816s] [ 17%] [32mBuilding C object CMakeFiles/surani_interface__rosidl_generator_c.dir/rosidl_generator_c/surani_interface/srv/detail/teach_point__functions.c.o[0m
[3.817s] [ 17%] [32mBuilding C object CMakeFiles/surani_interface__rosidl_generator_c.dir/rosidl_generator_c/surani_interface/srv/detail/teach_point__type_support.c.o[0m
[4.005s] [ 20%] [32m[1mLinking C shared library libsurani_interface__rosidl_generator_c.so[0m
[4.057s] [ 20%] Built target surani_interface__rosidl_generator_c
[4.072s] [ 32%] [34m[1mGenerating C type support for eProsima Fast-RTPS[0m
[4.072s] [ 32%] [34m[1mGenerating C introspection for ROS interfaces[0m
[4.072s] [ 32%] [34m[1mGenerating C type support dispatch for ROS interfaces[0m
[4.072s] [ 32%] [34m[1mGenerating C++ type support dispatch for ROS interfaces[0m
[4.072s] [ 35%] [34m[1mGenerating C++ introspection for ROS interfaces[0m
[4.073s] [ 38%] [34m[1mGenerating C++ type support for eProsima Fast-RTPS[0m
[4.804s] [ 41%] [32mBuilding CXX object CMakeFiles/surani_interface__rosidl_typesupport_c.dir/rosidl_typesupport_c/surani_interface/srv/teach_point__type_support.cpp.o[0m
[4.835s] [ 44%] [32mBuilding CXX object CMakeFiles/surani_interface__rosidl_typesupport_cpp.dir/rosidl_typesupport_cpp/surani_interface/srv/teach_point__type_support.cpp.o[0m
[4.921s] [ 47%] [32mBuilding C object CMakeFiles/surani_interface__rosidl_typesupport_introspection_c.dir/rosidl_typesupport_introspection_c/surani_interface/srv/detail/teach_point__type_support.c.o[0m
[4.938s] [ 50%] [32mBuilding CXX object CMakeFiles/surani_interface__rosidl_typesupport_introspection_cpp.dir/rosidl_typesupport_introspection_cpp/surani_interface/srv/detail/teach_point__type_support.cpp.o[0m
[4.995s] [ 52%] [32m[1mLinking CXX shared library libsurani_interface__rosidl_typesupport_c.so[0m
[5.076s] [ 55%] [32mBuilding CXX object CMakeFiles/surani_interface__rosidl_typesupport_fastrtps_cpp.dir/rosidl_typesupport_fastrtps_cpp/surani_interface/srv/detail/dds_fastrtps/teach_point__type_support.cpp.o[0m
[5.146s] [ 58%] [32m[1mLinking C shared library libsurani_interface__rosidl_typesupport_introspection_c.so[0m
[5.166s] [ 58%] Built target surani_interface__rosidl_typesupport_c
[5.241s] [ 61%] [32mBuilding CXX object CMakeFiles/surani_interface__rosidl_typesupport_fastrtps_c.dir/rosidl_typesupport_fastrtps_c/surani_interface/srv/detail/teach_point__type_support_c.cpp.o[0m
[5.262s] [ 61%] Built target surani_interface__rosidl_typesupport_introspection_c
[6.070s] [ 64%] [32m[1mLinking CXX shared library libsurani_interface__rosidl_typesupport_cpp.so[0m
[6.195s] [ 67%] [32m[1mLinking CXX shared library libsurani_interface__rosidl_typesupport_introspection_cpp.so[0m
[6.273s] [ 67%] Built target surani_interface__rosidl_typesupport_cpp
[6.375s] [ 67%] Built target surani_interface__rosidl_typesupport_introspection_cpp
[6.570s] [ 70%] [32m[1mLinking CXX shared library libsurani_interface__rosidl_typesupport_fastrtps_c.so[0m
[6.689s] [ 70%] Built target surani_interface__rosidl_typesupport_fastrtps_c
[6.707s] [ 73%] [32m[1mLinking CXX shared library libsurani_interface__rosidl_typesupport_fastrtps_cpp.so[0m
[6.807s] [ 73%] Built target surani_interface__rosidl_typesupport_fastrtps_cpp
[6.838s] [ 73%] Built target surani_interface
[6.866s] [ 76%] [34m[1mGenerating Python code for ROS interfaces[0m
[7.284s] [ 76%] Built target surani_interface__py
[7.342s] [ 79%] [32mBuilding C object CMakeFiles/surani_interface__rosidl_generator_py.dir/rosidl_generator_py/surani_interface/srv/_teach_point_s.c.o[0m
[7.591s] [ 82%] [32m[1mLinking C shared library libsurani_interface__rosidl_generator_py.so[0m
[7.656s] [ 82%] Built target surani_interface__rosidl_generator_py
[7.698s] [ 85%] [32mBuilding C object CMakeFiles/surani_interface_s__rosidl_typesupport_c.dir/rosidl_generator_py/surani_interface/_surani_interface_s.ep.rosidl_typesupport_c.c.o[0m
[7.698s] [ 88%] [32mBuilding C object CMakeFiles/surani_interface_s__rosidl_typesupport_fastrtps_c.dir/rosidl_generator_py/surani_interface/_surani_interface_s.ep.rosidl_typesupport_fastrtps_c.c.o[0m
[7.699s] [ 91%] [32mBuilding C object CMakeFiles/surani_interface_s__rosidl_typesupport_introspection_c.dir/rosidl_generator_py/surani_interface/_surani_interface_s.ep.rosidl_typesupport_introspection_c.c.o[0m
[7.981s] [ 94%] [32m[1mLinking C shared module rosidl_generator_py/surani_interface/surani_interface_s__rosidl_typesupport_c.so[0m
[7.984s] [ 97%] [32m[1mLinking C shared module rosidl_generator_py/surani_interface/surani_interface_s__rosidl_typesupport_introspection_c.so[0m
[7.994s] [100%] [32m[1mLinking C shared module rosidl_generator_py/surani_interface/surani_interface_s__rosidl_typesupport_fastrtps_c.so[0m
[8.062s] [100%] Built target surani_interface_s__rosidl_typesupport_c
[8.066s] [100%] Built target surani_interface_s__rosidl_typesupport_introspection_c
[8.078s] [100%] Built target surani_interface_s__rosidl_typesupport_fastrtps_c
[8.109s] Invoked command in '/home/dominik/RRM/ros2_ws/build/surani_interface' returned '0': CMAKE_PREFIX_PATH=${CMAKE_PREFIX_PATH}:/opt/ros/jazzy DEBUGINFOD_URLS=https://debuginfod.ubuntu.com /usr/bin/cmake --build /home/dominik/RRM/ros2_ws/build/surani_interface -- -j16 -l16
[8.268s] Invoking command in '/home/dominik/RRM/ros2_ws/build/surani_interface': CMAKE_PREFIX_PATH=${CMAKE_PREFIX_PATH}:/opt/ros/jazzy DEBUGINFOD_URLS=https://debuginfod.ubuntu.com /usr/bin/cmake --install /home/dominik/RRM/ros2_ws/build/surani_interface
[8.282s] -- Install configuration: ""
[8.283s] -- Up-to-date: /home/dominik/RRM/ros2_ws/install/surani_interface/share/ament_index/resource_index/rosidl_interfaces/surani_interface
[8.283s] -- Installing: /home/dominik/RRM/ros2_ws/install/surani_interface/share/surani_interface/srv/TeachPoint.json
[8.283s] -- Up-to-date: /home/dominik/RRM/ros2_ws/install/surani_interface/include/surani_interface/surani_interface
[8.283s] -- Up-to-date: /home/dominik/RRM/ros2_ws/install/surani_interface/include/surani_interface/surani_interface/msg
[8.283s] -- Up-to-date: /home/dominik/RRM/ros2_ws/install/surani_interface/include/surani_interface/surani_interface/msg/rosidl_generator_c__visibility_control.h
[8.283s] -- Up-to-date: /home/dominik/RRM/ros2_ws/install/surani_interface/include/surani_interface/surani_interface/srv
[8.283s] -- Installing: /home/dominik/RRM/ros2_ws/install/surani_interface/include/surani_interface/surani_interface/srv/teach_point.h
[8.283s] -- Up-to-date: /home/dominik/RRM/ros2_ws/install/surani_interface/include/surani_interface/surani_interface/srv/detail
[8.284s] -- Installing: /home/dominik/RRM/ros2_ws/install/surani_interface/include/surani_interface/surani_interface/srv/detail/teach_point__type_support.c
[8.284s] -- Installing: /home/dominik/RRM/ros2_ws/install/surani_interface/include/surani_interface/surani_interface/srv/detail/teach_point__description.c
[8.284s] -- Installing: /home/dominik/RRM/ros2_ws/install/surani_interface/include/surani_interface/surani_interface/srv/detail/teach_point__functions.h
[8.284s] -- Installing: /home/dominik/RRM/ros2_ws/install/surani_interface/include/surani_interface/surani_interface/srv/detail/teach_point__type_support.h
[8.284s] -- Installing: /home/dominik/RRM/ros2_ws/install/surani_interface/include/surani_interface/surani_interface/srv/detail/teach_point__functions.c
[8.284s] -- Installing: /home/dominik/RRM/ros2_ws/install/surani_interface/include/surani_interface/surani_interface/srv/detail/teach_point__struct.h
[8.285s] -- Up-to-date: /home/dominik/RRM/ros2_ws/install/surani_interface/share/surani_interface/environment/library_path.sh
[8.285s] -- Up-to-date: /home/dominik/RRM/ros2_ws/install/surani_interface/share/surani_interface/environment/library_path.dsv
[8.285s] -- Installing: /home/dominik/RRM/ros2_ws/install/surani_interface/lib/libsurani_interface__rosidl_generator_c.so
[8.286s] -- Set non-toolchain portion of runtime path of "/home/dominik/RRM/ros2_ws/install/surani_interface/lib/libsurani_interface__rosidl_generator_c.so" to ""
[8.286s] -- Up-to-date: /home/dominik/RRM/ros2_ws/install/surani_interface/include/surani_interface/surani_interface
[8.287s] -- Up-to-date: /home/dominik/RRM/ros2_ws/install/surani_interface/include/surani_interface/surani_interface/msg
[8.287s] -- Up-to-date: /home/dominik/RRM/ros2_ws/install/surani_interface/include/surani_interface/surani_interface/msg/rosidl_typesupport_fastrtps_c__visibility_control.h
[8.287s] -- Up-to-date: /home/dominik/RRM/ros2_ws/install/surani_interface/include/surani_interface/surani_interface/srv
[8.287s] -- Up-to-date: /home/dominik/RRM/ros2_ws/install/surani_interface/include/surani_interface/surani_interface/srv/detail
[8.287s] -- Installing: /home/dominik/RRM/ros2_ws/install/surani_interface/include/surani_interface/surani_interface/srv/detail/teach_point__rosidl_typesupport_fastrtps_c.h
[8.287s] -- Installing: /home/dominik/RRM/ros2_ws/install/surani_interface/lib/libsurani_interface__rosidl_typesupport_fastrtps_c.so
[8.288s] -- Set non-toolchain portion of runtime path of "/home/dominik/RRM/ros2_ws/install/surani_interface/lib/libsurani_interface__rosidl_typesupport_fastrtps_c.so" to ""
[8.288s] -- Up-to-date: /home/dominik/RRM/ros2_ws/install/surani_interface/include/surani_interface/surani_interface
[8.288s] -- Up-to-date: /home/dominik/RRM/ros2_ws/install/surani_interface/include/surani_interface/surani_interface/msg
[8.288s] -- Up-to-date: /home/dominik/RRM/ros2_ws/install/surani_interface/include/surani_interface/surani_interface/msg/rosidl_typesupport_introspection_c__visibility_control.h
[8.289s] -- Up-to-date: /home/dominik/RRM/ros2_ws/install/surani_interface/include/surani_interface/surani_interface/srv
[8.289s] -- Up-to-date: /home/dominik/RRM/ros2_ws/install/surani_interface/include/surani_interface/surani_interface/srv/detail
[8.289s] -- Installing: /home/dominik/RRM/ros2_ws/install/surani_interface/include/surani_interface/surani_interface/srv/detail/teach_point__type_support.c
[8.289s] -- Installing: /home/dominik/RRM/ros2_ws/install/surani_interface/include/surani_interface/surani_interface/srv/detail/teach_point__rosidl_typesupport_introspection_c.h
[8.289s] -- Installing: /home/dominik/RRM/ros2_ws/install/surani_interface/lib/libsurani_interface__rosidl_typesupport_introspection_c.so
[8.290s] -- Set non-toolchain portion of runtime path of "/home/dominik/RRM/ros2_ws/install/surani_interface/lib/libsurani_interface__rosidl_typesupport_introspection_c.so" to ""
[8.290s] -- Installing: /home/dominik/RRM/ros2_ws/install/surani_interface/lib/libsurani_interface__rosidl_typesupport_c.so
[8.291s] -- Set non-toolchain portion of runtime path of "/home/dominik/RRM/ros2_ws/install/surani_interface/lib/libsurani_interface__rosidl_typesupport_c.so" to ""
[8.291s] -- Up-to-date: /home/dominik/RRM/ros2_ws/install/surani_interface/include/surani_interface/surani_interface
[8.291s] -- Up-to-date: /home/dominik/RRM/ros2_ws/install/surani_interface/include/surani_interface/surani_interface/msg
[8.291s] -- Installing: /home/dominik/RRM/ros2_ws/install/surani_interface/include/surani_interface/surani_interface/msg/rosidl_generator_cpp__visibility_control.hpp
[8.292s] -- Up-to-date: /home/dominik/RRM/ros2_ws/install/surani_interface/include/surani_interface/surani_interface/srv
[8.292s] -- Up-to-date: /home/dominik/RRM/ros2_ws/install/surani_interface/include/surani_interface/surani_interface/srv/detail
[8.292s] -- Installing: /home/dominik/RRM/ros2_ws/install/surani_interface/include/surani_interface/surani_interface/srv/detail/teach_point__builder.hpp
[8.292s] -- Installing: /home/dominik/RRM/ros2_ws/install/surani_interface/include/surani_interface/surani_interface/srv/detail/teach_point__struct.hpp
[8.292s] -- Installing: /home/dominik/RRM/ros2_ws/install/surani_interface/include/surani_interface/surani_interface/srv/detail/teach_point__type_support.hpp
[8.292s] -- Installing: /home/dominik/RRM/ros2_ws/install/surani_interface/include/surani_interface/surani_interface/srv/detail/teach_point__traits.hpp
[8.293s] -- Installing: /home/dominik/RRM/ros2_ws/install/surani_interface/include/surani_interface/surani_interface/srv/teach_point.hpp
[8.293s] -- Up-to-date: /home/dominik/RRM/ros2_ws/install/surani_interface/include/surani_interface/surani_interface
[8.293s] -- Up-to-date: /home/dominik/RRM/ros2_ws/install/surani_interface/include/surani_interface/surani_interface/msg
[8.293s] -- Up-to-date: /home/dominik/RRM/ros2_ws/install/surani_interface/include/surani_interface/surani_interface/msg/rosidl_typesupport_fastrtps_cpp__visibility_control.h
[8.293s] -- Up-to-date: /home/dominik/RRM/ros2_ws/install/surani_interface/include/surani_interface/surani_interface/srv
[8.293s] -- Up-to-date: /home/dominik/RRM/ros2_ws/install/surani_interface/include/surani_interface/surani_interface/srv/detail
[8.294s] -- Installing: /home/dominik/RRM/ros2_ws/install/surani_interface/include/surani_interface/surani_interface/srv/detail/teach_point__rosidl_typesupport_fastrtps_cpp.hpp
[8.294s] -- Up-to-date: /home/dominik/RRM/ros2_ws/install/surani_interface/include/surani_interface/surani_interface/srv/detail/dds_fastrtps
[8.294s] -- Installing: /home/dominik/RRM/ros2_ws/install/surani_interface/lib/libsurani_interface__rosidl_typesupport_fastrtps_cpp.so
[8.295s] -- Set non-toolchain portion of runtime path of "/home/dominik/RRM/ros2_ws/install/surani_interface/lib/libsurani_interface__rosidl_typesupport_fastrtps_cpp.so" to ""
[8.295s] -- Up-to-date: /home/dominik/RRM/ros2_ws/install/surani_interface/include/surani_interface/surani_interface
[8.295s] -- Up-to-date: /home/dominik/RRM/ros2_ws/install/surani_interface/include/surani_interface/surani_interface/srv
[8.296s] -- Up-to-date: /home/dominik/RRM/ros2_ws/install/surani_interface/include/surani_interface/surani_interface/srv/detail
[8.296s] -- Installing: /home/dominik/RRM/ros2_ws/install/surani_interface/include/surani_interface/surani_interface/srv/detail/teach_point__type_support.cpp
[8.296s] -- Installing: /home/dominik/RRM/ros2_ws/install/surani_interface/include/surani_interface/surani_interface/srv/detail/teach_point__rosidl_typesupport_introspection_cpp.hpp
[8.296s] -- Installing: /home/dominik/RRM/ros2_ws/install/surani_interface/lib/libsurani_interface__rosidl_typesupport_introspection_cpp.so
[8.297s] -- Set non-toolchain portion of runtime path of "/home/dominik/RRM/ros2_ws/install/surani_interface/lib/libsurani_interface__rosidl_typesupport_introspection_cpp.so" to ""
[8.297s] -- Installing: /home/dominik/RRM/ros2_ws/install/surani_interface/lib/libsurani_interface__rosidl_typesupport_cpp.so
[8.298s] -- Set non-toolchain portion of runtime path of "/home/dominik/RRM/ros2_ws/install/surani_interface/lib/libsurani_interface__rosidl_typesupport_cpp.so" to ""
[8.298s] -- Up-to-date: /home/dominik/RRM/ros2_ws/install/surani_interface/share/surani_interface/environment/pythonpath.sh
[8.299s] -- Up-to-date: /home/dominik/RRM/ros2_ws/install/surani_interface/share/surani_interface/environment/pythonpath.dsv
[8.299s] -- Up-to-date: /home/dominik/RRM/ros2_ws/install/surani_interface/lib/python3.12/site-packages/surani_interface-0.0.0-py3.12.egg-info
[8.299s] -- Installing: /home/dominik/RRM/ros2_ws/install/surani_interface/lib/python3.12/site-packages/surani_interface-0.0.0-py3.12.egg-info/SOURCES.txt
[8.299s] -- Installing: /home/dominik/RRM/ros2_ws/install/surani_interface/lib/python3.12/site-packages/surani_interface-0.0.0-py3.12.egg-info/top_level.txt
[8.299s] -- Installing: /home/dominik/RRM/ros2_ws/install/surani_interface/lib/python3.12/site-packages/surani_interface-0.0.0-py3.12.egg-info/dependency_links.txt
[8.299s] -- Installing: /home/dominik/RRM/ros2_ws/install/surani_interface/lib/python3.12/site-packages/surani_interface-0.0.0-py3.12.egg-info/PKG-INFO
[8.300s] -- Up-to-date: /home/dominik/RRM/ros2_ws/install/surani_interface/lib/python3.12/site-packages/surani_interface
[8.300s] -- Installing: /home/dominik/RRM/ros2_ws/install/surani_interface/lib/python3.12/site-packages/surani_interface/_surani_interface_s.ep.rosidl_typesupport_introspection_c.c
[8.300s] -- Up-to-date: /home/dominik/RRM/ros2_ws/install/surani_interface/lib/python3.12/site-packages/surani_interface/srv
[8.301s] -- Installing: /home/dominik/RRM/ros2_ws/install/surani_interface/lib/python3.12/site-packages/surani_interface/srv/__init__.py
[8.301s] -- Installing: /home/dominik/RRM/ros2_ws/install/surani_interface/lib/python3.12/site-packages/surani_interface/srv/_teach_point.py
[8.301s] -- Installing: /home/dominik/RRM/ros2_ws/install/surani_interface/lib/python3.12/site-packages/surani_interface/srv/_teach_point_s.c
[8.302s] -- Installing: /home/dominik/RRM/ros2_ws/install/surani_interface/lib/python3.12/site-packages/surani_interface/surani_interface_s__rosidl_typesupport_fastrtps_c.so
[8.302s] -- Installing: /home/dominik/RRM/ros2_ws/install/surani_interface/lib/python3.12/site-packages/surani_interface/__init__.py
[8.302s] -- Installing: /home/dominik/RRM/ros2_ws/install/surani_interface/lib/python3.12/site-packages/surani_interface/_surani_interface_s.ep.rosidl_typesupport_fastrtps_c.c
[8.303s] -- Installing: /home/dominik/RRM/ros2_ws/install/surani_interface/lib/python3.12/site-packages/surani_interface/surani_interface_s__rosidl_typesupport_c.so
[8.303s] -- Installing: /home/dominik/RRM/ros2_ws/install/surani_interface/lib/python3.12/site-packages/surani_interface/_surani_interface_s.ep.rosidl_typesupport_c.c
[8.303s] -- Installing: /home/dominik/RRM/ros2_ws/install/surani_interface/lib/python3.12/site-packages/surani_interface/surani_interface_s__rosidl_typesupport_introspection_c.so
[8.368s] Listing '/home/dominik/RRM/ros2_ws/install/surani_interface/lib/python3.12/site-packages/surani_interface'...
[8.368s] Compiling '/home/dominik/RRM/ros2_ws/install/surani_interface/lib/python3.12/site-packages/surani_interface/__init__.py'...
[8.368s] Listing '/home/dominik/RRM/ros2_ws/install/surani_interface/lib/python3.12/site-packages/surani_interface/srv'...
[8.369s] Compiling '/home/dominik/RRM/ros2_ws/install/surani_interface/lib/python3.12/site-packages/surani_interface/srv/__init__.py'...
[8.369s] Compiling '/home/dominik/RRM/ros2_ws/install/surani_interface/lib/python3.12/site-packages/surani_interface/srv/_teach_point.py'...
[8.377s] -- Installing: /home/dominik/RRM/ros2_ws/install/surani_interface/lib/python3.12/site-packages/surani_interface/surani_interface_s__rosidl_typesupport_fastrtps_c.so
[8.377s] -- Set non-toolchain portion of runtime path of "/home/dominik/RRM/ros2_ws/install/surani_interface/lib/python3.12/site-packages/surani_interface/surani_interface_s__rosidl_typesupport_fastrtps_c.so" to ""
[8.378s] -- Installing: /home/dominik/RRM/ros2_ws/install/surani_interface/lib/python3.12/site-packages/surani_interface/surani_interface_s__rosidl_typesupport_introspection_c.so
[8.378s] -- Set non-toolchain portion of runtime path of "/home/dominik/RRM/ros2_ws/install/surani_interface/lib/python3.12/site-packages/surani_interface/surani_interface_s__rosidl_typesupport_introspection_c.so" to ""
[8.379s] -- Installing: /home/dominik/RRM/ros2_ws/install/surani_interface/lib/python3.12/site-packages/surani_interface/surani_interface_s__rosidl_typesupport_c.so
[8.379s] -- Set non-toolchain portion of runtime path of "/home/dominik/RRM/ros2_ws/install/surani_interface/lib/python3.12/site-packages/surani_interface/surani_interface_s__rosidl_typesupport_c.so" to ""
[8.380s] -- Installing: /home/dominik/RRM/ros2_ws/install/surani_interface/lib/libsurani_interface__rosidl_generator_py.so
[8.381s] -- Set non-toolchain portion of runtime path of "/home/dominik/RRM/ros2_ws/install/surani_interface/lib/libsurani_interface__rosidl_generator_py.so" to ""
[8.381s] -- Installing: /home/dominik/RRM/ros2_ws/install/surani_interface/share/surani_interface/srv/TeachPoint.idl
[8.381s] -- Installing: /home/dominik/RRM/ros2_ws/install/surani_interface/share/surani_interface/srv/TeachPoint.srv
[8.381s] -- Up-to-date: /home/dominik/RRM/ros2_ws/install/surani_interface/share/ament_index/resource_index/package_run_dependencies/surani_interface
[8.382s] -- Installing: /home/dominik/RRM/ros2_ws/install/surani_interface/share/ament_index/resource_index/parent_prefix_path/surani_interface
[8.382s] -- Up-to-date: /home/dominik/RRM/ros2_ws/install/surani_interface/share/surani_interface/environment/ament_prefix_path.sh
[8.382s] -- Up-to-date: /home/dominik/RRM/ros2_ws/install/surani_interface/share/surani_interface/environment/ament_prefix_path.dsv
[8.382s] -- Up-to-date: /home/dominik/RRM/ros2_ws/install/surani_interface/share/surani_interface/environment/path.sh
[8.382s] -- Up-to-date: /home/dominik/RRM/ros2_ws/install/surani_interface/share/surani_interface/environment/path.dsv
[8.383s] -- Up-to-date: /home/dominik/RRM/ros2_ws/install/surani_interface/share/surani_interface/local_setup.bash
[8.383s] -- Up-to-date: /home/dominik/RRM/ros2_ws/install/surani_interface/share/surani_interface/local_setup.sh
[8.383s] -- Up-to-date: /home/dominik/RRM/ros2_ws/install/surani_interface/share/surani_interface/local_setup.zsh
[8.383s] -- Up-to-date: /home/dominik/RRM/ros2_ws/install/surani_interface/share/surani_interface/local_setup.dsv
[8.383s] -- Installing: /home/dominik/RRM/ros2_ws/install/surani_interface/share/surani_interface/package.dsv
[8.383s] -- Up-to-date: /home/dominik/RRM/ros2_ws/install/surani_interface/share/ament_index/resource_index/packages/surani_interface
[8.384s] -- Up-to-date: /home/dominik/RRM/ros2_ws/install/surani_interface/share/surani_interface/cmake/export_surani_interface__rosidl_generator_cExport.cmake
[8.384s] -- Up-to-date: /home/dominik/RRM/ros2_ws/install/surani_interface/share/surani_interface/cmake/export_surani_interface__rosidl_generator_cExport-noconfig.cmake
[8.384s] -- Up-to-date: /home/dominik/RRM/ros2_ws/install/surani_interface/share/surani_interface/cmake/export_surani_interface__rosidl_typesupport_fastrtps_cExport.cmake
[8.384s] -- Up-to-date: /home/dominik/RRM/ros2_ws/install/surani_interface/share/surani_interface/cmake/export_surani_interface__rosidl_typesupport_fastrtps_cExport-noconfig.cmake
[8.384s] -- Up-to-date: /home/dominik/RRM/ros2_ws/install/surani_interface/share/surani_interface/cmake/surani_interface__rosidl_typesupport_introspection_cExport.cmake
[8.384s] -- Up-to-date: /home/dominik/RRM/ros2_ws/install/surani_interface/share/surani_interface/cmake/surani_interface__rosidl_typesupport_introspection_cExport-noconfig.cmake
[8.384s] -- Up-to-date: /home/dominik/RRM/ros2_ws/install/surani_interface/share/surani_interface/cmake/surani_interface__rosidl_typesupport_cExport.cmake
[8.385s] -- Up-to-date: /home/dominik/RRM/ros2_ws/install/surani_interface/share/surani_interface/cmake/surani_interface__rosidl_typesupport_cExport-noconfig.cmake
[8.385s] -- Up-to-date: /home/dominik/RRM/ros2_ws/install/surani_interface/share/surani_interface/cmake/export_surani_interface__rosidl_generator_cppExport.cmake
[8.385s] -- Up-to-date: /home/dominik/RRM/ros2_ws/install/surani_interface/share/surani_interface/cmake/export_surani_interface__rosidl_typesupport_fastrtps_cppExport.cmake
[8.385s] -- Up-to-date: /home/dominik/RRM/ros2_ws/install/surani_interface/share/surani_interface/cmake/export_surani_interface__rosidl_typesupport_fastrtps_cppExport-noconfig.cmake
[8.385s] -- Up-to-date: /home/dominik/RRM/ros2_ws/install/surani_interface/share/surani_interface/cmake/surani_interface__rosidl_typesupport_introspection_cppExport.cmake
[8.385s] -- Up-to-date: /home/dominik/RRM/ros2_ws/install/surani_interface/share/surani_interface/cmake/surani_interface__rosidl_typesupport_introspection_cppExport-noconfig.cmake
[8.385s] -- Up-to-date: /home/dominik/RRM/ros2_ws/install/surani_interface/share/surani_interface/cmake/surani_interface__rosidl_typesupport_cppExport.cmake
[8.386s] -- Up-to-date: /home/dominik/RRM/ros2_ws/install/surani_interface/share/surani_interface/cmake/surani_interface__rosidl_typesupport_cppExport-noconfig.cmake
[8.386s] -- Up-to-date: /home/dominik/RRM/ros2_ws/install/surani_interface/share/surani_interface/cmake/export_surani_interface__rosidl_generator_pyExport.cmake
[8.386s] -- Up-to-date: /home/dominik/RRM/ros2_ws/install/surani_interface/share/surani_interface/cmake/export_surani_interface__rosidl_generator_pyExport-noconfig.cmake
[8.386s] -- Up-to-date: /home/dominik/RRM/ros2_ws/install/surani_interface/share/surani_interface/cmake/rosidl_cmake-extras.cmake
[8.386s] -- Up-to-date: /home/dominik/RRM/ros2_ws/install/surani_interface/share/surani_interface/cmake/ament_cmake_export_dependencies-extras.cmake
[8.386s] -- Up-to-date: /home/dominik/RRM/ros2_ws/install/surani_interface/share/surani_interface/cmake/ament_cmake_export_include_directories-extras.cmake
[8.386s] -- Up-to-date: /home/dominik/RRM/ros2_ws/install/surani_interface/share/surani_interface/cmake/ament_cmake_export_libraries-extras.cmake
[8.387s] -- Up-to-date: /home/dominik/RRM/ros2_ws/install/surani_interface/share/surani_interface/cmake/ament_cmake_export_targets-extras.cmake
[8.387s] -- Up-to-date: /home/dominik/RRM/ros2_ws/install/surani_interface/share/surani_interface/cmake/rosidl_cmake_export_typesupport_targets-extras.cmake
[8.387s] -- Up-to-date: /home/dominik/RRM/ros2_ws/install/surani_interface/share/surani_interface/cmake/rosidl_cmake_export_typesupport_libraries-extras.cmake
[8.387s] -- Up-to-date: /home/dominik/RRM/ros2_ws/install/surani_interface/share/surani_interface/cmake/surani_interfaceConfig.cmake
[8.387s] -- Up-to-date: /home/dominik/RRM/ros2_ws/install/surani_interface/share/surani_interface/cmake/surani_interfaceConfig-version.cmake
[8.387s] -- Up-to-date: /home/dominik/RRM/ros2_ws/install/surani_interface/share/surani_interface/package.xml
[8.392s] Invoked command in '/home/dominik/RRM/ros2_ws/build/surani_interface' returned '0': CMAKE_PREFIX_PATH=${CMAKE_PREFIX_PATH}:/opt/ros/jazzy DEBUGINFOD_URLS=https://debuginfod.ubuntu.com /usr/bin/cmake --install /home/dominik/RRM/ros2_ws/build/surani_interface
