-- Found ament_cmake: 2.5.2 (/opt/ros/jazzy/share/ament_cmake/cmake)
-- Found rclcpp: 28.1.5 (/opt/ros/jazzy/share/rclcpp/cmake)
-- Found rosidl_generator_c: 4.6.4 (/opt/ros/jazzy/share/rosidl_generator_c/cmake)
-- Found rosidl_generator_cpp: 4.6.4 (/opt/ros/jazzy/share/rosidl_generator_cpp/cmake)
-- Using all available rosidl_typesupport_c: rosidl_typesupport_fastrtps_c;rosidl_typesupport_introspection_c
-- Using all available rosidl_typesupport_cpp: rosidl_typesupport_fastrtps_cpp;rosidl_typesupport_introspection_cpp
-- Found rmw_implementation_cmake: 7.3.1 (/opt/ros/jazzy/share/rmw_implementation_cmake/cmake)
-- Found rmw_fastrtps_cpp: 8.4.1 (/opt/ros/jazzy/share/rmw_fastrtps_cpp/cmake)
-- Using RMW implementation 'rmw_fastrtps_cpp' as default
-- Found sensor_msgs: 5.3.5 (/opt/ros/jazzy/share/sensor_msgs/cmake)
-- Found surani_interface: 0.0.0 (/home/dominik/RRM/ros2_ws/install/surani_interface/share/surani_interface/cmake)
-- Found ament_lint_auto: 0.17.1 (/opt/ros/jazzy/share/ament_lint_auto/cmake)
-- Configuring done (0.6s)
-- Generating done (0.0s)
-- Build files have been written to: /home/dominik/RRM/ros2_ws/build/zad2
[ 50%] [32mBuilding CXX object CMakeFiles/zad2_node.dir/src/zad2_node.cpp.o[0m
[01m[K/home/dominik/RRM/ros2_ws/src/zad2/src/zad2_node.cpp:[m[K In member function ‘[01m[Kvoid TrajectoryPlanner::[01;32m[Khandle_service_request[m[K(std::shared_ptr<surani_interface::srv::TeachPoint_Request_<std::allocator<void> > >, std::shared_ptr<surani_interface::srv::TeachPoint_Response_<std::allocator<void> > >)[m[K’:
[01m[K/home/dominik/RRM/ros2_ws/src/zad2/src/zad2_node.cpp:82:114:[m[K [01;35m[Kwarning: [m[Kunused parameter ‘[01m[Kreq[m[K’ [[01;35m[K]8;;https://gcc.gnu.org/onlinedocs/gcc/Warning-Options.html#index-Wunused-parameter-Wunused-parameter]8;;[m[K]
   82 | [01;35m[Konst std::shared_ptr<surani_interface::srv::TeachPoint::Request> req[m[K,
      | [01;35m[K~~~~~~~~~~~~~~~~~~~~~~~~~~~~~~~~~~~~~~~~~~~~~~~~~~~~~~~~~~~~~~~~~^~~[m[K

[01m[K/home/dominik/RRM/ros2_ws/src/zad2/src/zad2_node.cpp:83:109:[m[K [01;35m[Kwarning: [m[Kunused parameter ‘[01m[Kres[m[K’ [[01;35m[K]8;;https://gcc.gnu.org/onlinedocs/gcc/Warning-Options.html#index-Wunused-parameter-Wunused-parameter]8;;[m[K]
   83 |   [01;35m[Kstd::shared_ptr<surani_interface::srv::TeachPoint::Response> res[m[K) {
      |   [01;35m[K~~~~~~~~~~~~~~~~~~~~~~~~~~~~~~~~~~~~~~~~~~~~~~~~~~~~~~~~~~~~~^~~[m[K

[100%] [32m[1mLinking CXX executable zad2_node[0m
[100%] Built target zad2_node
-- Install configuration: ""
-- Installing: /home/dominik/RRM/ros2_ws/install/zad2/lib/zad2/zad2_node
-- Set non-toolchain portion of runtime path of "/home/dominik/RRM/ros2_ws/install/zad2/lib/zad2/zad2_node" to ""
-- Up-to-date: /home/dominik/RRM/ros2_ws/install/zad2/share/zad2//launch
-- Up-to-date: /home/dominik/RRM/ros2_ws/install/zad2/share/zad2//launch/zad2.launch.xml
-- Up-to-date: /home/dominik/RRM/ros2_ws/install/zad2/share/ament_index/resource_index/package_run_dependencies/zad2
-- Up-to-date: /home/dominik/RRM/ros2_ws/install/zad2/share/ament_index/resource_index/parent_prefix_path/zad2
-- Up-to-date: /home/dominik/RRM/ros2_ws/install/zad2/share/zad2/environment/ament_prefix_path.sh
-- Up-to-date: /home/dominik/RRM/ros2_ws/install/zad2/share/zad2/environment/ament_prefix_path.dsv
-- Up-to-date: /home/dominik/RRM/ros2_ws/install/zad2/share/zad2/environment/path.sh
-- Up-to-date: /home/dominik/RRM/ros2_ws/install/zad2/share/zad2/environment/path.dsv
-- Up-to-date: /home/dominik/RRM/ros2_ws/install/zad2/share/zad2/local_setup.bash
-- Up-to-date: /home/dominik/RRM/ros2_ws/install/zad2/share/zad2/local_setup.sh
-- Up-to-date: /home/dominik/RRM/ros2_ws/install/zad2/share/zad2/local_setup.zsh
-- Up-to-date: /home/dominik/RRM/ros2_ws/install/zad2/share/zad2/local_setup.dsv
-- Installing: /home/dominik/RRM/ros2_ws/install/zad2/share/zad2/package.dsv
-- Up-to-date: /home/dominik/RRM/ros2_ws/install/zad2/share/ament_index/resource_index/packages/zad2
-- Up-to-date: /home/dominik/RRM/ros2_ws/install/zad2/share/zad2/cmake/zad2Config.cmake
-- Up-to-date: /home/dominik/RRM/ros2_ws/install/zad2/share/zad2/cmake/zad2Config-version.cmake
-- Up-to-date: /home/dominik/RRM/ros2_ws/install/zad2/share/zad2/package.xml
