[0.032s] Invoking command in '/home/dominik/RRM/ros2_ws/build/zad2': CMAKE_PREFIX_PATH=/home/dominik/RRM/ros2_ws/install/surani_interface:/home/dominik/RRM/ros2_ws/install/zad2:/home/dominik/RRM/ros2_ws/install/trajectory_visualization:/home/dominik/RRM/ros2_ws/install/block1_surani:/home/dominik/RRM/ros2_ws/install/rrm_simple_robot_model:/home/dominik/RRM/ros2_ws/install/rrm_sim:/home/dominik/RRM/ros2_ws/install/block1_suraniV2:/home/dominik/RRM/ros2_ws/install/rrm_msgs:/home/dominik/RRM/ros2_ws/install/ik_solver_example:/home/dominik/RRM/ros2_ws/install/eigen_example:/home/dominik/RRM/ros2_ws/install/cv1:/home/dominik/RRM/ros2_ws/install/abb_model:/home/dominik/RRM/ros2_ws/install/abb_irb4600_ikfast:/home/dominik/RRM/ros2_ws/install/Surani_interface:/home/dominik/RRM/zad1/install/zad1:/opt/ros/jazzy/opt/gz_math_vendor:/opt/ros/jazzy/opt/gz_utils_vendor:/opt/ros/jazzy/opt/gz_cmake_vendor:/opt/ros/jazzy DEBUGINFOD_URLS=https://debuginfod.ubuntu.com /usr/bin/cmake --build /home/dominik/RRM/ros2_ws/build/zad2 -- -j16 -l16
[0.379s] [ 50%] [32mBuilding CXX object CMakeFiles/zad2_node.dir/src/zad2_node.cpp.o[0m
[8.275s] [01m[K/home/dominik/RRM/ros2_ws/src/zad2/src/zad2_node.cpp:[m[K In member function ‘[01m[Kvoid TrajectoryPlanner::[01;32m[Khandle_service_request[m[K(std::shared_ptr<surani_interface::srv::TeachPoint_Request_<std::allocator<void> > >, std::shared_ptr<surani_interface::srv::TeachPoint_Response_<std::allocator<void> > >)[m[K’:
[8.275s] [01m[K/home/dominik/RRM/ros2_ws/src/zad2/src/zad2_node.cpp:81:114:[m[K [01;35m[Kwarning: [m[Kunused parameter ‘[01m[Kreq[m[K’ [[01;35m[K]8;;https://gcc.gnu.org/onlinedocs/gcc/Warning-Options.html#index-Wunused-parameter-Wunused-parameter]8;;[m[K]
[8.276s]    81 | void TrajectoryPlanner::handle_service_request([01;35m[Kconst std::shared_ptr<surani_interface::srv::TeachPoint::Request> req[m[K,
[8.276s]       |                                                [01;35m[K~~~~~~~~~~~~~~~~~~~~~~~~~~~~~~~~~~~~~~~~~~~~~~~~~~~~~~~~~~~~~~~~~~^~~[m[K
[8.276s] [01m[K/home/dominik/RRM/ros2_ws/src/zad2/src/zad2_node.cpp:82:109:[m[K [01;35m[Kwarning: [m[Kunused parameter ‘[01m[Kres[m[K’ [[01;35m[K]8;;https://gcc.gnu.org/onlinedocs/gcc/Warning-Options.html#index-Wunused-parameter-Wunused-parameter]8;;[m[K]
[8.276s]    82 |                                                [01;35m[Kstd::shared_ptr<surani_interface::srv::TeachPoint::Response> res[m[K) {
[8.276s]       |                                                [01;35m[K~~~~~~~~~~~~~~~~~~~~~~~~~~~~~~~~~~~~~~~~~~~~~~~~~~~~~~~~~~~~~^~~[m[K
[20.771s] [100%] [32m[1mLinking CXX executable zad2_node[0m
[21.357s] [100%] Built target zad2_node
[21.387s] Invoked command in '/home/dominik/RRM/ros2_ws/build/zad2' returned '0': CMAKE_PREFIX_PATH=/home/dominik/RRM/ros2_ws/install/surani_interface:/home/dominik/RRM/ros2_ws/install/zad2:/home/dominik/RRM/ros2_ws/install/trajectory_visualization:/home/dominik/RRM/ros2_ws/install/block1_surani:/home/dominik/RRM/ros2_ws/install/rrm_simple_robot_model:/home/dominik/RRM/ros2_ws/install/rrm_sim:/home/dominik/RRM/ros2_ws/install/block1_suraniV2:/home/dominik/RRM/ros2_ws/install/rrm_msgs:/home/dominik/RRM/ros2_ws/install/ik_solver_example:/home/dominik/RRM/ros2_ws/install/eigen_example:/home/dominik/RRM/ros2_ws/install/cv1:/home/dominik/RRM/ros2_ws/install/abb_model:/home/dominik/RRM/ros2_ws/install/abb_irb4600_ikfast:/home/dominik/RRM/ros2_ws/install/Surani_interface:/home/dominik/RRM/zad1/install/zad1:/opt/ros/jazzy/opt/gz_math_vendor:/opt/ros/jazzy/opt/gz_utils_vendor:/opt/ros/jazzy/opt/gz_cmake_vendor:/opt/ros/jazzy DEBUGINFOD_URLS=https://debuginfod.ubuntu.com /usr/bin/cmake --build /home/dominik/RRM/ros2_ws/build/zad2 -- -j16 -l16
[21.447s] Invoking command in '/home/dominik/RRM/ros2_ws/build/zad2': CMAKE_PREFIX_PATH=/home/dominik/RRM/ros2_ws/install/surani_interface:/home/dominik/RRM/ros2_ws/install/zad2:/home/dominik/RRM/ros2_ws/install/trajectory_visualization:/home/dominik/RRM/ros2_ws/install/block1_surani:/home/dominik/RRM/ros2_ws/install/rrm_simple_robot_model:/home/dominik/RRM/ros2_ws/install/rrm_sim:/home/dominik/RRM/ros2_ws/install/block1_suraniV2:/home/dominik/RRM/ros2_ws/install/rrm_msgs:/home/dominik/RRM/ros2_ws/install/ik_solver_example:/home/dominik/RRM/ros2_ws/install/eigen_example:/home/dominik/RRM/ros2_ws/install/cv1:/home/dominik/RRM/ros2_ws/install/abb_model:/home/dominik/RRM/ros2_ws/install/abb_irb4600_ikfast:/home/dominik/RRM/ros2_ws/install/Surani_interface:/home/dominik/RRM/zad1/install/zad1:/opt/ros/jazzy/opt/gz_math_vendor:/opt/ros/jazzy/opt/gz_utils_vendor:/opt/ros/jazzy/opt/gz_cmake_vendor:/opt/ros/jazzy DEBUGINFOD_URLS=https://debuginfod.ubuntu.com /usr/bin/cmake --install /home/dominik/RRM/ros2_ws/build/zad2
[21.466s] -- Install configuration: ""
[21.467s] -- Installing: /home/dominik/RRM/ros2_ws/install/zad2/lib/zad2/zad2_node
[21.478s] -- Set non-toolchain portion of runtime path of "/home/dominik/RRM/ros2_ws/install/zad2/lib/zad2/zad2_node" to ""
[21.478s] -- Up-to-date: /home/dominik/RRM/ros2_ws/install/zad2/share/zad2//launch
[21.480s] -- Installing: /home/dominik/RRM/ros2_ws/install/zad2/share/zad2//launch/zad2.launch.xml
[21.480s] -- Installing: /home/dominik/RRM/ros2_ws/install/zad2/share/ament_index/resource_index/package_run_dependencies/zad2
[21.481s] -- Up-to-date: /home/dominik/RRM/ros2_ws/install/zad2/share/ament_index/resource_index/parent_prefix_path/zad2
[21.481s] -- Up-to-date: /home/dominik/RRM/ros2_ws/install/zad2/share/zad2/environment/ament_prefix_path.sh
[21.481s] -- Up-to-date: /home/dominik/RRM/ros2_ws/install/zad2/share/zad2/environment/ament_prefix_path.dsv
[21.482s] -- Up-to-date: /home/dominik/RRM/ros2_ws/install/zad2/share/zad2/environment/path.sh
[21.482s] -- Up-to-date: /home/dominik/RRM/ros2_ws/install/zad2/share/zad2/environment/path.dsv
[21.482s] -- Up-to-date: /home/dominik/RRM/ros2_ws/install/zad2/share/zad2/local_setup.bash
[21.482s] -- Up-to-date: /home/dominik/RRM/ros2_ws/install/zad2/share/zad2/local_setup.sh
[21.482s] -- Up-to-date: /home/dominik/RRM/ros2_ws/install/zad2/share/zad2/local_setup.zsh
[21.483s] -- Up-to-date: /home/dominik/RRM/ros2_ws/install/zad2/share/zad2/local_setup.dsv
[21.483s] -- Installing: /home/dominik/RRM/ros2_ws/install/zad2/share/zad2/package.dsv
[21.483s] -- Up-to-date: /home/dominik/RRM/ros2_ws/install/zad2/share/ament_index/resource_index/packages/zad2
[21.483s] -- Installing: /home/dominik/RRM/ros2_ws/install/zad2/share/zad2/cmake/zad2Config.cmake
[21.483s] -- Up-to-date: /home/dominik/RRM/ros2_ws/install/zad2/share/zad2/cmake/zad2Config-version.cmake
[21.483s] -- Installing: /home/dominik/RRM/ros2_ws/install/zad2/share/zad2/package.xml
[21.489s] Invoked command in '/home/dominik/RRM/ros2_ws/build/zad2' returned '0': CMAKE_PREFIX_PATH=/home/dominik/RRM/ros2_ws/install/surani_interface:/home/dominik/RRM/ros2_ws/install/zad2:/home/dominik/RRM/ros2_ws/install/trajectory_visualization:/home/dominik/RRM/ros2_ws/install/block1_surani:/home/dominik/RRM/ros2_ws/install/rrm_simple_robot_model:/home/dominik/RRM/ros2_ws/install/rrm_sim:/home/dominik/RRM/ros2_ws/install/block1_suraniV2:/home/dominik/RRM/ros2_ws/install/rrm_msgs:/home/dominik/RRM/ros2_ws/install/ik_solver_example:/home/dominik/RRM/ros2_ws/install/eigen_example:/home/dominik/RRM/ros2_ws/install/cv1:/home/dominik/RRM/ros2_ws/install/abb_model:/home/dominik/RRM/ros2_ws/install/abb_irb4600_ikfast:/home/dominik/RRM/ros2_ws/install/Surani_interface:/home/dominik/RRM/zad1/install/zad1:/opt/ros/jazzy/opt/gz_math_vendor:/opt/ros/jazzy/opt/gz_utils_vendor:/opt/ros/jazzy/opt/gz_cmake_vendor:/opt/ros/jazzy DEBUGINFOD_URLS=https://debuginfod.ubuntu.com /usr/bin/cmake --install /home/dominik/RRM/ros2_ws/build/zad2
