[0.034s] Invoking command in '/home/dominik/RRM/ros2_ws/build/rrm_sim': CMAKE_PREFIX_PATH=/home/dominik/RRM/ros2_ws/install/rrm_msgs:/home/dominik/RRM/ros2_ws/install/ik_solver_example:/home/dominik/RRM/ros2_ws/install/abb_irb4600_ikfast:/home/dominik/RRM/ros2_ws/install/abb_moveit_config:/home/dominik/RRM/ros2_ws/install/zad2:/home/dominik/RRM/ros2_ws/install/trajectory_visualization:/home/dominik/RRM/ros2_ws/install/surani_interface:/home/dominik/RRM/ros2_ws/install/block1_surani:/home/dominik/RRM/ros2_ws/install/rrm_simple_robot_model:/home/dominik/RRM/ros2_ws/install/rrm_sim:/home/dominik/RRM/ros2_ws/install/block1_suraniV2:/home/dominik/RRM/ros2_ws/install/eigen_example:/home/dominik/RRM/ros2_ws/install/cv1:/home/dominik/RRM/ros2_ws/install/abb_model:/home/dominik/RRM/ros2_ws/install/Surani_interface:/home/dominik/RRM/zad1/install/zad1:/opt/ros/jazzy/opt/sdformat_vendor:/opt/ros/jazzy/opt/gz_math_vendor:/opt/ros/jazzy/opt/gz_utils_vendor:/opt/ros/jazzy/opt/gz_tools_vendor:/opt/ros/jazzy/opt/gz_cmake_vendor:/opt/ros/jazzy DEBUGINFOD_URLS=https://debuginfod.ubuntu.com LD_LIBRARY_PATH=/home/dominik/RRM/ros2_ws/install/rrm_msgs/lib:/home/dominik/RRM/ros2_ws/install/abb_irb4600_ikfast/lib:/home/dominik/RRM/ros2_ws/install/surani_interface/lib:/opt/ros/jazzy/opt/sdformat_vendor/lib:/opt/ros/jazzy/opt/rviz_ogre_vendor/lib:/opt/ros/jazzy/lib/x86_64-linux-gnu:/opt/ros/jazzy/opt/gz_math_vendor/lib:/opt/ros/jazzy/opt/gz_utils_vendor/lib:/opt/ros/jazzy/opt/gz_tools_vendor/lib:/opt/ros/jazzy/opt/gz_cmake_vendor/lib:/opt/ros/jazzy/lib PYTHONPATH=/home/dominik/RRM/ros2_ws/install/rrm_msgs/lib/python3.12/site-packages:/home/dominik/RRM/ros2_ws/install/surani_interface/lib/python3.12/site-packages:/opt/ros/jazzy/lib/python3.12/site-packages /usr/bin/cmake /home/dominik/RRM/ros2_ws/src/rrm/rrm_sim -DCMAKE_INSTALL_PREFIX=/home/dominik/RRM/ros2_ws/install/rrm_sim
[0.090s] -- The C compiler identification is GNU 13.2.0
[0.149s] -- The CXX compiler identification is GNU 13.2.0
[0.166s] -- Detecting C compiler ABI info
[0.267s] -- Detecting C compiler ABI info - done
[0.275s] -- Check for working C compiler: /usr/bin/cc - skipped
[0.276s] -- Detecting C compile features
[0.276s] -- Detecting C compile features - done
[0.286s] -- Detecting CXX compiler ABI info
[0.387s] -- Detecting CXX compiler ABI info - done
[0.399s] -- Check for working CXX compiler: /usr/bin/c++ - skipped
[0.400s] -- Detecting CXX compile features
[0.400s] -- Detecting CXX compile features - done
[0.406s] -- Found ament_cmake: 2.5.2 (/opt/ros/jazzy/share/ament_cmake/cmake)
[0.579s] -- Found Python3: /usr/bin/python3 (found version "3.12.3") found components: Interpreter 
[0.713s] -- Found rclcpp: 28.1.5 (/opt/ros/jazzy/share/rclcpp/cmake)
[0.773s] -- Found rosidl_generator_c: 4.6.4 (/opt/ros/jazzy/share/rosidl_generator_c/cmake)
[0.791s] -- Found rosidl_generator_cpp: 4.6.4 (/opt/ros/jazzy/share/rosidl_generator_cpp/cmake)
[0.812s] -- Using all available rosidl_typesupport_c: rosidl_typesupport_fastrtps_c;rosidl_typesupport_introspection_c
[0.836s] -- Using all available rosidl_typesupport_cpp: rosidl_typesupport_fastrtps_cpp;rosidl_typesupport_introspection_cpp
[0.933s] -- Found rmw_implementation_cmake: 7.3.1 (/opt/ros/jazzy/share/rmw_implementation_cmake/cmake)
[0.938s] -- Found rmw_fastrtps_cpp: 8.4.1 (/opt/ros/jazzy/share/rmw_fastrtps_cpp/cmake)
[1.035s] -- Found OpenSSL: /usr/lib/x86_64-linux-gnu/libcrypto.so (found version "3.0.13")  
[1.057s] -- Found FastRTPS: /opt/ros/jazzy/include (Required is at least version "2.13") 
[1.084s] -- Using RMW implementation 'rmw_fastrtps_cpp' as default
[1.173s] -- Found std_msgs: 5.3.5 (/opt/ros/jazzy/share/std_msgs/cmake)
[1.189s] -- Found sensor_msgs: 5.3.5 (/opt/ros/jazzy/share/sensor_msgs/cmake)
[1.232s] -- Found rrm_msgs: 0.0.0 (/home/dominik/RRM/ros2_ws/install/rrm_msgs/share/rrm_msgs/cmake)
[1.253s] -- Found ament_lint_auto: 0.17.1 (/opt/ros/jazzy/share/ament_lint_auto/cmake)
[1.380s] -- Added test 'copyright' to check source files copyright and LICENSE
[1.382s] -- Added test 'cppcheck' to perform static code analysis on C / C++ code
[1.382s] -- Configured cppcheck include dirs: $<BUILD_INTERFACE:/home/dominik/RRM/ros2_ws/src/rrm/rrm_sim/include>
[1.382s] -- Configured cppcheck exclude dirs and/or files: 
[1.383s] -- Added test 'cpplint' to check C / C++ code against the Google style
[1.384s] -- Configured cpplint exclude dirs and/or files: 
[1.385s] -- Added test 'lint_cmake' to check CMake code style
[1.387s] -- Added test 'uncrustify' to check C / C++ code style
[1.387s] -- Configured uncrustify additional arguments: 
[1.387s] -- Added test 'xmllint' to check XML markup files
[1.389s] -- Configuring done (1.3s)
[1.403s] -- Generating done (0.0s)
[1.407s] -- Build files have been written to: /home/dominik/RRM/ros2_ws/build/rrm_sim
[1.425s] Invoked command in '/home/dominik/RRM/ros2_ws/build/rrm_sim' returned '0': CMAKE_PREFIX_PATH=/home/dominik/RRM/ros2_ws/install/rrm_msgs:/home/dominik/RRM/ros2_ws/install/ik_solver_example:/home/dominik/RRM/ros2_ws/install/abb_irb4600_ikfast:/home/dominik/RRM/ros2_ws/install/abb_moveit_config:/home/dominik/RRM/ros2_ws/install/zad2:/home/dominik/RRM/ros2_ws/install/trajectory_visualization:/home/dominik/RRM/ros2_ws/install/surani_interface:/home/dominik/RRM/ros2_ws/install/block1_surani:/home/dominik/RRM/ros2_ws/install/rrm_simple_robot_model:/home/dominik/RRM/ros2_ws/install/rrm_sim:/home/dominik/RRM/ros2_ws/install/block1_suraniV2:/home/dominik/RRM/ros2_ws/install/eigen_example:/home/dominik/RRM/ros2_ws/install/cv1:/home/dominik/RRM/ros2_ws/install/abb_model:/home/dominik/RRM/ros2_ws/install/Surani_interface:/home/dominik/RRM/zad1/install/zad1:/opt/ros/jazzy/opt/sdformat_vendor:/opt/ros/jazzy/opt/gz_math_vendor:/opt/ros/jazzy/opt/gz_utils_vendor:/opt/ros/jazzy/opt/gz_tools_vendor:/opt/ros/jazzy/opt/gz_cmake_vendor:/opt/ros/jazzy DEBUGINFOD_URLS=https://debuginfod.ubuntu.com LD_LIBRARY_PATH=/home/dominik/RRM/ros2_ws/install/rrm_msgs/lib:/home/dominik/RRM/ros2_ws/install/abb_irb4600_ikfast/lib:/home/dominik/RRM/ros2_ws/install/surani_interface/lib:/opt/ros/jazzy/opt/sdformat_vendor/lib:/opt/ros/jazzy/opt/rviz_ogre_vendor/lib:/opt/ros/jazzy/lib/x86_64-linux-gnu:/opt/ros/jazzy/opt/gz_math_vendor/lib:/opt/ros/jazzy/opt/gz_utils_vendor/lib:/opt/ros/jazzy/opt/gz_tools_vendor/lib:/opt/ros/jazzy/opt/gz_cmake_vendor/lib:/opt/ros/jazzy/lib PYTHONPATH=/home/dominik/RRM/ros2_ws/install/rrm_msgs/lib/python3.12/site-packages:/home/dominik/RRM/ros2_ws/install/surani_interface/lib/python3.12/site-packages:/opt/ros/jazzy/lib/python3.12/site-packages /usr/bin/cmake /home/dominik/RRM/ros2_ws/src/rrm/rrm_sim -DCMAKE_INSTALL_PREFIX=/home/dominik/RRM/ros2_ws/install/rrm_sim
[1.427s] Invoking command in '/home/dominik/RRM/ros2_ws/build/rrm_sim': CMAKE_PREFIX_PATH=/home/dominik/RRM/ros2_ws/install/rrm_msgs:/home/dominik/RRM/ros2_ws/install/ik_solver_example:/home/dominik/RRM/ros2_ws/install/abb_irb4600_ikfast:/home/dominik/RRM/ros2_ws/install/abb_moveit_config:/home/dominik/RRM/ros2_ws/install/zad2:/home/dominik/RRM/ros2_ws/install/trajectory_visualization:/home/dominik/RRM/ros2_ws/install/surani_interface:/home/dominik/RRM/ros2_ws/install/block1_surani:/home/dominik/RRM/ros2_ws/install/rrm_simple_robot_model:/home/dominik/RRM/ros2_ws/install/rrm_sim:/home/dominik/RRM/ros2_ws/install/block1_suraniV2:/home/dominik/RRM/ros2_ws/install/eigen_example:/home/dominik/RRM/ros2_ws/install/cv1:/home/dominik/RRM/ros2_ws/install/abb_model:/home/dominik/RRM/ros2_ws/install/Surani_interface:/home/dominik/RRM/zad1/install/zad1:/opt/ros/jazzy/opt/sdformat_vendor:/opt/ros/jazzy/opt/gz_math_vendor:/opt/ros/jazzy/opt/gz_utils_vendor:/opt/ros/jazzy/opt/gz_tools_vendor:/opt/ros/jazzy/opt/gz_cmake_vendor:/opt/ros/jazzy DEBUGINFOD_URLS=https://debuginfod.ubuntu.com LD_LIBRARY_PATH=/home/dominik/RRM/ros2_ws/install/rrm_msgs/lib:/home/dominik/RRM/ros2_ws/install/abb_irb4600_ikfast/lib:/home/dominik/RRM/ros2_ws/install/surani_interface/lib:/opt/ros/jazzy/opt/sdformat_vendor/lib:/opt/ros/jazzy/opt/rviz_ogre_vendor/lib:/opt/ros/jazzy/lib/x86_64-linux-gnu:/opt/ros/jazzy/opt/gz_math_vendor/lib:/opt/ros/jazzy/opt/gz_utils_vendor/lib:/opt/ros/jazzy/opt/gz_tools_vendor/lib:/opt/ros/jazzy/opt/gz_cmake_vendor/lib:/opt/ros/jazzy/lib PYTHONPATH=/home/dominik/RRM/ros2_ws/install/rrm_msgs/lib/python3.12/site-packages:/home/dominik/RRM/ros2_ws/install/surani_interface/lib/python3.12/site-packages:/opt/ros/jazzy/lib/python3.12/site-packages /usr/bin/cmake --build /home/dominik/RRM/ros2_ws/build/rrm_sim -- -j16 -l16
[1.485s] [ 66%] [32mBuilding CXX object CMakeFiles/robot_sim_node.dir/src/robot_sim_node.cpp.o[0m
[1.485s] [ 66%] [32mBuilding CXX object CMakeFiles/robot_sim_node.dir/src/motion.cpp.o[0m
[10.946s] [100%] [32m[1mLinking CXX executable robot_sim_node[0m
[11.261s] [100%] Built target robot_sim_node
[11.273s] Invoked command in '/home/dominik/RRM/ros2_ws/build/rrm_sim' returned '0': CMAKE_PREFIX_PATH=/home/dominik/RRM/ros2_ws/install/rrm_msgs:/home/dominik/RRM/ros2_ws/install/ik_solver_example:/home/dominik/RRM/ros2_ws/install/abb_irb4600_ikfast:/home/dominik/RRM/ros2_ws/install/abb_moveit_config:/home/dominik/RRM/ros2_ws/install/zad2:/home/dominik/RRM/ros2_ws/install/trajectory_visualization:/home/dominik/RRM/ros2_ws/install/surani_interface:/home/dominik/RRM/ros2_ws/install/block1_surani:/home/dominik/RRM/ros2_ws/install/rrm_simple_robot_model:/home/dominik/RRM/ros2_ws/install/rrm_sim:/home/dominik/RRM/ros2_ws/install/block1_suraniV2:/home/dominik/RRM/ros2_ws/install/eigen_example:/home/dominik/RRM/ros2_ws/install/cv1:/home/dominik/RRM/ros2_ws/install/abb_model:/home/dominik/RRM/ros2_ws/install/Surani_interface:/home/dominik/RRM/zad1/install/zad1:/opt/ros/jazzy/opt/sdformat_vendor:/opt/ros/jazzy/opt/gz_math_vendor:/opt/ros/jazzy/opt/gz_utils_vendor:/opt/ros/jazzy/opt/gz_tools_vendor:/opt/ros/jazzy/opt/gz_cmake_vendor:/opt/ros/jazzy DEBUGINFOD_URLS=https://debuginfod.ubuntu.com LD_LIBRARY_PATH=/home/dominik/RRM/ros2_ws/install/rrm_msgs/lib:/home/dominik/RRM/ros2_ws/install/abb_irb4600_ikfast/lib:/home/dominik/RRM/ros2_ws/install/surani_interface/lib:/opt/ros/jazzy/opt/sdformat_vendor/lib:/opt/ros/jazzy/opt/rviz_ogre_vendor/lib:/opt/ros/jazzy/lib/x86_64-linux-gnu:/opt/ros/jazzy/opt/gz_math_vendor/lib:/opt/ros/jazzy/opt/gz_utils_vendor/lib:/opt/ros/jazzy/opt/gz_tools_vendor/lib:/opt/ros/jazzy/opt/gz_cmake_vendor/lib:/opt/ros/jazzy/lib PYTHONPATH=/home/dominik/RRM/ros2_ws/install/rrm_msgs/lib/python3.12/site-packages:/home/dominik/RRM/ros2_ws/install/surani_interface/lib/python3.12/site-packages:/opt/ros/jazzy/lib/python3.12/site-packages /usr/bin/cmake --build /home/dominik/RRM/ros2_ws/build/rrm_sim -- -j16 -l16
[11.274s] Invoking command in '/home/dominik/RRM/ros2_ws/build/rrm_sim': CMAKE_PREFIX_PATH=/home/dominik/RRM/ros2_ws/install/rrm_msgs:/home/dominik/RRM/ros2_ws/install/ik_solver_example:/home/dominik/RRM/ros2_ws/install/abb_irb4600_ikfast:/home/dominik/RRM/ros2_ws/install/abb_moveit_config:/home/dominik/RRM/ros2_ws/install/zad2:/home/dominik/RRM/ros2_ws/install/trajectory_visualization:/home/dominik/RRM/ros2_ws/install/surani_interface:/home/dominik/RRM/ros2_ws/install/block1_surani:/home/dominik/RRM/ros2_ws/install/rrm_simple_robot_model:/home/dominik/RRM/ros2_ws/install/rrm_sim:/home/dominik/RRM/ros2_ws/install/block1_suraniV2:/home/dominik/RRM/ros2_ws/install/eigen_example:/home/dominik/RRM/ros2_ws/install/cv1:/home/dominik/RRM/ros2_ws/install/abb_model:/home/dominik/RRM/ros2_ws/install/Surani_interface:/home/dominik/RRM/zad1/install/zad1:/opt/ros/jazzy/opt/sdformat_vendor:/opt/ros/jazzy/opt/gz_math_vendor:/opt/ros/jazzy/opt/gz_utils_vendor:/opt/ros/jazzy/opt/gz_tools_vendor:/opt/ros/jazzy/opt/gz_cmake_vendor:/opt/ros/jazzy DEBUGINFOD_URLS=https://debuginfod.ubuntu.com LD_LIBRARY_PATH=/home/dominik/RRM/ros2_ws/install/rrm_msgs/lib:/home/dominik/RRM/ros2_ws/install/abb_irb4600_ikfast/lib:/home/dominik/RRM/ros2_ws/install/surani_interface/lib:/opt/ros/jazzy/opt/sdformat_vendor/lib:/opt/ros/jazzy/opt/rviz_ogre_vendor/lib:/opt/ros/jazzy/lib/x86_64-linux-gnu:/opt/ros/jazzy/opt/gz_math_vendor/lib:/opt/ros/jazzy/opt/gz_utils_vendor/lib:/opt/ros/jazzy/opt/gz_tools_vendor/lib:/opt/ros/jazzy/opt/gz_cmake_vendor/lib:/opt/ros/jazzy/lib PYTHONPATH=/home/dominik/RRM/ros2_ws/install/rrm_msgs/lib/python3.12/site-packages:/home/dominik/RRM/ros2_ws/install/surani_interface/lib/python3.12/site-packages:/opt/ros/jazzy/lib/python3.12/site-packages /usr/bin/cmake --install /home/dominik/RRM/ros2_ws/build/rrm_sim
[11.284s] -- Install configuration: ""
[11.285s] -- Installing: /home/dominik/RRM/ros2_ws/install/rrm_sim/lib/rrm_sim/robot_sim_node
[11.293s] -- Set non-toolchain portion of runtime path of "/home/dominik/RRM/ros2_ws/install/rrm_sim/lib/rrm_sim/robot_sim_node" to ""
[11.293s] -- Up-to-date: /home/dominik/RRM/ros2_ws/install/rrm_sim/share/rrm_sim/launch
[11.294s] -- Up-to-date: /home/dominik/RRM/ros2_ws/install/rrm_sim/share/rrm_sim/launch/rrm_sim.launch.xml
[11.294s] -- Installing: /home/dominik/RRM/ros2_ws/install/rrm_sim/share/ament_index/resource_index/package_run_dependencies/rrm_sim
[11.294s] -- Installing: /home/dominik/RRM/ros2_ws/install/rrm_sim/share/ament_index/resource_index/parent_prefix_path/rrm_sim
[11.294s] -- Up-to-date: /home/dominik/RRM/ros2_ws/install/rrm_sim/share/rrm_sim/environment/ament_prefix_path.sh
[11.294s] -- Installing: /home/dominik/RRM/ros2_ws/install/rrm_sim/share/rrm_sim/environment/ament_prefix_path.dsv
[11.294s] -- Up-to-date: /home/dominik/RRM/ros2_ws/install/rrm_sim/share/rrm_sim/environment/path.sh
[11.294s] -- Installing: /home/dominik/RRM/ros2_ws/install/rrm_sim/share/rrm_sim/environment/path.dsv
[11.295s] -- Installing: /home/dominik/RRM/ros2_ws/install/rrm_sim/share/rrm_sim/local_setup.bash
[11.295s] -- Installing: /home/dominik/RRM/ros2_ws/install/rrm_sim/share/rrm_sim/local_setup.sh
[11.295s] -- Installing: /home/dominik/RRM/ros2_ws/install/rrm_sim/share/rrm_sim/local_setup.zsh
[11.296s] -- Installing: /home/dominik/RRM/ros2_ws/install/rrm_sim/share/rrm_sim/local_setup.dsv
[11.296s] -- Installing: /home/dominik/RRM/ros2_ws/install/rrm_sim/share/rrm_sim/package.dsv
[11.296s] -- Installing: /home/dominik/RRM/ros2_ws/install/rrm_sim/share/ament_index/resource_index/packages/rrm_sim
[11.296s] -- Installing: /home/dominik/RRM/ros2_ws/install/rrm_sim/share/rrm_sim/cmake/rrm_simConfig.cmake
[11.297s] -- Installing: /home/dominik/RRM/ros2_ws/install/rrm_sim/share/rrm_sim/cmake/rrm_simConfig-version.cmake
[11.297s] -- Up-to-date: /home/dominik/RRM/ros2_ws/install/rrm_sim/share/rrm_sim/package.xml
[11.299s] Invoked command in '/home/dominik/RRM/ros2_ws/build/rrm_sim' returned '0': CMAKE_PREFIX_PATH=/home/dominik/RRM/ros2_ws/install/rrm_msgs:/home/dominik/RRM/ros2_ws/install/ik_solver_example:/home/dominik/RRM/ros2_ws/install/abb_irb4600_ikfast:/home/dominik/RRM/ros2_ws/install/abb_moveit_config:/home/dominik/RRM/ros2_ws/install/zad2:/home/dominik/RRM/ros2_ws/install/trajectory_visualization:/home/dominik/RRM/ros2_ws/install/surani_interface:/home/dominik/RRM/ros2_ws/install/block1_surani:/home/dominik/RRM/ros2_ws/install/rrm_simple_robot_model:/home/dominik/RRM/ros2_ws/install/rrm_sim:/home/dominik/RRM/ros2_ws/install/block1_suraniV2:/home/dominik/RRM/ros2_ws/install/eigen_example:/home/dominik/RRM/ros2_ws/install/cv1:/home/dominik/RRM/ros2_ws/install/abb_model:/home/dominik/RRM/ros2_ws/install/Surani_interface:/home/dominik/RRM/zad1/install/zad1:/opt/ros/jazzy/opt/sdformat_vendor:/opt/ros/jazzy/opt/gz_math_vendor:/opt/ros/jazzy/opt/gz_utils_vendor:/opt/ros/jazzy/opt/gz_tools_vendor:/opt/ros/jazzy/opt/gz_cmake_vendor:/opt/ros/jazzy DEBUGINFOD_URLS=https://debuginfod.ubuntu.com LD_LIBRARY_PATH=/home/dominik/RRM/ros2_ws/install/rrm_msgs/lib:/home/dominik/RRM/ros2_ws/install/abb_irb4600_ikfast/lib:/home/dominik/RRM/ros2_ws/install/surani_interface/lib:/opt/ros/jazzy/opt/sdformat_vendor/lib:/opt/ros/jazzy/opt/rviz_ogre_vendor/lib:/opt/ros/jazzy/lib/x86_64-linux-gnu:/opt/ros/jazzy/opt/gz_math_vendor/lib:/opt/ros/jazzy/opt/gz_utils_vendor/lib:/opt/ros/jazzy/opt/gz_tools_vendor/lib:/opt/ros/jazzy/opt/gz_cmake_vendor/lib:/opt/ros/jazzy/lib PYTHONPATH=/home/dominik/RRM/ros2_ws/install/rrm_msgs/lib/python3.12/site-packages:/home/dominik/RRM/ros2_ws/install/surani_interface/lib/python3.12/site-packages:/opt/ros/jazzy/lib/python3.12/site-packages /usr/bin/cmake --install /home/dominik/RRM/ros2_ws/build/rrm_sim
