[0.139s] Invoking command in '/home/dominik/RRM/ros2_ws/build/abb_moveit_config': CMAKE_PREFIX_PATH=/home/dominik/RRM/ros2_ws/install/abb_model:/home/dominik/RRM/ros2_ws/install/zad2:/home/dominik/RRM/ros2_ws/install/trajectory_visualization:/home/dominik/RRM/ros2_ws/install/surani_interface:/home/dominik/RRM/ros2_ws/install/block1_surani:/home/dominik/RRM/ros2_ws/install/rrm_simple_robot_model:/home/dominik/RRM/ros2_ws/install/rrm_sim:/home/dominik/RRM/ros2_ws/install/block1_suraniV2:/home/dominik/RRM/ros2_ws/install/rrm_msgs:/home/dominik/RRM/ros2_ws/install/ik_solver_example:/home/dominik/RRM/ros2_ws/install/eigen_example:/home/dominik/RRM/ros2_ws/install/cv1:/home/dominik/RRM/ros2_ws/install/abb_moveit_config:/home/dominik/RRM/ros2_ws/install/abb_irb4600_ikfast:/home/dominik/RRM/ros2_ws/install/Surani_interface:/home/dominik/RRM/zad1/install/zad1:/opt/ros/jazzy/opt/sdformat_vendor:/opt/ros/jazzy/opt/gz_math_vendor:/opt/ros/jazzy/opt/gz_utils_vendor:/opt/ros/jazzy/opt/gz_tools_vendor:/opt/ros/jazzy/opt/gz_cmake_vendor:/opt/ros/jazzy DEBUGINFOD_URLS=https://debuginfod.ubuntu.com /usr/bin/cmake --build /home/dominik/RRM/ros2_ws/build/abb_moveit_config -- -j16 -l16
[0.220s] Invoked command in '/home/dominik/RRM/ros2_ws/build/abb_moveit_config' returned '0': CMAKE_PREFIX_PATH=/home/dominik/RRM/ros2_ws/install/abb_model:/home/dominik/RRM/ros2_ws/install/zad2:/home/dominik/RRM/ros2_ws/install/trajectory_visualization:/home/dominik/RRM/ros2_ws/install/surani_interface:/home/dominik/RRM/ros2_ws/install/block1_surani:/home/dominik/RRM/ros2_ws/install/rrm_simple_robot_model:/home/dominik/RRM/ros2_ws/install/rrm_sim:/home/dominik/RRM/ros2_ws/install/block1_suraniV2:/home/dominik/RRM/ros2_ws/install/rrm_msgs:/home/dominik/RRM/ros2_ws/install/ik_solver_example:/home/dominik/RRM/ros2_ws/install/eigen_example:/home/dominik/RRM/ros2_ws/install/cv1:/home/dominik/RRM/ros2_ws/install/abb_moveit_config:/home/dominik/RRM/ros2_ws/install/abb_irb4600_ikfast:/home/dominik/RRM/ros2_ws/install/Surani_interface:/home/dominik/RRM/zad1/install/zad1:/opt/ros/jazzy/opt/sdformat_vendor:/opt/ros/jazzy/opt/gz_math_vendor:/opt/ros/jazzy/opt/gz_utils_vendor:/opt/ros/jazzy/opt/gz_tools_vendor:/opt/ros/jazzy/opt/gz_cmake_vendor:/opt/ros/jazzy DEBUGINFOD_URLS=https://debuginfod.ubuntu.com /usr/bin/cmake --build /home/dominik/RRM/ros2_ws/build/abb_moveit_config -- -j16 -l16
[0.223s] Invoking command in '/home/dominik/RRM/ros2_ws/build/abb_moveit_config': CMAKE_PREFIX_PATH=/home/dominik/RRM/ros2_ws/install/abb_model:/home/dominik/RRM/ros2_ws/install/zad2:/home/dominik/RRM/ros2_ws/install/trajectory_visualization:/home/dominik/RRM/ros2_ws/install/surani_interface:/home/dominik/RRM/ros2_ws/install/block1_surani:/home/dominik/RRM/ros2_ws/install/rrm_simple_robot_model:/home/dominik/RRM/ros2_ws/install/rrm_sim:/home/dominik/RRM/ros2_ws/install/block1_suraniV2:/home/dominik/RRM/ros2_ws/install/rrm_msgs:/home/dominik/RRM/ros2_ws/install/ik_solver_example:/home/dominik/RRM/ros2_ws/install/eigen_example:/home/dominik/RRM/ros2_ws/install/cv1:/home/dominik/RRM/ros2_ws/install/abb_moveit_config:/home/dominik/RRM/ros2_ws/install/abb_irb4600_ikfast:/home/dominik/RRM/ros2_ws/install/Surani_interface:/home/dominik/RRM/zad1/install/zad1:/opt/ros/jazzy/opt/sdformat_vendor:/opt/ros/jazzy/opt/gz_math_vendor:/opt/ros/jazzy/opt/gz_utils_vendor:/opt/ros/jazzy/opt/gz_tools_vendor:/opt/ros/jazzy/opt/gz_cmake_vendor:/opt/ros/jazzy DEBUGINFOD_URLS=https://debuginfod.ubuntu.com /usr/bin/cmake --install /home/dominik/RRM/ros2_ws/build/abb_moveit_config
[0.248s] -- Install configuration: ""
[0.249s] -- Up-to-date: /home/dominik/RRM/ros2_ws/install/abb_moveit_config/share/ament_index/resource_index/package_run_dependencies/abb_moveit_config
[0.249s] -- Up-to-date: /home/dominik/RRM/ros2_ws/install/abb_moveit_config/share/ament_index/resource_index/parent_prefix_path/abb_moveit_config
[0.249s] -- Up-to-date: /home/dominik/RRM/ros2_ws/install/abb_moveit_config/share/abb_moveit_config/environment/ament_prefix_path.sh
[0.249s] -- Up-to-date: /home/dominik/RRM/ros2_ws/install/abb_moveit_config/share/abb_moveit_config/environment/ament_prefix_path.dsv
[0.249s] -- Up-to-date: /home/dominik/RRM/ros2_ws/install/abb_moveit_config/share/abb_moveit_config/environment/path.sh
[0.250s] -- Up-to-date: /home/dominik/RRM/ros2_ws/install/abb_moveit_config/share/abb_moveit_config/environment/path.dsv
[0.250s] -- Up-to-date: /home/dominik/RRM/ros2_ws/install/abb_moveit_config/share/abb_moveit_config/local_setup.bash
[0.250s] -- Up-to-date: /home/dominik/RRM/ros2_ws/install/abb_moveit_config/share/abb_moveit_config/local_setup.sh
[0.250s] -- Up-to-date: /home/dominik/RRM/ros2_ws/install/abb_moveit_config/share/abb_moveit_config/local_setup.zsh
[0.250s] -- Up-to-date: /home/dominik/RRM/ros2_ws/install/abb_moveit_config/share/abb_moveit_config/local_setup.dsv
[0.250s] -- Installing: /home/dominik/RRM/ros2_ws/install/abb_moveit_config/share/abb_moveit_config/package.dsv
[0.251s] -- Up-to-date: /home/dominik/RRM/ros2_ws/install/abb_moveit_config/share/ament_index/resource_index/packages/abb_moveit_config
[0.251s] -- Up-to-date: /home/dominik/RRM/ros2_ws/install/abb_moveit_config/share/abb_moveit_config/cmake/abb_moveit_configConfig.cmake
[0.251s] -- Up-to-date: /home/dominik/RRM/ros2_ws/install/abb_moveit_config/share/abb_moveit_config/cmake/abb_moveit_configConfig-version.cmake
[0.251s] -- Up-to-date: /home/dominik/RRM/ros2_ws/install/abb_moveit_config/share/abb_moveit_config/package.xml
[0.251s] -- Up-to-date: /home/dominik/RRM/ros2_ws/install/abb_moveit_config/share/abb_moveit_config/launch
[0.252s] -- Up-to-date: /home/dominik/RRM/ros2_ws/install/abb_moveit_config/share/abb_moveit_config/launch/demo.launch.py
[0.252s] -- Up-to-date: /home/dominik/RRM/ros2_ws/install/abb_moveit_config/share/abb_moveit_config/launch/setup_assistant.launch.py
[0.252s] -- Up-to-date: /home/dominik/RRM/ros2_ws/install/abb_moveit_config/share/abb_moveit_config/launch/rsp.launch.py
[0.252s] -- Up-to-date: /home/dominik/RRM/ros2_ws/install/abb_moveit_config/share/abb_moveit_config/launch/move_group.launch.py
[0.252s] -- Up-to-date: /home/dominik/RRM/ros2_ws/install/abb_moveit_config/share/abb_moveit_config/launch/moveit_rviz.launch.py
[0.253s] -- Up-to-date: /home/dominik/RRM/ros2_ws/install/abb_moveit_config/share/abb_moveit_config/launch/static_virtual_joint_tfs.launch.py
[0.253s] -- Up-to-date: /home/dominik/RRM/ros2_ws/install/abb_moveit_config/share/abb_moveit_config/launch/warehouse_db.launch.py
[0.253s] -- Up-to-date: /home/dominik/RRM/ros2_ws/install/abb_moveit_config/share/abb_moveit_config/launch/spawn_controllers.launch.py
[0.253s] -- Up-to-date: /home/dominik/RRM/ros2_ws/install/abb_moveit_config/share/abb_moveit_config/config
[0.253s] -- Up-to-date: /home/dominik/RRM/ros2_ws/install/abb_moveit_config/share/abb_moveit_config/config/pilz_cartesian_limits.yaml
[0.253s] -- Up-to-date: /home/dominik/RRM/ros2_ws/install/abb_moveit_config/share/abb_moveit_config/config/ros2_controllers.yaml
[0.254s] -- Up-to-date: /home/dominik/RRM/ros2_ws/install/abb_moveit_config/share/abb_moveit_config/config/abb_irb.srdf
[0.254s] -- Up-to-date: /home/dominik/RRM/ros2_ws/install/abb_moveit_config/share/abb_moveit_config/config/initial_positions.yaml
[0.254s] -- Up-to-date: /home/dominik/RRM/ros2_ws/install/abb_moveit_config/share/abb_moveit_config/config/abb_irb.ros2_control.xacro
[0.254s] -- Up-to-date: /home/dominik/RRM/ros2_ws/install/abb_moveit_config/share/abb_moveit_config/config/kinematics.yaml
[0.254s] -- Up-to-date: /home/dominik/RRM/ros2_ws/install/abb_moveit_config/share/abb_moveit_config/config/moveit_controllers.yaml
[0.254s] -- Up-to-date: /home/dominik/RRM/ros2_ws/install/abb_moveit_config/share/abb_moveit_config/config/joint_limits.yaml
[0.255s] -- Up-to-date: /home/dominik/RRM/ros2_ws/install/abb_moveit_config/share/abb_moveit_config/config/abb_irb.urdf.xacro
[0.255s] -- Up-to-date: /home/dominik/RRM/ros2_ws/install/abb_moveit_config/share/abb_moveit_config/config/moveit.rviz
[0.255s] -- Up-to-date: /home/dominik/RRM/ros2_ws/install/abb_moveit_config/share/abb_moveit_config/.setup_assistant
[0.258s] Invoked command in '/home/dominik/RRM/ros2_ws/build/abb_moveit_config' returned '0': CMAKE_PREFIX_PATH=/home/dominik/RRM/ros2_ws/install/abb_model:/home/dominik/RRM/ros2_ws/install/zad2:/home/dominik/RRM/ros2_ws/install/trajectory_visualization:/home/dominik/RRM/ros2_ws/install/surani_interface:/home/dominik/RRM/ros2_ws/install/block1_surani:/home/dominik/RRM/ros2_ws/install/rrm_simple_robot_model:/home/dominik/RRM/ros2_ws/install/rrm_sim:/home/dominik/RRM/ros2_ws/install/block1_suraniV2:/home/dominik/RRM/ros2_ws/install/rrm_msgs:/home/dominik/RRM/ros2_ws/install/ik_solver_example:/home/dominik/RRM/ros2_ws/install/eigen_example:/home/dominik/RRM/ros2_ws/install/cv1:/home/dominik/RRM/ros2_ws/install/abb_moveit_config:/home/dominik/RRM/ros2_ws/install/abb_irb4600_ikfast:/home/dominik/RRM/ros2_ws/install/Surani_interface:/home/dominik/RRM/zad1/install/zad1:/opt/ros/jazzy/opt/sdformat_vendor:/opt/ros/jazzy/opt/gz_math_vendor:/opt/ros/jazzy/opt/gz_utils_vendor:/opt/ros/jazzy/opt/gz_tools_vendor:/opt/ros/jazzy/opt/gz_cmake_vendor:/opt/ros/jazzy DEBUGINFOD_URLS=https://debuginfod.ubuntu.com /usr/bin/cmake --install /home/dominik/RRM/ros2_ws/build/abb_moveit_config
