[0.193s] DEBUG:colcon:Command line arguments: ['/usr/bin/colcon', 'build']
[0.193s] DEBUG:colcon:Parsed command line arguments: Namespace(log_base=None, log_level=None, verb_name='build', build_base='build', install_base='install', merge_install=False, symlink_install=False, test_result_base=None, continue_on_error=False, executor='parallel', parallel_workers=16, event_handlers=None, ignore_user_meta=False, metas=['./colcon.meta'], base_paths=['.'], packages_ignore=None, packages_ignore_regex=None, paths=None, packages_up_to=None, packages_up_to_regex=None, packages_above=None, packages_above_and_dependencies=None, packages_above_depth=None, packages_select_by_dep=None, packages_skip_by_dep=None, packages_skip_up_to=None, packages_select_build_failed=False, packages_skip_build_finished=False, packages_select_test_failures=False, packages_skip_test_passed=False, packages_select=None, packages_skip=None, packages_select_regex=None, packages_skip_regex=None, packages_start=None, packages_end=None, allow_overriding=[], cmake_args=None, cmake_target=None, cmake_target_skip_unavailable=False, cmake_clean_cache=False, cmake_clean_first=False, cmake_force_configure=False, ament_cmake_args=None, catkin_cmake_args=None, catkin_skip_building_tests=False, mixin_files=None, mixin=None, verb_parser=<colcon_mixin.mixin.mixin_argument.MixinArgumentDecorator object at 0x7fbf7f982390>, verb_extension=<colcon_core.verb.build.BuildVerb object at 0x7fbf7fafff80>, main=<bound method BuildVerb.main of <colcon_core.verb.build.BuildVerb object at 0x7fbf7fafff80>>, mixin_verb=('build',))
[0.268s] Level 1:colcon.colcon_core.package_discovery:discover_packages(colcon_meta) check parameters
[0.268s] Level 1:colcon.colcon_core.package_discovery:discover_packages(recursive) check parameters
[0.268s] Level 1:colcon.colcon_core.package_discovery:discover_packages(ignore) check parameters
[0.268s] Level 1:colcon.colcon_core.package_discovery:discover_packages(path) check parameters
[0.268s] Level 1:colcon.colcon_core.package_discovery:discover_packages(colcon_meta) discover
[0.268s] Level 1:colcon.colcon_core.package_discovery:discover_packages(recursive) discover
[0.268s] INFO:colcon.colcon_core.package_discovery:Crawling recursively for packages in '/home/dominik/RRM/ros2_ws'
[0.268s] Level 1:colcon.colcon_core.package_identification:_identify(.) by extensions ['ignore', 'ignore_ament_install']
[0.269s] Level 1:colcon.colcon_core.package_identification:_identify(.) by extension 'ignore'
[0.269s] Level 1:colcon.colcon_core.package_identification:_identify(.) by extension 'ignore_ament_install'
[0.269s] Level 1:colcon.colcon_core.package_identification:_identify(.) by extensions ['colcon_pkg']
[0.269s] Level 1:colcon.colcon_core.package_identification:_identify(.) by extension 'colcon_pkg'
[0.269s] Level 1:colcon.colcon_core.package_identification:_identify(.) by extensions ['colcon_meta']
[0.269s] Level 1:colcon.colcon_core.package_identification:_identify(.) by extension 'colcon_meta'
[0.269s] Level 1:colcon.colcon_core.package_identification:_identify(.) by extensions ['ros']
[0.269s] Level 1:colcon.colcon_core.package_identification:_identify(.) by extension 'ros'
[0.306s] Level 1:colcon.colcon_core.package_identification:_identify(.) by extensions ['cmake', 'python']
[0.306s] Level 1:colcon.colcon_core.package_identification:_identify(.) by extension 'cmake'
[0.306s] Level 1:colcon.colcon_core.package_identification:_identify(.) by extension 'python'
[0.306s] Level 1:colcon.colcon_core.package_identification:_identify(.) by extensions ['python_setup_py']
[0.306s] Level 1:colcon.colcon_core.package_identification:_identify(.) by extension 'python_setup_py'
[0.307s] Level 1:colcon.colcon_core.package_identification:_identify(build) by extensions ['ignore', 'ignore_ament_install']
[0.307s] Level 1:colcon.colcon_core.package_identification:_identify(build) by extension 'ignore'
[0.307s] Level 1:colcon.colcon_core.package_identification:_identify(build) ignored
[0.307s] Level 1:colcon.colcon_core.package_identification:_identify(install) by extensions ['ignore', 'ignore_ament_install']
[0.307s] Level 1:colcon.colcon_core.package_identification:_identify(install) by extension 'ignore'
[0.307s] Level 1:colcon.colcon_core.package_identification:_identify(install) ignored
[0.307s] Level 1:colcon.colcon_core.package_identification:_identify(log) by extensions ['ignore', 'ignore_ament_install']
[0.307s] Level 1:colcon.colcon_core.package_identification:_identify(log) by extension 'ignore'
[0.308s] Level 1:colcon.colcon_core.package_identification:_identify(log) ignored
[0.308s] Level 1:colcon.colcon_core.package_identification:_identify(src) by extensions ['ignore', 'ignore_ament_install']
[0.308s] Level 1:colcon.colcon_core.package_identification:_identify(src) by extension 'ignore'
[0.308s] Level 1:colcon.colcon_core.package_identification:_identify(src) by extension 'ignore_ament_install'
[0.308s] Level 1:colcon.colcon_core.package_identification:_identify(src) by extensions ['colcon_pkg']
[0.308s] Level 1:colcon.colcon_core.package_identification:_identify(src) by extension 'colcon_pkg'
[0.308s] Level 1:colcon.colcon_core.package_identification:_identify(src) by extensions ['colcon_meta']
[0.308s] Level 1:colcon.colcon_core.package_identification:_identify(src) by extension 'colcon_meta'
[0.308s] Level 1:colcon.colcon_core.package_identification:_identify(src) by extensions ['ros']
[0.308s] Level 1:colcon.colcon_core.package_identification:_identify(src) by extension 'ros'
[0.308s] Level 1:colcon.colcon_core.package_identification:_identify(src) by extensions ['cmake', 'python']
[0.308s] Level 1:colcon.colcon_core.package_identification:_identify(src) by extension 'cmake'
[0.308s] Level 1:colcon.colcon_core.package_identification:_identify(src) by extension 'python'
[0.309s] Level 1:colcon.colcon_core.package_identification:_identify(src) by extensions ['python_setup_py']
[0.309s] Level 1:colcon.colcon_core.package_identification:_identify(src) by extension 'python_setup_py'
[0.309s] Level 1:colcon.colcon_core.package_identification:_identify(src/block1_surani) by extensions ['ignore', 'ignore_ament_install']
[0.309s] Level 1:colcon.colcon_core.package_identification:_identify(src/block1_surani) by extension 'ignore'
[0.309s] Level 1:colcon.colcon_core.package_identification:_identify(src/block1_surani) by extension 'ignore_ament_install'
[0.309s] Level 1:colcon.colcon_core.package_identification:_identify(src/block1_surani) by extensions ['colcon_pkg']
[0.309s] Level 1:colcon.colcon_core.package_identification:_identify(src/block1_surani) by extension 'colcon_pkg'
[0.309s] Level 1:colcon.colcon_core.package_identification:_identify(src/block1_surani) by extensions ['colcon_meta']
[0.309s] Level 1:colcon.colcon_core.package_identification:_identify(src/block1_surani) by extension 'colcon_meta'
[0.309s] Level 1:colcon.colcon_core.package_identification:_identify(src/block1_surani) by extensions ['ros']
[0.309s] Level 1:colcon.colcon_core.package_identification:_identify(src/block1_surani) by extension 'ros'
[0.314s] DEBUG:colcon.colcon_core.package_identification:Package 'src/block1_surani' with type 'ros.ament_cmake' and name 'block1_surani'
[0.315s] Level 1:colcon.colcon_core.package_identification:_identify(src/cv1) by extensions ['ignore', 'ignore_ament_install']
[0.315s] Level 1:colcon.colcon_core.package_identification:_identify(src/cv1) by extension 'ignore'
[0.315s] Level 1:colcon.colcon_core.package_identification:_identify(src/cv1) by extension 'ignore_ament_install'
[0.315s] Level 1:colcon.colcon_core.package_identification:_identify(src/cv1) by extensions ['colcon_pkg']
[0.315s] Level 1:colcon.colcon_core.package_identification:_identify(src/cv1) by extension 'colcon_pkg'
[0.315s] Level 1:colcon.colcon_core.package_identification:_identify(src/cv1) by extensions ['colcon_meta']
[0.315s] Level 1:colcon.colcon_core.package_identification:_identify(src/cv1) by extension 'colcon_meta'
[0.315s] Level 1:colcon.colcon_core.package_identification:_identify(src/cv1) by extensions ['ros']
[0.315s] Level 1:colcon.colcon_core.package_identification:_identify(src/cv1) by extension 'ros'
[0.316s] DEBUG:colcon.colcon_core.package_identification:Package 'src/cv1' with type 'ros.ament_cmake' and name 'cv1'
[0.317s] Level 1:colcon.colcon_core.package_identification:_identify(src/rrm) by extensions ['ignore', 'ignore_ament_install']
[0.317s] Level 1:colcon.colcon_core.package_identification:_identify(src/rrm) by extension 'ignore'
[0.317s] Level 1:colcon.colcon_core.package_identification:_identify(src/rrm) by extension 'ignore_ament_install'
[0.317s] Level 1:colcon.colcon_core.package_identification:_identify(src/rrm) by extensions ['colcon_pkg']
[0.317s] Level 1:colcon.colcon_core.package_identification:_identify(src/rrm) by extension 'colcon_pkg'
[0.317s] Level 1:colcon.colcon_core.package_identification:_identify(src/rrm) by extensions ['colcon_meta']
[0.317s] Level 1:colcon.colcon_core.package_identification:_identify(src/rrm) by extension 'colcon_meta'
[0.317s] Level 1:colcon.colcon_core.package_identification:_identify(src/rrm) by extensions ['ros']
[0.317s] Level 1:colcon.colcon_core.package_identification:_identify(src/rrm) by extension 'ros'
[0.317s] Level 1:colcon.colcon_core.package_identification:_identify(src/rrm) by extensions ['cmake', 'python']
[0.317s] Level 1:colcon.colcon_core.package_identification:_identify(src/rrm) by extension 'cmake'
[0.317s] Level 1:colcon.colcon_core.package_identification:_identify(src/rrm) by extension 'python'
[0.318s] Level 1:colcon.colcon_core.package_identification:_identify(src/rrm) by extensions ['python_setup_py']
[0.318s] Level 1:colcon.colcon_core.package_identification:_identify(src/rrm) by extension 'python_setup_py'
[0.318s] Level 1:colcon.colcon_core.package_identification:_identify(src/rrm/rrm_msgs) by extensions ['ignore', 'ignore_ament_install']
[0.318s] Level 1:colcon.colcon_core.package_identification:_identify(src/rrm/rrm_msgs) by extension 'ignore'
[0.318s] Level 1:colcon.colcon_core.package_identification:_identify(src/rrm/rrm_msgs) by extension 'ignore_ament_install'
[0.318s] Level 1:colcon.colcon_core.package_identification:_identify(src/rrm/rrm_msgs) by extensions ['colcon_pkg']
[0.318s] Level 1:colcon.colcon_core.package_identification:_identify(src/rrm/rrm_msgs) by extension 'colcon_pkg'
[0.318s] Level 1:colcon.colcon_core.package_identification:_identify(src/rrm/rrm_msgs) by extensions ['colcon_meta']
[0.318s] Level 1:colcon.colcon_core.package_identification:_identify(src/rrm/rrm_msgs) by extension 'colcon_meta'
[0.318s] Level 1:colcon.colcon_core.package_identification:_identify(src/rrm/rrm_msgs) by extensions ['ros']
[0.318s] Level 1:colcon.colcon_core.package_identification:_identify(src/rrm/rrm_msgs) by extension 'ros'
[0.319s] DEBUG:colcon.colcon_core.package_identification:Package 'src/rrm/rrm_msgs' with type 'ros.ament_cmake' and name 'rrm_msgs'
[0.320s] Level 1:colcon.colcon_core.package_identification:_identify(src/rrm/rrm_sim) by extensions ['ignore', 'ignore_ament_install']
[0.320s] Level 1:colcon.colcon_core.package_identification:_identify(src/rrm/rrm_sim) by extension 'ignore'
[0.320s] Level 1:colcon.colcon_core.package_identification:_identify(src/rrm/rrm_sim) by extension 'ignore_ament_install'
[0.320s] Level 1:colcon.colcon_core.package_identification:_identify(src/rrm/rrm_sim) by extensions ['colcon_pkg']
[0.320s] Level 1:colcon.colcon_core.package_identification:_identify(src/rrm/rrm_sim) by extension 'colcon_pkg'
[0.320s] Level 1:colcon.colcon_core.package_identification:_identify(src/rrm/rrm_sim) by extensions ['colcon_meta']
[0.320s] Level 1:colcon.colcon_core.package_identification:_identify(src/rrm/rrm_sim) by extension 'colcon_meta'
[0.320s] Level 1:colcon.colcon_core.package_identification:_identify(src/rrm/rrm_sim) by extensions ['ros']
[0.320s] Level 1:colcon.colcon_core.package_identification:_identify(src/rrm/rrm_sim) by extension 'ros'
[0.321s] DEBUG:colcon.colcon_core.package_identification:Package 'src/rrm/rrm_sim' with type 'ros.ament_cmake' and name 'rrm_sim'
[0.322s] Level 1:colcon.colcon_core.package_identification:_identify(src/rrm/rrm_simple_robot_model) by extensions ['ignore', 'ignore_ament_install']
[0.322s] Level 1:colcon.colcon_core.package_identification:_identify(src/rrm/rrm_simple_robot_model) by extension 'ignore'
[0.322s] Level 1:colcon.colcon_core.package_identification:_identify(src/rrm/rrm_simple_robot_model) by extension 'ignore_ament_install'
[0.322s] Level 1:colcon.colcon_core.package_identification:_identify(src/rrm/rrm_simple_robot_model) by extensions ['colcon_pkg']
[0.322s] Level 1:colcon.colcon_core.package_identification:_identify(src/rrm/rrm_simple_robot_model) by extension 'colcon_pkg'
[0.322s] Level 1:colcon.colcon_core.package_identification:_identify(src/rrm/rrm_simple_robot_model) by extensions ['colcon_meta']
[0.322s] Level 1:colcon.colcon_core.package_identification:_identify(src/rrm/rrm_simple_robot_model) by extension 'colcon_meta'
[0.322s] Level 1:colcon.colcon_core.package_identification:_identify(src/rrm/rrm_simple_robot_model) by extensions ['ros']
[0.322s] Level 1:colcon.colcon_core.package_identification:_identify(src/rrm/rrm_simple_robot_model) by extension 'ros'
[0.323s] DEBUG:colcon.colcon_core.package_identification:Package 'src/rrm/rrm_simple_robot_model' with type 'ros.ament_cmake' and name 'rrm_simple_robot_model'
[0.323s] Level 1:colcon.colcon_core.package_discovery:discover_packages(recursive) using defaults
[0.323s] Level 1:colcon.colcon_core.package_discovery:discover_packages(ignore) discover
[0.323s] Level 1:colcon.colcon_core.package_discovery:discover_packages(ignore) using defaults
[0.323s] Level 1:colcon.colcon_core.package_discovery:discover_packages(path) discover
[0.323s] Level 1:colcon.colcon_core.package_discovery:discover_packages(path) using defaults
[0.355s] Level 1:colcon.colcon_core.package_discovery:discover_packages(prefix_path) check parameters
[0.355s] Level 1:colcon.colcon_core.package_discovery:discover_packages(prefix_path) discover
[0.361s] DEBUG:colcon.colcon_installed_package_information.package_discovery:Found 1 installed packages in /home/dominik/RRM/zad1/install
[0.362s] DEBUG:colcon.colcon_installed_package_information.package_discovery:Found 5 installed packages in /home/dominik/RRM/ros2_ws/install
[0.364s] DEBUG:colcon.colcon_installed_package_information.package_discovery:Found 285 installed packages in /opt/ros/jazzy
[0.365s] Level 1:colcon.colcon_core.package_discovery:discover_packages(prefix_path) using defaults
[0.429s] Level 5:colcon.colcon_core.verb:set package 'cv1' build argument 'cmake_args' from command line to 'None'
[0.429s] Level 5:colcon.colcon_core.verb:set package 'cv1' build argument 'cmake_target' from command line to 'None'
[0.429s] Level 5:colcon.colcon_core.verb:set package 'cv1' build argument 'cmake_target_skip_unavailable' from command line to 'False'
[0.429s] Level 5:colcon.colcon_core.verb:set package 'cv1' build argument 'cmake_clean_cache' from command line to 'False'
[0.429s] Level 5:colcon.colcon_core.verb:set package 'cv1' build argument 'cmake_clean_first' from command line to 'False'
[0.429s] Level 5:colcon.colcon_core.verb:set package 'cv1' build argument 'cmake_force_configure' from command line to 'False'
[0.429s] Level 5:colcon.colcon_core.verb:set package 'cv1' build argument 'ament_cmake_args' from command line to 'None'
[0.429s] Level 5:colcon.colcon_core.verb:set package 'cv1' build argument 'catkin_cmake_args' from command line to 'None'
[0.429s] Level 5:colcon.colcon_core.verb:set package 'cv1' build argument 'catkin_skip_building_tests' from command line to 'False'
[0.429s] DEBUG:colcon.colcon_core.verb:Building package 'cv1' with the following arguments: {'ament_cmake_args': None, 'build_base': '/home/dominik/RRM/ros2_ws/build/cv1', 'catkin_cmake_args': None, 'catkin_skip_building_tests': False, 'cmake_args': None, 'cmake_clean_cache': False, 'cmake_clean_first': False, 'cmake_force_configure': False, 'cmake_target': None, 'cmake_target_skip_unavailable': False, 'install_base': '/home/dominik/RRM/ros2_ws/install/cv1', 'merge_install': False, 'path': '/home/dominik/RRM/ros2_ws/src/cv1', 'symlink_install': False, 'test_result_base': None}
[0.430s] Level 5:colcon.colcon_core.verb:set package 'rrm_msgs' build argument 'cmake_args' from command line to 'None'
[0.430s] Level 5:colcon.colcon_core.verb:set package 'rrm_msgs' build argument 'cmake_target' from command line to 'None'
[0.430s] Level 5:colcon.colcon_core.verb:set package 'rrm_msgs' build argument 'cmake_target_skip_unavailable' from command line to 'False'
[0.430s] Level 5:colcon.colcon_core.verb:set package 'rrm_msgs' build argument 'cmake_clean_cache' from command line to 'False'
[0.430s] Level 5:colcon.colcon_core.verb:set package 'rrm_msgs' build argument 'cmake_clean_first' from command line to 'False'
[0.430s] Level 5:colcon.colcon_core.verb:set package 'rrm_msgs' build argument 'cmake_force_configure' from command line to 'False'
[0.430s] Level 5:colcon.colcon_core.verb:set package 'rrm_msgs' build argument 'ament_cmake_args' from command line to 'None'
[0.430s] Level 5:colcon.colcon_core.verb:set package 'rrm_msgs' build argument 'catkin_cmake_args' from command line to 'None'
[0.430s] Level 5:colcon.colcon_core.verb:set package 'rrm_msgs' build argument 'catkin_skip_building_tests' from command line to 'False'
[0.430s] DEBUG:colcon.colcon_core.verb:Building package 'rrm_msgs' with the following arguments: {'ament_cmake_args': None, 'build_base': '/home/dominik/RRM/ros2_ws/build/rrm_msgs', 'catkin_cmake_args': None, 'catkin_skip_building_tests': False, 'cmake_args': None, 'cmake_clean_cache': False, 'cmake_clean_first': False, 'cmake_force_configure': False, 'cmake_target': None, 'cmake_target_skip_unavailable': False, 'install_base': '/home/dominik/RRM/ros2_ws/install/rrm_msgs', 'merge_install': False, 'path': '/home/dominik/RRM/ros2_ws/src/rrm/rrm_msgs', 'symlink_install': False, 'test_result_base': None}
[0.430s] Level 5:colcon.colcon_core.verb:set package 'rrm_simple_robot_model' build argument 'cmake_args' from command line to 'None'
[0.431s] Level 5:colcon.colcon_core.verb:set package 'rrm_simple_robot_model' build argument 'cmake_target' from command line to 'None'
[0.431s] Level 5:colcon.colcon_core.verb:set package 'rrm_simple_robot_model' build argument 'cmake_target_skip_unavailable' from command line to 'False'
[0.431s] Level 5:colcon.colcon_core.verb:set package 'rrm_simple_robot_model' build argument 'cmake_clean_cache' from command line to 'False'
[0.431s] Level 5:colcon.colcon_core.verb:set package 'rrm_simple_robot_model' build argument 'cmake_clean_first' from command line to 'False'
[0.431s] Level 5:colcon.colcon_core.verb:set package 'rrm_simple_robot_model' build argument 'cmake_force_configure' from command line to 'False'
[0.431s] Level 5:colcon.colcon_core.verb:set package 'rrm_simple_robot_model' build argument 'ament_cmake_args' from command line to 'None'
[0.431s] Level 5:colcon.colcon_core.verb:set package 'rrm_simple_robot_model' build argument 'catkin_cmake_args' from command line to 'None'
[0.431s] Level 5:colcon.colcon_core.verb:set package 'rrm_simple_robot_model' build argument 'catkin_skip_building_tests' from command line to 'False'
[0.431s] DEBUG:colcon.colcon_core.verb:Building package 'rrm_simple_robot_model' with the following arguments: {'ament_cmake_args': None, 'build_base': '/home/dominik/RRM/ros2_ws/build/rrm_simple_robot_model', 'catkin_cmake_args': None, 'catkin_skip_building_tests': False, 'cmake_args': None, 'cmake_clean_cache': False, 'cmake_clean_first': False, 'cmake_force_configure': False, 'cmake_target': None, 'cmake_target_skip_unavailable': False, 'install_base': '/home/dominik/RRM/ros2_ws/install/rrm_simple_robot_model', 'merge_install': False, 'path': '/home/dominik/RRM/ros2_ws/src/rrm/rrm_simple_robot_model', 'symlink_install': False, 'test_result_base': None}
[0.431s] Level 5:colcon.colcon_core.verb:set package 'block1_surani' build argument 'cmake_args' from command line to 'None'
[0.431s] Level 5:colcon.colcon_core.verb:set package 'block1_surani' build argument 'cmake_target' from command line to 'None'
[0.431s] Level 5:colcon.colcon_core.verb:set package 'block1_surani' build argument 'cmake_target_skip_unavailable' from command line to 'False'
[0.431s] Level 5:colcon.colcon_core.verb:set package 'block1_surani' build argument 'cmake_clean_cache' from command line to 'False'
[0.431s] Level 5:colcon.colcon_core.verb:set package 'block1_surani' build argument 'cmake_clean_first' from command line to 'False'
[0.431s] Level 5:colcon.colcon_core.verb:set package 'block1_surani' build argument 'cmake_force_configure' from command line to 'False'
[0.431s] Level 5:colcon.colcon_core.verb:set package 'block1_surani' build argument 'ament_cmake_args' from command line to 'None'
[0.431s] Level 5:colcon.colcon_core.verb:set package 'block1_surani' build argument 'catkin_cmake_args' from command line to 'None'
[0.431s] Level 5:colcon.colcon_core.verb:set package 'block1_surani' build argument 'catkin_skip_building_tests' from command line to 'False'
[0.431s] DEBUG:colcon.colcon_core.verb:Building package 'block1_surani' with the following arguments: {'ament_cmake_args': None, 'build_base': '/home/dominik/RRM/ros2_ws/build/block1_surani', 'catkin_cmake_args': None, 'catkin_skip_building_tests': False, 'cmake_args': None, 'cmake_clean_cache': False, 'cmake_clean_first': False, 'cmake_force_configure': False, 'cmake_target': None, 'cmake_target_skip_unavailable': False, 'install_base': '/home/dominik/RRM/ros2_ws/install/block1_surani', 'merge_install': False, 'path': '/home/dominik/RRM/ros2_ws/src/block1_surani', 'symlink_install': False, 'test_result_base': None}
[0.432s] Level 5:colcon.colcon_core.verb:set package 'rrm_sim' build argument 'cmake_args' from command line to 'None'
[0.432s] Level 5:colcon.colcon_core.verb:set package 'rrm_sim' build argument 'cmake_target' from command line to 'None'
[0.432s] Level 5:colcon.colcon_core.verb:set package 'rrm_sim' build argument 'cmake_target_skip_unavailable' from command line to 'False'
[0.432s] Level 5:colcon.colcon_core.verb:set package 'rrm_sim' build argument 'cmake_clean_cache' from command line to 'False'
[0.432s] Level 5:colcon.colcon_core.verb:set package 'rrm_sim' build argument 'cmake_clean_first' from command line to 'False'
[0.432s] Level 5:colcon.colcon_core.verb:set package 'rrm_sim' build argument 'cmake_force_configure' from command line to 'False'
[0.432s] Level 5:colcon.colcon_core.verb:set package 'rrm_sim' build argument 'ament_cmake_args' from command line to 'None'
[0.432s] Level 5:colcon.colcon_core.verb:set package 'rrm_sim' build argument 'catkin_cmake_args' from command line to 'None'
[0.432s] Level 5:colcon.colcon_core.verb:set package 'rrm_sim' build argument 'catkin_skip_building_tests' from command line to 'False'
[0.432s] DEBUG:colcon.colcon_core.verb:Building package 'rrm_sim' with the following arguments: {'ament_cmake_args': None, 'build_base': '/home/dominik/RRM/ros2_ws/build/rrm_sim', 'catkin_cmake_args': None, 'catkin_skip_building_tests': False, 'cmake_args': None, 'cmake_clean_cache': False, 'cmake_clean_first': False, 'cmake_force_configure': False, 'cmake_target': None, 'cmake_target_skip_unavailable': False, 'install_base': '/home/dominik/RRM/ros2_ws/install/rrm_sim', 'merge_install': False, 'path': '/home/dominik/RRM/ros2_ws/src/rrm/rrm_sim', 'symlink_install': False, 'test_result_base': None}
[0.432s] INFO:colcon.colcon_core.executor:Executing jobs using 'parallel' executor
[0.433s] DEBUG:colcon.colcon_parallel_executor.executor.parallel:run_until_complete
[0.434s] INFO:colcon.colcon_ros.task.ament_cmake.build:Building ROS package in '/home/dominik/RRM/ros2_ws/src/rrm/rrm_msgs' with build type 'ament_cmake'
[0.434s] INFO:colcon.colcon_cmake.task.cmake.build:Building CMake package in '/home/dominik/RRM/ros2_ws/src/rrm/rrm_msgs'
[0.440s] INFO:colcon.colcon_core.plugin_system:Skipping extension 'colcon_core.shell.bat': Not used on non-Windows systems
[0.440s] INFO:colcon.colcon_core.shell:Skip shell extension 'powershell' for command environment: Not usable outside of PowerShell
[0.440s] DEBUG:colcon.colcon_core.shell:Skip shell extension 'dsv' for command environment
[0.446s] INFO:colcon.colcon_ros.task.ament_cmake.build:Building ROS package in '/home/dominik/RRM/ros2_ws/src/cv1' with build type 'ament_cmake'
[0.446s] INFO:colcon.colcon_cmake.task.cmake.build:Building CMake package in '/home/dominik/RRM/ros2_ws/src/cv1'
[0.446s] INFO:colcon.colcon_core.shell:Skip shell extension 'powershell' for command environment: Not usable outside of PowerShell
[0.446s] DEBUG:colcon.colcon_core.shell:Skip shell extension 'dsv' for command environment
[0.452s] INFO:colcon.colcon_ros.task.ament_cmake.build:Building ROS package in '/home/dominik/RRM/ros2_ws/src/rrm/rrm_simple_robot_model' with build type 'ament_cmake'
[0.452s] INFO:colcon.colcon_cmake.task.cmake.build:Building CMake package in '/home/dominik/RRM/ros2_ws/src/rrm/rrm_simple_robot_model'
[0.453s] INFO:colcon.colcon_core.shell:Skip shell extension 'powershell' for command environment: Not usable outside of PowerShell
[0.453s] DEBUG:colcon.colcon_core.shell:Skip shell extension 'dsv' for command environment
[0.467s] DEBUG:colcon.colcon_core.event_handler.log_command:Invoking command in '/home/dominik/RRM/ros2_ws/build/rrm_msgs': CMAKE_PREFIX_PATH=${CMAKE_PREFIX_PATH}:/opt/ros/jazzy DEBUGINFOD_URLS=https://debuginfod.ubuntu.com /usr/bin/cmake --build /home/dominik/RRM/ros2_ws/build/rrm_msgs -- -j16 -l16
[0.472s] DEBUG:colcon.colcon_core.event_handler.log_command:Invoking command in '/home/dominik/RRM/ros2_ws/build/cv1': CMAKE_PREFIX_PATH=${CMAKE_PREFIX_PATH}:/opt/ros/jazzy DEBUGINFOD_URLS=https://debuginfod.ubuntu.com /usr/bin/cmake --build /home/dominik/RRM/ros2_ws/build/cv1 -- -j16 -l16
[0.478s] DEBUG:colcon.colcon_core.event_handler.log_command:Invoking command in '/home/dominik/RRM/ros2_ws/build/rrm_simple_robot_model': CMAKE_PREFIX_PATH=${CMAKE_PREFIX_PATH}:/opt/ros/jazzy DEBUGINFOD_URLS=https://debuginfod.ubuntu.com /usr/bin/cmake --build /home/dominik/RRM/ros2_ws/build/rrm_simple_robot_model -- -j16 -l16
[0.554s] DEBUG:colcon.colcon_core.event_handler.log_command:Invoked command in '/home/dominik/RRM/ros2_ws/build/rrm_simple_robot_model' returned '0': CMAKE_PREFIX_PATH=${CMAKE_PREFIX_PATH}:/opt/ros/jazzy DEBUGINFOD_URLS=https://debuginfod.ubuntu.com /usr/bin/cmake --build /home/dominik/RRM/ros2_ws/build/rrm_simple_robot_model -- -j16 -l16
[0.605s] DEBUG:colcon.colcon_core.event_handler.log_command:Invoking command in '/home/dominik/RRM/ros2_ws/build/rrm_simple_robot_model': CMAKE_PREFIX_PATH=${CMAKE_PREFIX_PATH}:/opt/ros/jazzy DEBUGINFOD_URLS=https://debuginfod.ubuntu.com /usr/bin/cmake --install /home/dominik/RRM/ros2_ws/build/rrm_simple_robot_model
[0.623s] DEBUG:colcon.colcon_core.event_handler.log_command:Invoked command in '/home/dominik/RRM/ros2_ws/build/cv1' returned '0': CMAKE_PREFIX_PATH=${CMAKE_PREFIX_PATH}:/opt/ros/jazzy DEBUGINFOD_URLS=https://debuginfod.ubuntu.com /usr/bin/cmake --build /home/dominik/RRM/ros2_ws/build/cv1 -- -j16 -l16
[0.624s] Level 1:colcon.colcon_core.environment:create_environment_scripts_only(rrm_simple_robot_model)
[0.625s] DEBUG:colcon.colcon_core.event_handler.log_command:Invoked command in '/home/dominik/RRM/ros2_ws/build/rrm_simple_robot_model' returned '0': CMAKE_PREFIX_PATH=${CMAKE_PREFIX_PATH}:/opt/ros/jazzy DEBUGINFOD_URLS=https://debuginfod.ubuntu.com /usr/bin/cmake --install /home/dominik/RRM/ros2_ws/build/rrm_simple_robot_model
[0.632s] Level 1:colcon.colcon_core.environment:checking '/home/dominik/RRM/ros2_ws/install/rrm_simple_robot_model' for CMake module files
[0.633s] Level 1:colcon.colcon_core.environment:checking '/home/dominik/RRM/ros2_ws/install/rrm_simple_robot_model' for CMake config files
[0.634s] Level 1:colcon.colcon_core.shell:create_environment_hook('rrm_simple_robot_model', 'cmake_prefix_path')
[0.634s] INFO:colcon.colcon_core.shell:Creating environment hook '/home/dominik/RRM/ros2_ws/install/rrm_simple_robot_model/share/rrm_simple_robot_model/hook/cmake_prefix_path.ps1'
[0.636s] INFO:colcon.colcon_core.shell:Creating environment descriptor '/home/dominik/RRM/ros2_ws/install/rrm_simple_robot_model/share/rrm_simple_robot_model/hook/cmake_prefix_path.dsv'
[0.637s] INFO:colcon.colcon_core.shell:Creating environment hook '/home/dominik/RRM/ros2_ws/install/rrm_simple_robot_model/share/rrm_simple_robot_model/hook/cmake_prefix_path.sh'
[0.638s] Level 1:colcon.colcon_core.environment:checking '/home/dominik/RRM/ros2_ws/install/rrm_simple_robot_model/bin'
[0.638s] Level 1:colcon.colcon_core.environment:checking '/home/dominik/RRM/ros2_ws/install/rrm_simple_robot_model/lib/pkgconfig/rrm_simple_robot_model.pc'
[0.639s] Level 1:colcon.colcon_core.environment:checking '/home/dominik/RRM/ros2_ws/install/rrm_simple_robot_model/lib/python3.12/site-packages'
[0.639s] Level 1:colcon.colcon_core.environment:checking '/home/dominik/RRM/ros2_ws/install/rrm_simple_robot_model/bin'
[0.640s] INFO:colcon.colcon_core.shell:Creating package script '/home/dominik/RRM/ros2_ws/install/rrm_simple_robot_model/share/rrm_simple_robot_model/package.ps1'
[0.641s] INFO:colcon.colcon_core.shell:Creating package descriptor '/home/dominik/RRM/ros2_ws/install/rrm_simple_robot_model/share/rrm_simple_robot_model/package.dsv'
[0.642s] INFO:colcon.colcon_core.shell:Creating package script '/home/dominik/RRM/ros2_ws/install/rrm_simple_robot_model/share/rrm_simple_robot_model/package.sh'
[0.643s] INFO:colcon.colcon_core.shell:Creating package script '/home/dominik/RRM/ros2_ws/install/rrm_simple_robot_model/share/rrm_simple_robot_model/package.bash'
[0.645s] INFO:colcon.colcon_core.shell:Creating package script '/home/dominik/RRM/ros2_ws/install/rrm_simple_robot_model/share/rrm_simple_robot_model/package.zsh'
[0.646s] Level 1:colcon.colcon_core.environment:create_file_with_runtime_dependencies(/home/dominik/RRM/ros2_ws/install/rrm_simple_robot_model/share/colcon-core/packages/rrm_simple_robot_model)
[0.666s] DEBUG:colcon.colcon_core.event_handler.log_command:Invoking command in '/home/dominik/RRM/ros2_ws/build/cv1': CMAKE_PREFIX_PATH=${CMAKE_PREFIX_PATH}:/opt/ros/jazzy DEBUGINFOD_URLS=https://debuginfod.ubuntu.com /usr/bin/cmake --install /home/dominik/RRM/ros2_ws/build/cv1
[0.683s] Level 1:colcon.colcon_core.environment:create_environment_scripts_only(rrm_simple_robot_model)
[0.684s] Level 1:colcon.colcon_core.environment:checking '/home/dominik/RRM/ros2_ws/install/rrm_simple_robot_model' for CMake module files
[0.685s] Level 1:colcon.colcon_core.environment:checking '/home/dominik/RRM/ros2_ws/install/rrm_simple_robot_model' for CMake config files
[0.685s] Level 1:colcon.colcon_core.shell:create_environment_hook('rrm_simple_robot_model', 'cmake_prefix_path')
[0.686s] INFO:colcon.colcon_core.shell:Creating environment hook '/home/dominik/RRM/ros2_ws/install/rrm_simple_robot_model/share/rrm_simple_robot_model/hook/cmake_prefix_path.ps1'
[0.686s] INFO:colcon.colcon_core.shell:Creating environment descriptor '/home/dominik/RRM/ros2_ws/install/rrm_simple_robot_model/share/rrm_simple_robot_model/hook/cmake_prefix_path.dsv'
[0.687s] INFO:colcon.colcon_core.shell:Creating environment hook '/home/dominik/RRM/ros2_ws/install/rrm_simple_robot_model/share/rrm_simple_robot_model/hook/cmake_prefix_path.sh'
[0.687s] Level 1:colcon.colcon_core.environment:checking '/home/dominik/RRM/ros2_ws/install/rrm_simple_robot_model/bin'
[0.687s] Level 1:colcon.colcon_core.environment:checking '/home/dominik/RRM/ros2_ws/install/rrm_simple_robot_model/lib/pkgconfig/rrm_simple_robot_model.pc'
[0.688s] Level 1:colcon.colcon_core.environment:checking '/home/dominik/RRM/ros2_ws/install/rrm_simple_robot_model/lib/python3.12/site-packages'
[0.688s] Level 1:colcon.colcon_core.environment:checking '/home/dominik/RRM/ros2_ws/install/rrm_simple_robot_model/bin'
[0.688s] INFO:colcon.colcon_core.shell:Creating package script '/home/dominik/RRM/ros2_ws/install/rrm_simple_robot_model/share/rrm_simple_robot_model/package.ps1'
[0.689s] INFO:colcon.colcon_core.shell:Creating package descriptor '/home/dominik/RRM/ros2_ws/install/rrm_simple_robot_model/share/rrm_simple_robot_model/package.dsv'
[0.690s] INFO:colcon.colcon_core.shell:Creating package script '/home/dominik/RRM/ros2_ws/install/rrm_simple_robot_model/share/rrm_simple_robot_model/package.sh'
[0.690s] INFO:colcon.colcon_core.shell:Creating package script '/home/dominik/RRM/ros2_ws/install/rrm_simple_robot_model/share/rrm_simple_robot_model/package.bash'
[0.691s] INFO:colcon.colcon_core.shell:Creating package script '/home/dominik/RRM/ros2_ws/install/rrm_simple_robot_model/share/rrm_simple_robot_model/package.zsh'
[0.691s] Level 1:colcon.colcon_core.environment:create_file_with_runtime_dependencies(/home/dominik/RRM/ros2_ws/install/rrm_simple_robot_model/share/colcon-core/packages/rrm_simple_robot_model)
[0.693s] Level 1:colcon.colcon_core.environment:create_environment_scripts_only(cv1)
[0.693s] Level 1:colcon.colcon_core.environment:checking '/home/dominik/RRM/ros2_ws/install/cv1' for CMake module files
[0.694s] DEBUG:colcon.colcon_core.event_handler.log_command:Invoked command in '/home/dominik/RRM/ros2_ws/build/cv1' returned '0': CMAKE_PREFIX_PATH=${CMAKE_PREFIX_PATH}:/opt/ros/jazzy DEBUGINFOD_URLS=https://debuginfod.ubuntu.com /usr/bin/cmake --install /home/dominik/RRM/ros2_ws/build/cv1
[0.695s] Level 1:colcon.colcon_core.environment:checking '/home/dominik/RRM/ros2_ws/install/cv1' for CMake config files
[0.695s] Level 1:colcon.colcon_core.shell:create_environment_hook('cv1', 'cmake_prefix_path')
[0.696s] INFO:colcon.colcon_core.shell:Creating environment hook '/home/dominik/RRM/ros2_ws/install/cv1/share/cv1/hook/cmake_prefix_path.ps1'
[0.696s] INFO:colcon.colcon_core.shell:Creating environment descriptor '/home/dominik/RRM/ros2_ws/install/cv1/share/cv1/hook/cmake_prefix_path.dsv'
[0.697s] INFO:colcon.colcon_core.shell:Creating environment hook '/home/dominik/RRM/ros2_ws/install/cv1/share/cv1/hook/cmake_prefix_path.sh'
[0.697s] Level 1:colcon.colcon_core.environment:checking '/home/dominik/RRM/ros2_ws/install/cv1/lib'
[0.698s] Level 1:colcon.colcon_core.environment:checking '/home/dominik/RRM/ros2_ws/install/cv1/bin'
[0.698s] Level 1:colcon.colcon_core.environment:checking '/home/dominik/RRM/ros2_ws/install/cv1/lib/pkgconfig/cv1.pc'
[0.698s] Level 1:colcon.colcon_core.environment:checking '/home/dominik/RRM/ros2_ws/install/cv1/lib/python3.12/site-packages'
[0.698s] Level 1:colcon.colcon_core.environment:checking '/home/dominik/RRM/ros2_ws/install/cv1/bin'
[0.699s] INFO:colcon.colcon_core.shell:Creating package script '/home/dominik/RRM/ros2_ws/install/cv1/share/cv1/package.ps1'
[0.699s] INFO:colcon.colcon_core.shell:Creating package descriptor '/home/dominik/RRM/ros2_ws/install/cv1/share/cv1/package.dsv'
[0.700s] INFO:colcon.colcon_core.shell:Creating package script '/home/dominik/RRM/ros2_ws/install/cv1/share/cv1/package.sh'
[0.701s] INFO:colcon.colcon_core.shell:Creating package script '/home/dominik/RRM/ros2_ws/install/cv1/share/cv1/package.bash'
[0.701s] INFO:colcon.colcon_core.shell:Creating package script '/home/dominik/RRM/ros2_ws/install/cv1/share/cv1/package.zsh'
[0.702s] Level 1:colcon.colcon_core.environment:create_file_with_runtime_dependencies(/home/dominik/RRM/ros2_ws/install/cv1/share/colcon-core/packages/cv1)
[0.751s] Level 1:colcon.colcon_core.environment:create_environment_scripts_only(cv1)
[0.751s] Level 1:colcon.colcon_core.environment:checking '/home/dominik/RRM/ros2_ws/install/cv1' for CMake module files
[0.752s] Level 1:colcon.colcon_core.environment:checking '/home/dominik/RRM/ros2_ws/install/cv1' for CMake config files
[0.752s] Level 1:colcon.colcon_core.shell:create_environment_hook('cv1', 'cmake_prefix_path')
[0.753s] INFO:colcon.colcon_core.shell:Creating environment hook '/home/dominik/RRM/ros2_ws/install/cv1/share/cv1/hook/cmake_prefix_path.ps1'
[0.753s] INFO:colcon.colcon_core.shell:Creating environment descriptor '/home/dominik/RRM/ros2_ws/install/cv1/share/cv1/hook/cmake_prefix_path.dsv'
[0.754s] INFO:colcon.colcon_core.shell:Creating environment hook '/home/dominik/RRM/ros2_ws/install/cv1/share/cv1/hook/cmake_prefix_path.sh'
[0.755s] Level 1:colcon.colcon_core.environment:checking '/home/dominik/RRM/ros2_ws/install/cv1/lib'
[0.755s] Level 1:colcon.colcon_core.environment:checking '/home/dominik/RRM/ros2_ws/install/cv1/bin'
[0.755s] Level 1:colcon.colcon_core.environment:checking '/home/dominik/RRM/ros2_ws/install/cv1/lib/pkgconfig/cv1.pc'
[0.755s] Level 1:colcon.colcon_core.environment:checking '/home/dominik/RRM/ros2_ws/install/cv1/lib/python3.12/site-packages'
[0.756s] Level 1:colcon.colcon_core.environment:checking '/home/dominik/RRM/ros2_ws/install/cv1/bin'
[0.756s] INFO:colcon.colcon_core.shell:Creating package script '/home/dominik/RRM/ros2_ws/install/cv1/share/cv1/package.ps1'
[0.757s] INFO:colcon.colcon_core.shell:Creating package descriptor '/home/dominik/RRM/ros2_ws/install/cv1/share/cv1/package.dsv'
[0.757s] INFO:colcon.colcon_core.shell:Creating package script '/home/dominik/RRM/ros2_ws/install/cv1/share/cv1/package.sh'
[0.758s] INFO:colcon.colcon_core.shell:Creating package script '/home/dominik/RRM/ros2_ws/install/cv1/share/cv1/package.bash'
[0.758s] INFO:colcon.colcon_core.shell:Creating package script '/home/dominik/RRM/ros2_ws/install/cv1/share/cv1/package.zsh'
[0.759s] Level 1:colcon.colcon_core.environment:create_file_with_runtime_dependencies(/home/dominik/RRM/ros2_ws/install/cv1/share/colcon-core/packages/cv1)
[1.138s] DEBUG:colcon.colcon_core.event_handler.log_command:Invoked command in '/home/dominik/RRM/ros2_ws/build/rrm_msgs' returned '0': CMAKE_PREFIX_PATH=${CMAKE_PREFIX_PATH}:/opt/ros/jazzy DEBUGINFOD_URLS=https://debuginfod.ubuntu.com /usr/bin/cmake --build /home/dominik/RRM/ros2_ws/build/rrm_msgs -- -j16 -l16
[1.321s] DEBUG:colcon.colcon_core.event_handler.log_command:Invoking command in '/home/dominik/RRM/ros2_ws/build/rrm_msgs': CMAKE_PREFIX_PATH=${CMAKE_PREFIX_PATH}:/opt/ros/jazzy DEBUGINFOD_URLS=https://debuginfod.ubuntu.com /usr/bin/cmake --install /home/dominik/RRM/ros2_ws/build/rrm_msgs
[1.427s] Level 1:colcon.colcon_core.environment:create_environment_scripts_only(rrm_msgs)
[1.428s] Level 1:colcon.colcon_core.environment:checking '/home/dominik/RRM/ros2_ws/install/rrm_msgs' for CMake module files
[1.429s] DEBUG:colcon.colcon_core.event_handler.log_command:Invoked command in '/home/dominik/RRM/ros2_ws/build/rrm_msgs' returned '0': CMAKE_PREFIX_PATH=${CMAKE_PREFIX_PATH}:/opt/ros/jazzy DEBUGINFOD_URLS=https://debuginfod.ubuntu.com /usr/bin/cmake --install /home/dominik/RRM/ros2_ws/build/rrm_msgs
[1.430s] Level 1:colcon.colcon_core.environment:checking '/home/dominik/RRM/ros2_ws/install/rrm_msgs' for CMake config files
[1.431s] Level 1:colcon.colcon_core.shell:create_environment_hook('rrm_msgs', 'cmake_prefix_path')
[1.431s] INFO:colcon.colcon_core.shell:Creating environment hook '/home/dominik/RRM/ros2_ws/install/rrm_msgs/share/rrm_msgs/hook/cmake_prefix_path.ps1'
[1.432s] INFO:colcon.colcon_core.shell:Creating environment descriptor '/home/dominik/RRM/ros2_ws/install/rrm_msgs/share/rrm_msgs/hook/cmake_prefix_path.dsv'
[1.432s] INFO:colcon.colcon_core.shell:Creating environment hook '/home/dominik/RRM/ros2_ws/install/rrm_msgs/share/rrm_msgs/hook/cmake_prefix_path.sh'
[1.433s] Level 1:colcon.colcon_core.environment:checking '/home/dominik/RRM/ros2_ws/install/rrm_msgs/lib'
[1.433s] Level 1:colcon.colcon_core.shell:create_environment_hook('rrm_msgs', 'ld_library_path_lib')
[1.433s] INFO:colcon.colcon_core.shell:Creating environment hook '/home/dominik/RRM/ros2_ws/install/rrm_msgs/share/rrm_msgs/hook/ld_library_path_lib.ps1'
[1.434s] INFO:colcon.colcon_core.shell:Creating environment descriptor '/home/dominik/RRM/ros2_ws/install/rrm_msgs/share/rrm_msgs/hook/ld_library_path_lib.dsv'
[1.434s] INFO:colcon.colcon_core.shell:Creating environment hook '/home/dominik/RRM/ros2_ws/install/rrm_msgs/share/rrm_msgs/hook/ld_library_path_lib.sh'
[1.435s] Level 1:colcon.colcon_core.environment:checking '/home/dominik/RRM/ros2_ws/install/rrm_msgs/bin'
[1.435s] Level 1:colcon.colcon_core.environment:checking '/home/dominik/RRM/ros2_ws/install/rrm_msgs/lib/pkgconfig/rrm_msgs.pc'
[1.435s] Level 1:colcon.colcon_core.environment:checking '/home/dominik/RRM/ros2_ws/install/rrm_msgs/lib/python3.12/site-packages'
[1.435s] Level 1:colcon.colcon_core.shell:create_environment_hook('rrm_msgs', 'pythonpath')
[1.436s] INFO:colcon.colcon_core.shell:Creating environment hook '/home/dominik/RRM/ros2_ws/install/rrm_msgs/share/rrm_msgs/hook/pythonpath.ps1'
[1.436s] INFO:colcon.colcon_core.shell:Creating environment descriptor '/home/dominik/RRM/ros2_ws/install/rrm_msgs/share/rrm_msgs/hook/pythonpath.dsv'
[1.437s] INFO:colcon.colcon_core.shell:Creating environment hook '/home/dominik/RRM/ros2_ws/install/rrm_msgs/share/rrm_msgs/hook/pythonpath.sh'
[1.437s] Level 1:colcon.colcon_core.environment:checking '/home/dominik/RRM/ros2_ws/install/rrm_msgs/bin'
[1.438s] INFO:colcon.colcon_core.shell:Creating package script '/home/dominik/RRM/ros2_ws/install/rrm_msgs/share/rrm_msgs/package.ps1'
[1.438s] INFO:colcon.colcon_core.shell:Creating package descriptor '/home/dominik/RRM/ros2_ws/install/rrm_msgs/share/rrm_msgs/package.dsv'
[1.439s] INFO:colcon.colcon_core.shell:Creating package script '/home/dominik/RRM/ros2_ws/install/rrm_msgs/share/rrm_msgs/package.sh'
[1.440s] INFO:colcon.colcon_core.shell:Creating package script '/home/dominik/RRM/ros2_ws/install/rrm_msgs/share/rrm_msgs/package.bash'
[1.441s] INFO:colcon.colcon_core.shell:Creating package script '/home/dominik/RRM/ros2_ws/install/rrm_msgs/share/rrm_msgs/package.zsh'
[1.441s] Level 1:colcon.colcon_core.environment:create_file_with_runtime_dependencies(/home/dominik/RRM/ros2_ws/install/rrm_msgs/share/colcon-core/packages/rrm_msgs)
[1.625s] Level 1:colcon.colcon_core.environment:create_environment_scripts_only(rrm_msgs)
[1.625s] Level 1:colcon.colcon_core.environment:checking '/home/dominik/RRM/ros2_ws/install/rrm_msgs' for CMake module files
[1.626s] Level 1:colcon.colcon_core.environment:checking '/home/dominik/RRM/ros2_ws/install/rrm_msgs' for CMake config files
[1.627s] Level 1:colcon.colcon_core.shell:create_environment_hook('rrm_msgs', 'cmake_prefix_path')
[1.627s] INFO:colcon.colcon_core.shell:Creating environment hook '/home/dominik/RRM/ros2_ws/install/rrm_msgs/share/rrm_msgs/hook/cmake_prefix_path.ps1'
[1.627s] INFO:colcon.colcon_core.shell:Creating environment descriptor '/home/dominik/RRM/ros2_ws/install/rrm_msgs/share/rrm_msgs/hook/cmake_prefix_path.dsv'
[1.628s] INFO:colcon.colcon_core.shell:Creating environment hook '/home/dominik/RRM/ros2_ws/install/rrm_msgs/share/rrm_msgs/hook/cmake_prefix_path.sh'
[1.629s] Level 1:colcon.colcon_core.environment:checking '/home/dominik/RRM/ros2_ws/install/rrm_msgs/lib'
[1.629s] Level 1:colcon.colcon_core.shell:create_environment_hook('rrm_msgs', 'ld_library_path_lib')
[1.629s] INFO:colcon.colcon_core.shell:Creating environment hook '/home/dominik/RRM/ros2_ws/install/rrm_msgs/share/rrm_msgs/hook/ld_library_path_lib.ps1'
[1.630s] INFO:colcon.colcon_core.shell:Creating environment descriptor '/home/dominik/RRM/ros2_ws/install/rrm_msgs/share/rrm_msgs/hook/ld_library_path_lib.dsv'
[1.630s] INFO:colcon.colcon_core.shell:Creating environment hook '/home/dominik/RRM/ros2_ws/install/rrm_msgs/share/rrm_msgs/hook/ld_library_path_lib.sh'
[1.631s] Level 1:colcon.colcon_core.environment:checking '/home/dominik/RRM/ros2_ws/install/rrm_msgs/bin'
[1.631s] Level 1:colcon.colcon_core.environment:checking '/home/dominik/RRM/ros2_ws/install/rrm_msgs/lib/pkgconfig/rrm_msgs.pc'
[1.631s] Level 1:colcon.colcon_core.environment:checking '/home/dominik/RRM/ros2_ws/install/rrm_msgs/lib/python3.12/site-packages'
[1.631s] Level 1:colcon.colcon_core.shell:create_environment_hook('rrm_msgs', 'pythonpath')
[1.631s] INFO:colcon.colcon_core.shell:Creating environment hook '/home/dominik/RRM/ros2_ws/install/rrm_msgs/share/rrm_msgs/hook/pythonpath.ps1'
[1.632s] INFO:colcon.colcon_core.shell:Creating environment descriptor '/home/dominik/RRM/ros2_ws/install/rrm_msgs/share/rrm_msgs/hook/pythonpath.dsv'
[1.632s] INFO:colcon.colcon_core.shell:Creating environment hook '/home/dominik/RRM/ros2_ws/install/rrm_msgs/share/rrm_msgs/hook/pythonpath.sh'
[1.633s] Level 1:colcon.colcon_core.environment:checking '/home/dominik/RRM/ros2_ws/install/rrm_msgs/bin'
[1.633s] INFO:colcon.colcon_core.shell:Creating package script '/home/dominik/RRM/ros2_ws/install/rrm_msgs/share/rrm_msgs/package.ps1'
[1.634s] INFO:colcon.colcon_core.shell:Creating package descriptor '/home/dominik/RRM/ros2_ws/install/rrm_msgs/share/rrm_msgs/package.dsv'
[1.635s] INFO:colcon.colcon_core.shell:Creating package script '/home/dominik/RRM/ros2_ws/install/rrm_msgs/share/rrm_msgs/package.sh'
[1.635s] INFO:colcon.colcon_core.shell:Creating package script '/home/dominik/RRM/ros2_ws/install/rrm_msgs/share/rrm_msgs/package.bash'
[1.636s] INFO:colcon.colcon_core.shell:Creating package script '/home/dominik/RRM/ros2_ws/install/rrm_msgs/share/rrm_msgs/package.zsh'
[1.636s] Level 1:colcon.colcon_core.environment:create_file_with_runtime_dependencies(/home/dominik/RRM/ros2_ws/install/rrm_msgs/share/colcon-core/packages/rrm_msgs)
[1.637s] INFO:colcon.colcon_ros.task.ament_cmake.build:Building ROS package in '/home/dominik/RRM/ros2_ws/src/block1_surani' with build type 'ament_cmake'
[1.637s] INFO:colcon.colcon_cmake.task.cmake.build:Building CMake package in '/home/dominik/RRM/ros2_ws/src/block1_surani'
[1.638s] INFO:colcon.colcon_core.shell:Skip shell extension 'powershell' for command environment: Not usable outside of PowerShell
[1.638s] DEBUG:colcon.colcon_core.shell:Skip shell extension 'dsv' for command environment
[1.645s] INFO:colcon.colcon_ros.task.ament_cmake.build:Building ROS package in '/home/dominik/RRM/ros2_ws/src/rrm/rrm_sim' with build type 'ament_cmake'
[1.646s] INFO:colcon.colcon_cmake.task.cmake.build:Building CMake package in '/home/dominik/RRM/ros2_ws/src/rrm/rrm_sim'
[1.646s] INFO:colcon.colcon_core.shell:Skip shell extension 'powershell' for command environment: Not usable outside of PowerShell
[1.646s] DEBUG:colcon.colcon_core.shell:Skip shell extension 'dsv' for command environment
[1.661s] DEBUG:colcon.colcon_core.event_handler.log_command:Invoking command in '/home/dominik/RRM/ros2_ws/build/block1_surani': CMAKE_PREFIX_PATH=/home/dominik/RRM/ros2_ws/install/rrm_msgs:/home/dominik/RRM/ros2_ws/install/rrm_simple_robot_model:/home/dominik/RRM/ros2_ws/install/rrm_sim:/home/dominik/RRM/ros2_ws/install/block1_surani:/home/dominik/RRM/ros2_ws/install/cv1:/home/dominik/RRM/zad1/install/zad1:/opt/ros/jazzy/opt/gz_math_vendor:/opt/ros/jazzy/opt/gz_utils_vendor:/opt/ros/jazzy/opt/gz_cmake_vendor:/opt/ros/jazzy DEBUGINFOD_URLS=https://debuginfod.ubuntu.com /usr/bin/cmake --build /home/dominik/RRM/ros2_ws/build/block1_surani -- -j16 -l16
[1.665s] DEBUG:colcon.colcon_core.event_handler.log_command:Invoking command in '/home/dominik/RRM/ros2_ws/build/rrm_sim': CMAKE_PREFIX_PATH=/home/dominik/RRM/ros2_ws/install/rrm_msgs:/home/dominik/RRM/ros2_ws/install/rrm_simple_robot_model:/home/dominik/RRM/ros2_ws/install/rrm_sim:/home/dominik/RRM/ros2_ws/install/block1_surani:/home/dominik/RRM/ros2_ws/install/cv1:/home/dominik/RRM/zad1/install/zad1:/opt/ros/jazzy/opt/gz_math_vendor:/opt/ros/jazzy/opt/gz_utils_vendor:/opt/ros/jazzy/opt/gz_cmake_vendor:/opt/ros/jazzy DEBUGINFOD_URLS=https://debuginfod.ubuntu.com /usr/bin/cmake --build /home/dominik/RRM/ros2_ws/build/rrm_sim -- -j16 -l16
[1.788s] DEBUG:colcon.colcon_core.event_handler.log_command:Invoked command in '/home/dominik/RRM/ros2_ws/build/rrm_sim' returned '0': CMAKE_PREFIX_PATH=/home/dominik/RRM/ros2_ws/install/rrm_msgs:/home/dominik/RRM/ros2_ws/install/rrm_simple_robot_model:/home/dominik/RRM/ros2_ws/install/rrm_sim:/home/dominik/RRM/ros2_ws/install/block1_surani:/home/dominik/RRM/ros2_ws/install/cv1:/home/dominik/RRM/zad1/install/zad1:/opt/ros/jazzy/opt/gz_math_vendor:/opt/ros/jazzy/opt/gz_utils_vendor:/opt/ros/jazzy/opt/gz_cmake_vendor:/opt/ros/jazzy DEBUGINFOD_URLS=https://debuginfod.ubuntu.com /usr/bin/cmake --build /home/dominik/RRM/ros2_ws/build/rrm_sim -- -j16 -l16
[1.841s] DEBUG:colcon.colcon_core.event_handler.log_command:Invoking command in '/home/dominik/RRM/ros2_ws/build/rrm_sim': CMAKE_PREFIX_PATH=/home/dominik/RRM/ros2_ws/install/rrm_msgs:/home/dominik/RRM/ros2_ws/install/rrm_simple_robot_model:/home/dominik/RRM/ros2_ws/install/rrm_sim:/home/dominik/RRM/ros2_ws/install/block1_surani:/home/dominik/RRM/ros2_ws/install/cv1:/home/dominik/RRM/zad1/install/zad1:/opt/ros/jazzy/opt/gz_math_vendor:/opt/ros/jazzy/opt/gz_utils_vendor:/opt/ros/jazzy/opt/gz_cmake_vendor:/opt/ros/jazzy DEBUGINFOD_URLS=https://debuginfod.ubuntu.com /usr/bin/cmake --install /home/dominik/RRM/ros2_ws/build/rrm_sim
[1.860s] Level 1:colcon.colcon_core.environment:create_environment_scripts_only(rrm_sim)
[1.861s] Level 1:colcon.colcon_core.environment:checking '/home/dominik/RRM/ros2_ws/install/rrm_sim' for CMake module files
[1.861s] DEBUG:colcon.colcon_core.event_handler.log_command:Invoked command in '/home/dominik/RRM/ros2_ws/build/rrm_sim' returned '0': CMAKE_PREFIX_PATH=/home/dominik/RRM/ros2_ws/install/rrm_msgs:/home/dominik/RRM/ros2_ws/install/rrm_simple_robot_model:/home/dominik/RRM/ros2_ws/install/rrm_sim:/home/dominik/RRM/ros2_ws/install/block1_surani:/home/dominik/RRM/ros2_ws/install/cv1:/home/dominik/RRM/zad1/install/zad1:/opt/ros/jazzy/opt/gz_math_vendor:/opt/ros/jazzy/opt/gz_utils_vendor:/opt/ros/jazzy/opt/gz_cmake_vendor:/opt/ros/jazzy DEBUGINFOD_URLS=https://debuginfod.ubuntu.com /usr/bin/cmake --install /home/dominik/RRM/ros2_ws/build/rrm_sim
[1.862s] Level 1:colcon.colcon_core.environment:checking '/home/dominik/RRM/ros2_ws/install/rrm_sim' for CMake config files
[1.863s] Level 1:colcon.colcon_core.shell:create_environment_hook('rrm_sim', 'cmake_prefix_path')
[1.863s] INFO:colcon.colcon_core.shell:Creating environment hook '/home/dominik/RRM/ros2_ws/install/rrm_sim/share/rrm_sim/hook/cmake_prefix_path.ps1'
[1.864s] INFO:colcon.colcon_core.shell:Creating environment descriptor '/home/dominik/RRM/ros2_ws/install/rrm_sim/share/rrm_sim/hook/cmake_prefix_path.dsv'
[1.864s] INFO:colcon.colcon_core.shell:Creating environment hook '/home/dominik/RRM/ros2_ws/install/rrm_sim/share/rrm_sim/hook/cmake_prefix_path.sh'
[1.865s] Level 1:colcon.colcon_core.environment:checking '/home/dominik/RRM/ros2_ws/install/rrm_sim/lib'
[1.865s] Level 1:colcon.colcon_core.environment:checking '/home/dominik/RRM/ros2_ws/install/rrm_sim/bin'
[1.865s] Level 1:colcon.colcon_core.environment:checking '/home/dominik/RRM/ros2_ws/install/rrm_sim/lib/pkgconfig/rrm_sim.pc'
[1.866s] Level 1:colcon.colcon_core.environment:checking '/home/dominik/RRM/ros2_ws/install/rrm_sim/lib/python3.12/site-packages'
[1.866s] Level 1:colcon.colcon_core.environment:checking '/home/dominik/RRM/ros2_ws/install/rrm_sim/bin'
[1.866s] INFO:colcon.colcon_core.shell:Creating package script '/home/dominik/RRM/ros2_ws/install/rrm_sim/share/rrm_sim/package.ps1'
[1.867s] INFO:colcon.colcon_core.shell:Creating package descriptor '/home/dominik/RRM/ros2_ws/install/rrm_sim/share/rrm_sim/package.dsv'
[1.867s] INFO:colcon.colcon_core.shell:Creating package script '/home/dominik/RRM/ros2_ws/install/rrm_sim/share/rrm_sim/package.sh'
[1.868s] INFO:colcon.colcon_core.shell:Creating package script '/home/dominik/RRM/ros2_ws/install/rrm_sim/share/rrm_sim/package.bash'
[1.868s] INFO:colcon.colcon_core.shell:Creating package script '/home/dominik/RRM/ros2_ws/install/rrm_sim/share/rrm_sim/package.zsh'
[1.869s] Level 1:colcon.colcon_core.environment:create_file_with_runtime_dependencies(/home/dominik/RRM/ros2_ws/install/rrm_sim/share/colcon-core/packages/rrm_sim)
[1.919s] Level 1:colcon.colcon_core.environment:create_environment_scripts_only(rrm_sim)
[1.919s] Level 1:colcon.colcon_core.environment:checking '/home/dominik/RRM/ros2_ws/install/rrm_sim' for CMake module files
[1.920s] Level 1:colcon.colcon_core.environment:checking '/home/dominik/RRM/ros2_ws/install/rrm_sim' for CMake config files
[1.921s] Level 1:colcon.colcon_core.shell:create_environment_hook('rrm_sim', 'cmake_prefix_path')
[1.921s] INFO:colcon.colcon_core.shell:Creating environment hook '/home/dominik/RRM/ros2_ws/install/rrm_sim/share/rrm_sim/hook/cmake_prefix_path.ps1'
[1.922s] INFO:colcon.colcon_core.shell:Creating environment descriptor '/home/dominik/RRM/ros2_ws/install/rrm_sim/share/rrm_sim/hook/cmake_prefix_path.dsv'
[1.922s] INFO:colcon.colcon_core.shell:Creating environment hook '/home/dominik/RRM/ros2_ws/install/rrm_sim/share/rrm_sim/hook/cmake_prefix_path.sh'
[1.923s] Level 1:colcon.colcon_core.environment:checking '/home/dominik/RRM/ros2_ws/install/rrm_sim/lib'
[1.923s] Level 1:colcon.colcon_core.environment:checking '/home/dominik/RRM/ros2_ws/install/rrm_sim/bin'
[1.923s] Level 1:colcon.colcon_core.environment:checking '/home/dominik/RRM/ros2_ws/install/rrm_sim/lib/pkgconfig/rrm_sim.pc'
[1.923s] Level 1:colcon.colcon_core.environment:checking '/home/dominik/RRM/ros2_ws/install/rrm_sim/lib/python3.12/site-packages'
[1.924s] Level 1:colcon.colcon_core.environment:checking '/home/dominik/RRM/ros2_ws/install/rrm_sim/bin'
[1.924s] INFO:colcon.colcon_core.shell:Creating package script '/home/dominik/RRM/ros2_ws/install/rrm_sim/share/rrm_sim/package.ps1'
[1.925s] INFO:colcon.colcon_core.shell:Creating package descriptor '/home/dominik/RRM/ros2_ws/install/rrm_sim/share/rrm_sim/package.dsv'
[1.925s] INFO:colcon.colcon_core.shell:Creating package script '/home/dominik/RRM/ros2_ws/install/rrm_sim/share/rrm_sim/package.sh'
[1.926s] INFO:colcon.colcon_core.shell:Creating package script '/home/dominik/RRM/ros2_ws/install/rrm_sim/share/rrm_sim/package.bash'
[1.926s] INFO:colcon.colcon_core.shell:Creating package script '/home/dominik/RRM/ros2_ws/install/rrm_sim/share/rrm_sim/package.zsh'
[1.927s] Level 1:colcon.colcon_core.environment:create_file_with_runtime_dependencies(/home/dominik/RRM/ros2_ws/install/rrm_sim/share/colcon-core/packages/rrm_sim)
[9.223s] DEBUG:colcon.colcon_core.event_handler.log_command:Invoked command in '/home/dominik/RRM/ros2_ws/build/block1_surani' returned '2': CMAKE_PREFIX_PATH=/home/dominik/RRM/ros2_ws/install/rrm_msgs:/home/dominik/RRM/ros2_ws/install/rrm_simple_robot_model:/home/dominik/RRM/ros2_ws/install/rrm_sim:/home/dominik/RRM/ros2_ws/install/block1_surani:/home/dominik/RRM/ros2_ws/install/cv1:/home/dominik/RRM/zad1/install/zad1:/opt/ros/jazzy/opt/gz_math_vendor:/opt/ros/jazzy/opt/gz_utils_vendor:/opt/ros/jazzy/opt/gz_cmake_vendor:/opt/ros/jazzy DEBUGINFOD_URLS=https://debuginfod.ubuntu.com /usr/bin/cmake --build /home/dominik/RRM/ros2_ws/build/block1_surani -- -j16 -l16
[9.258s] Level 1:colcon.colcon_core.environment:create_environment_scripts_only(block1_surani)
[9.258s] Level 1:colcon.colcon_core.environment:checking '/home/dominik/RRM/ros2_ws/install/block1_surani' for CMake module files
[9.259s] Level 1:colcon.colcon_core.environment:checking '/home/dominik/RRM/ros2_ws/install/block1_surani' for CMake config files
[9.260s] Level 1:colcon.colcon_core.shell:create_environment_hook('block1_surani', 'cmake_prefix_path')
[9.260s] INFO:colcon.colcon_core.shell:Creating environment hook '/home/dominik/RRM/ros2_ws/install/block1_surani/share/block1_surani/hook/cmake_prefix_path.ps1'
[9.260s] INFO:colcon.colcon_core.shell:Creating environment descriptor '/home/dominik/RRM/ros2_ws/install/block1_surani/share/block1_surani/hook/cmake_prefix_path.dsv'
[9.260s] INFO:colcon.colcon_core.shell:Creating environment hook '/home/dominik/RRM/ros2_ws/install/block1_surani/share/block1_surani/hook/cmake_prefix_path.sh'
[9.261s] Level 1:colcon.colcon_core.environment:checking '/home/dominik/RRM/ros2_ws/install/block1_surani/lib'
[9.261s] Level 1:colcon.colcon_core.environment:checking '/home/dominik/RRM/ros2_ws/install/block1_surani/bin'
[9.261s] Level 1:colcon.colcon_core.environment:checking '/home/dominik/RRM/ros2_ws/install/block1_surani/lib/pkgconfig/block1_surani.pc'
[9.261s] Level 1:colcon.colcon_core.environment:checking '/home/dominik/RRM/ros2_ws/install/block1_surani/lib/python3.12/site-packages'
[9.261s] Level 1:colcon.colcon_core.environment:checking '/home/dominik/RRM/ros2_ws/install/block1_surani/bin'
[9.261s] INFO:colcon.colcon_core.shell:Creating package script '/home/dominik/RRM/ros2_ws/install/block1_surani/share/block1_surani/package.ps1'
[9.262s] INFO:colcon.colcon_core.shell:Creating package descriptor '/home/dominik/RRM/ros2_ws/install/block1_surani/share/block1_surani/package.dsv'
[9.262s] INFO:colcon.colcon_core.shell:Creating package script '/home/dominik/RRM/ros2_ws/install/block1_surani/share/block1_surani/package.sh'
[9.262s] INFO:colcon.colcon_core.shell:Creating package script '/home/dominik/RRM/ros2_ws/install/block1_surani/share/block1_surani/package.bash'
[9.262s] INFO:colcon.colcon_core.shell:Creating package script '/home/dominik/RRM/ros2_ws/install/block1_surani/share/block1_surani/package.zsh'
[9.263s] Level 1:colcon.colcon_core.environment:create_file_with_runtime_dependencies(/home/dominik/RRM/ros2_ws/install/block1_surani/share/colcon-core/packages/block1_surani)
[9.273s] DEBUG:colcon.colcon_parallel_executor.executor.parallel:closing loop
[9.274s] DEBUG:colcon.colcon_parallel_executor.executor.parallel:loop closed
[9.274s] DEBUG:colcon.colcon_parallel_executor.executor.parallel:run_until_complete finished with '2'
[9.274s] DEBUG:colcon.colcon_core.event_reactor:joining thread
[9.279s] INFO:colcon.colcon_core.plugin_system:Skipping extension 'colcon_notification.desktop_notification.terminal_notifier': Not used on non-Darwin systems
[9.279s] INFO:colcon.colcon_core.plugin_system:Skipping extension 'colcon_notification.desktop_notification.win32': Not used on non-Windows systems
[9.279s] INFO:colcon.colcon_notification.desktop_notification:Sending desktop notification using 'notify2'
[9.292s] DEBUG:colcon.colcon_core.event_reactor:joined thread
[9.293s] INFO:colcon.colcon_core.shell:Creating prefix script '/home/dominik/RRM/ros2_ws/install/local_setup.ps1'
[9.294s] INFO:colcon.colcon_core.shell:Creating prefix util module '/home/dominik/RRM/ros2_ws/install/_local_setup_util_ps1.py'
[9.295s] INFO:colcon.colcon_core.shell:Creating prefix chain script '/home/dominik/RRM/ros2_ws/install/setup.ps1'
[9.296s] INFO:colcon.colcon_core.shell:Creating prefix script '/home/dominik/RRM/ros2_ws/install/local_setup.sh'
[9.296s] INFO:colcon.colcon_core.shell:Creating prefix util module '/home/dominik/RRM/ros2_ws/install/_local_setup_util_sh.py'
[9.296s] INFO:colcon.colcon_core.shell:Creating prefix chain script '/home/dominik/RRM/ros2_ws/install/setup.sh'
[9.297s] INFO:colcon.colcon_core.shell:Creating prefix script '/home/dominik/RRM/ros2_ws/install/local_setup.bash'
[9.298s] INFO:colcon.colcon_core.shell:Creating prefix chain script '/home/dominik/RRM/ros2_ws/install/setup.bash'
[9.299s] INFO:colcon.colcon_core.shell:Creating prefix script '/home/dominik/RRM/ros2_ws/install/local_setup.zsh'
[9.299s] INFO:colcon.colcon_core.shell:Creating prefix chain script '/home/dominik/RRM/ros2_ws/install/setup.zsh'
