[0.017s] Invoking command in '/home/dominik/RRM/ros2_ws/build/block1_surani': CMAKE_PREFIX_PATH=/home/dominik/RRM/ros2_ws/install/rrm_msgs:/home/dominik/RRM/ros2_ws/install/block1_surani:/home/dominik/RRM/ros2_ws/install/rrm_simple_robot_model:/home/dominik/RRM/ros2_ws/install/rrm_sim:/home/dominik/RRM/ros2_ws/install/cv1:/home/dominik/RRM/zad1/install/zad1:/opt/ros/jazzy/opt/gz_math_vendor:/opt/ros/jazzy/opt/gz_utils_vendor:/opt/ros/jazzy/opt/gz_cmake_vendor:/opt/ros/jazzy DEBUGINFOD_URLS=https://debuginfod.ubuntu.com /usr/bin/cmake --build /home/dominik/RRM/ros2_ws/build/block1_surani -- -j16 -l16
[0.119s] [ 50%] Built target teleop_node
[0.128s] [ 75%] [32mBuilding CXX object CMakeFiles/logger_node.dir/src/logger_node.cpp.o[0m
[7.270s] [100%] [32m[1mLinking CXX executable logger_node[0m
[7.485s] [100%] Built target logger_node
[7.496s] Invoked command in '/home/dominik/RRM/ros2_ws/build/block1_surani' returned '0': CMAKE_PREFIX_PATH=/home/dominik/RRM/ros2_ws/install/rrm_msgs:/home/dominik/RRM/ros2_ws/install/block1_surani:/home/dominik/RRM/ros2_ws/install/rrm_simple_robot_model:/home/dominik/RRM/ros2_ws/install/rrm_sim:/home/dominik/RRM/ros2_ws/install/cv1:/home/dominik/RRM/zad1/install/zad1:/opt/ros/jazzy/opt/gz_math_vendor:/opt/ros/jazzy/opt/gz_utils_vendor:/opt/ros/jazzy/opt/gz_cmake_vendor:/opt/ros/jazzy DEBUGINFOD_URLS=https://debuginfod.ubuntu.com /usr/bin/cmake --build /home/dominik/RRM/ros2_ws/build/block1_surani -- -j16 -l16
[7.529s] Invoking command in '/home/dominik/RRM/ros2_ws/build/block1_surani': CMAKE_PREFIX_PATH=/home/dominik/RRM/ros2_ws/install/rrm_msgs:/home/dominik/RRM/ros2_ws/install/block1_surani:/home/dominik/RRM/ros2_ws/install/rrm_simple_robot_model:/home/dominik/RRM/ros2_ws/install/rrm_sim:/home/dominik/RRM/ros2_ws/install/cv1:/home/dominik/RRM/zad1/install/zad1:/opt/ros/jazzy/opt/gz_math_vendor:/opt/ros/jazzy/opt/gz_utils_vendor:/opt/ros/jazzy/opt/gz_cmake_vendor:/opt/ros/jazzy DEBUGINFOD_URLS=https://debuginfod.ubuntu.com /usr/bin/cmake --install /home/dominik/RRM/ros2_ws/build/block1_surani
[7.536s] -- Install configuration: ""
[7.536s] -- Installing: /home/dominik/RRM/ros2_ws/install/block1_surani/lib/block1_surani/teleop_node
[7.537s] -- Set non-toolchain portion of runtime path of "/home/dominik/RRM/ros2_ws/install/block1_surani/lib/block1_surani/teleop_node" to ""
[7.537s] -- Up-to-date: /home/dominik/RRM/ros2_ws/install/block1_surani/lib/block1_surani/teleop_node
[7.538s] -- Installing: /home/dominik/RRM/ros2_ws/install/block1_surani/lib/block1_surani/logger_node
[7.541s] -- Set non-toolchain portion of runtime path of "/home/dominik/RRM/ros2_ws/install/block1_surani/lib/block1_surani/logger_node" to ""
[7.541s] -- Installing: /home/dominik/RRM/ros2_ws/install/block1_surani/share/ament_index/resource_index/package_run_dependencies/block1_surani
[7.542s] -- Installing: /home/dominik/RRM/ros2_ws/install/block1_surani/share/ament_index/resource_index/parent_prefix_path/block1_surani
[7.542s] -- Up-to-date: /home/dominik/RRM/ros2_ws/install/block1_surani/share/block1_surani/environment/ament_prefix_path.sh
[7.542s] -- Up-to-date: /home/dominik/RRM/ros2_ws/install/block1_surani/share/block1_surani/environment/ament_prefix_path.dsv
[7.542s] -- Up-to-date: /home/dominik/RRM/ros2_ws/install/block1_surani/share/block1_surani/environment/path.sh
[7.542s] -- Up-to-date: /home/dominik/RRM/ros2_ws/install/block1_surani/share/block1_surani/environment/path.dsv
[7.543s] -- Up-to-date: /home/dominik/RRM/ros2_ws/install/block1_surani/share/block1_surani/local_setup.bash
[7.543s] -- Up-to-date: /home/dominik/RRM/ros2_ws/install/block1_surani/share/block1_surani/local_setup.sh
[7.543s] -- Up-to-date: /home/dominik/RRM/ros2_ws/install/block1_surani/share/block1_surani/local_setup.zsh
[7.543s] -- Up-to-date: /home/dominik/RRM/ros2_ws/install/block1_surani/share/block1_surani/local_setup.dsv
[7.543s] -- Installing: /home/dominik/RRM/ros2_ws/install/block1_surani/share/block1_surani/package.dsv
[7.543s] -- Up-to-date: /home/dominik/RRM/ros2_ws/install/block1_surani/share/ament_index/resource_index/packages/block1_surani
[7.543s] -- Up-to-date: /home/dominik/RRM/ros2_ws/install/block1_surani/share/block1_surani/cmake/block1_suraniConfig.cmake
[7.543s] -- Up-to-date: /home/dominik/RRM/ros2_ws/install/block1_surani/share/block1_surani/cmake/block1_suraniConfig-version.cmake
[7.543s] -- Installing: /home/dominik/RRM/ros2_ws/install/block1_surani/share/block1_surani/package.xml
[7.545s] Invoked command in '/home/dominik/RRM/ros2_ws/build/block1_surani' returned '0': CMAKE_PREFIX_PATH=/home/dominik/RRM/ros2_ws/install/rrm_msgs:/home/dominik/RRM/ros2_ws/install/block1_surani:/home/dominik/RRM/ros2_ws/install/rrm_simple_robot_model:/home/dominik/RRM/ros2_ws/install/rrm_sim:/home/dominik/RRM/ros2_ws/install/cv1:/home/dominik/RRM/zad1/install/zad1:/opt/ros/jazzy/opt/gz_math_vendor:/opt/ros/jazzy/opt/gz_utils_vendor:/opt/ros/jazzy/opt/gz_cmake_vendor:/opt/ros/jazzy DEBUGINFOD_URLS=https://debuginfod.ubuntu.com /usr/bin/cmake --install /home/dominik/RRM/ros2_ws/build/block1_surani
