[0.159s] DEBUG:colcon:Command line arguments: ['/usr/bin/colcon', 'build']
[0.159s] DEBUG:colcon:Parsed command line arguments: Namespace(log_base=None, log_level=None, verb_name='build', build_base='build', install_base='install', merge_install=False, symlink_install=False, test_result_base=None, continue_on_error=False, executor='parallel', parallel_workers=16, event_handlers=None, ignore_user_meta=False, metas=['./colcon.meta'], base_paths=['.'], packages_ignore=None, packages_ignore_regex=None, paths=None, packages_up_to=None, packages_up_to_regex=None, packages_above=None, packages_above_and_dependencies=None, packages_above_depth=None, packages_select_by_dep=None, packages_skip_by_dep=None, packages_skip_up_to=None, packages_select_build_failed=False, packages_skip_build_finished=False, packages_select_test_failures=False, packages_skip_test_passed=False, packages_select=None, packages_skip=None, packages_select_regex=None, packages_skip_regex=None, packages_start=None, packages_end=None, allow_overriding=[], cmake_args=None, cmake_target=None, cmake_target_skip_unavailable=False, cmake_clean_cache=False, cmake_clean_first=False, cmake_force_configure=False, ament_cmake_args=None, catkin_cmake_args=None, catkin_skip_building_tests=False, mixin_files=None, mixin=None, verb_parser=<colcon_mixin.mixin.mixin_argument.MixinArgumentDecorator object at 0x7c5299372360>, verb_extension=<colcon_core.verb.build.BuildVerb object at 0x7c5299318260>, main=<bound method BuildVerb.main of <colcon_core.verb.build.BuildVerb object at 0x7c5299318260>>, mixin_verb=('build',))
[0.216s] Level 1:colcon.colcon_core.package_discovery:discover_packages(colcon_meta) check parameters
[0.216s] Level 1:colcon.colcon_core.package_discovery:discover_packages(recursive) check parameters
[0.216s] Level 1:colcon.colcon_core.package_discovery:discover_packages(ignore) check parameters
[0.216s] Level 1:colcon.colcon_core.package_discovery:discover_packages(path) check parameters
[0.216s] Level 1:colcon.colcon_core.package_discovery:discover_packages(colcon_meta) discover
[0.217s] Level 1:colcon.colcon_core.package_discovery:discover_packages(recursive) discover
[0.217s] INFO:colcon.colcon_core.package_discovery:Crawling recursively for packages in '/home/dominik/RRM/ros2_ws'
[0.217s] Level 1:colcon.colcon_core.package_identification:_identify(.) by extensions ['ignore', 'ignore_ament_install']
[0.217s] Level 1:colcon.colcon_core.package_identification:_identify(.) by extension 'ignore'
[0.217s] Level 1:colcon.colcon_core.package_identification:_identify(.) by extension 'ignore_ament_install'
[0.217s] Level 1:colcon.colcon_core.package_identification:_identify(.) by extensions ['colcon_pkg']
[0.217s] Level 1:colcon.colcon_core.package_identification:_identify(.) by extension 'colcon_pkg'
[0.217s] Level 1:colcon.colcon_core.package_identification:_identify(.) by extensions ['colcon_meta']
[0.217s] Level 1:colcon.colcon_core.package_identification:_identify(.) by extension 'colcon_meta'
[0.217s] Level 1:colcon.colcon_core.package_identification:_identify(.) by extensions ['ros']
[0.217s] Level 1:colcon.colcon_core.package_identification:_identify(.) by extension 'ros'
[0.254s] Level 1:colcon.colcon_core.package_identification:_identify(.) by extensions ['cmake', 'python']
[0.254s] Level 1:colcon.colcon_core.package_identification:_identify(.) by extension 'cmake'
[0.254s] Level 1:colcon.colcon_core.package_identification:_identify(.) by extension 'python'
[0.254s] Level 1:colcon.colcon_core.package_identification:_identify(.) by extensions ['python_setup_py']
[0.254s] Level 1:colcon.colcon_core.package_identification:_identify(.) by extension 'python_setup_py'
[0.254s] Level 1:colcon.colcon_core.package_identification:_identify(build) by extensions ['ignore', 'ignore_ament_install']
[0.254s] Level 1:colcon.colcon_core.package_identification:_identify(build) by extension 'ignore'
[0.254s] Level 1:colcon.colcon_core.package_identification:_identify(build) ignored
[0.255s] Level 1:colcon.colcon_core.package_identification:_identify(install) by extensions ['ignore', 'ignore_ament_install']
[0.255s] Level 1:colcon.colcon_core.package_identification:_identify(install) by extension 'ignore'
[0.255s] Level 1:colcon.colcon_core.package_identification:_identify(install) ignored
[0.255s] Level 1:colcon.colcon_core.package_identification:_identify(log) by extensions ['ignore', 'ignore_ament_install']
[0.255s] Level 1:colcon.colcon_core.package_identification:_identify(log) by extension 'ignore'
[0.255s] Level 1:colcon.colcon_core.package_identification:_identify(log) ignored
[0.255s] Level 1:colcon.colcon_core.package_identification:_identify(src) by extensions ['ignore', 'ignore_ament_install']
[0.255s] Level 1:colcon.colcon_core.package_identification:_identify(src) by extension 'ignore'
[0.255s] Level 1:colcon.colcon_core.package_identification:_identify(src) by extension 'ignore_ament_install'
[0.255s] Level 1:colcon.colcon_core.package_identification:_identify(src) by extensions ['colcon_pkg']
[0.255s] Level 1:colcon.colcon_core.package_identification:_identify(src) by extension 'colcon_pkg'
[0.256s] Level 1:colcon.colcon_core.package_identification:_identify(src) by extensions ['colcon_meta']
[0.256s] Level 1:colcon.colcon_core.package_identification:_identify(src) by extension 'colcon_meta'
[0.256s] Level 1:colcon.colcon_core.package_identification:_identify(src) by extensions ['ros']
[0.256s] Level 1:colcon.colcon_core.package_identification:_identify(src) by extension 'ros'
[0.256s] Level 1:colcon.colcon_core.package_identification:_identify(src) by extensions ['cmake', 'python']
[0.256s] Level 1:colcon.colcon_core.package_identification:_identify(src) by extension 'cmake'
[0.256s] Level 1:colcon.colcon_core.package_identification:_identify(src) by extension 'python'
[0.256s] Level 1:colcon.colcon_core.package_identification:_identify(src) by extensions ['python_setup_py']
[0.256s] Level 1:colcon.colcon_core.package_identification:_identify(src) by extension 'python_setup_py'
[0.256s] Level 1:colcon.colcon_core.package_identification:_identify(src/block1_surani) by extensions ['ignore', 'ignore_ament_install']
[0.256s] Level 1:colcon.colcon_core.package_identification:_identify(src/block1_surani) by extension 'ignore'
[0.256s] Level 1:colcon.colcon_core.package_identification:_identify(src/block1_surani) by extension 'ignore_ament_install'
[0.256s] Level 1:colcon.colcon_core.package_identification:_identify(src/block1_surani) by extensions ['colcon_pkg']
[0.256s] Level 1:colcon.colcon_core.package_identification:_identify(src/block1_surani) by extension 'colcon_pkg'
[0.256s] Level 1:colcon.colcon_core.package_identification:_identify(src/block1_surani) by extensions ['colcon_meta']
[0.257s] Level 1:colcon.colcon_core.package_identification:_identify(src/block1_surani) by extension 'colcon_meta'
[0.257s] Level 1:colcon.colcon_core.package_identification:_identify(src/block1_surani) by extensions ['ros']
[0.257s] Level 1:colcon.colcon_core.package_identification:_identify(src/block1_surani) by extension 'ros'
[0.260s] DEBUG:colcon.colcon_core.package_identification:Package 'src/block1_surani' with type 'ros.ament_cmake' and name 'block1_surani'
[0.260s] Level 1:colcon.colcon_core.package_identification:_identify(src/cv1) by extensions ['ignore', 'ignore_ament_install']
[0.260s] Level 1:colcon.colcon_core.package_identification:_identify(src/cv1) by extension 'ignore'
[0.260s] Level 1:colcon.colcon_core.package_identification:_identify(src/cv1) by extension 'ignore_ament_install'
[0.260s] Level 1:colcon.colcon_core.package_identification:_identify(src/cv1) by extensions ['colcon_pkg']
[0.260s] Level 1:colcon.colcon_core.package_identification:_identify(src/cv1) by extension 'colcon_pkg'
[0.260s] Level 1:colcon.colcon_core.package_identification:_identify(src/cv1) by extensions ['colcon_meta']
[0.260s] Level 1:colcon.colcon_core.package_identification:_identify(src/cv1) by extension 'colcon_meta'
[0.260s] Level 1:colcon.colcon_core.package_identification:_identify(src/cv1) by extensions ['ros']
[0.261s] Level 1:colcon.colcon_core.package_identification:_identify(src/cv1) by extension 'ros'
[0.261s] DEBUG:colcon.colcon_core.package_identification:Package 'src/cv1' with type 'ros.ament_cmake' and name 'cv1'
[0.261s] Level 1:colcon.colcon_core.package_identification:_identify(src/rrm) by extensions ['ignore', 'ignore_ament_install']
[0.261s] Level 1:colcon.colcon_core.package_identification:_identify(src/rrm) by extension 'ignore'
[0.262s] Level 1:colcon.colcon_core.package_identification:_identify(src/rrm) by extension 'ignore_ament_install'
[0.262s] Level 1:colcon.colcon_core.package_identification:_identify(src/rrm) by extensions ['colcon_pkg']
[0.262s] Level 1:colcon.colcon_core.package_identification:_identify(src/rrm) by extension 'colcon_pkg'
[0.262s] Level 1:colcon.colcon_core.package_identification:_identify(src/rrm) by extensions ['colcon_meta']
[0.262s] Level 1:colcon.colcon_core.package_identification:_identify(src/rrm) by extension 'colcon_meta'
[0.262s] Level 1:colcon.colcon_core.package_identification:_identify(src/rrm) by extensions ['ros']
[0.262s] Level 1:colcon.colcon_core.package_identification:_identify(src/rrm) by extension 'ros'
[0.262s] Level 1:colcon.colcon_core.package_identification:_identify(src/rrm) by extensions ['cmake', 'python']
[0.262s] Level 1:colcon.colcon_core.package_identification:_identify(src/rrm) by extension 'cmake'
[0.262s] Level 1:colcon.colcon_core.package_identification:_identify(src/rrm) by extension 'python'
[0.262s] Level 1:colcon.colcon_core.package_identification:_identify(src/rrm) by extensions ['python_setup_py']
[0.262s] Level 1:colcon.colcon_core.package_identification:_identify(src/rrm) by extension 'python_setup_py'
[0.262s] Level 1:colcon.colcon_core.package_identification:_identify(src/rrm/rrm_msgs) by extensions ['ignore', 'ignore_ament_install']
[0.262s] Level 1:colcon.colcon_core.package_identification:_identify(src/rrm/rrm_msgs) by extension 'ignore'
[0.262s] Level 1:colcon.colcon_core.package_identification:_identify(src/rrm/rrm_msgs) by extension 'ignore_ament_install'
[0.262s] Level 1:colcon.colcon_core.package_identification:_identify(src/rrm/rrm_msgs) by extensions ['colcon_pkg']
[0.263s] Level 1:colcon.colcon_core.package_identification:_identify(src/rrm/rrm_msgs) by extension 'colcon_pkg'
[0.263s] Level 1:colcon.colcon_core.package_identification:_identify(src/rrm/rrm_msgs) by extensions ['colcon_meta']
[0.263s] Level 1:colcon.colcon_core.package_identification:_identify(src/rrm/rrm_msgs) by extension 'colcon_meta'
[0.263s] Level 1:colcon.colcon_core.package_identification:_identify(src/rrm/rrm_msgs) by extensions ['ros']
[0.263s] Level 1:colcon.colcon_core.package_identification:_identify(src/rrm/rrm_msgs) by extension 'ros'
[0.263s] DEBUG:colcon.colcon_core.package_identification:Package 'src/rrm/rrm_msgs' with type 'ros.ament_cmake' and name 'rrm_msgs'
[0.264s] Level 1:colcon.colcon_core.package_identification:_identify(src/rrm/rrm_sim) by extensions ['ignore', 'ignore_ament_install']
[0.264s] Level 1:colcon.colcon_core.package_identification:_identify(src/rrm/rrm_sim) by extension 'ignore'
[0.264s] Level 1:colcon.colcon_core.package_identification:_identify(src/rrm/rrm_sim) by extension 'ignore_ament_install'
[0.264s] Level 1:colcon.colcon_core.package_identification:_identify(src/rrm/rrm_sim) by extensions ['colcon_pkg']
[0.264s] Level 1:colcon.colcon_core.package_identification:_identify(src/rrm/rrm_sim) by extension 'colcon_pkg'
[0.264s] Level 1:colcon.colcon_core.package_identification:_identify(src/rrm/rrm_sim) by extensions ['colcon_meta']
[0.264s] Level 1:colcon.colcon_core.package_identification:_identify(src/rrm/rrm_sim) by extension 'colcon_meta'
[0.264s] Level 1:colcon.colcon_core.package_identification:_identify(src/rrm/rrm_sim) by extensions ['ros']
[0.264s] Level 1:colcon.colcon_core.package_identification:_identify(src/rrm/rrm_sim) by extension 'ros'
[0.265s] DEBUG:colcon.colcon_core.package_identification:Package 'src/rrm/rrm_sim' with type 'ros.ament_cmake' and name 'rrm_sim'
[0.265s] Level 1:colcon.colcon_core.package_identification:_identify(src/rrm/rrm_simple_robot_model) by extensions ['ignore', 'ignore_ament_install']
[0.265s] Level 1:colcon.colcon_core.package_identification:_identify(src/rrm/rrm_simple_robot_model) by extension 'ignore'
[0.265s] Level 1:colcon.colcon_core.package_identification:_identify(src/rrm/rrm_simple_robot_model) by extension 'ignore_ament_install'
[0.266s] Level 1:colcon.colcon_core.package_identification:_identify(src/rrm/rrm_simple_robot_model) by extensions ['colcon_pkg']
[0.266s] Level 1:colcon.colcon_core.package_identification:_identify(src/rrm/rrm_simple_robot_model) by extension 'colcon_pkg'
[0.266s] Level 1:colcon.colcon_core.package_identification:_identify(src/rrm/rrm_simple_robot_model) by extensions ['colcon_meta']
[0.266s] Level 1:colcon.colcon_core.package_identification:_identify(src/rrm/rrm_simple_robot_model) by extension 'colcon_meta'
[0.266s] Level 1:colcon.colcon_core.package_identification:_identify(src/rrm/rrm_simple_robot_model) by extensions ['ros']
[0.266s] Level 1:colcon.colcon_core.package_identification:_identify(src/rrm/rrm_simple_robot_model) by extension 'ros'
[0.266s] DEBUG:colcon.colcon_core.package_identification:Package 'src/rrm/rrm_simple_robot_model' with type 'ros.ament_cmake' and name 'rrm_simple_robot_model'
[0.266s] Level 1:colcon.colcon_core.package_discovery:discover_packages(recursive) using defaults
[0.267s] Level 1:colcon.colcon_core.package_discovery:discover_packages(ignore) discover
[0.267s] Level 1:colcon.colcon_core.package_discovery:discover_packages(ignore) using defaults
[0.267s] Level 1:colcon.colcon_core.package_discovery:discover_packages(path) discover
[0.267s] Level 1:colcon.colcon_core.package_discovery:discover_packages(path) using defaults
[0.292s] Level 1:colcon.colcon_core.package_discovery:discover_packages(prefix_path) check parameters
[0.292s] Level 1:colcon.colcon_core.package_discovery:discover_packages(prefix_path) discover
[0.294s] DEBUG:colcon.colcon_installed_package_information.package_discovery:Found 1 installed packages in /home/dominik/RRM/zad1/install
[0.295s] DEBUG:colcon.colcon_installed_package_information.package_discovery:Found 5 installed packages in /home/dominik/RRM/ros2_ws/install
[0.297s] DEBUG:colcon.colcon_installed_package_information.package_discovery:Found 285 installed packages in /opt/ros/jazzy
[0.298s] Level 1:colcon.colcon_core.package_discovery:discover_packages(prefix_path) using defaults
[0.359s] Level 5:colcon.colcon_core.verb:set package 'cv1' build argument 'cmake_args' from command line to 'None'
[0.359s] Level 5:colcon.colcon_core.verb:set package 'cv1' build argument 'cmake_target' from command line to 'None'
[0.359s] Level 5:colcon.colcon_core.verb:set package 'cv1' build argument 'cmake_target_skip_unavailable' from command line to 'False'
[0.359s] Level 5:colcon.colcon_core.verb:set package 'cv1' build argument 'cmake_clean_cache' from command line to 'False'
[0.359s] Level 5:colcon.colcon_core.verb:set package 'cv1' build argument 'cmake_clean_first' from command line to 'False'
[0.359s] Level 5:colcon.colcon_core.verb:set package 'cv1' build argument 'cmake_force_configure' from command line to 'False'
[0.360s] Level 5:colcon.colcon_core.verb:set package 'cv1' build argument 'ament_cmake_args' from command line to 'None'
[0.360s] Level 5:colcon.colcon_core.verb:set package 'cv1' build argument 'catkin_cmake_args' from command line to 'None'
[0.360s] Level 5:colcon.colcon_core.verb:set package 'cv1' build argument 'catkin_skip_building_tests' from command line to 'False'
[0.360s] DEBUG:colcon.colcon_core.verb:Building package 'cv1' with the following arguments: {'ament_cmake_args': None, 'build_base': '/home/dominik/RRM/ros2_ws/build/cv1', 'catkin_cmake_args': None, 'catkin_skip_building_tests': False, 'cmake_args': None, 'cmake_clean_cache': False, 'cmake_clean_first': False, 'cmake_force_configure': False, 'cmake_target': None, 'cmake_target_skip_unavailable': False, 'install_base': '/home/dominik/RRM/ros2_ws/install/cv1', 'merge_install': False, 'path': '/home/dominik/RRM/ros2_ws/src/cv1', 'symlink_install': False, 'test_result_base': None}
[0.360s] Level 5:colcon.colcon_core.verb:set package 'rrm_msgs' build argument 'cmake_args' from command line to 'None'
[0.360s] Level 5:colcon.colcon_core.verb:set package 'rrm_msgs' build argument 'cmake_target' from command line to 'None'
[0.360s] Level 5:colcon.colcon_core.verb:set package 'rrm_msgs' build argument 'cmake_target_skip_unavailable' from command line to 'False'
[0.360s] Level 5:colcon.colcon_core.verb:set package 'rrm_msgs' build argument 'cmake_clean_cache' from command line to 'False'
[0.360s] Level 5:colcon.colcon_core.verb:set package 'rrm_msgs' build argument 'cmake_clean_first' from command line to 'False'
[0.360s] Level 5:colcon.colcon_core.verb:set package 'rrm_msgs' build argument 'cmake_force_configure' from command line to 'False'
[0.360s] Level 5:colcon.colcon_core.verb:set package 'rrm_msgs' build argument 'ament_cmake_args' from command line to 'None'
[0.360s] Level 5:colcon.colcon_core.verb:set package 'rrm_msgs' build argument 'catkin_cmake_args' from command line to 'None'
[0.360s] Level 5:colcon.colcon_core.verb:set package 'rrm_msgs' build argument 'catkin_skip_building_tests' from command line to 'False'
[0.361s] DEBUG:colcon.colcon_core.verb:Building package 'rrm_msgs' with the following arguments: {'ament_cmake_args': None, 'build_base': '/home/dominik/RRM/ros2_ws/build/rrm_msgs', 'catkin_cmake_args': None, 'catkin_skip_building_tests': False, 'cmake_args': None, 'cmake_clean_cache': False, 'cmake_clean_first': False, 'cmake_force_configure': False, 'cmake_target': None, 'cmake_target_skip_unavailable': False, 'install_base': '/home/dominik/RRM/ros2_ws/install/rrm_msgs', 'merge_install': False, 'path': '/home/dominik/RRM/ros2_ws/src/rrm/rrm_msgs', 'symlink_install': False, 'test_result_base': None}
[0.361s] Level 5:colcon.colcon_core.verb:set package 'rrm_simple_robot_model' build argument 'cmake_args' from command line to 'None'
[0.361s] Level 5:colcon.colcon_core.verb:set package 'rrm_simple_robot_model' build argument 'cmake_target' from command line to 'None'
[0.361s] Level 5:colcon.colcon_core.verb:set package 'rrm_simple_robot_model' build argument 'cmake_target_skip_unavailable' from command line to 'False'
[0.361s] Level 5:colcon.colcon_core.verb:set package 'rrm_simple_robot_model' build argument 'cmake_clean_cache' from command line to 'False'
[0.361s] Level 5:colcon.colcon_core.verb:set package 'rrm_simple_robot_model' build argument 'cmake_clean_first' from command line to 'False'
[0.361s] Level 5:colcon.colcon_core.verb:set package 'rrm_simple_robot_model' build argument 'cmake_force_configure' from command line to 'False'
[0.361s] Level 5:colcon.colcon_core.verb:set package 'rrm_simple_robot_model' build argument 'ament_cmake_args' from command line to 'None'
[0.361s] Level 5:colcon.colcon_core.verb:set package 'rrm_simple_robot_model' build argument 'catkin_cmake_args' from command line to 'None'
[0.361s] Level 5:colcon.colcon_core.verb:set package 'rrm_simple_robot_model' build argument 'catkin_skip_building_tests' from command line to 'False'
[0.361s] DEBUG:colcon.colcon_core.verb:Building package 'rrm_simple_robot_model' with the following arguments: {'ament_cmake_args': None, 'build_base': '/home/dominik/RRM/ros2_ws/build/rrm_simple_robot_model', 'catkin_cmake_args': None, 'catkin_skip_building_tests': False, 'cmake_args': None, 'cmake_clean_cache': False, 'cmake_clean_first': False, 'cmake_force_configure': False, 'cmake_target': None, 'cmake_target_skip_unavailable': False, 'install_base': '/home/dominik/RRM/ros2_ws/install/rrm_simple_robot_model', 'merge_install': False, 'path': '/home/dominik/RRM/ros2_ws/src/rrm/rrm_simple_robot_model', 'symlink_install': False, 'test_result_base': None}
[0.362s] Level 5:colcon.colcon_core.verb:set package 'block1_surani' build argument 'cmake_args' from command line to 'None'
[0.362s] Level 5:colcon.colcon_core.verb:set package 'block1_surani' build argument 'cmake_target' from command line to 'None'
[0.362s] Level 5:colcon.colcon_core.verb:set package 'block1_surani' build argument 'cmake_target_skip_unavailable' from command line to 'False'
[0.362s] Level 5:colcon.colcon_core.verb:set package 'block1_surani' build argument 'cmake_clean_cache' from command line to 'False'
[0.362s] Level 5:colcon.colcon_core.verb:set package 'block1_surani' build argument 'cmake_clean_first' from command line to 'False'
[0.362s] Level 5:colcon.colcon_core.verb:set package 'block1_surani' build argument 'cmake_force_configure' from command line to 'False'
[0.362s] Level 5:colcon.colcon_core.verb:set package 'block1_surani' build argument 'ament_cmake_args' from command line to 'None'
[0.362s] Level 5:colcon.colcon_core.verb:set package 'block1_surani' build argument 'catkin_cmake_args' from command line to 'None'
[0.362s] Level 5:colcon.colcon_core.verb:set package 'block1_surani' build argument 'catkin_skip_building_tests' from command line to 'False'
[0.362s] DEBUG:colcon.colcon_core.verb:Building package 'block1_surani' with the following arguments: {'ament_cmake_args': None, 'build_base': '/home/dominik/RRM/ros2_ws/build/block1_surani', 'catkin_cmake_args': None, 'catkin_skip_building_tests': False, 'cmake_args': None, 'cmake_clean_cache': False, 'cmake_clean_first': False, 'cmake_force_configure': False, 'cmake_target': None, 'cmake_target_skip_unavailable': False, 'install_base': '/home/dominik/RRM/ros2_ws/install/block1_surani', 'merge_install': False, 'path': '/home/dominik/RRM/ros2_ws/src/block1_surani', 'symlink_install': False, 'test_result_base': None}
[0.362s] Level 5:colcon.colcon_core.verb:set package 'rrm_sim' build argument 'cmake_args' from command line to 'None'
[0.362s] Level 5:colcon.colcon_core.verb:set package 'rrm_sim' build argument 'cmake_target' from command line to 'None'
[0.362s] Level 5:colcon.colcon_core.verb:set package 'rrm_sim' build argument 'cmake_target_skip_unavailable' from command line to 'False'
[0.362s] Level 5:colcon.colcon_core.verb:set package 'rrm_sim' build argument 'cmake_clean_cache' from command line to 'False'
[0.362s] Level 5:colcon.colcon_core.verb:set package 'rrm_sim' build argument 'cmake_clean_first' from command line to 'False'
[0.362s] Level 5:colcon.colcon_core.verb:set package 'rrm_sim' build argument 'cmake_force_configure' from command line to 'False'
[0.362s] Level 5:colcon.colcon_core.verb:set package 'rrm_sim' build argument 'ament_cmake_args' from command line to 'None'
[0.362s] Level 5:colcon.colcon_core.verb:set package 'rrm_sim' build argument 'catkin_cmake_args' from command line to 'None'
[0.362s] Level 5:colcon.colcon_core.verb:set package 'rrm_sim' build argument 'catkin_skip_building_tests' from command line to 'False'
[0.362s] DEBUG:colcon.colcon_core.verb:Building package 'rrm_sim' with the following arguments: {'ament_cmake_args': None, 'build_base': '/home/dominik/RRM/ros2_ws/build/rrm_sim', 'catkin_cmake_args': None, 'catkin_skip_building_tests': False, 'cmake_args': None, 'cmake_clean_cache': False, 'cmake_clean_first': False, 'cmake_force_configure': False, 'cmake_target': None, 'cmake_target_skip_unavailable': False, 'install_base': '/home/dominik/RRM/ros2_ws/install/rrm_sim', 'merge_install': False, 'path': '/home/dominik/RRM/ros2_ws/src/rrm/rrm_sim', 'symlink_install': False, 'test_result_base': None}
[0.363s] INFO:colcon.colcon_core.executor:Executing jobs using 'parallel' executor
[0.364s] DEBUG:colcon.colcon_parallel_executor.executor.parallel:run_until_complete
[0.364s] INFO:colcon.colcon_ros.task.ament_cmake.build:Building ROS package in '/home/dominik/RRM/ros2_ws/src/rrm/rrm_msgs' with build type 'ament_cmake'
[0.364s] INFO:colcon.colcon_cmake.task.cmake.build:Building CMake package in '/home/dominik/RRM/ros2_ws/src/rrm/rrm_msgs'
[0.367s] INFO:colcon.colcon_core.plugin_system:Skipping extension 'colcon_core.shell.bat': Not used on non-Windows systems
[0.368s] INFO:colcon.colcon_core.shell:Skip shell extension 'powershell' for command environment: Not usable outside of PowerShell
[0.368s] DEBUG:colcon.colcon_core.shell:Skip shell extension 'dsv' for command environment
[0.374s] INFO:colcon.colcon_ros.task.ament_cmake.build:Building ROS package in '/home/dominik/RRM/ros2_ws/src/cv1' with build type 'ament_cmake'
[0.374s] INFO:colcon.colcon_cmake.task.cmake.build:Building CMake package in '/home/dominik/RRM/ros2_ws/src/cv1'
[0.375s] INFO:colcon.colcon_core.shell:Skip shell extension 'powershell' for command environment: Not usable outside of PowerShell
[0.375s] DEBUG:colcon.colcon_core.shell:Skip shell extension 'dsv' for command environment
[0.380s] INFO:colcon.colcon_ros.task.ament_cmake.build:Building ROS package in '/home/dominik/RRM/ros2_ws/src/rrm/rrm_simple_robot_model' with build type 'ament_cmake'
[0.380s] INFO:colcon.colcon_cmake.task.cmake.build:Building CMake package in '/home/dominik/RRM/ros2_ws/src/rrm/rrm_simple_robot_model'
[0.381s] INFO:colcon.colcon_core.shell:Skip shell extension 'powershell' for command environment: Not usable outside of PowerShell
[0.381s] DEBUG:colcon.colcon_core.shell:Skip shell extension 'dsv' for command environment
[0.395s] DEBUG:colcon.colcon_core.event_handler.log_command:Invoking command in '/home/dominik/RRM/ros2_ws/build/rrm_msgs': CMAKE_PREFIX_PATH=${CMAKE_PREFIX_PATH}:/opt/ros/jazzy DEBUGINFOD_URLS=https://debuginfod.ubuntu.com /usr/bin/cmake --build /home/dominik/RRM/ros2_ws/build/rrm_msgs -- -j16 -l16
[0.399s] DEBUG:colcon.colcon_core.event_handler.log_command:Invoking command in '/home/dominik/RRM/ros2_ws/build/cv1': CMAKE_PREFIX_PATH=${CMAKE_PREFIX_PATH}:/opt/ros/jazzy DEBUGINFOD_URLS=https://debuginfod.ubuntu.com /usr/bin/cmake --build /home/dominik/RRM/ros2_ws/build/cv1 -- -j16 -l16
[0.405s] DEBUG:colcon.colcon_core.event_handler.log_command:Invoking command in '/home/dominik/RRM/ros2_ws/build/rrm_simple_robot_model': CMAKE_PREFIX_PATH=${CMAKE_PREFIX_PATH}:/opt/ros/jazzy DEBUGINFOD_URLS=https://debuginfod.ubuntu.com /usr/bin/cmake --build /home/dominik/RRM/ros2_ws/build/rrm_simple_robot_model -- -j16 -l16
[0.468s] DEBUG:colcon.colcon_core.event_handler.log_command:Invoked command in '/home/dominik/RRM/ros2_ws/build/rrm_simple_robot_model' returned '0': CMAKE_PREFIX_PATH=${CMAKE_PREFIX_PATH}:/opt/ros/jazzy DEBUGINFOD_URLS=https://debuginfod.ubuntu.com /usr/bin/cmake --build /home/dominik/RRM/ros2_ws/build/rrm_simple_robot_model -- -j16 -l16
[0.521s] DEBUG:colcon.colcon_core.event_handler.log_command:Invoking command in '/home/dominik/RRM/ros2_ws/build/rrm_simple_robot_model': CMAKE_PREFIX_PATH=${CMAKE_PREFIX_PATH}:/opt/ros/jazzy DEBUGINFOD_URLS=https://debuginfod.ubuntu.com /usr/bin/cmake --install /home/dominik/RRM/ros2_ws/build/rrm_simple_robot_model
[0.523s] DEBUG:colcon.colcon_core.event_handler.log_command:Invoked command in '/home/dominik/RRM/ros2_ws/build/cv1' returned '0': CMAKE_PREFIX_PATH=${CMAKE_PREFIX_PATH}:/opt/ros/jazzy DEBUGINFOD_URLS=https://debuginfod.ubuntu.com /usr/bin/cmake --build /home/dominik/RRM/ros2_ws/build/cv1 -- -j16 -l16
[0.542s] Level 1:colcon.colcon_core.environment:create_environment_scripts_only(rrm_simple_robot_model)
[0.544s] DEBUG:colcon.colcon_core.event_handler.log_command:Invoked command in '/home/dominik/RRM/ros2_ws/build/rrm_simple_robot_model' returned '0': CMAKE_PREFIX_PATH=${CMAKE_PREFIX_PATH}:/opt/ros/jazzy DEBUGINFOD_URLS=https://debuginfod.ubuntu.com /usr/bin/cmake --install /home/dominik/RRM/ros2_ws/build/rrm_simple_robot_model
[0.548s] Level 1:colcon.colcon_core.environment:checking '/home/dominik/RRM/ros2_ws/install/rrm_simple_robot_model' for CMake module files
[0.549s] Level 1:colcon.colcon_core.environment:checking '/home/dominik/RRM/ros2_ws/install/rrm_simple_robot_model' for CMake config files
[0.549s] Level 1:colcon.colcon_core.shell:create_environment_hook('rrm_simple_robot_model', 'cmake_prefix_path')
[0.550s] INFO:colcon.colcon_core.shell:Creating environment hook '/home/dominik/RRM/ros2_ws/install/rrm_simple_robot_model/share/rrm_simple_robot_model/hook/cmake_prefix_path.ps1'
[0.552s] INFO:colcon.colcon_core.shell:Creating environment descriptor '/home/dominik/RRM/ros2_ws/install/rrm_simple_robot_model/share/rrm_simple_robot_model/hook/cmake_prefix_path.dsv'
[0.553s] INFO:colcon.colcon_core.shell:Creating environment hook '/home/dominik/RRM/ros2_ws/install/rrm_simple_robot_model/share/rrm_simple_robot_model/hook/cmake_prefix_path.sh'
[0.554s] Level 1:colcon.colcon_core.environment:checking '/home/dominik/RRM/ros2_ws/install/rrm_simple_robot_model/bin'
[0.554s] Level 1:colcon.colcon_core.environment:checking '/home/dominik/RRM/ros2_ws/install/rrm_simple_robot_model/lib/pkgconfig/rrm_simple_robot_model.pc'
[0.555s] Level 1:colcon.colcon_core.environment:checking '/home/dominik/RRM/ros2_ws/install/rrm_simple_robot_model/lib/python3.12/site-packages'
[0.555s] Level 1:colcon.colcon_core.environment:checking '/home/dominik/RRM/ros2_ws/install/rrm_simple_robot_model/bin'
[0.555s] INFO:colcon.colcon_core.shell:Creating package script '/home/dominik/RRM/ros2_ws/install/rrm_simple_robot_model/share/rrm_simple_robot_model/package.ps1'
[0.556s] INFO:colcon.colcon_core.shell:Creating package descriptor '/home/dominik/RRM/ros2_ws/install/rrm_simple_robot_model/share/rrm_simple_robot_model/package.dsv'
[0.557s] INFO:colcon.colcon_core.shell:Creating package script '/home/dominik/RRM/ros2_ws/install/rrm_simple_robot_model/share/rrm_simple_robot_model/package.sh'
[0.558s] INFO:colcon.colcon_core.shell:Creating package script '/home/dominik/RRM/ros2_ws/install/rrm_simple_robot_model/share/rrm_simple_robot_model/package.bash'
[0.559s] INFO:colcon.colcon_core.shell:Creating package script '/home/dominik/RRM/ros2_ws/install/rrm_simple_robot_model/share/rrm_simple_robot_model/package.zsh'
[0.560s] Level 1:colcon.colcon_core.environment:create_file_with_runtime_dependencies(/home/dominik/RRM/ros2_ws/install/rrm_simple_robot_model/share/colcon-core/packages/rrm_simple_robot_model)
[0.568s] DEBUG:colcon.colcon_core.event_handler.log_command:Invoking command in '/home/dominik/RRM/ros2_ws/build/cv1': CMAKE_PREFIX_PATH=${CMAKE_PREFIX_PATH}:/opt/ros/jazzy DEBUGINFOD_URLS=https://debuginfod.ubuntu.com /usr/bin/cmake --install /home/dominik/RRM/ros2_ws/build/cv1
[0.588s] Level 1:colcon.colcon_core.environment:create_environment_scripts_only(cv1)
[0.588s] Level 1:colcon.colcon_core.environment:checking '/home/dominik/RRM/ros2_ws/install/cv1' for CMake module files
[0.589s] DEBUG:colcon.colcon_core.event_handler.log_command:Invoked command in '/home/dominik/RRM/ros2_ws/build/cv1' returned '0': CMAKE_PREFIX_PATH=${CMAKE_PREFIX_PATH}:/opt/ros/jazzy DEBUGINFOD_URLS=https://debuginfod.ubuntu.com /usr/bin/cmake --install /home/dominik/RRM/ros2_ws/build/cv1
[0.590s] Level 1:colcon.colcon_core.environment:checking '/home/dominik/RRM/ros2_ws/install/cv1' for CMake config files
[0.590s] Level 1:colcon.colcon_core.shell:create_environment_hook('cv1', 'cmake_prefix_path')
[0.590s] INFO:colcon.colcon_core.shell:Creating environment hook '/home/dominik/RRM/ros2_ws/install/cv1/share/cv1/hook/cmake_prefix_path.ps1'
[0.591s] INFO:colcon.colcon_core.shell:Creating environment descriptor '/home/dominik/RRM/ros2_ws/install/cv1/share/cv1/hook/cmake_prefix_path.dsv'
[0.591s] INFO:colcon.colcon_core.shell:Creating environment hook '/home/dominik/RRM/ros2_ws/install/cv1/share/cv1/hook/cmake_prefix_path.sh'
[0.592s] Level 1:colcon.colcon_core.environment:checking '/home/dominik/RRM/ros2_ws/install/cv1/lib'
[0.593s] Level 1:colcon.colcon_core.environment:checking '/home/dominik/RRM/ros2_ws/install/cv1/bin'
[0.593s] Level 1:colcon.colcon_core.environment:checking '/home/dominik/RRM/ros2_ws/install/cv1/lib/pkgconfig/cv1.pc'
[0.593s] Level 1:colcon.colcon_core.environment:checking '/home/dominik/RRM/ros2_ws/install/cv1/lib/python3.12/site-packages'
[0.593s] Level 1:colcon.colcon_core.environment:checking '/home/dominik/RRM/ros2_ws/install/cv1/bin'
[0.594s] INFO:colcon.colcon_core.shell:Creating package script '/home/dominik/RRM/ros2_ws/install/cv1/share/cv1/package.ps1'
[0.595s] INFO:colcon.colcon_core.shell:Creating package descriptor '/home/dominik/RRM/ros2_ws/install/cv1/share/cv1/package.dsv'
[0.595s] INFO:colcon.colcon_core.shell:Creating package script '/home/dominik/RRM/ros2_ws/install/cv1/share/cv1/package.sh'
[0.596s] INFO:colcon.colcon_core.shell:Creating package script '/home/dominik/RRM/ros2_ws/install/cv1/share/cv1/package.bash'
[0.596s] INFO:colcon.colcon_core.shell:Creating package script '/home/dominik/RRM/ros2_ws/install/cv1/share/cv1/package.zsh'
[0.597s] Level 1:colcon.colcon_core.environment:create_file_with_runtime_dependencies(/home/dominik/RRM/ros2_ws/install/cv1/share/colcon-core/packages/cv1)
[0.601s] Level 1:colcon.colcon_core.environment:create_environment_scripts_only(rrm_simple_robot_model)
[0.602s] Level 1:colcon.colcon_core.environment:checking '/home/dominik/RRM/ros2_ws/install/rrm_simple_robot_model' for CMake module files
[0.602s] Level 1:colcon.colcon_core.environment:checking '/home/dominik/RRM/ros2_ws/install/rrm_simple_robot_model' for CMake config files
[0.603s] Level 1:colcon.colcon_core.shell:create_environment_hook('rrm_simple_robot_model', 'cmake_prefix_path')
[0.603s] INFO:colcon.colcon_core.shell:Creating environment hook '/home/dominik/RRM/ros2_ws/install/rrm_simple_robot_model/share/rrm_simple_robot_model/hook/cmake_prefix_path.ps1'
[0.603s] INFO:colcon.colcon_core.shell:Creating environment descriptor '/home/dominik/RRM/ros2_ws/install/rrm_simple_robot_model/share/rrm_simple_robot_model/hook/cmake_prefix_path.dsv'
[0.604s] INFO:colcon.colcon_core.shell:Creating environment hook '/home/dominik/RRM/ros2_ws/install/rrm_simple_robot_model/share/rrm_simple_robot_model/hook/cmake_prefix_path.sh'
[0.604s] Level 1:colcon.colcon_core.environment:checking '/home/dominik/RRM/ros2_ws/install/rrm_simple_robot_model/bin'
[0.605s] Level 1:colcon.colcon_core.environment:checking '/home/dominik/RRM/ros2_ws/install/rrm_simple_robot_model/lib/pkgconfig/rrm_simple_robot_model.pc'
[0.605s] Level 1:colcon.colcon_core.environment:checking '/home/dominik/RRM/ros2_ws/install/rrm_simple_robot_model/lib/python3.12/site-packages'
[0.605s] Level 1:colcon.colcon_core.environment:checking '/home/dominik/RRM/ros2_ws/install/rrm_simple_robot_model/bin'
[0.605s] INFO:colcon.colcon_core.shell:Creating package script '/home/dominik/RRM/ros2_ws/install/rrm_simple_robot_model/share/rrm_simple_robot_model/package.ps1'
[0.607s] INFO:colcon.colcon_core.shell:Creating package descriptor '/home/dominik/RRM/ros2_ws/install/rrm_simple_robot_model/share/rrm_simple_robot_model/package.dsv'
[0.607s] INFO:colcon.colcon_core.shell:Creating package script '/home/dominik/RRM/ros2_ws/install/rrm_simple_robot_model/share/rrm_simple_robot_model/package.sh'
[0.608s] INFO:colcon.colcon_core.shell:Creating package script '/home/dominik/RRM/ros2_ws/install/rrm_simple_robot_model/share/rrm_simple_robot_model/package.bash'
[0.608s] INFO:colcon.colcon_core.shell:Creating package script '/home/dominik/RRM/ros2_ws/install/rrm_simple_robot_model/share/rrm_simple_robot_model/package.zsh'
[0.609s] Level 1:colcon.colcon_core.environment:create_file_with_runtime_dependencies(/home/dominik/RRM/ros2_ws/install/rrm_simple_robot_model/share/colcon-core/packages/rrm_simple_robot_model)
[0.649s] Level 1:colcon.colcon_core.environment:create_environment_scripts_only(cv1)
[0.649s] Level 1:colcon.colcon_core.environment:checking '/home/dominik/RRM/ros2_ws/install/cv1' for CMake module files
[0.650s] Level 1:colcon.colcon_core.environment:checking '/home/dominik/RRM/ros2_ws/install/cv1' for CMake config files
[0.651s] Level 1:colcon.colcon_core.shell:create_environment_hook('cv1', 'cmake_prefix_path')
[0.651s] INFO:colcon.colcon_core.shell:Creating environment hook '/home/dominik/RRM/ros2_ws/install/cv1/share/cv1/hook/cmake_prefix_path.ps1'
[0.651s] INFO:colcon.colcon_core.shell:Creating environment descriptor '/home/dominik/RRM/ros2_ws/install/cv1/share/cv1/hook/cmake_prefix_path.dsv'
[0.652s] INFO:colcon.colcon_core.shell:Creating environment hook '/home/dominik/RRM/ros2_ws/install/cv1/share/cv1/hook/cmake_prefix_path.sh'
[0.653s] Level 1:colcon.colcon_core.environment:checking '/home/dominik/RRM/ros2_ws/install/cv1/lib'
[0.653s] Level 1:colcon.colcon_core.environment:checking '/home/dominik/RRM/ros2_ws/install/cv1/bin'
[0.653s] Level 1:colcon.colcon_core.environment:checking '/home/dominik/RRM/ros2_ws/install/cv1/lib/pkgconfig/cv1.pc'
[0.653s] Level 1:colcon.colcon_core.environment:checking '/home/dominik/RRM/ros2_ws/install/cv1/lib/python3.12/site-packages'
[0.653s] Level 1:colcon.colcon_core.environment:checking '/home/dominik/RRM/ros2_ws/install/cv1/bin'
[0.654s] INFO:colcon.colcon_core.shell:Creating package script '/home/dominik/RRM/ros2_ws/install/cv1/share/cv1/package.ps1'
[0.654s] INFO:colcon.colcon_core.shell:Creating package descriptor '/home/dominik/RRM/ros2_ws/install/cv1/share/cv1/package.dsv'
[0.655s] INFO:colcon.colcon_core.shell:Creating package script '/home/dominik/RRM/ros2_ws/install/cv1/share/cv1/package.sh'
[0.655s] INFO:colcon.colcon_core.shell:Creating package script '/home/dominik/RRM/ros2_ws/install/cv1/share/cv1/package.bash'
[0.656s] INFO:colcon.colcon_core.shell:Creating package script '/home/dominik/RRM/ros2_ws/install/cv1/share/cv1/package.zsh'
[0.656s] Level 1:colcon.colcon_core.environment:create_file_with_runtime_dependencies(/home/dominik/RRM/ros2_ws/install/cv1/share/colcon-core/packages/cv1)
[1.038s] DEBUG:colcon.colcon_core.event_handler.log_command:Invoked command in '/home/dominik/RRM/ros2_ws/build/rrm_msgs' returned '0': CMAKE_PREFIX_PATH=${CMAKE_PREFIX_PATH}:/opt/ros/jazzy DEBUGINFOD_URLS=https://debuginfod.ubuntu.com /usr/bin/cmake --build /home/dominik/RRM/ros2_ws/build/rrm_msgs -- -j16 -l16
[1.215s] DEBUG:colcon.colcon_core.event_handler.log_command:Invoking command in '/home/dominik/RRM/ros2_ws/build/rrm_msgs': CMAKE_PREFIX_PATH=${CMAKE_PREFIX_PATH}:/opt/ros/jazzy DEBUGINFOD_URLS=https://debuginfod.ubuntu.com /usr/bin/cmake --install /home/dominik/RRM/ros2_ws/build/rrm_msgs
[1.310s] Level 1:colcon.colcon_core.environment:create_environment_scripts_only(rrm_msgs)
[1.311s] Level 1:colcon.colcon_core.environment:checking '/home/dominik/RRM/ros2_ws/install/rrm_msgs' for CMake module files
[1.312s] DEBUG:colcon.colcon_core.event_handler.log_command:Invoked command in '/home/dominik/RRM/ros2_ws/build/rrm_msgs' returned '0': CMAKE_PREFIX_PATH=${CMAKE_PREFIX_PATH}:/opt/ros/jazzy DEBUGINFOD_URLS=https://debuginfod.ubuntu.com /usr/bin/cmake --install /home/dominik/RRM/ros2_ws/build/rrm_msgs
[1.313s] Level 1:colcon.colcon_core.environment:checking '/home/dominik/RRM/ros2_ws/install/rrm_msgs' for CMake config files
[1.313s] Level 1:colcon.colcon_core.shell:create_environment_hook('rrm_msgs', 'cmake_prefix_path')
[1.313s] INFO:colcon.colcon_core.shell:Creating environment hook '/home/dominik/RRM/ros2_ws/install/rrm_msgs/share/rrm_msgs/hook/cmake_prefix_path.ps1'
[1.314s] INFO:colcon.colcon_core.shell:Creating environment descriptor '/home/dominik/RRM/ros2_ws/install/rrm_msgs/share/rrm_msgs/hook/cmake_prefix_path.dsv'
[1.314s] INFO:colcon.colcon_core.shell:Creating environment hook '/home/dominik/RRM/ros2_ws/install/rrm_msgs/share/rrm_msgs/hook/cmake_prefix_path.sh'
[1.315s] Level 1:colcon.colcon_core.environment:checking '/home/dominik/RRM/ros2_ws/install/rrm_msgs/lib'
[1.315s] Level 1:colcon.colcon_core.shell:create_environment_hook('rrm_msgs', 'ld_library_path_lib')
[1.315s] INFO:colcon.colcon_core.shell:Creating environment hook '/home/dominik/RRM/ros2_ws/install/rrm_msgs/share/rrm_msgs/hook/ld_library_path_lib.ps1'
[1.316s] INFO:colcon.colcon_core.shell:Creating environment descriptor '/home/dominik/RRM/ros2_ws/install/rrm_msgs/share/rrm_msgs/hook/ld_library_path_lib.dsv'
[1.316s] INFO:colcon.colcon_core.shell:Creating environment hook '/home/dominik/RRM/ros2_ws/install/rrm_msgs/share/rrm_msgs/hook/ld_library_path_lib.sh'
[1.317s] Level 1:colcon.colcon_core.environment:checking '/home/dominik/RRM/ros2_ws/install/rrm_msgs/bin'
[1.317s] Level 1:colcon.colcon_core.environment:checking '/home/dominik/RRM/ros2_ws/install/rrm_msgs/lib/pkgconfig/rrm_msgs.pc'
[1.317s] Level 1:colcon.colcon_core.environment:checking '/home/dominik/RRM/ros2_ws/install/rrm_msgs/lib/python3.12/site-packages'
[1.318s] Level 1:colcon.colcon_core.shell:create_environment_hook('rrm_msgs', 'pythonpath')
[1.318s] INFO:colcon.colcon_core.shell:Creating environment hook '/home/dominik/RRM/ros2_ws/install/rrm_msgs/share/rrm_msgs/hook/pythonpath.ps1'
[1.318s] INFO:colcon.colcon_core.shell:Creating environment descriptor '/home/dominik/RRM/ros2_ws/install/rrm_msgs/share/rrm_msgs/hook/pythonpath.dsv'
[1.319s] INFO:colcon.colcon_core.shell:Creating environment hook '/home/dominik/RRM/ros2_ws/install/rrm_msgs/share/rrm_msgs/hook/pythonpath.sh'
[1.320s] Level 1:colcon.colcon_core.environment:checking '/home/dominik/RRM/ros2_ws/install/rrm_msgs/bin'
[1.320s] INFO:colcon.colcon_core.shell:Creating package script '/home/dominik/RRM/ros2_ws/install/rrm_msgs/share/rrm_msgs/package.ps1'
[1.321s] INFO:colcon.colcon_core.shell:Creating package descriptor '/home/dominik/RRM/ros2_ws/install/rrm_msgs/share/rrm_msgs/package.dsv'
[1.321s] INFO:colcon.colcon_core.shell:Creating package script '/home/dominik/RRM/ros2_ws/install/rrm_msgs/share/rrm_msgs/package.sh'
[1.322s] INFO:colcon.colcon_core.shell:Creating package script '/home/dominik/RRM/ros2_ws/install/rrm_msgs/share/rrm_msgs/package.bash'
[1.322s] INFO:colcon.colcon_core.shell:Creating package script '/home/dominik/RRM/ros2_ws/install/rrm_msgs/share/rrm_msgs/package.zsh'
[1.323s] Level 1:colcon.colcon_core.environment:create_file_with_runtime_dependencies(/home/dominik/RRM/ros2_ws/install/rrm_msgs/share/colcon-core/packages/rrm_msgs)
[1.503s] Level 1:colcon.colcon_core.environment:create_environment_scripts_only(rrm_msgs)
[1.503s] Level 1:colcon.colcon_core.environment:checking '/home/dominik/RRM/ros2_ws/install/rrm_msgs' for CMake module files
[1.504s] Level 1:colcon.colcon_core.environment:checking '/home/dominik/RRM/ros2_ws/install/rrm_msgs' for CMake config files
[1.504s] Level 1:colcon.colcon_core.shell:create_environment_hook('rrm_msgs', 'cmake_prefix_path')
[1.505s] INFO:colcon.colcon_core.shell:Creating environment hook '/home/dominik/RRM/ros2_ws/install/rrm_msgs/share/rrm_msgs/hook/cmake_prefix_path.ps1'
[1.505s] INFO:colcon.colcon_core.shell:Creating environment descriptor '/home/dominik/RRM/ros2_ws/install/rrm_msgs/share/rrm_msgs/hook/cmake_prefix_path.dsv'
[1.506s] INFO:colcon.colcon_core.shell:Creating environment hook '/home/dominik/RRM/ros2_ws/install/rrm_msgs/share/rrm_msgs/hook/cmake_prefix_path.sh'
[1.506s] Level 1:colcon.colcon_core.environment:checking '/home/dominik/RRM/ros2_ws/install/rrm_msgs/lib'
[1.507s] Level 1:colcon.colcon_core.shell:create_environment_hook('rrm_msgs', 'ld_library_path_lib')
[1.507s] INFO:colcon.colcon_core.shell:Creating environment hook '/home/dominik/RRM/ros2_ws/install/rrm_msgs/share/rrm_msgs/hook/ld_library_path_lib.ps1'
[1.507s] INFO:colcon.colcon_core.shell:Creating environment descriptor '/home/dominik/RRM/ros2_ws/install/rrm_msgs/share/rrm_msgs/hook/ld_library_path_lib.dsv'
[1.508s] INFO:colcon.colcon_core.shell:Creating environment hook '/home/dominik/RRM/ros2_ws/install/rrm_msgs/share/rrm_msgs/hook/ld_library_path_lib.sh'
[1.508s] Level 1:colcon.colcon_core.environment:checking '/home/dominik/RRM/ros2_ws/install/rrm_msgs/bin'
[1.508s] Level 1:colcon.colcon_core.environment:checking '/home/dominik/RRM/ros2_ws/install/rrm_msgs/lib/pkgconfig/rrm_msgs.pc'
[1.508s] Level 1:colcon.colcon_core.environment:checking '/home/dominik/RRM/ros2_ws/install/rrm_msgs/lib/python3.12/site-packages'
[1.509s] Level 1:colcon.colcon_core.shell:create_environment_hook('rrm_msgs', 'pythonpath')
[1.509s] INFO:colcon.colcon_core.shell:Creating environment hook '/home/dominik/RRM/ros2_ws/install/rrm_msgs/share/rrm_msgs/hook/pythonpath.ps1'
[1.509s] INFO:colcon.colcon_core.shell:Creating environment descriptor '/home/dominik/RRM/ros2_ws/install/rrm_msgs/share/rrm_msgs/hook/pythonpath.dsv'
[1.510s] INFO:colcon.colcon_core.shell:Creating environment hook '/home/dominik/RRM/ros2_ws/install/rrm_msgs/share/rrm_msgs/hook/pythonpath.sh'
[1.510s] Level 1:colcon.colcon_core.environment:checking '/home/dominik/RRM/ros2_ws/install/rrm_msgs/bin'
[1.511s] INFO:colcon.colcon_core.shell:Creating package script '/home/dominik/RRM/ros2_ws/install/rrm_msgs/share/rrm_msgs/package.ps1'
[1.511s] INFO:colcon.colcon_core.shell:Creating package descriptor '/home/dominik/RRM/ros2_ws/install/rrm_msgs/share/rrm_msgs/package.dsv'
[1.512s] INFO:colcon.colcon_core.shell:Creating package script '/home/dominik/RRM/ros2_ws/install/rrm_msgs/share/rrm_msgs/package.sh'
[1.513s] INFO:colcon.colcon_core.shell:Creating package script '/home/dominik/RRM/ros2_ws/install/rrm_msgs/share/rrm_msgs/package.bash'
[1.513s] INFO:colcon.colcon_core.shell:Creating package script '/home/dominik/RRM/ros2_ws/install/rrm_msgs/share/rrm_msgs/package.zsh'
[1.514s] Level 1:colcon.colcon_core.environment:create_file_with_runtime_dependencies(/home/dominik/RRM/ros2_ws/install/rrm_msgs/share/colcon-core/packages/rrm_msgs)
[1.514s] INFO:colcon.colcon_ros.task.ament_cmake.build:Building ROS package in '/home/dominik/RRM/ros2_ws/src/block1_surani' with build type 'ament_cmake'
[1.515s] INFO:colcon.colcon_cmake.task.cmake.build:Building CMake package in '/home/dominik/RRM/ros2_ws/src/block1_surani'
[1.515s] INFO:colcon.colcon_core.shell:Skip shell extension 'powershell' for command environment: Not usable outside of PowerShell
[1.515s] DEBUG:colcon.colcon_core.shell:Skip shell extension 'dsv' for command environment
[1.522s] INFO:colcon.colcon_ros.task.ament_cmake.build:Building ROS package in '/home/dominik/RRM/ros2_ws/src/rrm/rrm_sim' with build type 'ament_cmake'
[1.522s] INFO:colcon.colcon_cmake.task.cmake.build:Building CMake package in '/home/dominik/RRM/ros2_ws/src/rrm/rrm_sim'
[1.522s] INFO:colcon.colcon_core.shell:Skip shell extension 'powershell' for command environment: Not usable outside of PowerShell
[1.523s] DEBUG:colcon.colcon_core.shell:Skip shell extension 'dsv' for command environment
[1.534s] DEBUG:colcon.colcon_core.event_handler.log_command:Invoking command in '/home/dominik/RRM/ros2_ws/build/block1_surani': CMAKE_PREFIX_PATH=/home/dominik/RRM/ros2_ws/install/rrm_msgs:/home/dominik/RRM/ros2_ws/install/block1_surani:/home/dominik/RRM/ros2_ws/install/rrm_simple_robot_model:/home/dominik/RRM/ros2_ws/install/rrm_sim:/home/dominik/RRM/ros2_ws/install/cv1:/home/dominik/RRM/zad1/install/zad1:/opt/ros/jazzy/opt/gz_math_vendor:/opt/ros/jazzy/opt/gz_utils_vendor:/opt/ros/jazzy/opt/gz_cmake_vendor:/opt/ros/jazzy DEBUGINFOD_URLS=https://debuginfod.ubuntu.com /usr/bin/cmake --build /home/dominik/RRM/ros2_ws/build/block1_surani -- -j16 -l16
[1.541s] DEBUG:colcon.colcon_core.event_handler.log_command:Invoking command in '/home/dominik/RRM/ros2_ws/build/rrm_sim': CMAKE_PREFIX_PATH=/home/dominik/RRM/ros2_ws/install/rrm_msgs:/home/dominik/RRM/ros2_ws/install/block1_surani:/home/dominik/RRM/ros2_ws/install/rrm_simple_robot_model:/home/dominik/RRM/ros2_ws/install/rrm_sim:/home/dominik/RRM/ros2_ws/install/cv1:/home/dominik/RRM/zad1/install/zad1:/opt/ros/jazzy/opt/gz_math_vendor:/opt/ros/jazzy/opt/gz_utils_vendor:/opt/ros/jazzy/opt/gz_cmake_vendor:/opt/ros/jazzy DEBUGINFOD_URLS=https://debuginfod.ubuntu.com /usr/bin/cmake --build /home/dominik/RRM/ros2_ws/build/rrm_sim -- -j16 -l16
[1.666s] DEBUG:colcon.colcon_core.event_handler.log_command:Invoked command in '/home/dominik/RRM/ros2_ws/build/rrm_sim' returned '0': CMAKE_PREFIX_PATH=/home/dominik/RRM/ros2_ws/install/rrm_msgs:/home/dominik/RRM/ros2_ws/install/block1_surani:/home/dominik/RRM/ros2_ws/install/rrm_simple_robot_model:/home/dominik/RRM/ros2_ws/install/rrm_sim:/home/dominik/RRM/ros2_ws/install/cv1:/home/dominik/RRM/zad1/install/zad1:/opt/ros/jazzy/opt/gz_math_vendor:/opt/ros/jazzy/opt/gz_utils_vendor:/opt/ros/jazzy/opt/gz_cmake_vendor:/opt/ros/jazzy DEBUGINFOD_URLS=https://debuginfod.ubuntu.com /usr/bin/cmake --build /home/dominik/RRM/ros2_ws/build/rrm_sim -- -j16 -l16
[1.721s] DEBUG:colcon.colcon_core.event_handler.log_command:Invoking command in '/home/dominik/RRM/ros2_ws/build/rrm_sim': CMAKE_PREFIX_PATH=/home/dominik/RRM/ros2_ws/install/rrm_msgs:/home/dominik/RRM/ros2_ws/install/block1_surani:/home/dominik/RRM/ros2_ws/install/rrm_simple_robot_model:/home/dominik/RRM/ros2_ws/install/rrm_sim:/home/dominik/RRM/ros2_ws/install/cv1:/home/dominik/RRM/zad1/install/zad1:/opt/ros/jazzy/opt/gz_math_vendor:/opt/ros/jazzy/opt/gz_utils_vendor:/opt/ros/jazzy/opt/gz_cmake_vendor:/opt/ros/jazzy DEBUGINFOD_URLS=https://debuginfod.ubuntu.com /usr/bin/cmake --install /home/dominik/RRM/ros2_ws/build/rrm_sim
[1.739s] Level 1:colcon.colcon_core.environment:create_environment_scripts_only(rrm_sim)
[1.739s] Level 1:colcon.colcon_core.environment:checking '/home/dominik/RRM/ros2_ws/install/rrm_sim' for CMake module files
[1.740s] DEBUG:colcon.colcon_core.event_handler.log_command:Invoked command in '/home/dominik/RRM/ros2_ws/build/rrm_sim' returned '0': CMAKE_PREFIX_PATH=/home/dominik/RRM/ros2_ws/install/rrm_msgs:/home/dominik/RRM/ros2_ws/install/block1_surani:/home/dominik/RRM/ros2_ws/install/rrm_simple_robot_model:/home/dominik/RRM/ros2_ws/install/rrm_sim:/home/dominik/RRM/ros2_ws/install/cv1:/home/dominik/RRM/zad1/install/zad1:/opt/ros/jazzy/opt/gz_math_vendor:/opt/ros/jazzy/opt/gz_utils_vendor:/opt/ros/jazzy/opt/gz_cmake_vendor:/opt/ros/jazzy DEBUGINFOD_URLS=https://debuginfod.ubuntu.com /usr/bin/cmake --install /home/dominik/RRM/ros2_ws/build/rrm_sim
[1.741s] Level 1:colcon.colcon_core.environment:checking '/home/dominik/RRM/ros2_ws/install/rrm_sim' for CMake config files
[1.741s] Level 1:colcon.colcon_core.shell:create_environment_hook('rrm_sim', 'cmake_prefix_path')
[1.741s] INFO:colcon.colcon_core.shell:Creating environment hook '/home/dominik/RRM/ros2_ws/install/rrm_sim/share/rrm_sim/hook/cmake_prefix_path.ps1'
[1.742s] INFO:colcon.colcon_core.shell:Creating environment descriptor '/home/dominik/RRM/ros2_ws/install/rrm_sim/share/rrm_sim/hook/cmake_prefix_path.dsv'
[1.742s] INFO:colcon.colcon_core.shell:Creating environment hook '/home/dominik/RRM/ros2_ws/install/rrm_sim/share/rrm_sim/hook/cmake_prefix_path.sh'
[1.743s] Level 1:colcon.colcon_core.environment:checking '/home/dominik/RRM/ros2_ws/install/rrm_sim/lib'
[1.743s] Level 1:colcon.colcon_core.environment:checking '/home/dominik/RRM/ros2_ws/install/rrm_sim/bin'
[1.743s] Level 1:colcon.colcon_core.environment:checking '/home/dominik/RRM/ros2_ws/install/rrm_sim/lib/pkgconfig/rrm_sim.pc'
[1.743s] Level 1:colcon.colcon_core.environment:checking '/home/dominik/RRM/ros2_ws/install/rrm_sim/lib/python3.12/site-packages'
[1.744s] Level 1:colcon.colcon_core.environment:checking '/home/dominik/RRM/ros2_ws/install/rrm_sim/bin'
[1.744s] INFO:colcon.colcon_core.shell:Creating package script '/home/dominik/RRM/ros2_ws/install/rrm_sim/share/rrm_sim/package.ps1'
[1.745s] INFO:colcon.colcon_core.shell:Creating package descriptor '/home/dominik/RRM/ros2_ws/install/rrm_sim/share/rrm_sim/package.dsv'
[1.745s] INFO:colcon.colcon_core.shell:Creating package script '/home/dominik/RRM/ros2_ws/install/rrm_sim/share/rrm_sim/package.sh'
[1.746s] INFO:colcon.colcon_core.shell:Creating package script '/home/dominik/RRM/ros2_ws/install/rrm_sim/share/rrm_sim/package.bash'
[1.746s] INFO:colcon.colcon_core.shell:Creating package script '/home/dominik/RRM/ros2_ws/install/rrm_sim/share/rrm_sim/package.zsh'
[1.747s] Level 1:colcon.colcon_core.environment:create_file_with_runtime_dependencies(/home/dominik/RRM/ros2_ws/install/rrm_sim/share/colcon-core/packages/rrm_sim)
[1.801s] Level 1:colcon.colcon_core.environment:create_environment_scripts_only(rrm_sim)
[1.801s] Level 1:colcon.colcon_core.environment:checking '/home/dominik/RRM/ros2_ws/install/rrm_sim' for CMake module files
[1.802s] Level 1:colcon.colcon_core.environment:checking '/home/dominik/RRM/ros2_ws/install/rrm_sim' for CMake config files
[1.802s] Level 1:colcon.colcon_core.shell:create_environment_hook('rrm_sim', 'cmake_prefix_path')
[1.803s] INFO:colcon.colcon_core.shell:Creating environment hook '/home/dominik/RRM/ros2_ws/install/rrm_sim/share/rrm_sim/hook/cmake_prefix_path.ps1'
[1.803s] INFO:colcon.colcon_core.shell:Creating environment descriptor '/home/dominik/RRM/ros2_ws/install/rrm_sim/share/rrm_sim/hook/cmake_prefix_path.dsv'
[1.804s] INFO:colcon.colcon_core.shell:Creating environment hook '/home/dominik/RRM/ros2_ws/install/rrm_sim/share/rrm_sim/hook/cmake_prefix_path.sh'
[1.804s] Level 1:colcon.colcon_core.environment:checking '/home/dominik/RRM/ros2_ws/install/rrm_sim/lib'
[1.805s] Level 1:colcon.colcon_core.environment:checking '/home/dominik/RRM/ros2_ws/install/rrm_sim/bin'
[1.805s] Level 1:colcon.colcon_core.environment:checking '/home/dominik/RRM/ros2_ws/install/rrm_sim/lib/pkgconfig/rrm_sim.pc'
[1.805s] Level 1:colcon.colcon_core.environment:checking '/home/dominik/RRM/ros2_ws/install/rrm_sim/lib/python3.12/site-packages'
[1.805s] Level 1:colcon.colcon_core.environment:checking '/home/dominik/RRM/ros2_ws/install/rrm_sim/bin'
[1.806s] INFO:colcon.colcon_core.shell:Creating package script '/home/dominik/RRM/ros2_ws/install/rrm_sim/share/rrm_sim/package.ps1'
[1.806s] INFO:colcon.colcon_core.shell:Creating package descriptor '/home/dominik/RRM/ros2_ws/install/rrm_sim/share/rrm_sim/package.dsv'
[1.807s] INFO:colcon.colcon_core.shell:Creating package script '/home/dominik/RRM/ros2_ws/install/rrm_sim/share/rrm_sim/package.sh'
[1.807s] INFO:colcon.colcon_core.shell:Creating package script '/home/dominik/RRM/ros2_ws/install/rrm_sim/share/rrm_sim/package.bash'
[1.808s] INFO:colcon.colcon_core.shell:Creating package script '/home/dominik/RRM/ros2_ws/install/rrm_sim/share/rrm_sim/package.zsh'
[1.808s] Level 1:colcon.colcon_core.environment:create_file_with_runtime_dependencies(/home/dominik/RRM/ros2_ws/install/rrm_sim/share/colcon-core/packages/rrm_sim)
[6.889s] DEBUG:colcon.colcon_core.event_handler.log_command:Invoked command in '/home/dominik/RRM/ros2_ws/build/block1_surani' returned '2': CMAKE_PREFIX_PATH=/home/dominik/RRM/ros2_ws/install/rrm_msgs:/home/dominik/RRM/ros2_ws/install/block1_surani:/home/dominik/RRM/ros2_ws/install/rrm_simple_robot_model:/home/dominik/RRM/ros2_ws/install/rrm_sim:/home/dominik/RRM/ros2_ws/install/cv1:/home/dominik/RRM/zad1/install/zad1:/opt/ros/jazzy/opt/gz_math_vendor:/opt/ros/jazzy/opt/gz_utils_vendor:/opt/ros/jazzy/opt/gz_cmake_vendor:/opt/ros/jazzy DEBUGINFOD_URLS=https://debuginfod.ubuntu.com /usr/bin/cmake --build /home/dominik/RRM/ros2_ws/build/block1_surani -- -j16 -l16
[6.924s] Level 1:colcon.colcon_core.environment:create_environment_scripts_only(block1_surani)
[6.924s] Level 1:colcon.colcon_core.environment:checking '/home/dominik/RRM/ros2_ws/install/block1_surani' for CMake module files
[6.925s] Level 1:colcon.colcon_core.environment:checking '/home/dominik/RRM/ros2_ws/install/block1_surani' for CMake config files
[6.925s] Level 1:colcon.colcon_core.shell:create_environment_hook('block1_surani', 'cmake_prefix_path')
[6.925s] INFO:colcon.colcon_core.shell:Creating environment hook '/home/dominik/RRM/ros2_ws/install/block1_surani/share/block1_surani/hook/cmake_prefix_path.ps1'
[6.925s] INFO:colcon.colcon_core.shell:Creating environment descriptor '/home/dominik/RRM/ros2_ws/install/block1_surani/share/block1_surani/hook/cmake_prefix_path.dsv'
[6.926s] INFO:colcon.colcon_core.shell:Creating environment hook '/home/dominik/RRM/ros2_ws/install/block1_surani/share/block1_surani/hook/cmake_prefix_path.sh'
[6.926s] Level 1:colcon.colcon_core.environment:checking '/home/dominik/RRM/ros2_ws/install/block1_surani/lib'
[6.926s] Level 1:colcon.colcon_core.environment:checking '/home/dominik/RRM/ros2_ws/install/block1_surani/bin'
[6.926s] Level 1:colcon.colcon_core.environment:checking '/home/dominik/RRM/ros2_ws/install/block1_surani/lib/pkgconfig/block1_surani.pc'
[6.926s] Level 1:colcon.colcon_core.environment:checking '/home/dominik/RRM/ros2_ws/install/block1_surani/lib/python3.12/site-packages'
[6.926s] Level 1:colcon.colcon_core.environment:checking '/home/dominik/RRM/ros2_ws/install/block1_surani/bin'
[6.926s] INFO:colcon.colcon_core.shell:Creating package script '/home/dominik/RRM/ros2_ws/install/block1_surani/share/block1_surani/package.ps1'
[6.927s] INFO:colcon.colcon_core.shell:Creating package descriptor '/home/dominik/RRM/ros2_ws/install/block1_surani/share/block1_surani/package.dsv'
[6.927s] INFO:colcon.colcon_core.shell:Creating package script '/home/dominik/RRM/ros2_ws/install/block1_surani/share/block1_surani/package.sh'
[6.927s] INFO:colcon.colcon_core.shell:Creating package script '/home/dominik/RRM/ros2_ws/install/block1_surani/share/block1_surani/package.bash'
[6.928s] INFO:colcon.colcon_core.shell:Creating package script '/home/dominik/RRM/ros2_ws/install/block1_surani/share/block1_surani/package.zsh'
[6.928s] Level 1:colcon.colcon_core.environment:create_file_with_runtime_dependencies(/home/dominik/RRM/ros2_ws/install/block1_surani/share/colcon-core/packages/block1_surani)
[6.938s] DEBUG:colcon.colcon_parallel_executor.executor.parallel:closing loop
[6.939s] DEBUG:colcon.colcon_parallel_executor.executor.parallel:loop closed
[6.939s] DEBUG:colcon.colcon_parallel_executor.executor.parallel:run_until_complete finished with '2'
[6.939s] DEBUG:colcon.colcon_core.event_reactor:joining thread
[6.944s] INFO:colcon.colcon_core.plugin_system:Skipping extension 'colcon_notification.desktop_notification.terminal_notifier': Not used on non-Darwin systems
[6.944s] INFO:colcon.colcon_core.plugin_system:Skipping extension 'colcon_notification.desktop_notification.win32': Not used on non-Windows systems
[6.944s] INFO:colcon.colcon_notification.desktop_notification:Sending desktop notification using 'notify2'
[6.960s] DEBUG:colcon.colcon_core.event_reactor:joined thread
[6.960s] INFO:colcon.colcon_core.shell:Creating prefix script '/home/dominik/RRM/ros2_ws/install/local_setup.ps1'
[6.961s] INFO:colcon.colcon_core.shell:Creating prefix util module '/home/dominik/RRM/ros2_ws/install/_local_setup_util_ps1.py'
[6.962s] INFO:colcon.colcon_core.shell:Creating prefix chain script '/home/dominik/RRM/ros2_ws/install/setup.ps1'
[6.963s] INFO:colcon.colcon_core.shell:Creating prefix script '/home/dominik/RRM/ros2_ws/install/local_setup.sh'
[6.963s] INFO:colcon.colcon_core.shell:Creating prefix util module '/home/dominik/RRM/ros2_ws/install/_local_setup_util_sh.py'
[6.963s] INFO:colcon.colcon_core.shell:Creating prefix chain script '/home/dominik/RRM/ros2_ws/install/setup.sh'
[6.964s] INFO:colcon.colcon_core.shell:Creating prefix script '/home/dominik/RRM/ros2_ws/install/local_setup.bash'
[6.964s] INFO:colcon.colcon_core.shell:Creating prefix chain script '/home/dominik/RRM/ros2_ws/install/setup.bash'
[6.965s] INFO:colcon.colcon_core.shell:Creating prefix script '/home/dominik/RRM/ros2_ws/install/local_setup.zsh'
[6.965s] INFO:colcon.colcon_core.shell:Creating prefix chain script '/home/dominik/RRM/ros2_ws/install/setup.zsh'
