[0.039s] Invoking command in '/home/dominik/RRM/ros2_ws/build/rrm_msgs': CMAKE_PREFIX_PATH=${CMAKE_PREFIX_PATH}:/opt/ros/jazzy DEBUGINFOD_URLS=https://debuginfod.ubuntu.com /usr/bin/cmake --build /home/dominik/RRM/ros2_ws/build/rrm_msgs -- -j16 -l16
[0.129s] [  2%] Built target rrm_msgs__rosidl_generator_type_description
[0.147s] [  2%] Built target ament_cmake_python_copy_rrm_msgs
[0.165s] [  4%] Built target rrm_msgs__cpp
[0.166s] [ 22%] Built target rrm_msgs__rosidl_generator_c
[0.211s] [ 50%] Built target rrm_msgs__rosidl_typesupport_cpp
[0.211s] [ 50%] Built target rrm_msgs__rosidl_typesupport_introspection_c
[0.211s] [ 50%] Built target rrm_msgs__rosidl_typesupport_introspection_cpp
[0.212s] [ 59%] Built target rrm_msgs__rosidl_typesupport_c
[0.213s] [ 68%] Built target rrm_msgs__rosidl_typesupport_fastrtps_c
[0.215s] [ 77%] Built target rrm_msgs__rosidl_typesupport_fastrtps_cpp
[0.250s] [ 77%] Built target rrm_msgs
[0.291s] [ 79%] Built target rrm_msgs__py
[0.341s] [ 86%] Built target rrm_msgs__rosidl_generator_py
[0.382s] [100%] Built target rrm_msgs_s__rosidl_typesupport_fastrtps_c
[0.382s] [100%] Built target rrm_msgs_s__rosidl_typesupport_c
[0.382s] [100%] Built target rrm_msgs_s__rosidl_typesupport_introspection_c
[0.509s] running egg_info
[0.540s] writing rrm_msgs.egg-info/PKG-INFO
[0.541s] writing dependency_links to rrm_msgs.egg-info/dependency_links.txt
[0.541s] writing top-level names to rrm_msgs.egg-info/top_level.txt
[0.631s] reading manifest file 'rrm_msgs.egg-info/SOURCES.txt'
[0.632s] writing manifest file 'rrm_msgs.egg-info/SOURCES.txt'
[0.692s] [100%] Built target ament_cmake_python_build_rrm_msgs_egg
