[0.053s] Invoking command in '/home/dominik/RRM/ros2_ws/build/eigen_example': CMAKE_PREFIX_PATH=${CMAKE_PREFIX_PATH}:/opt/ros/jazzy DEBUGINFOD_URLS=https://debuginfod.ubuntu.com /usr/bin/cmake --build /home/dominik/RRM/ros2_ws/build/eigen_example -- -j16 -l16
[0.166s] [100%] Built target eigen_example
[0.237s] Invoked command in '/home/dominik/RRM/ros2_ws/build/eigen_example' returned '0': CMAKE_PREFIX_PATH=${CMAKE_PREFIX_PATH}:/opt/ros/jazzy DEBUGINFOD_URLS=https://debuginfod.ubuntu.com /usr/bin/cmake --build /home/dominik/RRM/ros2_ws/build/eigen_example -- -j16 -l16
[0.290s] Invoking command in '/home/dominik/RRM/ros2_ws/build/eigen_example': CMAKE_PREFIX_PATH=${CMAKE_PREFIX_PATH}:/opt/ros/jazzy DEBUGINFOD_URLS=https://debuginfod.ubuntu.com /usr/bin/cmake --install /home/dominik/RRM/ros2_ws/build/eigen_example
[0.307s] -- Install configuration: ""
[0.307s] -- Up-to-date: /home/dominik/RRM/ros2_ws/install/eigen_example/lib/eigen_example/eigen_example
[0.308s] -- Up-to-date: /home/dominik/RRM/ros2_ws/install/eigen_example/share/ament_index/resource_index/package_run_dependencies/eigen_example
[0.308s] -- Up-to-date: /home/dominik/RRM/ros2_ws/install/eigen_example/share/ament_index/resource_index/parent_prefix_path/eigen_example
[0.308s] -- Up-to-date: /home/dominik/RRM/ros2_ws/install/eigen_example/share/eigen_example/environment/ament_prefix_path.sh
[0.309s] -- Up-to-date: /home/dominik/RRM/ros2_ws/install/eigen_example/share/eigen_example/environment/ament_prefix_path.dsv
[0.309s] -- Up-to-date: /home/dominik/RRM/ros2_ws/install/eigen_example/share/eigen_example/environment/path.sh
[0.309s] -- Up-to-date: /home/dominik/RRM/ros2_ws/install/eigen_example/share/eigen_example/environment/path.dsv
[0.309s] -- Up-to-date: /home/dominik/RRM/ros2_ws/install/eigen_example/share/eigen_example/local_setup.bash
[0.309s] -- Up-to-date: /home/dominik/RRM/ros2_ws/install/eigen_example/share/eigen_example/local_setup.sh
[0.310s] -- Up-to-date: /home/dominik/RRM/ros2_ws/install/eigen_example/share/eigen_example/local_setup.zsh
[0.310s] -- Up-to-date: /home/dominik/RRM/ros2_ws/install/eigen_example/share/eigen_example/local_setup.dsv
[0.310s] -- Installing: /home/dominik/RRM/ros2_ws/install/eigen_example/share/eigen_example/package.dsv
[0.311s] -- Up-to-date: /home/dominik/RRM/ros2_ws/install/eigen_example/share/ament_index/resource_index/packages/eigen_example
[0.311s] -- Up-to-date: /home/dominik/RRM/ros2_ws/install/eigen_example/share/eigen_example/cmake/eigen_exampleConfig.cmake
[0.312s] -- Up-to-date: /home/dominik/RRM/ros2_ws/install/eigen_example/share/eigen_example/cmake/eigen_exampleConfig-version.cmake
[0.312s] -- Up-to-date: /home/dominik/RRM/ros2_ws/install/eigen_example/share/eigen_example/package.xml
[0.334s] Invoked command in '/home/dominik/RRM/ros2_ws/build/eigen_example' returned '0': CMAKE_PREFIX_PATH=${CMAKE_PREFIX_PATH}:/opt/ros/jazzy DEBUGINFOD_URLS=https://debuginfod.ubuntu.com /usr/bin/cmake --install /home/dominik/RRM/ros2_ws/build/eigen_example
