[0.118s] Invoking command in '/home/dominik/RRM/ros2_ws/build/rrm_simple_robot_model': CMAKE_PREFIX_PATH=${CMAKE_PREFIX_PATH}:/opt/ros/jazzy DEBUGINFOD_URLS=https://debuginfod.ubuntu.com /usr/bin/cmake --build /home/dominik/RRM/ros2_ws/build/rrm_simple_robot_model -- -j16 -l16
[0.237s] Invoked command in '/home/dominik/RRM/ros2_ws/build/rrm_simple_robot_model' returned '0': CMAKE_PREFIX_PATH=${CMAKE_PREFIX_PATH}:/opt/ros/jazzy DEBUGINFOD_URLS=https://debuginfod.ubuntu.com /usr/bin/cmake --build /home/dominik/RRM/ros2_ws/build/rrm_simple_robot_model -- -j16 -l16
[0.458s] Invoking command in '/home/dominik/RRM/ros2_ws/build/rrm_simple_robot_model': CMAKE_PREFIX_PATH=${CMAKE_PREFIX_PATH}:/opt/ros/jazzy DEBUGINFOD_URLS=https://debuginfod.ubuntu.com /usr/bin/cmake --install /home/dominik/RRM/ros2_ws/build/rrm_simple_robot_model
[0.550s] -- Install configuration: ""
[0.556s] -- Up-to-date: /home/dominik/RRM/ros2_ws/install/rrm_simple_robot_model/share/rrm_simple_robot_model/urdf
[0.560s] -- Up-to-date: /home/dominik/RRM/ros2_ws/install/rrm_simple_robot_model/share/rrm_simple_robot_model/urdf/arm.urdf
[0.564s] -- Up-to-date: /home/dominik/RRM/ros2_ws/install/rrm_simple_robot_model/share/rrm_simple_robot_model/config
[0.565s] -- Up-to-date: /home/dominik/RRM/ros2_ws/install/rrm_simple_robot_model/share/rrm_simple_robot_model/config/rrm_cv3.rviz
[0.575s] -- Up-to-date: /home/dominik/RRM/ros2_ws/install/rrm_simple_robot_model/share/rrm_simple_robot_model/launch
[0.577s] -- Up-to-date: /home/dominik/RRM/ros2_ws/install/rrm_simple_robot_model/share/rrm_simple_robot_model/launch/robot_state_publisher.launch.py
[0.578s] -- Up-to-date: /home/dominik/RRM/ros2_ws/install/rrm_simple_robot_model/share/rrm_simple_robot_model/launch/robot_state_publisher.launch.xml
[0.579s] -- Up-to-date: /home/dominik/RRM/ros2_ws/install/rrm_simple_robot_model/share/ament_index/resource_index/package_run_dependencies/rrm_simple_robot_model
[0.580s] -- Up-to-date: /home/dominik/RRM/ros2_ws/install/rrm_simple_robot_model/share/ament_index/resource_index/parent_prefix_path/rrm_simple_robot_model
[0.581s] -- Up-to-date: /home/dominik/RRM/ros2_ws/install/rrm_simple_robot_model/share/rrm_simple_robot_model/environment/ament_prefix_path.sh
[0.582s] -- Up-to-date: /home/dominik/RRM/ros2_ws/install/rrm_simple_robot_model/share/rrm_simple_robot_model/environment/ament_prefix_path.dsv
[0.592s] -- Up-to-date: /home/dominik/RRM/ros2_ws/install/rrm_simple_robot_model/share/rrm_simple_robot_model/environment/path.sh
[0.593s] -- Up-to-date: /home/dominik/RRM/ros2_ws/install/rrm_simple_robot_model/share/rrm_simple_robot_model/environment/path.dsv
[0.594s] -- Up-to-date: /home/dominik/RRM/ros2_ws/install/rrm_simple_robot_model/share/rrm_simple_robot_model/local_setup.bash
[0.607s] -- Up-to-date: /home/dominik/RRM/ros2_ws/install/rrm_simple_robot_model/share/rrm_simple_robot_model/local_setup.sh
[0.614s] -- Up-to-date: /home/dominik/RRM/ros2_ws/install/rrm_simple_robot_model/share/rrm_simple_robot_model/local_setup.zsh
[0.621s] -- Up-to-date: /home/dominik/RRM/ros2_ws/install/rrm_simple_robot_model/share/rrm_simple_robot_model/local_setup.dsv
[0.622s] -- Installing: /home/dominik/RRM/ros2_ws/install/rrm_simple_robot_model/share/rrm_simple_robot_model/package.dsv
[0.632s] -- Up-to-date: /home/dominik/RRM/ros2_ws/install/rrm_simple_robot_model/share/ament_index/resource_index/packages/rrm_simple_robot_model
[0.633s] -- Up-to-date: /home/dominik/RRM/ros2_ws/install/rrm_simple_robot_model/share/rrm_simple_robot_model/cmake/rrm_simple_robot_modelConfig.cmake
[0.653s] -- Up-to-date: /home/dominik/RRM/ros2_ws/install/rrm_simple_robot_model/share/rrm_simple_robot_model/cmake/rrm_simple_robot_modelConfig-version.cmake
[0.654s] -- Up-to-date: /home/dominik/RRM/ros2_ws/install/rrm_simple_robot_model/share/rrm_simple_robot_model/package.xml
[0.793s] Invoked command in '/home/dominik/RRM/ros2_ws/build/rrm_simple_robot_model' returned '0': CMAKE_PREFIX_PATH=${CMAKE_PREFIX_PATH}:/opt/ros/jazzy DEBUGINFOD_URLS=https://debuginfod.ubuntu.com /usr/bin/cmake --install /home/dominik/RRM/ros2_ws/build/rrm_simple_robot_model
