[0.229s] Invoking command in '/home/dominik/RRM/ros2_ws/build/surani_interface': CMAKE_PREFIX_PATH=${CMAKE_PREFIX_PATH}:/opt/ros/jazzy DEBUGINFOD_URLS=https://debuginfod.ubuntu.com /usr/bin/cmake --build /home/dominik/RRM/ros2_ws/build/surani_interface -- -j16 -l16
[0.755s] [  2%] Built target surani_interface__rosidl_generator_type_description
[0.870s] [  2%] Built target ament_cmake_python_copy_surani_interface
[0.921s] [  5%] Built target surani_interface__cpp
[0.923s] [ 20%] Built target surani_interface__rosidl_generator_c
[1.240s] [ 29%] Built target surani_interface__rosidl_typesupport_introspection_c
[1.257s] [ 38%] Built target surani_interface__rosidl_typesupport_fastrtps_c
[1.260s] [ 47%] Built target surani_interface__rosidl_typesupport_cpp
[1.264s] [ 58%] Built target surani_interface__rosidl_typesupport_c
[1.269s] [ 64%] Built target surani_interface__rosidl_typesupport_fastrtps_cpp
[1.272s] [ 73%] Built target surani_interface__rosidl_typesupport_introspection_cpp
[1.393s] [ 73%] Built target surani_interface
[1.567s] [ 76%] Built target surani_interface__py
[1.777s] [ 82%] Built target surani_interface__rosidl_generator_py
[2.007s] [ 88%] Built target surani_interface_s__rosidl_typesupport_fastrtps_c
[2.010s] [ 94%] Built target surani_interface_s__rosidl_typesupport_c
[2.019s] [100%] Built target surani_interface_s__rosidl_typesupport_introspection_c
[2.519s] running egg_info
[2.594s] writing surani_interface.egg-info/PKG-INFO
[2.595s] writing dependency_links to surani_interface.egg-info/dependency_links.txt
[2.596s] writing top-level names to surani_interface.egg-info/top_level.txt
[2.814s] reading manifest file 'surani_interface.egg-info/SOURCES.txt'
[2.816s] writing manifest file 'surani_interface.egg-info/SOURCES.txt'
[2.923s] [100%] Built target ament_cmake_python_build_surani_interface_egg
[2.963s] Invoked command in '/home/dominik/RRM/ros2_ws/build/surani_interface' returned '0': CMAKE_PREFIX_PATH=${CMAKE_PREFIX_PATH}:/opt/ros/jazzy DEBUGINFOD_URLS=https://debuginfod.ubuntu.com /usr/bin/cmake --build /home/dominik/RRM/ros2_ws/build/surani_interface -- -j16 -l16
[3.120s] Invoking command in '/home/dominik/RRM/ros2_ws/build/surani_interface': CMAKE_PREFIX_PATH=${CMAKE_PREFIX_PATH}:/opt/ros/jazzy DEBUGINFOD_URLS=https://debuginfod.ubuntu.com /usr/bin/cmake --install /home/dominik/RRM/ros2_ws/build/surani_interface
[3.147s] -- Install configuration: ""
[3.148s] -- Up-to-date: /home/dominik/RRM/ros2_ws/install/surani_interface/share/ament_index/resource_index/rosidl_interfaces/surani_interface
[3.148s] -- Up-to-date: /home/dominik/RRM/ros2_ws/install/surani_interface/share/surani_interface/srv/TeachPoint.json
[3.148s] -- Up-to-date: /home/dominik/RRM/ros2_ws/install/surani_interface/include/surani_interface/surani_interface
[3.148s] -- Up-to-date: /home/dominik/RRM/ros2_ws/install/surani_interface/include/surani_interface/surani_interface/msg
[3.149s] -- Up-to-date: /home/dominik/RRM/ros2_ws/install/surani_interface/include/surani_interface/surani_interface/msg/rosidl_generator_c__visibility_control.h
[3.149s] -- Up-to-date: /home/dominik/RRM/ros2_ws/install/surani_interface/include/surani_interface/surani_interface/srv
[3.149s] -- Up-to-date: /home/dominik/RRM/ros2_ws/install/surani_interface/include/surani_interface/surani_interface/srv/teach_point.h
[3.149s] -- Up-to-date: /home/dominik/RRM/ros2_ws/install/surani_interface/include/surani_interface/surani_interface/srv/detail
[3.150s] -- Up-to-date: /home/dominik/RRM/ros2_ws/install/surani_interface/include/surani_interface/surani_interface/srv/detail/teach_point__type_support.c
[3.150s] -- Up-to-date: /home/dominik/RRM/ros2_ws/install/surani_interface/include/surani_interface/surani_interface/srv/detail/teach_point__description.c
[3.150s] -- Up-to-date: /home/dominik/RRM/ros2_ws/install/surani_interface/include/surani_interface/surani_interface/srv/detail/teach_point__functions.h
[3.150s] -- Up-to-date: /home/dominik/RRM/ros2_ws/install/surani_interface/include/surani_interface/surani_interface/srv/detail/teach_point__type_support.h
[3.150s] -- Up-to-date: /home/dominik/RRM/ros2_ws/install/surani_interface/include/surani_interface/surani_interface/srv/detail/teach_point__functions.c
[3.151s] -- Up-to-date: /home/dominik/RRM/ros2_ws/install/surani_interface/include/surani_interface/surani_interface/srv/detail/teach_point__struct.h
[3.151s] -- Up-to-date: /home/dominik/RRM/ros2_ws/install/surani_interface/share/surani_interface/environment/library_path.sh
[3.151s] -- Up-to-date: /home/dominik/RRM/ros2_ws/install/surani_interface/share/surani_interface/environment/library_path.dsv
[3.151s] -- Up-to-date: /home/dominik/RRM/ros2_ws/install/surani_interface/lib/libsurani_interface__rosidl_generator_c.so
[3.152s] -- Up-to-date: /home/dominik/RRM/ros2_ws/install/surani_interface/include/surani_interface/surani_interface
[3.152s] -- Up-to-date: /home/dominik/RRM/ros2_ws/install/surani_interface/include/surani_interface/surani_interface/msg
[3.152s] -- Up-to-date: /home/dominik/RRM/ros2_ws/install/surani_interface/include/surani_interface/surani_interface/msg/rosidl_typesupport_fastrtps_c__visibility_control.h
[3.152s] -- Up-to-date: /home/dominik/RRM/ros2_ws/install/surani_interface/include/surani_interface/surani_interface/srv
[3.152s] -- Up-to-date: /home/dominik/RRM/ros2_ws/install/surani_interface/include/surani_interface/surani_interface/srv/detail
[3.153s] -- Up-to-date: /home/dominik/RRM/ros2_ws/install/surani_interface/include/surani_interface/surani_interface/srv/detail/teach_point__rosidl_typesupport_fastrtps_c.h
[3.153s] -- Up-to-date: /home/dominik/RRM/ros2_ws/install/surani_interface/lib/libsurani_interface__rosidl_typesupport_fastrtps_c.so
[3.153s] -- Up-to-date: /home/dominik/RRM/ros2_ws/install/surani_interface/include/surani_interface/surani_interface
[3.154s] -- Up-to-date: /home/dominik/RRM/ros2_ws/install/surani_interface/include/surani_interface/surani_interface/msg
[3.154s] -- Up-to-date: /home/dominik/RRM/ros2_ws/install/surani_interface/include/surani_interface/surani_interface/msg/rosidl_typesupport_introspection_c__visibility_control.h
[3.154s] -- Up-to-date: /home/dominik/RRM/ros2_ws/install/surani_interface/include/surani_interface/surani_interface/srv
[3.154s] -- Up-to-date: /home/dominik/RRM/ros2_ws/install/surani_interface/include/surani_interface/surani_interface/srv/detail
[3.155s] -- Up-to-date: /home/dominik/RRM/ros2_ws/install/surani_interface/include/surani_interface/surani_interface/srv/detail/teach_point__type_support.c
[3.155s] -- Up-to-date: /home/dominik/RRM/ros2_ws/install/surani_interface/include/surani_interface/surani_interface/srv/detail/teach_point__rosidl_typesupport_introspection_c.h
[3.155s] -- Up-to-date: /home/dominik/RRM/ros2_ws/install/surani_interface/lib/libsurani_interface__rosidl_typesupport_introspection_c.so
[3.155s] -- Up-to-date: /home/dominik/RRM/ros2_ws/install/surani_interface/lib/libsurani_interface__rosidl_typesupport_c.so
[3.156s] -- Up-to-date: /home/dominik/RRM/ros2_ws/install/surani_interface/include/surani_interface/surani_interface
[3.156s] -- Up-to-date: /home/dominik/RRM/ros2_ws/install/surani_interface/include/surani_interface/surani_interface/msg
[3.156s] -- Up-to-date: /home/dominik/RRM/ros2_ws/install/surani_interface/include/surani_interface/surani_interface/msg/rosidl_generator_cpp__visibility_control.hpp
[3.156s] -- Up-to-date: /home/dominik/RRM/ros2_ws/install/surani_interface/include/surani_interface/surani_interface/srv
[3.156s] -- Up-to-date: /home/dominik/RRM/ros2_ws/install/surani_interface/include/surani_interface/surani_interface/srv/detail
[3.157s] -- Up-to-date: /home/dominik/RRM/ros2_ws/install/surani_interface/include/surani_interface/surani_interface/srv/detail/teach_point__builder.hpp
[3.157s] -- Up-to-date: /home/dominik/RRM/ros2_ws/install/surani_interface/include/surani_interface/surani_interface/srv/detail/teach_point__struct.hpp
[3.157s] -- Up-to-date: /home/dominik/RRM/ros2_ws/install/surani_interface/include/surani_interface/surani_interface/srv/detail/teach_point__type_support.hpp
[3.157s] -- Up-to-date: /home/dominik/RRM/ros2_ws/install/surani_interface/include/surani_interface/surani_interface/srv/detail/teach_point__traits.hpp
[3.157s] -- Up-to-date: /home/dominik/RRM/ros2_ws/install/surani_interface/include/surani_interface/surani_interface/srv/teach_point.hpp
[3.158s] -- Up-to-date: /home/dominik/RRM/ros2_ws/install/surani_interface/include/surani_interface/surani_interface
[3.158s] -- Up-to-date: /home/dominik/RRM/ros2_ws/install/surani_interface/include/surani_interface/surani_interface/msg
[3.158s] -- Up-to-date: /home/dominik/RRM/ros2_ws/install/surani_interface/include/surani_interface/surani_interface/msg/rosidl_typesupport_fastrtps_cpp__visibility_control.h
[3.158s] -- Up-to-date: /home/dominik/RRM/ros2_ws/install/surani_interface/include/surani_interface/surani_interface/srv
[3.159s] -- Up-to-date: /home/dominik/RRM/ros2_ws/install/surani_interface/include/surani_interface/surani_interface/srv/detail
[3.159s] -- Up-to-date: /home/dominik/RRM/ros2_ws/install/surani_interface/include/surani_interface/surani_interface/srv/detail/teach_point__rosidl_typesupport_fastrtps_cpp.hpp
[3.159s] -- Up-to-date: /home/dominik/RRM/ros2_ws/install/surani_interface/include/surani_interface/surani_interface/srv/detail/dds_fastrtps
[3.159s] -- Up-to-date: /home/dominik/RRM/ros2_ws/install/surani_interface/lib/libsurani_interface__rosidl_typesupport_fastrtps_cpp.so
[3.159s] -- Up-to-date: /home/dominik/RRM/ros2_ws/install/surani_interface/include/surani_interface/surani_interface
[3.160s] -- Up-to-date: /home/dominik/RRM/ros2_ws/install/surani_interface/include/surani_interface/surani_interface/srv
[3.160s] -- Up-to-date: /home/dominik/RRM/ros2_ws/install/surani_interface/include/surani_interface/surani_interface/srv/detail
[3.160s] -- Up-to-date: /home/dominik/RRM/ros2_ws/install/surani_interface/include/surani_interface/surani_interface/srv/detail/teach_point__type_support.cpp
[3.160s] -- Up-to-date: /home/dominik/RRM/ros2_ws/install/surani_interface/include/surani_interface/surani_interface/srv/detail/teach_point__rosidl_typesupport_introspection_cpp.hpp
[3.161s] -- Up-to-date: /home/dominik/RRM/ros2_ws/install/surani_interface/lib/libsurani_interface__rosidl_typesupport_introspection_cpp.so
[3.161s] -- Up-to-date: /home/dominik/RRM/ros2_ws/install/surani_interface/lib/libsurani_interface__rosidl_typesupport_cpp.so
[3.161s] -- Up-to-date: /home/dominik/RRM/ros2_ws/install/surani_interface/share/surani_interface/environment/pythonpath.sh
[3.161s] -- Up-to-date: /home/dominik/RRM/ros2_ws/install/surani_interface/share/surani_interface/environment/pythonpath.dsv
[3.161s] -- Up-to-date: /home/dominik/RRM/ros2_ws/install/surani_interface/lib/python3.12/site-packages/surani_interface-0.0.0-py3.12.egg-info
[3.162s] -- Installing: /home/dominik/RRM/ros2_ws/install/surani_interface/lib/python3.12/site-packages/surani_interface-0.0.0-py3.12.egg-info/SOURCES.txt
[3.162s] -- Installing: /home/dominik/RRM/ros2_ws/install/surani_interface/lib/python3.12/site-packages/surani_interface-0.0.0-py3.12.egg-info/top_level.txt
[3.162s] -- Installing: /home/dominik/RRM/ros2_ws/install/surani_interface/lib/python3.12/site-packages/surani_interface-0.0.0-py3.12.egg-info/dependency_links.txt
[3.162s] -- Installing: /home/dominik/RRM/ros2_ws/install/surani_interface/lib/python3.12/site-packages/surani_interface-0.0.0-py3.12.egg-info/PKG-INFO
[3.163s] -- Up-to-date: /home/dominik/RRM/ros2_ws/install/surani_interface/lib/python3.12/site-packages/surani_interface
[3.163s] -- Up-to-date: /home/dominik/RRM/ros2_ws/install/surani_interface/lib/python3.12/site-packages/surani_interface/_surani_interface_s.ep.rosidl_typesupport_introspection_c.c
[3.163s] -- Up-to-date: /home/dominik/RRM/ros2_ws/install/surani_interface/lib/python3.12/site-packages/surani_interface/srv
[3.163s] -- Up-to-date: /home/dominik/RRM/ros2_ws/install/surani_interface/lib/python3.12/site-packages/surani_interface/srv/__init__.py
[3.163s] -- Up-to-date: /home/dominik/RRM/ros2_ws/install/surani_interface/lib/python3.12/site-packages/surani_interface/srv/_teach_point.py
[3.164s] -- Up-to-date: /home/dominik/RRM/ros2_ws/install/surani_interface/lib/python3.12/site-packages/surani_interface/srv/_teach_point_s.c
[3.164s] -- Up-to-date: /home/dominik/RRM/ros2_ws/install/surani_interface/lib/python3.12/site-packages/surani_interface/surani_interface_s__rosidl_typesupport_fastrtps_c.so
[3.164s] -- Up-to-date: /home/dominik/RRM/ros2_ws/install/surani_interface/lib/python3.12/site-packages/surani_interface/__init__.py
[3.164s] -- Up-to-date: /home/dominik/RRM/ros2_ws/install/surani_interface/lib/python3.12/site-packages/surani_interface/_surani_interface_s.ep.rosidl_typesupport_fastrtps_c.c
[3.164s] -- Up-to-date: /home/dominik/RRM/ros2_ws/install/surani_interface/lib/python3.12/site-packages/surani_interface/surani_interface_s__rosidl_typesupport_c.so
[3.165s] -- Up-to-date: /home/dominik/RRM/ros2_ws/install/surani_interface/lib/python3.12/site-packages/surani_interface/_surani_interface_s.ep.rosidl_typesupport_c.c
[3.165s] -- Up-to-date: /home/dominik/RRM/ros2_ws/install/surani_interface/lib/python3.12/site-packages/surani_interface/surani_interface_s__rosidl_typesupport_introspection_c.so
[3.258s] Listing '/home/dominik/RRM/ros2_ws/install/surani_interface/lib/python3.12/site-packages/surani_interface'...
[3.258s] Listing '/home/dominik/RRM/ros2_ws/install/surani_interface/lib/python3.12/site-packages/surani_interface/srv'...
[3.272s] -- Up-to-date: /home/dominik/RRM/ros2_ws/install/surani_interface/lib/python3.12/site-packages/surani_interface/surani_interface_s__rosidl_typesupport_fastrtps_c.so
[3.273s] -- Up-to-date: /home/dominik/RRM/ros2_ws/install/surani_interface/lib/python3.12/site-packages/surani_interface/surani_interface_s__rosidl_typesupport_introspection_c.so
[3.274s] -- Up-to-date: /home/dominik/RRM/ros2_ws/install/surani_interface/lib/python3.12/site-packages/surani_interface/surani_interface_s__rosidl_typesupport_c.so
[3.275s] -- Up-to-date: /home/dominik/RRM/ros2_ws/install/surani_interface/lib/libsurani_interface__rosidl_generator_py.so
[3.275s] -- Up-to-date: /home/dominik/RRM/ros2_ws/install/surani_interface/share/surani_interface/srv/TeachPoint.idl
[3.276s] -- Up-to-date: /home/dominik/RRM/ros2_ws/install/surani_interface/share/surani_interface/srv/TeachPoint.srv
[3.276s] -- Up-to-date: /home/dominik/RRM/ros2_ws/install/surani_interface/share/ament_index/resource_index/package_run_dependencies/surani_interface
[3.276s] -- Up-to-date: /home/dominik/RRM/ros2_ws/install/surani_interface/share/ament_index/resource_index/parent_prefix_path/surani_interface
[3.276s] -- Up-to-date: /home/dominik/RRM/ros2_ws/install/surani_interface/share/surani_interface/environment/ament_prefix_path.sh
[3.276s] -- Up-to-date: /home/dominik/RRM/ros2_ws/install/surani_interface/share/surani_interface/environment/ament_prefix_path.dsv
[3.277s] -- Up-to-date: /home/dominik/RRM/ros2_ws/install/surani_interface/share/surani_interface/environment/path.sh
[3.277s] -- Up-to-date: /home/dominik/RRM/ros2_ws/install/surani_interface/share/surani_interface/environment/path.dsv
[3.277s] -- Up-to-date: /home/dominik/RRM/ros2_ws/install/surani_interface/share/surani_interface/local_setup.bash
[3.277s] -- Up-to-date: /home/dominik/RRM/ros2_ws/install/surani_interface/share/surani_interface/local_setup.sh
[3.277s] -- Up-to-date: /home/dominik/RRM/ros2_ws/install/surani_interface/share/surani_interface/local_setup.zsh
[3.277s] -- Up-to-date: /home/dominik/RRM/ros2_ws/install/surani_interface/share/surani_interface/local_setup.dsv
[3.278s] -- Installing: /home/dominik/RRM/ros2_ws/install/surani_interface/share/surani_interface/package.dsv
[3.278s] -- Up-to-date: /home/dominik/RRM/ros2_ws/install/surani_interface/share/ament_index/resource_index/packages/surani_interface
[3.278s] -- Up-to-date: /home/dominik/RRM/ros2_ws/install/surani_interface/share/surani_interface/cmake/export_surani_interface__rosidl_generator_cExport.cmake
[3.278s] -- Up-to-date: /home/dominik/RRM/ros2_ws/install/surani_interface/share/surani_interface/cmake/export_surani_interface__rosidl_generator_cExport-noconfig.cmake
[3.279s] -- Up-to-date: /home/dominik/RRM/ros2_ws/install/surani_interface/share/surani_interface/cmake/export_surani_interface__rosidl_typesupport_fastrtps_cExport.cmake
[3.279s] -- Up-to-date: /home/dominik/RRM/ros2_ws/install/surani_interface/share/surani_interface/cmake/export_surani_interface__rosidl_typesupport_fastrtps_cExport-noconfig.cmake
[3.279s] -- Up-to-date: /home/dominik/RRM/ros2_ws/install/surani_interface/share/surani_interface/cmake/surani_interface__rosidl_typesupport_introspection_cExport.cmake
[3.279s] -- Up-to-date: /home/dominik/RRM/ros2_ws/install/surani_interface/share/surani_interface/cmake/surani_interface__rosidl_typesupport_introspection_cExport-noconfig.cmake
[3.279s] -- Up-to-date: /home/dominik/RRM/ros2_ws/install/surani_interface/share/surani_interface/cmake/surani_interface__rosidl_typesupport_cExport.cmake
[3.280s] -- Up-to-date: /home/dominik/RRM/ros2_ws/install/surani_interface/share/surani_interface/cmake/surani_interface__rosidl_typesupport_cExport-noconfig.cmake
[3.280s] -- Up-to-date: /home/dominik/RRM/ros2_ws/install/surani_interface/share/surani_interface/cmake/export_surani_interface__rosidl_generator_cppExport.cmake
[3.280s] -- Up-to-date: /home/dominik/RRM/ros2_ws/install/surani_interface/share/surani_interface/cmake/export_surani_interface__rosidl_typesupport_fastrtps_cppExport.cmake
[3.280s] -- Up-to-date: /home/dominik/RRM/ros2_ws/install/surani_interface/share/surani_interface/cmake/export_surani_interface__rosidl_typesupport_fastrtps_cppExport-noconfig.cmake
[3.280s] -- Up-to-date: /home/dominik/RRM/ros2_ws/install/surani_interface/share/surani_interface/cmake/surani_interface__rosidl_typesupport_introspection_cppExport.cmake
[3.281s] -- Up-to-date: /home/dominik/RRM/ros2_ws/install/surani_interface/share/surani_interface/cmake/surani_interface__rosidl_typesupport_introspection_cppExport-noconfig.cmake
[3.281s] -- Up-to-date: /home/dominik/RRM/ros2_ws/install/surani_interface/share/surani_interface/cmake/surani_interface__rosidl_typesupport_cppExport.cmake
[3.281s] -- Up-to-date: /home/dominik/RRM/ros2_ws/install/surani_interface/share/surani_interface/cmake/surani_interface__rosidl_typesupport_cppExport-noconfig.cmake
[3.281s] -- Up-to-date: /home/dominik/RRM/ros2_ws/install/surani_interface/share/surani_interface/cmake/export_surani_interface__rosidl_generator_pyExport.cmake
[3.281s] -- Up-to-date: /home/dominik/RRM/ros2_ws/install/surani_interface/share/surani_interface/cmake/export_surani_interface__rosidl_generator_pyExport-noconfig.cmake
[3.282s] -- Up-to-date: /home/dominik/RRM/ros2_ws/install/surani_interface/share/surani_interface/cmake/rosidl_cmake-extras.cmake
[3.282s] -- Up-to-date: /home/dominik/RRM/ros2_ws/install/surani_interface/share/surani_interface/cmake/ament_cmake_export_dependencies-extras.cmake
[3.282s] -- Up-to-date: /home/dominik/RRM/ros2_ws/install/surani_interface/share/surani_interface/cmake/ament_cmake_export_include_directories-extras.cmake
[3.282s] -- Up-to-date: /home/dominik/RRM/ros2_ws/install/surani_interface/share/surani_interface/cmake/ament_cmake_export_libraries-extras.cmake
[3.282s] -- Up-to-date: /home/dominik/RRM/ros2_ws/install/surani_interface/share/surani_interface/cmake/ament_cmake_export_targets-extras.cmake
[3.283s] -- Up-to-date: /home/dominik/RRM/ros2_ws/install/surani_interface/share/surani_interface/cmake/rosidl_cmake_export_typesupport_targets-extras.cmake
[3.283s] -- Up-to-date: /home/dominik/RRM/ros2_ws/install/surani_interface/share/surani_interface/cmake/rosidl_cmake_export_typesupport_libraries-extras.cmake
[3.283s] -- Up-to-date: /home/dominik/RRM/ros2_ws/install/surani_interface/share/surani_interface/cmake/surani_interfaceConfig.cmake
[3.283s] -- Up-to-date: /home/dominik/RRM/ros2_ws/install/surani_interface/share/surani_interface/cmake/surani_interfaceConfig-version.cmake
[3.283s] -- Up-to-date: /home/dominik/RRM/ros2_ws/install/surani_interface/share/surani_interface/package.xml
[3.289s] Invoked command in '/home/dominik/RRM/ros2_ws/build/surani_interface' returned '0': CMAKE_PREFIX_PATH=${CMAKE_PREFIX_PATH}:/opt/ros/jazzy DEBUGINFOD_URLS=https://debuginfod.ubuntu.com /usr/bin/cmake --install /home/dominik/RRM/ros2_ws/build/surani_interface
