[0.033s] Invoking command in '/home/dominik/RRM/ros2_ws/build/abb_moveit_config': CMAKE_PREFIX_PATH=${CMAKE_PREFIX_PATH}:/opt/ros/jazzy DEBUGINFOD_URLS=https://debuginfod.ubuntu.com /usr/bin/cmake /home/dominik/RRM/ros2_ws/src/zad3/abb_moveit_config -DCMAKE_INSTALL_PREFIX=/home/dominik/RRM/ros2_ws/install/abb_moveit_config
[0.144s] -- The C compiler identification is GNU 13.2.0
[0.262s] -- The CXX compiler identification is GNU 13.2.0
[0.287s] -- Detecting C compiler ABI info
[0.411s] -- Detecting C compiler ABI info - done
[0.428s] -- Check for working C compiler: /usr/bin/cc - skipped
[0.428s] -- Detecting C compile features
[0.429s] -- Detecting C compile features - done
[0.444s] -- Detecting CXX compiler ABI info
[0.551s] -- Detecting CXX compiler ABI info - done
[0.558s] -- Check for working CXX compiler: /usr/bin/c++ - skipped
[0.558s] -- Detecting CXX compile features
[0.558s] -- Detecting CXX compile features - done
[0.563s] -- Found ament_cmake: 2.5.2 (/opt/ros/jazzy/share/ament_cmake/cmake)
[0.706s] -- Found Python3: /usr/bin/python3 (found version "3.12.3") found components: Interpreter 
[0.899s] -- Configuring done (0.8s)
[0.902s] -- Generating done (0.0s)
[0.903s] -- Build files have been written to: /home/dominik/RRM/ros2_ws/build/abb_moveit_config
[0.910s] Invoked command in '/home/dominik/RRM/ros2_ws/build/abb_moveit_config' returned '0': CMAKE_PREFIX_PATH=${CMAKE_PREFIX_PATH}:/opt/ros/jazzy DEBUGINFOD_URLS=https://debuginfod.ubuntu.com /usr/bin/cmake /home/dominik/RRM/ros2_ws/src/zad3/abb_moveit_config -DCMAKE_INSTALL_PREFIX=/home/dominik/RRM/ros2_ws/install/abb_moveit_config
[0.911s] Invoking command in '/home/dominik/RRM/ros2_ws/build/abb_moveit_config': CMAKE_PREFIX_PATH=${CMAKE_PREFIX_PATH}:/opt/ros/jazzy DEBUGINFOD_URLS=https://debuginfod.ubuntu.com /usr/bin/cmake --build /home/dominik/RRM/ros2_ws/build/abb_moveit_config -- -j16 -l16
[0.951s] Invoked command in '/home/dominik/RRM/ros2_ws/build/abb_moveit_config' returned '0': CMAKE_PREFIX_PATH=${CMAKE_PREFIX_PATH}:/opt/ros/jazzy DEBUGINFOD_URLS=https://debuginfod.ubuntu.com /usr/bin/cmake --build /home/dominik/RRM/ros2_ws/build/abb_moveit_config -- -j16 -l16
[0.952s] Invoking command in '/home/dominik/RRM/ros2_ws/build/abb_moveit_config': CMAKE_PREFIX_PATH=${CMAKE_PREFIX_PATH}:/opt/ros/jazzy DEBUGINFOD_URLS=https://debuginfod.ubuntu.com /usr/bin/cmake --install /home/dominik/RRM/ros2_ws/build/abb_moveit_config
[0.960s] -- Install configuration: ""
[0.960s] -- Installing: /home/dominik/RRM/ros2_ws/install/abb_moveit_config/share/ament_index/resource_index/package_run_dependencies/abb_moveit_config
[0.960s] -- Installing: /home/dominik/RRM/ros2_ws/install/abb_moveit_config/share/ament_index/resource_index/parent_prefix_path/abb_moveit_config
[0.960s] -- Installing: /home/dominik/RRM/ros2_ws/install/abb_moveit_config/share/abb_moveit_config/environment/ament_prefix_path.sh
[0.960s] -- Installing: /home/dominik/RRM/ros2_ws/install/abb_moveit_config/share/abb_moveit_config/environment/ament_prefix_path.dsv
[0.961s] -- Installing: /home/dominik/RRM/ros2_ws/install/abb_moveit_config/share/abb_moveit_config/environment/path.sh
[0.961s] -- Installing: /home/dominik/RRM/ros2_ws/install/abb_moveit_config/share/abb_moveit_config/environment/path.dsv
[0.961s] -- Installing: /home/dominik/RRM/ros2_ws/install/abb_moveit_config/share/abb_moveit_config/local_setup.bash
[0.961s] -- Installing: /home/dominik/RRM/ros2_ws/install/abb_moveit_config/share/abb_moveit_config/local_setup.sh
[0.961s] -- Installing: /home/dominik/RRM/ros2_ws/install/abb_moveit_config/share/abb_moveit_config/local_setup.zsh
[0.961s] -- Installing: /home/dominik/RRM/ros2_ws/install/abb_moveit_config/share/abb_moveit_config/local_setup.dsv
[0.961s] -- Installing: /home/dominik/RRM/ros2_ws/install/abb_moveit_config/share/abb_moveit_config/package.dsv
[0.961s] -- Installing: /home/dominik/RRM/ros2_ws/install/abb_moveit_config/share/ament_index/resource_index/packages/abb_moveit_config
[0.962s] -- Installing: /home/dominik/RRM/ros2_ws/install/abb_moveit_config/share/abb_moveit_config/cmake/abb_moveit_configConfig.cmake
[0.962s] -- Installing: /home/dominik/RRM/ros2_ws/install/abb_moveit_config/share/abb_moveit_config/cmake/abb_moveit_configConfig-version.cmake
[0.962s] -- Installing: /home/dominik/RRM/ros2_ws/install/abb_moveit_config/share/abb_moveit_config/package.xml
[0.962s] -- Installing: /home/dominik/RRM/ros2_ws/install/abb_moveit_config/share/abb_moveit_config/launch
[0.962s] -- Installing: /home/dominik/RRM/ros2_ws/install/abb_moveit_config/share/abb_moveit_config/launch/demo.launch.py
[0.962s] -- Installing: /home/dominik/RRM/ros2_ws/install/abb_moveit_config/share/abb_moveit_config/launch/setup_assistant.launch.py
[0.962s] -- Installing: /home/dominik/RRM/ros2_ws/install/abb_moveit_config/share/abb_moveit_config/launch/rsp.launch.py
[0.962s] -- Installing: /home/dominik/RRM/ros2_ws/install/abb_moveit_config/share/abb_moveit_config/launch/move_group.launch.py
[0.962s] -- Installing: /home/dominik/RRM/ros2_ws/install/abb_moveit_config/share/abb_moveit_config/launch/moveit_rviz.launch.py
[0.962s] -- Installing: /home/dominik/RRM/ros2_ws/install/abb_moveit_config/share/abb_moveit_config/launch/static_virtual_joint_tfs.launch.py
[0.962s] -- Installing: /home/dominik/RRM/ros2_ws/install/abb_moveit_config/share/abb_moveit_config/launch/warehouse_db.launch.py
[0.963s] -- Installing: /home/dominik/RRM/ros2_ws/install/abb_moveit_config/share/abb_moveit_config/launch/spawn_controllers.launch.py
[0.963s] -- Installing: /home/dominik/RRM/ros2_ws/install/abb_moveit_config/share/abb_moveit_config/config
[0.963s] -- Installing: /home/dominik/RRM/ros2_ws/install/abb_moveit_config/share/abb_moveit_config/config/pilz_cartesian_limits.yaml
[0.963s] -- Installing: /home/dominik/RRM/ros2_ws/install/abb_moveit_config/share/abb_moveit_config/config/ros2_controllers.yaml
[0.963s] -- Installing: /home/dominik/RRM/ros2_ws/install/abb_moveit_config/share/abb_moveit_config/config/abb_irb.srdf
[0.963s] -- Installing: /home/dominik/RRM/ros2_ws/install/abb_moveit_config/share/abb_moveit_config/config/initial_positions.yaml
[0.963s] -- Installing: /home/dominik/RRM/ros2_ws/install/abb_moveit_config/share/abb_moveit_config/config/abb_irb.ros2_control.xacro
[0.963s] -- Installing: /home/dominik/RRM/ros2_ws/install/abb_moveit_config/share/abb_moveit_config/config/kinematics.yaml
[0.963s] -- Installing: /home/dominik/RRM/ros2_ws/install/abb_moveit_config/share/abb_moveit_config/config/moveit_controllers.yaml
[0.963s] -- Installing: /home/dominik/RRM/ros2_ws/install/abb_moveit_config/share/abb_moveit_config/config/joint_limits.yaml
[0.963s] -- Installing: /home/dominik/RRM/ros2_ws/install/abb_moveit_config/share/abb_moveit_config/config/abb_irb.urdf.xacro
[0.964s] -- Installing: /home/dominik/RRM/ros2_ws/install/abb_moveit_config/share/abb_moveit_config/config/moveit.rviz
[0.964s] -- Installing: /home/dominik/RRM/ros2_ws/install/abb_moveit_config/share/abb_moveit_config/.setup_assistant
[0.966s] Invoked command in '/home/dominik/RRM/ros2_ws/build/abb_moveit_config' returned '0': CMAKE_PREFIX_PATH=${CMAKE_PREFIX_PATH}:/opt/ros/jazzy DEBUGINFOD_URLS=https://debuginfod.ubuntu.com /usr/bin/cmake --install /home/dominik/RRM/ros2_ws/build/abb_moveit_config
