[0.032s] Invoking command in '/home/dominik/RRM/ros2_ws/build/surani_interface': CMAKE_PREFIX_PATH=${CMAKE_PREFIX_PATH}:/opt/ros/jazzy DEBUGINFOD_URLS=https://debuginfod.ubuntu.com /usr/bin/cmake --build /home/dominik/RRM/ros2_ws/build/surani_interface -- -j16 -l16
[0.122s] [  2%] Built target surani_interface__rosidl_generator_type_description
[0.139s] [  2%] Built target ament_cmake_python_copy_surani_interface
[0.161s] [ 14%] Built target surani_interface__cpp
[0.161s] [ 20%] Built target surani_interface__rosidl_generator_c
[0.219s] [ 52%] Built target surani_interface__rosidl_typesupport_c
[0.219s] [ 52%] Built target surani_interface__rosidl_typesupport_introspection_c
[0.219s] [ 52%] Built target surani_interface__rosidl_typesupport_fastrtps_cpp
[0.219s] [ 55%] Built target surani_interface__rosidl_typesupport_cpp
[0.220s] [ 64%] Built target surani_interface__rosidl_typesupport_fastrtps_c
[0.220s] [ 73%] Built target surani_interface__rosidl_typesupport_introspection_cpp
[0.269s] [ 73%] Built target surani_interface
[0.316s] [ 76%] Built target surani_interface__py
[0.365s] [ 82%] Built target surani_interface__rosidl_generator_py
[0.420s] [100%] Built target surani_interface_s__rosidl_typesupport_introspection_c
[0.420s] [100%] Built target surani_interface_s__rosidl_typesupport_c
[0.421s] [100%] Built target surani_interface_s__rosidl_typesupport_fastrtps_c
[0.562s] running egg_info
[0.596s] writing surani_interface.egg-info/PKG-INFO
[0.597s] writing dependency_links to surani_interface.egg-info/dependency_links.txt
[0.597s] writing top-level names to surani_interface.egg-info/top_level.txt
[0.686s] reading manifest file 'surani_interface.egg-info/SOURCES.txt'
[0.687s] writing manifest file 'surani_interface.egg-info/SOURCES.txt'
[0.746s] [100%] Built target ament_cmake_python_build_surani_interface_egg
[0.767s] Invoked command in '/home/dominik/RRM/ros2_ws/build/surani_interface' returned '0': CMAKE_PREFIX_PATH=${CMAKE_PREFIX_PATH}:/opt/ros/jazzy DEBUGINFOD_URLS=https://debuginfod.ubuntu.com /usr/bin/cmake --build /home/dominik/RRM/ros2_ws/build/surani_interface -- -j16 -l16
[0.879s] Invoking command in '/home/dominik/RRM/ros2_ws/build/surani_interface': CMAKE_PREFIX_PATH=${CMAKE_PREFIX_PATH}:/opt/ros/jazzy DEBUGINFOD_URLS=https://debuginfod.ubuntu.com /usr/bin/cmake --install /home/dominik/RRM/ros2_ws/build/surani_interface
[0.894s] -- Install configuration: ""
[0.895s] -- Up-to-date: /home/dominik/RRM/ros2_ws/install/surani_interface/share/ament_index/resource_index/rosidl_interfaces/surani_interface
[0.895s] -- Up-to-date: /home/dominik/RRM/ros2_ws/install/surani_interface/share/surani_interface/srv/TeachPoint.json
[0.895s] -- Up-to-date: /home/dominik/RRM/ros2_ws/install/surani_interface/include/surani_interface/surani_interface
[0.895s] -- Up-to-date: /home/dominik/RRM/ros2_ws/install/surani_interface/include/surani_interface/surani_interface/msg
[0.895s] -- Up-to-date: /home/dominik/RRM/ros2_ws/install/surani_interface/include/surani_interface/surani_interface/msg/rosidl_generator_c__visibility_control.h
[0.895s] -- Up-to-date: /home/dominik/RRM/ros2_ws/install/surani_interface/include/surani_interface/surani_interface/srv
[0.896s] -- Up-to-date: /home/dominik/RRM/ros2_ws/install/surani_interface/include/surani_interface/surani_interface/srv/teach_point.h
[0.896s] -- Up-to-date: /home/dominik/RRM/ros2_ws/install/surani_interface/include/surani_interface/surani_interface/srv/detail
[0.896s] -- Up-to-date: /home/dominik/RRM/ros2_ws/install/surani_interface/include/surani_interface/surani_interface/srv/detail/teach_point__type_support.c
[0.896s] -- Up-to-date: /home/dominik/RRM/ros2_ws/install/surani_interface/include/surani_interface/surani_interface/srv/detail/teach_point__description.c
[0.896s] -- Up-to-date: /home/dominik/RRM/ros2_ws/install/surani_interface/include/surani_interface/surani_interface/srv/detail/teach_point__functions.h
[0.896s] -- Up-to-date: /home/dominik/RRM/ros2_ws/install/surani_interface/include/surani_interface/surani_interface/srv/detail/teach_point__type_support.h
[0.896s] -- Up-to-date: /home/dominik/RRM/ros2_ws/install/surani_interface/include/surani_interface/surani_interface/srv/detail/teach_point__functions.c
[0.896s] -- Up-to-date: /home/dominik/RRM/ros2_ws/install/surani_interface/include/surani_interface/surani_interface/srv/detail/teach_point__struct.h
[0.897s] -- Up-to-date: /home/dominik/RRM/ros2_ws/install/surani_interface/share/surani_interface/environment/library_path.sh
[0.897s] -- Up-to-date: /home/dominik/RRM/ros2_ws/install/surani_interface/share/surani_interface/environment/library_path.dsv
[0.897s] -- Up-to-date: /home/dominik/RRM/ros2_ws/install/surani_interface/lib/libsurani_interface__rosidl_generator_c.so
[0.897s] -- Up-to-date: /home/dominik/RRM/ros2_ws/install/surani_interface/include/surani_interface/surani_interface
[0.897s] -- Up-to-date: /home/dominik/RRM/ros2_ws/install/surani_interface/include/surani_interface/surani_interface/msg
[0.897s] -- Up-to-date: /home/dominik/RRM/ros2_ws/install/surani_interface/include/surani_interface/surani_interface/msg/rosidl_typesupport_fastrtps_c__visibility_control.h
[0.898s] -- Up-to-date: /home/dominik/RRM/ros2_ws/install/surani_interface/include/surani_interface/surani_interface/srv
[0.898s] -- Up-to-date: /home/dominik/RRM/ros2_ws/install/surani_interface/include/surani_interface/surani_interface/srv/detail
[0.898s] -- Up-to-date: /home/dominik/RRM/ros2_ws/install/surani_interface/include/surani_interface/surani_interface/srv/detail/teach_point__rosidl_typesupport_fastrtps_c.h
[0.898s] -- Up-to-date: /home/dominik/RRM/ros2_ws/install/surani_interface/lib/libsurani_interface__rosidl_typesupport_fastrtps_c.so
[0.898s] -- Up-to-date: /home/dominik/RRM/ros2_ws/install/surani_interface/include/surani_interface/surani_interface
[0.898s] -- Up-to-date: /home/dominik/RRM/ros2_ws/install/surani_interface/include/surani_interface/surani_interface/msg
[0.898s] -- Up-to-date: /home/dominik/RRM/ros2_ws/install/surani_interface/include/surani_interface/surani_interface/msg/rosidl_typesupport_introspection_c__visibility_control.h
[0.898s] -- Up-to-date: /home/dominik/RRM/ros2_ws/install/surani_interface/include/surani_interface/surani_interface/srv
[0.898s] -- Up-to-date: /home/dominik/RRM/ros2_ws/install/surani_interface/include/surani_interface/surani_interface/srv/detail
[0.899s] -- Up-to-date: /home/dominik/RRM/ros2_ws/install/surani_interface/include/surani_interface/surani_interface/srv/detail/teach_point__type_support.c
[0.899s] -- Up-to-date: /home/dominik/RRM/ros2_ws/install/surani_interface/include/surani_interface/surani_interface/srv/detail/teach_point__rosidl_typesupport_introspection_c.h
[0.899s] -- Up-to-date: /home/dominik/RRM/ros2_ws/install/surani_interface/lib/libsurani_interface__rosidl_typesupport_introspection_c.so
[0.899s] -- Up-to-date: /home/dominik/RRM/ros2_ws/install/surani_interface/lib/libsurani_interface__rosidl_typesupport_c.so
[0.899s] -- Up-to-date: /home/dominik/RRM/ros2_ws/install/surani_interface/include/surani_interface/surani_interface
[0.899s] -- Up-to-date: /home/dominik/RRM/ros2_ws/install/surani_interface/include/surani_interface/surani_interface/msg
[0.899s] -- Up-to-date: /home/dominik/RRM/ros2_ws/install/surani_interface/include/surani_interface/surani_interface/msg/rosidl_generator_cpp__visibility_control.hpp
[0.899s] -- Up-to-date: /home/dominik/RRM/ros2_ws/install/surani_interface/include/surani_interface/surani_interface/srv
[0.899s] -- Up-to-date: /home/dominik/RRM/ros2_ws/install/surani_interface/include/surani_interface/surani_interface/srv/detail
[0.900s] -- Up-to-date: /home/dominik/RRM/ros2_ws/install/surani_interface/include/surani_interface/surani_interface/srv/detail/teach_point__builder.hpp
[0.900s] -- Up-to-date: /home/dominik/RRM/ros2_ws/install/surani_interface/include/surani_interface/surani_interface/srv/detail/teach_point__struct.hpp
[0.900s] -- Up-to-date: /home/dominik/RRM/ros2_ws/install/surani_interface/include/surani_interface/surani_interface/srv/detail/teach_point__type_support.hpp
[0.900s] -- Up-to-date: /home/dominik/RRM/ros2_ws/install/surani_interface/include/surani_interface/surani_interface/srv/detail/teach_point__traits.hpp
[0.900s] -- Up-to-date: /home/dominik/RRM/ros2_ws/install/surani_interface/include/surani_interface/surani_interface/srv/teach_point.hpp
[0.900s] -- Up-to-date: /home/dominik/RRM/ros2_ws/install/surani_interface/include/surani_interface/surani_interface
[0.900s] -- Up-to-date: /home/dominik/RRM/ros2_ws/install/surani_interface/include/surani_interface/surani_interface/msg
[0.900s] -- Up-to-date: /home/dominik/RRM/ros2_ws/install/surani_interface/include/surani_interface/surani_interface/msg/rosidl_typesupport_fastrtps_cpp__visibility_control.h
[0.900s] -- Up-to-date: /home/dominik/RRM/ros2_ws/install/surani_interface/include/surani_interface/surani_interface/srv
[0.901s] -- Up-to-date: /home/dominik/RRM/ros2_ws/install/surani_interface/include/surani_interface/surani_interface/srv/detail
[0.901s] -- Up-to-date: /home/dominik/RRM/ros2_ws/install/surani_interface/include/surani_interface/surani_interface/srv/detail/teach_point__rosidl_typesupport_fastrtps_cpp.hpp
[0.901s] -- Up-to-date: /home/dominik/RRM/ros2_ws/install/surani_interface/include/surani_interface/surani_interface/srv/detail/dds_fastrtps
[0.901s] -- Up-to-date: /home/dominik/RRM/ros2_ws/install/surani_interface/lib/libsurani_interface__rosidl_typesupport_fastrtps_cpp.so
[0.901s] -- Up-to-date: /home/dominik/RRM/ros2_ws/install/surani_interface/include/surani_interface/surani_interface
[0.901s] -- Up-to-date: /home/dominik/RRM/ros2_ws/install/surani_interface/include/surani_interface/surani_interface/srv
[0.901s] -- Up-to-date: /home/dominik/RRM/ros2_ws/install/surani_interface/include/surani_interface/surani_interface/srv/detail
[0.901s] -- Up-to-date: /home/dominik/RRM/ros2_ws/install/surani_interface/include/surani_interface/surani_interface/srv/detail/teach_point__type_support.cpp
[0.901s] -- Up-to-date: /home/dominik/RRM/ros2_ws/install/surani_interface/include/surani_interface/surani_interface/srv/detail/teach_point__rosidl_typesupport_introspection_cpp.hpp
[0.901s] -- Up-to-date: /home/dominik/RRM/ros2_ws/install/surani_interface/lib/libsurani_interface__rosidl_typesupport_introspection_cpp.so
[0.902s] -- Up-to-date: /home/dominik/RRM/ros2_ws/install/surani_interface/lib/libsurani_interface__rosidl_typesupport_cpp.so
[0.902s] -- Up-to-date: /home/dominik/RRM/ros2_ws/install/surani_interface/share/surani_interface/environment/pythonpath.sh
[0.902s] -- Up-to-date: /home/dominik/RRM/ros2_ws/install/surani_interface/share/surani_interface/environment/pythonpath.dsv
[0.902s] -- Up-to-date: /home/dominik/RRM/ros2_ws/install/surani_interface/lib/python3.12/site-packages/surani_interface-0.0.0-py3.12.egg-info
[0.902s] -- Installing: /home/dominik/RRM/ros2_ws/install/surani_interface/lib/python3.12/site-packages/surani_interface-0.0.0-py3.12.egg-info/SOURCES.txt
[0.902s] -- Installing: /home/dominik/RRM/ros2_ws/install/surani_interface/lib/python3.12/site-packages/surani_interface-0.0.0-py3.12.egg-info/top_level.txt
[0.902s] -- Installing: /home/dominik/RRM/ros2_ws/install/surani_interface/lib/python3.12/site-packages/surani_interface-0.0.0-py3.12.egg-info/dependency_links.txt
[0.902s] -- Installing: /home/dominik/RRM/ros2_ws/install/surani_interface/lib/python3.12/site-packages/surani_interface-0.0.0-py3.12.egg-info/PKG-INFO
[0.902s] -- Up-to-date: /home/dominik/RRM/ros2_ws/install/surani_interface/lib/python3.12/site-packages/surani_interface
[0.902s] -- Up-to-date: /home/dominik/RRM/ros2_ws/install/surani_interface/lib/python3.12/site-packages/surani_interface/_surani_interface_s.ep.rosidl_typesupport_introspection_c.c
[0.902s] -- Up-to-date: /home/dominik/RRM/ros2_ws/install/surani_interface/lib/python3.12/site-packages/surani_interface/srv
[0.903s] -- Up-to-date: /home/dominik/RRM/ros2_ws/install/surani_interface/lib/python3.12/site-packages/surani_interface/srv/__init__.py
[0.903s] -- Up-to-date: /home/dominik/RRM/ros2_ws/install/surani_interface/lib/python3.12/site-packages/surani_interface/srv/_teach_point.py
[0.903s] -- Up-to-date: /home/dominik/RRM/ros2_ws/install/surani_interface/lib/python3.12/site-packages/surani_interface/srv/_teach_point_s.c
[0.903s] -- Up-to-date: /home/dominik/RRM/ros2_ws/install/surani_interface/lib/python3.12/site-packages/surani_interface/surani_interface_s__rosidl_typesupport_fastrtps_c.so
[0.903s] -- Up-to-date: /home/dominik/RRM/ros2_ws/install/surani_interface/lib/python3.12/site-packages/surani_interface/__init__.py
[0.903s] -- Up-to-date: /home/dominik/RRM/ros2_ws/install/surani_interface/lib/python3.12/site-packages/surani_interface/_surani_interface_s.ep.rosidl_typesupport_fastrtps_c.c
[0.903s] -- Up-to-date: /home/dominik/RRM/ros2_ws/install/surani_interface/lib/python3.12/site-packages/surani_interface/surani_interface_s__rosidl_typesupport_c.so
[0.903s] -- Up-to-date: /home/dominik/RRM/ros2_ws/install/surani_interface/lib/python3.12/site-packages/surani_interface/_surani_interface_s.ep.rosidl_typesupport_c.c
[0.903s] -- Up-to-date: /home/dominik/RRM/ros2_ws/install/surani_interface/lib/python3.12/site-packages/surani_interface/surani_interface_s__rosidl_typesupport_introspection_c.so
[0.935s] Listing '/home/dominik/RRM/ros2_ws/install/surani_interface/lib/python3.12/site-packages/surani_interface'...
[0.935s] Listing '/home/dominik/RRM/ros2_ws/install/surani_interface/lib/python3.12/site-packages/surani_interface/srv'...
[0.941s] -- Up-to-date: /home/dominik/RRM/ros2_ws/install/surani_interface/lib/python3.12/site-packages/surani_interface/surani_interface_s__rosidl_typesupport_fastrtps_c.so
[0.942s] -- Up-to-date: /home/dominik/RRM/ros2_ws/install/surani_interface/lib/python3.12/site-packages/surani_interface/surani_interface_s__rosidl_typesupport_introspection_c.so
[0.942s] -- Up-to-date: /home/dominik/RRM/ros2_ws/install/surani_interface/lib/python3.12/site-packages/surani_interface/surani_interface_s__rosidl_typesupport_c.so
[0.943s] -- Up-to-date: /home/dominik/RRM/ros2_ws/install/surani_interface/lib/libsurani_interface__rosidl_generator_py.so
[0.943s] -- Up-to-date: /home/dominik/RRM/ros2_ws/install/surani_interface/share/surani_interface/srv/TeachPoint.idl
[0.943s] -- Up-to-date: /home/dominik/RRM/ros2_ws/install/surani_interface/share/surani_interface/srv/TeachPoint.srv
[0.943s] -- Up-to-date: /home/dominik/RRM/ros2_ws/install/surani_interface/share/ament_index/resource_index/package_run_dependencies/surani_interface
[0.943s] -- Up-to-date: /home/dominik/RRM/ros2_ws/install/surani_interface/share/ament_index/resource_index/parent_prefix_path/surani_interface
[0.943s] -- Up-to-date: /home/dominik/RRM/ros2_ws/install/surani_interface/share/surani_interface/environment/ament_prefix_path.sh
[0.943s] -- Up-to-date: /home/dominik/RRM/ros2_ws/install/surani_interface/share/surani_interface/environment/ament_prefix_path.dsv
[0.943s] -- Up-to-date: /home/dominik/RRM/ros2_ws/install/surani_interface/share/surani_interface/environment/path.sh
[0.943s] -- Up-to-date: /home/dominik/RRM/ros2_ws/install/surani_interface/share/surani_interface/environment/path.dsv
[0.944s] -- Up-to-date: /home/dominik/RRM/ros2_ws/install/surani_interface/share/surani_interface/local_setup.bash
[0.944s] -- Up-to-date: /home/dominik/RRM/ros2_ws/install/surani_interface/share/surani_interface/local_setup.sh
[0.944s] -- Up-to-date: /home/dominik/RRM/ros2_ws/install/surani_interface/share/surani_interface/local_setup.zsh
[0.944s] -- Up-to-date: /home/dominik/RRM/ros2_ws/install/surani_interface/share/surani_interface/local_setup.dsv
[0.944s] -- Installing: /home/dominik/RRM/ros2_ws/install/surani_interface/share/surani_interface/package.dsv
[0.944s] -- Up-to-date: /home/dominik/RRM/ros2_ws/install/surani_interface/share/ament_index/resource_index/packages/surani_interface
[0.944s] -- Up-to-date: /home/dominik/RRM/ros2_ws/install/surani_interface/share/surani_interface/cmake/export_surani_interface__rosidl_generator_cExport.cmake
[0.944s] -- Up-to-date: /home/dominik/RRM/ros2_ws/install/surani_interface/share/surani_interface/cmake/export_surani_interface__rosidl_generator_cExport-noconfig.cmake
[0.944s] -- Up-to-date: /home/dominik/RRM/ros2_ws/install/surani_interface/share/surani_interface/cmake/export_surani_interface__rosidl_typesupport_fastrtps_cExport.cmake
[0.944s] -- Up-to-date: /home/dominik/RRM/ros2_ws/install/surani_interface/share/surani_interface/cmake/export_surani_interface__rosidl_typesupport_fastrtps_cExport-noconfig.cmake
[0.944s] -- Up-to-date: /home/dominik/RRM/ros2_ws/install/surani_interface/share/surani_interface/cmake/surani_interface__rosidl_typesupport_introspection_cExport.cmake
[0.944s] -- Up-to-date: /home/dominik/RRM/ros2_ws/install/surani_interface/share/surani_interface/cmake/surani_interface__rosidl_typesupport_introspection_cExport-noconfig.cmake
[0.944s] -- Up-to-date: /home/dominik/RRM/ros2_ws/install/surani_interface/share/surani_interface/cmake/surani_interface__rosidl_typesupport_cExport.cmake
[0.945s] -- Up-to-date: /home/dominik/RRM/ros2_ws/install/surani_interface/share/surani_interface/cmake/surani_interface__rosidl_typesupport_cExport-noconfig.cmake
[0.945s] -- Up-to-date: /home/dominik/RRM/ros2_ws/install/surani_interface/share/surani_interface/cmake/export_surani_interface__rosidl_generator_cppExport.cmake
[0.945s] -- Up-to-date: /home/dominik/RRM/ros2_ws/install/surani_interface/share/surani_interface/cmake/export_surani_interface__rosidl_typesupport_fastrtps_cppExport.cmake
[0.945s] -- Up-to-date: /home/dominik/RRM/ros2_ws/install/surani_interface/share/surani_interface/cmake/export_surani_interface__rosidl_typesupport_fastrtps_cppExport-noconfig.cmake
[0.945s] -- Up-to-date: /home/dominik/RRM/ros2_ws/install/surani_interface/share/surani_interface/cmake/surani_interface__rosidl_typesupport_introspection_cppExport.cmake
[0.945s] -- Up-to-date: /home/dominik/RRM/ros2_ws/install/surani_interface/share/surani_interface/cmake/surani_interface__rosidl_typesupport_introspection_cppExport-noconfig.cmake
[0.945s] -- Up-to-date: /home/dominik/RRM/ros2_ws/install/surani_interface/share/surani_interface/cmake/surani_interface__rosidl_typesupport_cppExport.cmake
[0.945s] -- Up-to-date: /home/dominik/RRM/ros2_ws/install/surani_interface/share/surani_interface/cmake/surani_interface__rosidl_typesupport_cppExport-noconfig.cmake
[0.945s] -- Up-to-date: /home/dominik/RRM/ros2_ws/install/surani_interface/share/surani_interface/cmake/export_surani_interface__rosidl_generator_pyExport.cmake
[0.945s] -- Up-to-date: /home/dominik/RRM/ros2_ws/install/surani_interface/share/surani_interface/cmake/export_surani_interface__rosidl_generator_pyExport-noconfig.cmake
[0.945s] -- Up-to-date: /home/dominik/RRM/ros2_ws/install/surani_interface/share/surani_interface/cmake/rosidl_cmake-extras.cmake
[0.945s] -- Up-to-date: /home/dominik/RRM/ros2_ws/install/surani_interface/share/surani_interface/cmake/ament_cmake_export_dependencies-extras.cmake
[0.945s] -- Up-to-date: /home/dominik/RRM/ros2_ws/install/surani_interface/share/surani_interface/cmake/ament_cmake_export_include_directories-extras.cmake
[0.946s] -- Up-to-date: /home/dominik/RRM/ros2_ws/install/surani_interface/share/surani_interface/cmake/ament_cmake_export_libraries-extras.cmake
[0.946s] -- Up-to-date: /home/dominik/RRM/ros2_ws/install/surani_interface/share/surani_interface/cmake/ament_cmake_export_targets-extras.cmake
[0.946s] -- Up-to-date: /home/dominik/RRM/ros2_ws/install/surani_interface/share/surani_interface/cmake/rosidl_cmake_export_typesupport_targets-extras.cmake
[0.946s] -- Up-to-date: /home/dominik/RRM/ros2_ws/install/surani_interface/share/surani_interface/cmake/rosidl_cmake_export_typesupport_libraries-extras.cmake
[0.946s] -- Up-to-date: /home/dominik/RRM/ros2_ws/install/surani_interface/share/surani_interface/cmake/surani_interfaceConfig.cmake
[0.946s] -- Up-to-date: /home/dominik/RRM/ros2_ws/install/surani_interface/share/surani_interface/cmake/surani_interfaceConfig-version.cmake
[0.946s] -- Up-to-date: /home/dominik/RRM/ros2_ws/install/surani_interface/share/surani_interface/package.xml
[0.948s] Invoked command in '/home/dominik/RRM/ros2_ws/build/surani_interface' returned '0': CMAKE_PREFIX_PATH=${CMAKE_PREFIX_PATH}:/opt/ros/jazzy DEBUGINFOD_URLS=https://debuginfod.ubuntu.com /usr/bin/cmake --install /home/dominik/RRM/ros2_ws/build/surani_interface
