[0.080s] Invoking command in '/home/dominik/RRM/ros2_ws/build/cv1': CMAKE_PREFIX_PATH=${CMAKE_PREFIX_PATH}:/opt/ros/jazzy DEBUGINFOD_URLS=https://debuginfod.ubuntu.com /usr/bin/cmake --build /home/dominik/RRM/ros2_ws/build/cv1 -- -j16 -l16
[0.294s] [100%] Built target cv1_node
[0.713s] Invoked command in '/home/dominik/RRM/ros2_ws/build/cv1' returned '0': CMAKE_PREFIX_PATH=${CMAKE_PREFIX_PATH}:/opt/ros/jazzy DEBUGINFOD_URLS=https://debuginfod.ubuntu.com /usr/bin/cmake --build /home/dominik/RRM/ros2_ws/build/cv1 -- -j16 -l16
[0.843s] Invoking command in '/home/dominik/RRM/ros2_ws/build/cv1': CMAKE_PREFIX_PATH=${CMAKE_PREFIX_PATH}:/opt/ros/jazzy DEBUGINFOD_URLS=https://debuginfod.ubuntu.com /usr/bin/cmake --install /home/dominik/RRM/ros2_ws/build/cv1
[0.955s] -- Install configuration: ""
[0.958s] -- Up-to-date: /home/dominik/RRM/ros2_ws/install/cv1/lib/cv1/cv1_node
[0.962s] -- Up-to-date: /home/dominik/RRM/ros2_ws/install/cv1/share/ament_index/resource_index/package_run_dependencies/cv1
[0.970s] -- Up-to-date: /home/dominik/RRM/ros2_ws/install/cv1/share/ament_index/resource_index/parent_prefix_path/cv1
[0.974s] -- Up-to-date: /home/dominik/RRM/ros2_ws/install/cv1/share/cv1/environment/ament_prefix_path.sh
[0.978s] -- Up-to-date: /home/dominik/RRM/ros2_ws/install/cv1/share/cv1/environment/ament_prefix_path.dsv
[0.979s] -- Up-to-date: /home/dominik/RRM/ros2_ws/install/cv1/share/cv1/environment/path.sh
[0.980s] -- Up-to-date: /home/dominik/RRM/ros2_ws/install/cv1/share/cv1/environment/path.dsv
[0.984s] -- Up-to-date: /home/dominik/RRM/ros2_ws/install/cv1/share/cv1/local_setup.bash
[0.985s] -- Up-to-date: /home/dominik/RRM/ros2_ws/install/cv1/share/cv1/local_setup.sh
[0.986s] -- Up-to-date: /home/dominik/RRM/ros2_ws/install/cv1/share/cv1/local_setup.zsh
[0.987s] -- Up-to-date: /home/dominik/RRM/ros2_ws/install/cv1/share/cv1/local_setup.dsv
[1.002s] -- Installing: /home/dominik/RRM/ros2_ws/install/cv1/share/cv1/package.dsv
[1.004s] -- Up-to-date: /home/dominik/RRM/ros2_ws/install/cv1/share/ament_index/resource_index/packages/cv1
[1.005s] -- Up-to-date: /home/dominik/RRM/ros2_ws/install/cv1/share/cv1/cmake/cv1Config.cmake
[1.005s] -- Up-to-date: /home/dominik/RRM/ros2_ws/install/cv1/share/cv1/cmake/cv1Config-version.cmake
[1.009s] -- Up-to-date: /home/dominik/RRM/ros2_ws/install/cv1/share/cv1/package.xml
[1.011s] Invoked command in '/home/dominik/RRM/ros2_ws/build/cv1' returned '0': CMAKE_PREFIX_PATH=${CMAKE_PREFIX_PATH}:/opt/ros/jazzy DEBUGINFOD_URLS=https://debuginfod.ubuntu.com /usr/bin/cmake --install /home/dominik/RRM/ros2_ws/build/cv1
