[0.113s] Invoking command in '/home/dominik/RRM/ros2_ws/build/abb_irb4600_ikfast': CMAKE_PREFIX_PATH=${CMAKE_PREFIX_PATH}:/opt/ros/jazzy DEBUGINFOD_URLS=https://debuginfod.ubuntu.com /usr/bin/cmake --build /home/dominik/RRM/ros2_ws/build/abb_irb4600_ikfast -- -j16 -l16
[0.289s] [100%] Built target abb_irb4600_ikfast
[0.458s] Invoked command in '/home/dominik/RRM/ros2_ws/build/abb_irb4600_ikfast' returned '0': CMAKE_PREFIX_PATH=${CMAKE_PREFIX_PATH}:/opt/ros/jazzy DEBUGINFOD_URLS=https://debuginfod.ubuntu.com /usr/bin/cmake --build /home/dominik/RRM/ros2_ws/build/abb_irb4600_ikfast -- -j16 -l16
[0.847s] Invoking command in '/home/dominik/RRM/ros2_ws/build/abb_irb4600_ikfast': CMAKE_PREFIX_PATH=${CMAKE_PREFIX_PATH}:/opt/ros/jazzy DEBUGINFOD_URLS=https://debuginfod.ubuntu.com /usr/bin/cmake --install /home/dominik/RRM/ros2_ws/build/abb_irb4600_ikfast
[0.941s] -- Install configuration: ""
[0.947s] -- Up-to-date: /home/dominik/RRM/ros2_ws/install/abb_irb4600_ikfast/include/abb_irb4600_ikfast
[0.952s] -- Up-to-date: /home/dominik/RRM/ros2_ws/install/abb_irb4600_ikfast/include/abb_irb4600_ikfast/abb_irb4600_ikfast
[0.957s] -- Up-to-date: /home/dominik/RRM/ros2_ws/install/abb_irb4600_ikfast/include/abb_irb4600_ikfast/abb_irb4600_ikfast/abb_irb4600_ikfast.h
[0.959s] -- Up-to-date: /home/dominik/RRM/ros2_ws/install/abb_irb4600_ikfast/lib/libabb_irb4600_ikfast.a
[0.960s] -- Up-to-date: /home/dominik/RRM/ros2_ws/install/abb_irb4600_ikfast/share/abb_irb4600_ikfast/environment/library_path.sh
[0.961s] -- Up-to-date: /home/dominik/RRM/ros2_ws/install/abb_irb4600_ikfast/share/abb_irb4600_ikfast/environment/library_path.dsv
[0.962s] -- Up-to-date: /home/dominik/RRM/ros2_ws/install/abb_irb4600_ikfast/share/ament_index/resource_index/package_run_dependencies/abb_irb4600_ikfast
[0.963s] -- Up-to-date: /home/dominik/RRM/ros2_ws/install/abb_irb4600_ikfast/share/ament_index/resource_index/parent_prefix_path/abb_irb4600_ikfast
[0.964s] -- Up-to-date: /home/dominik/RRM/ros2_ws/install/abb_irb4600_ikfast/share/abb_irb4600_ikfast/environment/ament_prefix_path.sh
[0.966s] -- Up-to-date: /home/dominik/RRM/ros2_ws/install/abb_irb4600_ikfast/share/abb_irb4600_ikfast/environment/ament_prefix_path.dsv
[0.970s] -- Up-to-date: /home/dominik/RRM/ros2_ws/install/abb_irb4600_ikfast/share/abb_irb4600_ikfast/environment/path.sh
[0.971s] -- Up-to-date: /home/dominik/RRM/ros2_ws/install/abb_irb4600_ikfast/share/abb_irb4600_ikfast/environment/path.dsv
[0.973s] -- Up-to-date: /home/dominik/RRM/ros2_ws/install/abb_irb4600_ikfast/share/abb_irb4600_ikfast/local_setup.bash
[0.974s] -- Up-to-date: /home/dominik/RRM/ros2_ws/install/abb_irb4600_ikfast/share/abb_irb4600_ikfast/local_setup.sh
[0.975s] -- Up-to-date: /home/dominik/RRM/ros2_ws/install/abb_irb4600_ikfast/share/abb_irb4600_ikfast/local_setup.zsh
[0.980s] -- Up-to-date: /home/dominik/RRM/ros2_ws/install/abb_irb4600_ikfast/share/abb_irb4600_ikfast/local_setup.dsv
[0.983s] -- Installing: /home/dominik/RRM/ros2_ws/install/abb_irb4600_ikfast/share/abb_irb4600_ikfast/package.dsv
[0.986s] -- Up-to-date: /home/dominik/RRM/ros2_ws/install/abb_irb4600_ikfast/share/ament_index/resource_index/packages/abb_irb4600_ikfast
[0.989s] -- Up-to-date: /home/dominik/RRM/ros2_ws/install/abb_irb4600_ikfast/share/abb_irb4600_ikfast/cmake/ament_cmake_export_include_directories-extras.cmake
[0.990s] -- Up-to-date: /home/dominik/RRM/ros2_ws/install/abb_irb4600_ikfast/share/abb_irb4600_ikfast/cmake/ament_cmake_export_libraries-extras.cmake
[0.992s] -- Up-to-date: /home/dominik/RRM/ros2_ws/install/abb_irb4600_ikfast/share/abb_irb4600_ikfast/cmake/abb_irb4600_ikfastConfig.cmake
[0.994s] -- Up-to-date: /home/dominik/RRM/ros2_ws/install/abb_irb4600_ikfast/share/abb_irb4600_ikfast/cmake/abb_irb4600_ikfastConfig-version.cmake
[0.997s] -- Up-to-date: /home/dominik/RRM/ros2_ws/install/abb_irb4600_ikfast/share/abb_irb4600_ikfast/package.xml
[0.998s] Invoked command in '/home/dominik/RRM/ros2_ws/build/abb_irb4600_ikfast' returned '0': CMAKE_PREFIX_PATH=${CMAKE_PREFIX_PATH}:/opt/ros/jazzy DEBUGINFOD_URLS=https://debuginfod.ubuntu.com /usr/bin/cmake --install /home/dominik/RRM/ros2_ws/build/abb_irb4600_ikfast
