[0.069s] Invoking command in '/home/dominik/RRM/ros2_ws/build/surani_interface': CMAKE_PREFIX_PATH=${CMAKE_PREFIX_PATH}:/opt/ros/jazzy DEBUGINFOD_URLS=https://debuginfod.ubuntu.com /usr/bin/cmake --build /home/dominik/RRM/ros2_ws/build/surani_interface -- -j16 -l16
[0.179s] [  2%] Built target surani_interface__rosidl_generator_type_description
[0.207s] [  2%] Built target ament_cmake_python_copy_surani_interface
[0.231s] [ 17%] Built target surani_interface__rosidl_generator_c
[0.231s] [ 20%] Built target surani_interface__cpp
[0.297s] [ 29%] Built target surani_interface__rosidl_typesupport_introspection_c
[0.299s] [ 38%] Built target surani_interface__rosidl_typesupport_fastrtps_c
[0.299s] [ 55%] Built target surani_interface__rosidl_typesupport_fastrtps_cpp
[0.299s] [ 55%] Built target surani_interface__rosidl_typesupport_introspection_cpp
[0.300s] [ 64%] Built target surani_interface__rosidl_typesupport_c
[0.333s] [ 73%] Built target surani_interface__rosidl_typesupport_cpp
[0.376s] [ 73%] Built target surani_interface
[0.440s] [ 76%] Built target surani_interface__py
[0.516s] [ 82%] Built target surani_interface__rosidl_generator_py
[0.581s] [100%] Built target surani_interface_s__rosidl_typesupport_c
[0.582s] [100%] Built target surani_interface_s__rosidl_typesupport_introspection_c
[0.582s] [100%] Built target surani_interface_s__rosidl_typesupport_fastrtps_c
[0.809s] running egg_info
[0.871s] writing surani_interface.egg-info/PKG-INFO
[0.871s] writing dependency_links to surani_interface.egg-info/dependency_links.txt
[0.872s] writing top-level names to surani_interface.egg-info/top_level.txt
[1.029s] reading manifest file 'surani_interface.egg-info/SOURCES.txt'
[1.031s] writing manifest file 'surani_interface.egg-info/SOURCES.txt'
[1.100s] [100%] Built target ament_cmake_python_build_surani_interface_egg
[1.131s] Invoked command in '/home/dominik/RRM/ros2_ws/build/surani_interface' returned '0': CMAKE_PREFIX_PATH=${CMAKE_PREFIX_PATH}:/opt/ros/jazzy DEBUGINFOD_URLS=https://debuginfod.ubuntu.com /usr/bin/cmake --build /home/dominik/RRM/ros2_ws/build/surani_interface -- -j16 -l16
[1.273s] Invoking command in '/home/dominik/RRM/ros2_ws/build/surani_interface': CMAKE_PREFIX_PATH=${CMAKE_PREFIX_PATH}:/opt/ros/jazzy DEBUGINFOD_URLS=https://debuginfod.ubuntu.com /usr/bin/cmake --install /home/dominik/RRM/ros2_ws/build/surani_interface
[1.287s] -- Install configuration: ""
[1.287s] -- Up-to-date: /home/dominik/RRM/ros2_ws/install/surani_interface/share/ament_index/resource_index/rosidl_interfaces/surani_interface
[1.287s] -- Up-to-date: /home/dominik/RRM/ros2_ws/install/surani_interface/share/surani_interface/srv/TeachPoint.json
[1.288s] -- Up-to-date: /home/dominik/RRM/ros2_ws/install/surani_interface/include/surani_interface/surani_interface
[1.288s] -- Up-to-date: /home/dominik/RRM/ros2_ws/install/surani_interface/include/surani_interface/surani_interface/msg
[1.288s] -- Up-to-date: /home/dominik/RRM/ros2_ws/install/surani_interface/include/surani_interface/surani_interface/msg/rosidl_generator_c__visibility_control.h
[1.288s] -- Up-to-date: /home/dominik/RRM/ros2_ws/install/surani_interface/include/surani_interface/surani_interface/srv
[1.288s] -- Up-to-date: /home/dominik/RRM/ros2_ws/install/surani_interface/include/surani_interface/surani_interface/srv/teach_point.h
[1.288s] -- Up-to-date: /home/dominik/RRM/ros2_ws/install/surani_interface/include/surani_interface/surani_interface/srv/detail
[1.288s] -- Up-to-date: /home/dominik/RRM/ros2_ws/install/surani_interface/include/surani_interface/surani_interface/srv/detail/teach_point__type_support.c
[1.288s] -- Up-to-date: /home/dominik/RRM/ros2_ws/install/surani_interface/include/surani_interface/surani_interface/srv/detail/teach_point__description.c
[1.288s] -- Up-to-date: /home/dominik/RRM/ros2_ws/install/surani_interface/include/surani_interface/surani_interface/srv/detail/teach_point__functions.h
[1.289s] -- Up-to-date: /home/dominik/RRM/ros2_ws/install/surani_interface/include/surani_interface/surani_interface/srv/detail/teach_point__type_support.h
[1.289s] -- Up-to-date: /home/dominik/RRM/ros2_ws/install/surani_interface/include/surani_interface/surani_interface/srv/detail/teach_point__functions.c
[1.289s] -- Up-to-date: /home/dominik/RRM/ros2_ws/install/surani_interface/include/surani_interface/surani_interface/srv/detail/teach_point__struct.h
[1.289s] -- Up-to-date: /home/dominik/RRM/ros2_ws/install/surani_interface/share/surani_interface/environment/library_path.sh
[1.289s] -- Up-to-date: /home/dominik/RRM/ros2_ws/install/surani_interface/share/surani_interface/environment/library_path.dsv
[1.289s] -- Up-to-date: /home/dominik/RRM/ros2_ws/install/surani_interface/lib/libsurani_interface__rosidl_generator_c.so
[1.289s] -- Up-to-date: /home/dominik/RRM/ros2_ws/install/surani_interface/include/surani_interface/surani_interface
[1.290s] -- Up-to-date: /home/dominik/RRM/ros2_ws/install/surani_interface/include/surani_interface/surani_interface/msg
[1.290s] -- Up-to-date: /home/dominik/RRM/ros2_ws/install/surani_interface/include/surani_interface/surani_interface/msg/rosidl_typesupport_fastrtps_c__visibility_control.h
[1.290s] -- Up-to-date: /home/dominik/RRM/ros2_ws/install/surani_interface/include/surani_interface/surani_interface/srv
[1.290s] -- Up-to-date: /home/dominik/RRM/ros2_ws/install/surani_interface/include/surani_interface/surani_interface/srv/detail
[1.290s] -- Up-to-date: /home/dominik/RRM/ros2_ws/install/surani_interface/include/surani_interface/surani_interface/srv/detail/teach_point__rosidl_typesupport_fastrtps_c.h
[1.290s] -- Up-to-date: /home/dominik/RRM/ros2_ws/install/surani_interface/lib/libsurani_interface__rosidl_typesupport_fastrtps_c.so
[1.290s] -- Up-to-date: /home/dominik/RRM/ros2_ws/install/surani_interface/include/surani_interface/surani_interface
[1.290s] -- Up-to-date: /home/dominik/RRM/ros2_ws/install/surani_interface/include/surani_interface/surani_interface/msg
[1.290s] -- Up-to-date: /home/dominik/RRM/ros2_ws/install/surani_interface/include/surani_interface/surani_interface/msg/rosidl_typesupport_introspection_c__visibility_control.h
[1.291s] -- Up-to-date: /home/dominik/RRM/ros2_ws/install/surani_interface/include/surani_interface/surani_interface/srv
[1.291s] -- Up-to-date: /home/dominik/RRM/ros2_ws/install/surani_interface/include/surani_interface/surani_interface/srv/detail
[1.291s] -- Up-to-date: /home/dominik/RRM/ros2_ws/install/surani_interface/include/surani_interface/surani_interface/srv/detail/teach_point__type_support.c
[1.291s] -- Up-to-date: /home/dominik/RRM/ros2_ws/install/surani_interface/include/surani_interface/surani_interface/srv/detail/teach_point__rosidl_typesupport_introspection_c.h
[1.291s] -- Up-to-date: /home/dominik/RRM/ros2_ws/install/surani_interface/lib/libsurani_interface__rosidl_typesupport_introspection_c.so
[1.291s] -- Up-to-date: /home/dominik/RRM/ros2_ws/install/surani_interface/lib/libsurani_interface__rosidl_typesupport_c.so
[1.291s] -- Up-to-date: /home/dominik/RRM/ros2_ws/install/surani_interface/include/surani_interface/surani_interface
[1.291s] -- Up-to-date: /home/dominik/RRM/ros2_ws/install/surani_interface/include/surani_interface/surani_interface/msg
[1.292s] -- Up-to-date: /home/dominik/RRM/ros2_ws/install/surani_interface/include/surani_interface/surani_interface/msg/rosidl_generator_cpp__visibility_control.hpp
[1.292s] -- Up-to-date: /home/dominik/RRM/ros2_ws/install/surani_interface/include/surani_interface/surani_interface/srv
[1.292s] -- Up-to-date: /home/dominik/RRM/ros2_ws/install/surani_interface/include/surani_interface/surani_interface/srv/detail
[1.292s] -- Up-to-date: /home/dominik/RRM/ros2_ws/install/surani_interface/include/surani_interface/surani_interface/srv/detail/teach_point__builder.hpp
[1.292s] -- Up-to-date: /home/dominik/RRM/ros2_ws/install/surani_interface/include/surani_interface/surani_interface/srv/detail/teach_point__struct.hpp
[1.292s] -- Up-to-date: /home/dominik/RRM/ros2_ws/install/surani_interface/include/surani_interface/surani_interface/srv/detail/teach_point__type_support.hpp
[1.292s] -- Up-to-date: /home/dominik/RRM/ros2_ws/install/surani_interface/include/surani_interface/surani_interface/srv/detail/teach_point__traits.hpp
[1.293s] -- Up-to-date: /home/dominik/RRM/ros2_ws/install/surani_interface/include/surani_interface/surani_interface/srv/teach_point.hpp
[1.293s] -- Up-to-date: /home/dominik/RRM/ros2_ws/install/surani_interface/include/surani_interface/surani_interface
[1.293s] -- Up-to-date: /home/dominik/RRM/ros2_ws/install/surani_interface/include/surani_interface/surani_interface/msg
[1.293s] -- Up-to-date: /home/dominik/RRM/ros2_ws/install/surani_interface/include/surani_interface/surani_interface/msg/rosidl_typesupport_fastrtps_cpp__visibility_control.h
[1.293s] -- Up-to-date: /home/dominik/RRM/ros2_ws/install/surani_interface/include/surani_interface/surani_interface/srv
[1.293s] -- Up-to-date: /home/dominik/RRM/ros2_ws/install/surani_interface/include/surani_interface/surani_interface/srv/detail
[1.293s] -- Up-to-date: /home/dominik/RRM/ros2_ws/install/surani_interface/include/surani_interface/surani_interface/srv/detail/teach_point__rosidl_typesupport_fastrtps_cpp.hpp
[1.293s] -- Up-to-date: /home/dominik/RRM/ros2_ws/install/surani_interface/include/surani_interface/surani_interface/srv/detail/dds_fastrtps
[1.293s] -- Up-to-date: /home/dominik/RRM/ros2_ws/install/surani_interface/lib/libsurani_interface__rosidl_typesupport_fastrtps_cpp.so
[1.294s] -- Up-to-date: /home/dominik/RRM/ros2_ws/install/surani_interface/include/surani_interface/surani_interface
[1.294s] -- Up-to-date: /home/dominik/RRM/ros2_ws/install/surani_interface/include/surani_interface/surani_interface/srv
[1.294s] -- Up-to-date: /home/dominik/RRM/ros2_ws/install/surani_interface/include/surani_interface/surani_interface/srv/detail
[1.294s] -- Up-to-date: /home/dominik/RRM/ros2_ws/install/surani_interface/include/surani_interface/surani_interface/srv/detail/teach_point__type_support.cpp
[1.294s] -- Up-to-date: /home/dominik/RRM/ros2_ws/install/surani_interface/include/surani_interface/surani_interface/srv/detail/teach_point__rosidl_typesupport_introspection_cpp.hpp
[1.294s] -- Up-to-date: /home/dominik/RRM/ros2_ws/install/surani_interface/lib/libsurani_interface__rosidl_typesupport_introspection_cpp.so
[1.294s] -- Up-to-date: /home/dominik/RRM/ros2_ws/install/surani_interface/lib/libsurani_interface__rosidl_typesupport_cpp.so
[1.294s] -- Up-to-date: /home/dominik/RRM/ros2_ws/install/surani_interface/share/surani_interface/environment/pythonpath.sh
[1.295s] -- Up-to-date: /home/dominik/RRM/ros2_ws/install/surani_interface/share/surani_interface/environment/pythonpath.dsv
[1.295s] -- Up-to-date: /home/dominik/RRM/ros2_ws/install/surani_interface/lib/python3.12/site-packages/surani_interface-0.0.0-py3.12.egg-info
[1.295s] -- Installing: /home/dominik/RRM/ros2_ws/install/surani_interface/lib/python3.12/site-packages/surani_interface-0.0.0-py3.12.egg-info/SOURCES.txt
[1.295s] -- Installing: /home/dominik/RRM/ros2_ws/install/surani_interface/lib/python3.12/site-packages/surani_interface-0.0.0-py3.12.egg-info/top_level.txt
[1.295s] -- Installing: /home/dominik/RRM/ros2_ws/install/surani_interface/lib/python3.12/site-packages/surani_interface-0.0.0-py3.12.egg-info/dependency_links.txt
[1.295s] -- Installing: /home/dominik/RRM/ros2_ws/install/surani_interface/lib/python3.12/site-packages/surani_interface-0.0.0-py3.12.egg-info/PKG-INFO
[1.295s] -- Up-to-date: /home/dominik/RRM/ros2_ws/install/surani_interface/lib/python3.12/site-packages/surani_interface
[1.296s] -- Up-to-date: /home/dominik/RRM/ros2_ws/install/surani_interface/lib/python3.12/site-packages/surani_interface/_surani_interface_s.ep.rosidl_typesupport_introspection_c.c
[1.296s] -- Up-to-date: /home/dominik/RRM/ros2_ws/install/surani_interface/lib/python3.12/site-packages/surani_interface/srv
[1.296s] -- Up-to-date: /home/dominik/RRM/ros2_ws/install/surani_interface/lib/python3.12/site-packages/surani_interface/srv/__init__.py
[1.296s] -- Up-to-date: /home/dominik/RRM/ros2_ws/install/surani_interface/lib/python3.12/site-packages/surani_interface/srv/_teach_point.py
[1.296s] -- Up-to-date: /home/dominik/RRM/ros2_ws/install/surani_interface/lib/python3.12/site-packages/surani_interface/srv/_teach_point_s.c
[1.296s] -- Up-to-date: /home/dominik/RRM/ros2_ws/install/surani_interface/lib/python3.12/site-packages/surani_interface/surani_interface_s__rosidl_typesupport_fastrtps_c.so
[1.296s] -- Up-to-date: /home/dominik/RRM/ros2_ws/install/surani_interface/lib/python3.12/site-packages/surani_interface/__init__.py
[1.296s] -- Up-to-date: /home/dominik/RRM/ros2_ws/install/surani_interface/lib/python3.12/site-packages/surani_interface/_surani_interface_s.ep.rosidl_typesupport_fastrtps_c.c
[1.297s] -- Up-to-date: /home/dominik/RRM/ros2_ws/install/surani_interface/lib/python3.12/site-packages/surani_interface/surani_interface_s__rosidl_typesupport_c.so
[1.297s] -- Up-to-date: /home/dominik/RRM/ros2_ws/install/surani_interface/lib/python3.12/site-packages/surani_interface/_surani_interface_s.ep.rosidl_typesupport_c.c
[1.297s] -- Up-to-date: /home/dominik/RRM/ros2_ws/install/surani_interface/lib/python3.12/site-packages/surani_interface/surani_interface_s__rosidl_typesupport_introspection_c.so
[1.358s] Listing '/home/dominik/RRM/ros2_ws/install/surani_interface/lib/python3.12/site-packages/surani_interface'...
[1.358s] Listing '/home/dominik/RRM/ros2_ws/install/surani_interface/lib/python3.12/site-packages/surani_interface/srv'...
[1.368s] -- Up-to-date: /home/dominik/RRM/ros2_ws/install/surani_interface/lib/python3.12/site-packages/surani_interface/surani_interface_s__rosidl_typesupport_fastrtps_c.so
[1.369s] -- Up-to-date: /home/dominik/RRM/ros2_ws/install/surani_interface/lib/python3.12/site-packages/surani_interface/surani_interface_s__rosidl_typesupport_introspection_c.so
[1.370s] -- Up-to-date: /home/dominik/RRM/ros2_ws/install/surani_interface/lib/python3.12/site-packages/surani_interface/surani_interface_s__rosidl_typesupport_c.so
[1.370s] -- Up-to-date: /home/dominik/RRM/ros2_ws/install/surani_interface/lib/libsurani_interface__rosidl_generator_py.so
[1.371s] -- Up-to-date: /home/dominik/RRM/ros2_ws/install/surani_interface/share/surani_interface/srv/TeachPoint.idl
[1.371s] -- Up-to-date: /home/dominik/RRM/ros2_ws/install/surani_interface/share/surani_interface/srv/TeachPoint.srv
[1.371s] -- Up-to-date: /home/dominik/RRM/ros2_ws/install/surani_interface/share/ament_index/resource_index/package_run_dependencies/surani_interface
[1.371s] -- Up-to-date: /home/dominik/RRM/ros2_ws/install/surani_interface/share/ament_index/resource_index/parent_prefix_path/surani_interface
[1.372s] -- Up-to-date: /home/dominik/RRM/ros2_ws/install/surani_interface/share/surani_interface/environment/ament_prefix_path.sh
[1.372s] -- Up-to-date: /home/dominik/RRM/ros2_ws/install/surani_interface/share/surani_interface/environment/ament_prefix_path.dsv
[1.372s] -- Up-to-date: /home/dominik/RRM/ros2_ws/install/surani_interface/share/surani_interface/environment/path.sh
[1.372s] -- Up-to-date: /home/dominik/RRM/ros2_ws/install/surani_interface/share/surani_interface/environment/path.dsv
[1.372s] -- Up-to-date: /home/dominik/RRM/ros2_ws/install/surani_interface/share/surani_interface/local_setup.bash
[1.372s] -- Up-to-date: /home/dominik/RRM/ros2_ws/install/surani_interface/share/surani_interface/local_setup.sh
[1.373s] -- Up-to-date: /home/dominik/RRM/ros2_ws/install/surani_interface/share/surani_interface/local_setup.zsh
[1.373s] -- Up-to-date: /home/dominik/RRM/ros2_ws/install/surani_interface/share/surani_interface/local_setup.dsv
[1.373s] -- Installing: /home/dominik/RRM/ros2_ws/install/surani_interface/share/surani_interface/package.dsv
[1.373s] -- Up-to-date: /home/dominik/RRM/ros2_ws/install/surani_interface/share/ament_index/resource_index/packages/surani_interface
[1.373s] -- Up-to-date: /home/dominik/RRM/ros2_ws/install/surani_interface/share/surani_interface/cmake/export_surani_interface__rosidl_generator_cExport.cmake
[1.373s] -- Up-to-date: /home/dominik/RRM/ros2_ws/install/surani_interface/share/surani_interface/cmake/export_surani_interface__rosidl_generator_cExport-noconfig.cmake
[1.373s] -- Up-to-date: /home/dominik/RRM/ros2_ws/install/surani_interface/share/surani_interface/cmake/export_surani_interface__rosidl_typesupport_fastrtps_cExport.cmake
[1.374s] -- Up-to-date: /home/dominik/RRM/ros2_ws/install/surani_interface/share/surani_interface/cmake/export_surani_interface__rosidl_typesupport_fastrtps_cExport-noconfig.cmake
[1.374s] -- Up-to-date: /home/dominik/RRM/ros2_ws/install/surani_interface/share/surani_interface/cmake/surani_interface__rosidl_typesupport_introspection_cExport.cmake
[1.374s] -- Up-to-date: /home/dominik/RRM/ros2_ws/install/surani_interface/share/surani_interface/cmake/surani_interface__rosidl_typesupport_introspection_cExport-noconfig.cmake
[1.374s] -- Up-to-date: /home/dominik/RRM/ros2_ws/install/surani_interface/share/surani_interface/cmake/surani_interface__rosidl_typesupport_cExport.cmake
[1.374s] -- Up-to-date: /home/dominik/RRM/ros2_ws/install/surani_interface/share/surani_interface/cmake/surani_interface__rosidl_typesupport_cExport-noconfig.cmake
[1.374s] -- Up-to-date: /home/dominik/RRM/ros2_ws/install/surani_interface/share/surani_interface/cmake/export_surani_interface__rosidl_generator_cppExport.cmake
[1.375s] -- Up-to-date: /home/dominik/RRM/ros2_ws/install/surani_interface/share/surani_interface/cmake/export_surani_interface__rosidl_typesupport_fastrtps_cppExport.cmake
[1.375s] -- Up-to-date: /home/dominik/RRM/ros2_ws/install/surani_interface/share/surani_interface/cmake/export_surani_interface__rosidl_typesupport_fastrtps_cppExport-noconfig.cmake
[1.375s] -- Up-to-date: /home/dominik/RRM/ros2_ws/install/surani_interface/share/surani_interface/cmake/surani_interface__rosidl_typesupport_introspection_cppExport.cmake
[1.375s] -- Up-to-date: /home/dominik/RRM/ros2_ws/install/surani_interface/share/surani_interface/cmake/surani_interface__rosidl_typesupport_introspection_cppExport-noconfig.cmake
[1.375s] -- Up-to-date: /home/dominik/RRM/ros2_ws/install/surani_interface/share/surani_interface/cmake/surani_interface__rosidl_typesupport_cppExport.cmake
[1.376s] -- Up-to-date: /home/dominik/RRM/ros2_ws/install/surani_interface/share/surani_interface/cmake/surani_interface__rosidl_typesupport_cppExport-noconfig.cmake
[1.376s] -- Up-to-date: /home/dominik/RRM/ros2_ws/install/surani_interface/share/surani_interface/cmake/export_surani_interface__rosidl_generator_pyExport.cmake
[1.376s] -- Up-to-date: /home/dominik/RRM/ros2_ws/install/surani_interface/share/surani_interface/cmake/export_surani_interface__rosidl_generator_pyExport-noconfig.cmake
[1.376s] -- Up-to-date: /home/dominik/RRM/ros2_ws/install/surani_interface/share/surani_interface/cmake/rosidl_cmake-extras.cmake
[1.376s] -- Up-to-date: /home/dominik/RRM/ros2_ws/install/surani_interface/share/surani_interface/cmake/ament_cmake_export_dependencies-extras.cmake
[1.377s] -- Up-to-date: /home/dominik/RRM/ros2_ws/install/surani_interface/share/surani_interface/cmake/ament_cmake_export_include_directories-extras.cmake
[1.377s] -- Up-to-date: /home/dominik/RRM/ros2_ws/install/surani_interface/share/surani_interface/cmake/ament_cmake_export_libraries-extras.cmake
[1.377s] -- Up-to-date: /home/dominik/RRM/ros2_ws/install/surani_interface/share/surani_interface/cmake/ament_cmake_export_targets-extras.cmake
[1.377s] -- Up-to-date: /home/dominik/RRM/ros2_ws/install/surani_interface/share/surani_interface/cmake/rosidl_cmake_export_typesupport_targets-extras.cmake
[1.377s] -- Up-to-date: /home/dominik/RRM/ros2_ws/install/surani_interface/share/surani_interface/cmake/rosidl_cmake_export_typesupport_libraries-extras.cmake
[1.377s] -- Up-to-date: /home/dominik/RRM/ros2_ws/install/surani_interface/share/surani_interface/cmake/surani_interfaceConfig.cmake
[1.377s] -- Up-to-date: /home/dominik/RRM/ros2_ws/install/surani_interface/share/surani_interface/cmake/surani_interfaceConfig-version.cmake
[1.377s] -- Up-to-date: /home/dominik/RRM/ros2_ws/install/surani_interface/share/surani_interface/package.xml
[1.382s] Invoked command in '/home/dominik/RRM/ros2_ws/build/surani_interface' returned '0': CMAKE_PREFIX_PATH=${CMAKE_PREFIX_PATH}:/opt/ros/jazzy DEBUGINFOD_URLS=https://debuginfod.ubuntu.com /usr/bin/cmake --install /home/dominik/RRM/ros2_ws/build/surani_interface
