[  2%] Built target surani_interface__rosidl_generator_type_description
[  2%] Built target ament_cmake_python_copy_surani_interface
[  5%] Built target surani_interface__cpp
[  8%] [32mBuilding C object CMakeFiles/surani_interface__rosidl_generator_c.dir/rosidl_generator_c/surani_interface/srv/detail/teach_point__type_support.c.o[0m
[ 11%] [32m[1mLinking C shared library libsurani_interface__rosidl_generator_c.so[0m
[ 20%] Built target surani_interface__rosidl_generator_c
[ 35%] [32m[1mLinking C shared library libsurani_interface__rosidl_typesupport_introspection_c.so[0m
[ 35%] [32m[1mLinking CXX shared library libsurani_interface__rosidl_typesupport_fastrtps_c.so[0m
[ 35%] [32m[1mLinking CXX shared library libsurani_interface__rosidl_typesupport_c.so[0m
[ 35%] [32m[1mLinking CXX shared library libsurani_interface__rosidl_typesupport_introspection_cpp.so[0m
[ 35%] [32m[1mLinking CXX shared library libsurani_interface__rosidl_typesupport_cpp.so[0m
[ 38%] [32m[1mLinking CXX shared library libsurani_interface__rosidl_typesupport_fastrtps_cpp.so[0m
[ 44%] Built target surani_interface__rosidl_typesupport_introspection_c
[ 50%] Built target surani_interface__rosidl_typesupport_c
running egg_info
[ 64%] Built target surani_interface__rosidl_typesupport_fastrtps_cpp
[ 64%] Built target surani_interface__rosidl_typesupport_fastrtps_c
[ 67%] Built target surani_interface__rosidl_typesupport_introspection_cpp
[ 73%] Built target surani_interface__rosidl_typesupport_cpp
writing surani_interface.egg-info/PKG-INFO
writing dependency_links to surani_interface.egg-info/dependency_links.txt
writing top-level names to surani_interface.egg-info/top_level.txt
[ 73%] Built target surani_interface
[ 76%] Built target surani_interface__py
reading manifest file 'surani_interface.egg-info/SOURCES.txt'
writing manifest file 'surani_interface.egg-info/SOURCES.txt'
[ 79%] [32m[1mLinking C shared library libsurani_interface__rosidl_generator_py.so[0m
[ 79%] Built target ament_cmake_python_build_surani_interface_egg
[ 82%] Built target surani_interface__rosidl_generator_py
[ 91%] [32m[1mLinking C shared module rosidl_generator_py/surani_interface/surani_interface_s__rosidl_typesupport_c.so[0m
[ 91%] [32m[1mLinking C shared module rosidl_generator_py/surani_interface/surani_interface_s__rosidl_typesupport_introspection_c.so[0m
[ 91%] [32m[1mLinking C shared module rosidl_generator_py/surani_interface/surani_interface_s__rosidl_typesupport_fastrtps_c.so[0m
[ 97%] Built target surani_interface_s__rosidl_typesupport_c
[ 97%] Built target surani_interface_s__rosidl_typesupport_introspection_c
[100%] Built target surani_interface_s__rosidl_typesupport_fastrtps_c
