[0.017s] Invoking command in '/home/dominik/RRM/ros2_ws/build/rrm_sim': CMAKE_PREFIX_PATH=/home/dominik/RRM/ros2_ws/install/rrm_msgs:/home/dominik/RRM/ros2_ws/install/surani_interface:/home/dominik/RRM/ros2_ws/install/rrm_simple_robot_model:/home/dominik/RRM/ros2_ws/install/rrm_sim:/home/dominik/RRM/ros2_ws/install/block1_suraniV2:/home/dominik/RRM/ros2_ws/install/block1_surani:/home/dominik/RRM/ros2_ws/install/eigen_example:/home/dominik/RRM/ros2_ws/install/dh_trial:/home/dominik/RRM/ros2_ws/install/cv1:/home/dominik/RRM/ros2_ws/install/Surani_interface:/home/dominik/RRM/zad1/install/zad1:/opt/ros/jazzy/opt/gz_math_vendor:/opt/ros/jazzy/opt/gz_utils_vendor:/opt/ros/jazzy/opt/gz_cmake_vendor:/opt/ros/jazzy DEBUGINFOD_URLS=https://debuginfod.ubuntu.com LD_LIBRARY_PATH=/home/dominik/RRM/ros2_ws/install/rrm_msgs/lib:/home/dominik/RRM/ros2_ws/install/surani_interface/lib:/opt/ros/jazzy/opt/rviz_ogre_vendor/lib:/opt/ros/jazzy/lib/x86_64-linux-gnu:/opt/ros/jazzy/opt/gz_math_vendor/lib:/opt/ros/jazzy/opt/gz_utils_vendor/lib:/opt/ros/jazzy/opt/gz_cmake_vendor/lib:/opt/ros/jazzy/lib PYTHONPATH=/home/dominik/RRM/ros2_ws/install/rrm_msgs/lib/python3.12/site-packages:/home/dominik/RRM/ros2_ws/install/surani_interface/lib/python3.12/site-packages:/opt/ros/jazzy/lib/python3.12/site-packages /usr/bin/cmake --build /home/dominik/RRM/ros2_ws/build/rrm_sim -- -j16 -l16
[0.094s] [ 33%] [32mBuilding CXX object CMakeFiles/robot_sim_node.dir/src/robot_sim_node.cpp.o[0m
[10.034s] [ 66%] [32m[1mLinking CXX executable robot_sim_node[0m
[10.368s] [100%] Built target robot_sim_node
[10.379s] Invoked command in '/home/dominik/RRM/ros2_ws/build/rrm_sim' returned '0': CMAKE_PREFIX_PATH=/home/dominik/RRM/ros2_ws/install/rrm_msgs:/home/dominik/RRM/ros2_ws/install/surani_interface:/home/dominik/RRM/ros2_ws/install/rrm_simple_robot_model:/home/dominik/RRM/ros2_ws/install/rrm_sim:/home/dominik/RRM/ros2_ws/install/block1_suraniV2:/home/dominik/RRM/ros2_ws/install/block1_surani:/home/dominik/RRM/ros2_ws/install/eigen_example:/home/dominik/RRM/ros2_ws/install/dh_trial:/home/dominik/RRM/ros2_ws/install/cv1:/home/dominik/RRM/ros2_ws/install/Surani_interface:/home/dominik/RRM/zad1/install/zad1:/opt/ros/jazzy/opt/gz_math_vendor:/opt/ros/jazzy/opt/gz_utils_vendor:/opt/ros/jazzy/opt/gz_cmake_vendor:/opt/ros/jazzy DEBUGINFOD_URLS=https://debuginfod.ubuntu.com LD_LIBRARY_PATH=/home/dominik/RRM/ros2_ws/install/rrm_msgs/lib:/home/dominik/RRM/ros2_ws/install/surani_interface/lib:/opt/ros/jazzy/opt/rviz_ogre_vendor/lib:/opt/ros/jazzy/lib/x86_64-linux-gnu:/opt/ros/jazzy/opt/gz_math_vendor/lib:/opt/ros/jazzy/opt/gz_utils_vendor/lib:/opt/ros/jazzy/opt/gz_cmake_vendor/lib:/opt/ros/jazzy/lib PYTHONPATH=/home/dominik/RRM/ros2_ws/install/rrm_msgs/lib/python3.12/site-packages:/home/dominik/RRM/ros2_ws/install/surani_interface/lib/python3.12/site-packages:/opt/ros/jazzy/lib/python3.12/site-packages /usr/bin/cmake --build /home/dominik/RRM/ros2_ws/build/rrm_sim -- -j16 -l16
[10.408s] Invoking command in '/home/dominik/RRM/ros2_ws/build/rrm_sim': CMAKE_PREFIX_PATH=/home/dominik/RRM/ros2_ws/install/rrm_msgs:/home/dominik/RRM/ros2_ws/install/surani_interface:/home/dominik/RRM/ros2_ws/install/rrm_simple_robot_model:/home/dominik/RRM/ros2_ws/install/rrm_sim:/home/dominik/RRM/ros2_ws/install/block1_suraniV2:/home/dominik/RRM/ros2_ws/install/block1_surani:/home/dominik/RRM/ros2_ws/install/eigen_example:/home/dominik/RRM/ros2_ws/install/dh_trial:/home/dominik/RRM/ros2_ws/install/cv1:/home/dominik/RRM/ros2_ws/install/Surani_interface:/home/dominik/RRM/zad1/install/zad1:/opt/ros/jazzy/opt/gz_math_vendor:/opt/ros/jazzy/opt/gz_utils_vendor:/opt/ros/jazzy/opt/gz_cmake_vendor:/opt/ros/jazzy DEBUGINFOD_URLS=https://debuginfod.ubuntu.com LD_LIBRARY_PATH=/home/dominik/RRM/ros2_ws/install/rrm_msgs/lib:/home/dominik/RRM/ros2_ws/install/surani_interface/lib:/opt/ros/jazzy/opt/rviz_ogre_vendor/lib:/opt/ros/jazzy/lib/x86_64-linux-gnu:/opt/ros/jazzy/opt/gz_math_vendor/lib:/opt/ros/jazzy/opt/gz_utils_vendor/lib:/opt/ros/jazzy/opt/gz_cmake_vendor/lib:/opt/ros/jazzy/lib PYTHONPATH=/home/dominik/RRM/ros2_ws/install/rrm_msgs/lib/python3.12/site-packages:/home/dominik/RRM/ros2_ws/install/surani_interface/lib/python3.12/site-packages:/opt/ros/jazzy/lib/python3.12/site-packages /usr/bin/cmake --install /home/dominik/RRM/ros2_ws/build/rrm_sim
[10.416s] -- Install configuration: ""
[10.416s] -- Installing: /home/dominik/RRM/ros2_ws/install/rrm_sim/lib/rrm_sim/robot_sim_node
[10.424s] -- Set non-toolchain portion of runtime path of "/home/dominik/RRM/ros2_ws/install/rrm_sim/lib/rrm_sim/robot_sim_node" to ""
[10.424s] -- Up-to-date: /home/dominik/RRM/ros2_ws/install/rrm_sim/share/rrm_sim/launch
[10.424s] -- Up-to-date: /home/dominik/RRM/ros2_ws/install/rrm_sim/share/rrm_sim/launch/rrm_sim.launch.xml
[10.424s] -- Up-to-date: /home/dominik/RRM/ros2_ws/install/rrm_sim/share/ament_index/resource_index/package_run_dependencies/rrm_sim
[10.424s] -- Up-to-date: /home/dominik/RRM/ros2_ws/install/rrm_sim/share/ament_index/resource_index/parent_prefix_path/rrm_sim
[10.424s] -- Up-to-date: /home/dominik/RRM/ros2_ws/install/rrm_sim/share/rrm_sim/environment/ament_prefix_path.sh
[10.424s] -- Up-to-date: /home/dominik/RRM/ros2_ws/install/rrm_sim/share/rrm_sim/environment/ament_prefix_path.dsv
[10.424s] -- Up-to-date: /home/dominik/RRM/ros2_ws/install/rrm_sim/share/rrm_sim/environment/path.sh
[10.425s] -- Up-to-date: /home/dominik/RRM/ros2_ws/install/rrm_sim/share/rrm_sim/environment/path.dsv
[10.425s] -- Up-to-date: /home/dominik/RRM/ros2_ws/install/rrm_sim/share/rrm_sim/local_setup.bash
[10.425s] -- Up-to-date: /home/dominik/RRM/ros2_ws/install/rrm_sim/share/rrm_sim/local_setup.sh
[10.425s] -- Up-to-date: /home/dominik/RRM/ros2_ws/install/rrm_sim/share/rrm_sim/local_setup.zsh
[10.425s] -- Up-to-date: /home/dominik/RRM/ros2_ws/install/rrm_sim/share/rrm_sim/local_setup.dsv
[10.425s] -- Installing: /home/dominik/RRM/ros2_ws/install/rrm_sim/share/rrm_sim/package.dsv
[10.425s] -- Up-to-date: /home/dominik/RRM/ros2_ws/install/rrm_sim/share/ament_index/resource_index/packages/rrm_sim
[10.425s] -- Up-to-date: /home/dominik/RRM/ros2_ws/install/rrm_sim/share/rrm_sim/cmake/rrm_simConfig.cmake
[10.425s] -- Up-to-date: /home/dominik/RRM/ros2_ws/install/rrm_sim/share/rrm_sim/cmake/rrm_simConfig-version.cmake
[10.425s] -- Up-to-date: /home/dominik/RRM/ros2_ws/install/rrm_sim/share/rrm_sim/package.xml
[10.427s] Invoked command in '/home/dominik/RRM/ros2_ws/build/rrm_sim' returned '0': CMAKE_PREFIX_PATH=/home/dominik/RRM/ros2_ws/install/rrm_msgs:/home/dominik/RRM/ros2_ws/install/surani_interface:/home/dominik/RRM/ros2_ws/install/rrm_simple_robot_model:/home/dominik/RRM/ros2_ws/install/rrm_sim:/home/dominik/RRM/ros2_ws/install/block1_suraniV2:/home/dominik/RRM/ros2_ws/install/block1_surani:/home/dominik/RRM/ros2_ws/install/eigen_example:/home/dominik/RRM/ros2_ws/install/dh_trial:/home/dominik/RRM/ros2_ws/install/cv1:/home/dominik/RRM/ros2_ws/install/Surani_interface:/home/dominik/RRM/zad1/install/zad1:/opt/ros/jazzy/opt/gz_math_vendor:/opt/ros/jazzy/opt/gz_utils_vendor:/opt/ros/jazzy/opt/gz_cmake_vendor:/opt/ros/jazzy DEBUGINFOD_URLS=https://debuginfod.ubuntu.com LD_LIBRARY_PATH=/home/dominik/RRM/ros2_ws/install/rrm_msgs/lib:/home/dominik/RRM/ros2_ws/install/surani_interface/lib:/opt/ros/jazzy/opt/rviz_ogre_vendor/lib:/opt/ros/jazzy/lib/x86_64-linux-gnu:/opt/ros/jazzy/opt/gz_math_vendor/lib:/opt/ros/jazzy/opt/gz_utils_vendor/lib:/opt/ros/jazzy/opt/gz_cmake_vendor/lib:/opt/ros/jazzy/lib PYTHONPATH=/home/dominik/RRM/ros2_ws/install/rrm_msgs/lib/python3.12/site-packages:/home/dominik/RRM/ros2_ws/install/surani_interface/lib/python3.12/site-packages:/opt/ros/jazzy/lib/python3.12/site-packages /usr/bin/cmake --install /home/dominik/RRM/ros2_ws/build/rrm_sim
