-- Found ament_cmake: 2.5.2 (/opt/ros/jazzy/share/ament_cmake/cmake)
-- Found rclcpp: 28.1.5 (/opt/ros/jazzy/share/rclcpp/cmake)
-- Found rosidl_generator_c: 4.6.4 (/opt/ros/jazzy/share/rosidl_generator_c/cmake)
-- Found rosidl_generator_cpp: 4.6.4 (/opt/ros/jazzy/share/rosidl_generator_cpp/cmake)
-- Using all available rosidl_typesupport_c: rosidl_typesupport_fastrtps_c;rosidl_typesupport_introspection_c
-- Using all available rosidl_typesupport_cpp: rosidl_typesupport_fastrtps_cpp;rosidl_typesupport_introspection_cpp
-- Found rmw_implementation_cmake: 7.3.1 (/opt/ros/jazzy/share/rmw_implementation_cmake/cmake)
-- Found rmw_fastrtps_cpp: 8.4.1 (/opt/ros/jazzy/share/rmw_fastrtps_cpp/cmake)
-- Using RMW implementation 'rmw_fastrtps_cpp' as default
-- Found tf2_ros: 0.36.4 (/opt/ros/jazzy/share/tf2_ros/cmake)
-- Found rrm_msgs: 0.0.0 (/home/dominik/RRM/ros2_ws/install/rrm_msgs/share/rrm_msgs/cmake)
-- Found sensor_msgs: 5.3.5 (/opt/ros/jazzy/share/sensor_msgs/cmake)
-- Found surani_interface: 0.0.0 (/home/dominik/RRM/ros2_ws/install/surani_interface/share/surani_interface/cmake)
-- Found ament_lint_auto: 0.17.1 (/opt/ros/jazzy/share/ament_lint_auto/cmake)
-- Added test 'cppcheck' to perform static code analysis on C / C++ code
-- Configured cppcheck include dirs: $<BUILD_INTERFACE:/home/dominik/RRM/ros2_ws/src/block1_surani/include>
-- Configured cppcheck exclude dirs and/or files: 
-- Added test 'lint_cmake' to check CMake code style
-- Added test 'uncrustify' to check C / C++ code style
-- Configured uncrustify additional arguments: 
-- Added test 'xmllint' to check XML markup files
-- Configuring done (0.8s)
-- Generating done (0.0s)
-- Build files have been written to: /home/dominik/RRM/ros2_ws/build/block1_surani
[ 16%] [32mBuilding CXX object CMakeFiles/teleop_node.dir/src/teleop_node.cpp.o[0m
[ 33%] [32mBuilding CXX object CMakeFiles/jointlogger_node.dir/src/jointlogger.cpp.o[0m
[ 50%] [32mBuilding CXX object CMakeFiles/logger_node.dir/src/logger_node.cpp.o[0m
[01m[K/home/dominik/RRM/ros2_ws/src/block1_surani/src/jointlogger.cpp:[m[K In member function ‘[01m[Kvoid JointLogger::[01;32m[Kmy_service_callback[m[K(std::shared_ptr<surani_interface::srv::TeachPoint_Request_<std::allocator<void> > >, std::shared_ptr<surani_interface::srv::TeachPoint_Response_<std::allocator<void> > >)[m[K’:
[01m[K/home/dominik/RRM/ros2_ws/src/block1_surani/src/jointlogger.cpp:18:15:[m[K [01;35m[Kwarning: [m[Kunused variable ‘[01m[Kvelocity[m[K’ [[01;35m[K]8;;https://gcc.gnu.org/onlinedocs/gcc/Warning-Options.html#index-Wunused-variable-Wunused-variable]8;;[m[K]
   18 |         float [01;35m[Kvelocity[m[K = request->velocity;
      |               [01;35m[K^~~~~~~~[m[K
[ 66%] [32m[1mLinking CXX executable jointlogger_node[0m
[ 66%] Built target jointlogger_node
[ 83%] [32m[1mLinking CXX executable teleop_node[0m
[ 83%] Built target teleop_node
[100%] [32m[1mLinking CXX executable logger_node[0m
[100%] Built target logger_node
