[0.019s] Invoking command in '/home/dominik/RRM/zad1/build/zad1': CMAKE_PREFIX_PATH=${CMAKE_PREFIX_PATH}:/opt/ros/jazzy DEBUGINFOD_URLS=https://debuginfod.ubuntu.com /usr/bin/cmake --build /home/dominik/RRM/zad1/build/zad1 -- -j16 -l16
[0.140s] [ 66%] [32mBuilding CXX object CMakeFiles/zad1_node.dir/src/robot.cpp.o[0m
[0.140s] [ 66%] [32mBuilding CXX object CMakeFiles/zad1_node.dir/src/zad1_node.cpp.o[0m
[2.721s] [01m[K/home/dominik/RRM/zad1/src/zad1/src/robot.cpp:8:6:[m[K [01;31m[Kerror: [m[Kno declaration matches ‘[01m[Kvoid Robot::[01;32m[Kmove[m[K(double)[m[K’
[2.721s]     8 | void [01;31m[KRobot[m[K::move(const double position){
[2.721s]       |      [01;31m[K^~~~~[m[K
[2.721s] In file included from [01m[K/home/dominik/RRM/zad1/src/zad1/src/robot.cpp:1[m[K:
[2.721s] [01m[K/home/dominik/RRM/zad1/src/zad1/include/zad1/robot.hpp:4:14:[m[K [01;36m[Knote: [m[Kcandidate is: ‘[01m[Kvoid Robot::[01;32m[Kmove[m[K(double, double)[m[K’
[2.721s]     4 |         void [01;36m[Kmove[m[K(double x, double y);
[2.721s]       |              [01;36m[K^~~~[m[K
[2.721s] [01m[K/home/dominik/RRM/zad1/src/zad1/include/zad1/robot.hpp:1:7:[m[K [01;36m[Knote: [m[K‘[01m[Kclass Robot[m[K’ defined here
[2.721s]     1 | class [01;36m[KRobot[m[K {
[2.722s]       |       [01;36m[K^~~~~[m[K
[2.722s] [01m[K/home/dominik/RRM/zad1/src/zad1/src/robot.cpp:11:8:[m[K [01;31m[Kerror: [m[Kno declaration matches ‘[01m[Kdouble Robot::[01;32m[KgetCurrentPosition[m[K() const[m[K’
[2.722s]    11 | double [01;31m[KRobot[m[K::getCurrentPosition () const {
[2.722s]       |        [01;31m[K^~~~~[m[K
[2.722s] [01m[K/home/dominik/RRM/zad1/src/zad1/src/robot.cpp:11:8:[m[K [01;36m[Knote: [m[Kno functions named ‘[01m[Kdouble Robot::[01;32m[KgetCurrentPosition[m[K() const[m[K’
[2.722s] [01m[K/home/dominik/RRM/zad1/src/zad1/include/zad1/robot.hpp:1:7:[m[K [01;36m[Knote: [m[K‘[01m[Kclass Robot[m[K’ defined here
[2.722s]     1 | class [01;36m[KRobot[m[K {
[2.722s]       |       [01;36m[K^~~~~[m[K
[2.742s] In file included from [01m[K/opt/ros/jazzy/include/rclcpp/rclcpp/logging.hpp:24[m[K,
[2.743s]                  from [01m[K/opt/ros/jazzy/include/rclcpp/rclcpp/copy_all_parameter_values.hpp:27[m[K,
[2.743s]                  from [01m[K/opt/ros/jazzy/include/rclcpp/rclcpp/rclcpp.hpp:171[m[K,
[2.743s]                  from [01m[K/home/dominik/RRM/zad1/src/zad1/src/zad1_node.cpp:2[m[K:
[2.743s] [01m[K/home/dominik/RRM/zad1/src/zad1/src/zad1_node.cpp:[m[K In function ‘[01m[Kint[01;32m[K main[m[K(int, char**)[m[K’:
[2.743s] [01m[K/home/dominik/RRM/zad1/src/zad1/src/zad1_node.cpp:9:27:[m[K [01;31m[Kerror: [m[K‘[01m[Kclass Robot[m[K’ has no member named ‘[01m[KgetCurrentPosition[m[K’
[2.743s]     9 |     "Position: %f", robot.[01;31m[KgetCurrentPosition[m[K());
[2.743s]       |                           [01;31m[K^~~~~~~~~~~~~~~~~~[m[K
[2.743s] [01m[K/home/dominik/RRM/zad1/src/zad1/src/zad1_node.cpp:10:11:[m[K [01;31m[Kerror: [m[Kno matching function for call to ‘[01m[KRobot::move(double)[m[K’
[2.743s]    10 | [01;31m[Krobot.move(1.0)[m[K;
[2.743s]       | [01;31m[K~~~~~~~~~~^~~~~[m[K
[2.743s] In file included from [01m[K/home/dominik/RRM/zad1/src/zad1/src/zad1_node.cpp:1[m[K:
[2.743s] [01m[K/home/dominik/RRM/zad1/src/zad1/include/zad1/robot.hpp:4:14:[m[K [01;36m[Knote: [m[Kcandidate: ‘[01m[Kvoid Robot::[01;32m[Kmove[m[K(double, double)[m[K’
[2.743s]     4 |         void [01;36m[Kmove[m[K(double x, double y);
[2.743s]       |              [01;36m[K^~~~[m[K
[2.743s] [01m[K/home/dominik/RRM/zad1/src/zad1/include/zad1/robot.hpp:4:14:[m[K [01;36m[Knote: [m[K  candidate expects 2 arguments, 1 provided
[2.743s] [01m[K/home/dominik/RRM/zad1/src/zad1/src/zad1_node.cpp:12:27:[m[K [01;31m[Kerror: [m[K‘[01m[Kclass Robot[m[K’ has no member named ‘[01m[KgetCurrentPosition[m[K’
[2.744s]    12 |     "Position: %f", robot.[01;31m[KgetCurrentPosition[m[K());
[2.744s]       |                           [01;31m[K^~~~~~~~~~~~~~~~~~[m[K
[3.315s] gmake[2]: *** [CMakeFiles/zad1_node.dir/build.make:90: CMakeFiles/zad1_node.dir/src/robot.cpp.o] Error 1
[3.315s] gmake[2]: *** Čaká sa na nedokončené úlohy....
[3.336s] gmake[2]: *** [CMakeFiles/zad1_node.dir/build.make:76: CMakeFiles/zad1_node.dir/src/zad1_node.cpp.o] Error 1
[3.336s] gmake[1]: *** [CMakeFiles/Makefile2:137: CMakeFiles/zad1_node.dir/all] Error 2
[3.337s] gmake: *** [Makefile:146: all] Error 2
[3.339s] Invoked command in '/home/dominik/RRM/zad1/build/zad1' returned '2': CMAKE_PREFIX_PATH=${CMAKE_PREFIX_PATH}:/opt/ros/jazzy DEBUGINFOD_URLS=https://debuginfod.ubuntu.com /usr/bin/cmake --build /home/dominik/RRM/zad1/build/zad1 -- -j16 -l16
