[0.111s] DEBUG:colcon:Command line arguments: ['/usr/bin/colcon', 'build']
[0.111s] DEBUG:colcon:Parsed command line arguments: Namespace(log_base=None, log_level=None, verb_name='build', build_base='build', install_base='install', merge_install=False, symlink_install=False, test_result_base=None, continue_on_error=False, executor='parallel', parallel_workers=16, event_handlers=None, ignore_user_meta=False, metas=['./colcon.meta'], base_paths=['.'], packages_ignore=None, packages_ignore_regex=None, paths=None, packages_up_to=None, packages_up_to_regex=None, packages_above=None, packages_above_and_dependencies=None, packages_above_depth=None, packages_select_by_dep=None, packages_skip_by_dep=None, packages_skip_up_to=None, packages_select_build_failed=False, packages_skip_build_finished=False, packages_select_test_failures=False, packages_skip_test_passed=False, packages_select=None, packages_skip=None, packages_select_regex=None, packages_skip_regex=None, packages_start=None, packages_end=None, allow_overriding=[], cmake_args=None, cmake_target=None, cmake_target_skip_unavailable=False, cmake_clean_cache=False, cmake_clean_first=False, cmake_force_configure=False, ament_cmake_args=None, catkin_cmake_args=None, catkin_skip_building_tests=False, mixin_files=None, mixin=None, verb_parser=<colcon_mixin.mixin.mixin_argument.MixinArgumentDecorator object at 0x7413eb48e060>, verb_extension=<colcon_core.verb.build.BuildVerb object at 0x7413eb407f50>, main=<bound method BuildVerb.main of <colcon_core.verb.build.BuildVerb object at 0x7413eb407f50>>, mixin_verb=('build',))
[0.148s] Level 1:colcon.colcon_core.package_discovery:discover_packages(colcon_meta) check parameters
[0.148s] Level 1:colcon.colcon_core.package_discovery:discover_packages(recursive) check parameters
[0.148s] Level 1:colcon.colcon_core.package_discovery:discover_packages(ignore) check parameters
[0.148s] Level 1:colcon.colcon_core.package_discovery:discover_packages(path) check parameters
[0.148s] Level 1:colcon.colcon_core.package_discovery:discover_packages(colcon_meta) discover
[0.148s] Level 1:colcon.colcon_core.package_discovery:discover_packages(recursive) discover
[0.148s] INFO:colcon.colcon_core.package_discovery:Crawling recursively for packages in '/home/dominik/RRM/ros2_ws'
[0.148s] Level 1:colcon.colcon_core.package_identification:_identify(.) by extensions ['ignore', 'ignore_ament_install']
[0.148s] Level 1:colcon.colcon_core.package_identification:_identify(.) by extension 'ignore'
[0.148s] Level 1:colcon.colcon_core.package_identification:_identify(.) by extension 'ignore_ament_install'
[0.148s] Level 1:colcon.colcon_core.package_identification:_identify(.) by extensions ['colcon_pkg']
[0.148s] Level 1:colcon.colcon_core.package_identification:_identify(.) by extension 'colcon_pkg'
[0.149s] Level 1:colcon.colcon_core.package_identification:_identify(.) by extensions ['colcon_meta']
[0.149s] Level 1:colcon.colcon_core.package_identification:_identify(.) by extension 'colcon_meta'
[0.149s] Level 1:colcon.colcon_core.package_identification:_identify(.) by extensions ['ros']
[0.149s] Level 1:colcon.colcon_core.package_identification:_identify(.) by extension 'ros'
[0.174s] Level 1:colcon.colcon_core.package_identification:_identify(.) by extensions ['cmake', 'python']
[0.174s] Level 1:colcon.colcon_core.package_identification:_identify(.) by extension 'cmake'
[0.174s] Level 1:colcon.colcon_core.package_identification:_identify(.) by extension 'python'
[0.174s] Level 1:colcon.colcon_core.package_identification:_identify(.) by extensions ['python_setup_py']
[0.174s] Level 1:colcon.colcon_core.package_identification:_identify(.) by extension 'python_setup_py'
[0.174s] Level 1:colcon.colcon_core.package_identification:_identify(build) by extensions ['ignore', 'ignore_ament_install']
[0.174s] Level 1:colcon.colcon_core.package_identification:_identify(build) by extension 'ignore'
[0.174s] Level 1:colcon.colcon_core.package_identification:_identify(build) ignored
[0.175s] Level 1:colcon.colcon_core.package_identification:_identify(install) by extensions ['ignore', 'ignore_ament_install']
[0.175s] Level 1:colcon.colcon_core.package_identification:_identify(install) by extension 'ignore'
[0.175s] Level 1:colcon.colcon_core.package_identification:_identify(install) ignored
[0.175s] Level 1:colcon.colcon_core.package_identification:_identify(log) by extensions ['ignore', 'ignore_ament_install']
[0.175s] Level 1:colcon.colcon_core.package_identification:_identify(log) by extension 'ignore'
[0.175s] Level 1:colcon.colcon_core.package_identification:_identify(log) ignored
[0.175s] Level 1:colcon.colcon_core.package_identification:_identify(src) by extensions ['ignore', 'ignore_ament_install']
[0.175s] Level 1:colcon.colcon_core.package_identification:_identify(src) by extension 'ignore'
[0.175s] Level 1:colcon.colcon_core.package_identification:_identify(src) by extension 'ignore_ament_install'
[0.175s] Level 1:colcon.colcon_core.package_identification:_identify(src) by extensions ['colcon_pkg']
[0.175s] Level 1:colcon.colcon_core.package_identification:_identify(src) by extension 'colcon_pkg'
[0.175s] Level 1:colcon.colcon_core.package_identification:_identify(src) by extensions ['colcon_meta']
[0.175s] Level 1:colcon.colcon_core.package_identification:_identify(src) by extension 'colcon_meta'
[0.175s] Level 1:colcon.colcon_core.package_identification:_identify(src) by extensions ['ros']
[0.175s] Level 1:colcon.colcon_core.package_identification:_identify(src) by extension 'ros'
[0.175s] Level 1:colcon.colcon_core.package_identification:_identify(src) by extensions ['cmake', 'python']
[0.176s] Level 1:colcon.colcon_core.package_identification:_identify(src) by extension 'cmake'
[0.176s] Level 1:colcon.colcon_core.package_identification:_identify(src) by extension 'python'
[0.176s] Level 1:colcon.colcon_core.package_identification:_identify(src) by extensions ['python_setup_py']
[0.176s] Level 1:colcon.colcon_core.package_identification:_identify(src) by extension 'python_setup_py'
[0.176s] Level 1:colcon.colcon_core.package_identification:_identify(src/block1_surani) by extensions ['ignore', 'ignore_ament_install']
[0.176s] Level 1:colcon.colcon_core.package_identification:_identify(src/block1_surani) by extension 'ignore'
[0.176s] Level 1:colcon.colcon_core.package_identification:_identify(src/block1_surani) by extension 'ignore_ament_install'
[0.176s] Level 1:colcon.colcon_core.package_identification:_identify(src/block1_surani) by extensions ['colcon_pkg']
[0.176s] Level 1:colcon.colcon_core.package_identification:_identify(src/block1_surani) by extension 'colcon_pkg'
[0.176s] Level 1:colcon.colcon_core.package_identification:_identify(src/block1_surani) by extensions ['colcon_meta']
[0.176s] Level 1:colcon.colcon_core.package_identification:_identify(src/block1_surani) by extension 'colcon_meta'
[0.176s] Level 1:colcon.colcon_core.package_identification:_identify(src/block1_surani) by extensions ['ros']
[0.176s] Level 1:colcon.colcon_core.package_identification:_identify(src/block1_surani) by extension 'ros'
[0.178s] DEBUG:colcon.colcon_core.package_identification:Package 'src/block1_surani' with type 'ros.ament_cmake' and name 'block1_surani'
[0.179s] Level 1:colcon.colcon_core.package_identification:_identify(src/cv1) by extensions ['ignore', 'ignore_ament_install']
[0.179s] Level 1:colcon.colcon_core.package_identification:_identify(src/cv1) by extension 'ignore'
[0.179s] Level 1:colcon.colcon_core.package_identification:_identify(src/cv1) by extension 'ignore_ament_install'
[0.179s] Level 1:colcon.colcon_core.package_identification:_identify(src/cv1) by extensions ['colcon_pkg']
[0.179s] Level 1:colcon.colcon_core.package_identification:_identify(src/cv1) by extension 'colcon_pkg'
[0.179s] Level 1:colcon.colcon_core.package_identification:_identify(src/cv1) by extensions ['colcon_meta']
[0.179s] Level 1:colcon.colcon_core.package_identification:_identify(src/cv1) by extension 'colcon_meta'
[0.179s] Level 1:colcon.colcon_core.package_identification:_identify(src/cv1) by extensions ['ros']
[0.179s] Level 1:colcon.colcon_core.package_identification:_identify(src/cv1) by extension 'ros'
[0.179s] DEBUG:colcon.colcon_core.package_identification:Package 'src/cv1' with type 'ros.ament_cmake' and name 'cv1'
[0.180s] Level 1:colcon.colcon_core.package_identification:_identify(src/rrm) by extensions ['ignore', 'ignore_ament_install']
[0.180s] Level 1:colcon.colcon_core.package_identification:_identify(src/rrm) by extension 'ignore'
[0.180s] Level 1:colcon.colcon_core.package_identification:_identify(src/rrm) by extension 'ignore_ament_install'
[0.180s] Level 1:colcon.colcon_core.package_identification:_identify(src/rrm) by extensions ['colcon_pkg']
[0.180s] Level 1:colcon.colcon_core.package_identification:_identify(src/rrm) by extension 'colcon_pkg'
[0.180s] Level 1:colcon.colcon_core.package_identification:_identify(src/rrm) by extensions ['colcon_meta']
[0.180s] Level 1:colcon.colcon_core.package_identification:_identify(src/rrm) by extension 'colcon_meta'
[0.180s] Level 1:colcon.colcon_core.package_identification:_identify(src/rrm) by extensions ['ros']
[0.180s] Level 1:colcon.colcon_core.package_identification:_identify(src/rrm) by extension 'ros'
[0.180s] Level 1:colcon.colcon_core.package_identification:_identify(src/rrm) by extensions ['cmake', 'python']
[0.180s] Level 1:colcon.colcon_core.package_identification:_identify(src/rrm) by extension 'cmake'
[0.180s] Level 1:colcon.colcon_core.package_identification:_identify(src/rrm) by extension 'python'
[0.180s] Level 1:colcon.colcon_core.package_identification:_identify(src/rrm) by extensions ['python_setup_py']
[0.180s] Level 1:colcon.colcon_core.package_identification:_identify(src/rrm) by extension 'python_setup_py'
[0.180s] Level 1:colcon.colcon_core.package_identification:_identify(src/rrm/rrm_msgs) by extensions ['ignore', 'ignore_ament_install']
[0.180s] Level 1:colcon.colcon_core.package_identification:_identify(src/rrm/rrm_msgs) by extension 'ignore'
[0.180s] Level 1:colcon.colcon_core.package_identification:_identify(src/rrm/rrm_msgs) by extension 'ignore_ament_install'
[0.180s] Level 1:colcon.colcon_core.package_identification:_identify(src/rrm/rrm_msgs) by extensions ['colcon_pkg']
[0.180s] Level 1:colcon.colcon_core.package_identification:_identify(src/rrm/rrm_msgs) by extension 'colcon_pkg'
[0.180s] Level 1:colcon.colcon_core.package_identification:_identify(src/rrm/rrm_msgs) by extensions ['colcon_meta']
[0.180s] Level 1:colcon.colcon_core.package_identification:_identify(src/rrm/rrm_msgs) by extension 'colcon_meta'
[0.181s] Level 1:colcon.colcon_core.package_identification:_identify(src/rrm/rrm_msgs) by extensions ['ros']
[0.181s] Level 1:colcon.colcon_core.package_identification:_identify(src/rrm/rrm_msgs) by extension 'ros'
[0.181s] DEBUG:colcon.colcon_core.package_identification:Package 'src/rrm/rrm_msgs' with type 'ros.ament_cmake' and name 'rrm_msgs'
[0.181s] Level 1:colcon.colcon_core.package_identification:_identify(src/rrm/rrm_sim) by extensions ['ignore', 'ignore_ament_install']
[0.181s] Level 1:colcon.colcon_core.package_identification:_identify(src/rrm/rrm_sim) by extension 'ignore'
[0.181s] Level 1:colcon.colcon_core.package_identification:_identify(src/rrm/rrm_sim) by extension 'ignore_ament_install'
[0.181s] Level 1:colcon.colcon_core.package_identification:_identify(src/rrm/rrm_sim) by extensions ['colcon_pkg']
[0.181s] Level 1:colcon.colcon_core.package_identification:_identify(src/rrm/rrm_sim) by extension 'colcon_pkg'
[0.181s] Level 1:colcon.colcon_core.package_identification:_identify(src/rrm/rrm_sim) by extensions ['colcon_meta']
[0.181s] Level 1:colcon.colcon_core.package_identification:_identify(src/rrm/rrm_sim) by extension 'colcon_meta'
[0.181s] Level 1:colcon.colcon_core.package_identification:_identify(src/rrm/rrm_sim) by extensions ['ros']
[0.181s] Level 1:colcon.colcon_core.package_identification:_identify(src/rrm/rrm_sim) by extension 'ros'
[0.182s] DEBUG:colcon.colcon_core.package_identification:Package 'src/rrm/rrm_sim' with type 'ros.ament_cmake' and name 'rrm_sim'
[0.182s] Level 1:colcon.colcon_core.package_identification:_identify(src/rrm/rrm_simple_robot_model) by extensions ['ignore', 'ignore_ament_install']
[0.182s] Level 1:colcon.colcon_core.package_identification:_identify(src/rrm/rrm_simple_robot_model) by extension 'ignore'
[0.182s] Level 1:colcon.colcon_core.package_identification:_identify(src/rrm/rrm_simple_robot_model) by extension 'ignore_ament_install'
[0.182s] Level 1:colcon.colcon_core.package_identification:_identify(src/rrm/rrm_simple_robot_model) by extensions ['colcon_pkg']
[0.182s] Level 1:colcon.colcon_core.package_identification:_identify(src/rrm/rrm_simple_robot_model) by extension 'colcon_pkg'
[0.182s] Level 1:colcon.colcon_core.package_identification:_identify(src/rrm/rrm_simple_robot_model) by extensions ['colcon_meta']
[0.182s] Level 1:colcon.colcon_core.package_identification:_identify(src/rrm/rrm_simple_robot_model) by extension 'colcon_meta'
[0.183s] Level 1:colcon.colcon_core.package_identification:_identify(src/rrm/rrm_simple_robot_model) by extensions ['ros']
[0.183s] Level 1:colcon.colcon_core.package_identification:_identify(src/rrm/rrm_simple_robot_model) by extension 'ros'
[0.183s] DEBUG:colcon.colcon_core.package_identification:Package 'src/rrm/rrm_simple_robot_model' with type 'ros.ament_cmake' and name 'rrm_simple_robot_model'
[0.183s] Level 1:colcon.colcon_core.package_discovery:discover_packages(recursive) using defaults
[0.183s] Level 1:colcon.colcon_core.package_discovery:discover_packages(ignore) discover
[0.183s] Level 1:colcon.colcon_core.package_discovery:discover_packages(ignore) using defaults
[0.183s] Level 1:colcon.colcon_core.package_discovery:discover_packages(path) discover
[0.183s] Level 1:colcon.colcon_core.package_discovery:discover_packages(path) using defaults
[0.201s] Level 1:colcon.colcon_core.package_discovery:discover_packages(prefix_path) check parameters
[0.201s] Level 1:colcon.colcon_core.package_discovery:discover_packages(prefix_path) discover
[0.203s] DEBUG:colcon.colcon_installed_package_information.package_discovery:Found 1 installed packages in /home/dominik/RRM/zad1/install
[0.203s] DEBUG:colcon.colcon_installed_package_information.package_discovery:Found 5 installed packages in /home/dominik/RRM/ros2_ws/install
[0.205s] DEBUG:colcon.colcon_installed_package_information.package_discovery:Found 285 installed packages in /opt/ros/jazzy
[0.206s] Level 1:colcon.colcon_core.package_discovery:discover_packages(prefix_path) using defaults
[0.248s] Level 5:colcon.colcon_core.verb:set package 'cv1' build argument 'cmake_args' from command line to 'None'
[0.248s] Level 5:colcon.colcon_core.verb:set package 'cv1' build argument 'cmake_target' from command line to 'None'
[0.248s] Level 5:colcon.colcon_core.verb:set package 'cv1' build argument 'cmake_target_skip_unavailable' from command line to 'False'
[0.248s] Level 5:colcon.colcon_core.verb:set package 'cv1' build argument 'cmake_clean_cache' from command line to 'False'
[0.248s] Level 5:colcon.colcon_core.verb:set package 'cv1' build argument 'cmake_clean_first' from command line to 'False'
[0.248s] Level 5:colcon.colcon_core.verb:set package 'cv1' build argument 'cmake_force_configure' from command line to 'False'
[0.248s] Level 5:colcon.colcon_core.verb:set package 'cv1' build argument 'ament_cmake_args' from command line to 'None'
[0.248s] Level 5:colcon.colcon_core.verb:set package 'cv1' build argument 'catkin_cmake_args' from command line to 'None'
[0.248s] Level 5:colcon.colcon_core.verb:set package 'cv1' build argument 'catkin_skip_building_tests' from command line to 'False'
[0.248s] DEBUG:colcon.colcon_core.verb:Building package 'cv1' with the following arguments: {'ament_cmake_args': None, 'build_base': '/home/dominik/RRM/ros2_ws/build/cv1', 'catkin_cmake_args': None, 'catkin_skip_building_tests': False, 'cmake_args': None, 'cmake_clean_cache': False, 'cmake_clean_first': False, 'cmake_force_configure': False, 'cmake_target': None, 'cmake_target_skip_unavailable': False, 'install_base': '/home/dominik/RRM/ros2_ws/install/cv1', 'merge_install': False, 'path': '/home/dominik/RRM/ros2_ws/src/cv1', 'symlink_install': False, 'test_result_base': None}
[0.248s] Level 5:colcon.colcon_core.verb:set package 'rrm_msgs' build argument 'cmake_args' from command line to 'None'
[0.248s] Level 5:colcon.colcon_core.verb:set package 'rrm_msgs' build argument 'cmake_target' from command line to 'None'
[0.249s] Level 5:colcon.colcon_core.verb:set package 'rrm_msgs' build argument 'cmake_target_skip_unavailable' from command line to 'False'
[0.249s] Level 5:colcon.colcon_core.verb:set package 'rrm_msgs' build argument 'cmake_clean_cache' from command line to 'False'
[0.249s] Level 5:colcon.colcon_core.verb:set package 'rrm_msgs' build argument 'cmake_clean_first' from command line to 'False'
[0.249s] Level 5:colcon.colcon_core.verb:set package 'rrm_msgs' build argument 'cmake_force_configure' from command line to 'False'
[0.249s] Level 5:colcon.colcon_core.verb:set package 'rrm_msgs' build argument 'ament_cmake_args' from command line to 'None'
[0.249s] Level 5:colcon.colcon_core.verb:set package 'rrm_msgs' build argument 'catkin_cmake_args' from command line to 'None'
[0.249s] Level 5:colcon.colcon_core.verb:set package 'rrm_msgs' build argument 'catkin_skip_building_tests' from command line to 'False'
[0.249s] DEBUG:colcon.colcon_core.verb:Building package 'rrm_msgs' with the following arguments: {'ament_cmake_args': None, 'build_base': '/home/dominik/RRM/ros2_ws/build/rrm_msgs', 'catkin_cmake_args': None, 'catkin_skip_building_tests': False, 'cmake_args': None, 'cmake_clean_cache': False, 'cmake_clean_first': False, 'cmake_force_configure': False, 'cmake_target': None, 'cmake_target_skip_unavailable': False, 'install_base': '/home/dominik/RRM/ros2_ws/install/rrm_msgs', 'merge_install': False, 'path': '/home/dominik/RRM/ros2_ws/src/rrm/rrm_msgs', 'symlink_install': False, 'test_result_base': None}
[0.249s] Level 5:colcon.colcon_core.verb:set package 'rrm_simple_robot_model' build argument 'cmake_args' from command line to 'None'
[0.249s] Level 5:colcon.colcon_core.verb:set package 'rrm_simple_robot_model' build argument 'cmake_target' from command line to 'None'
[0.249s] Level 5:colcon.colcon_core.verb:set package 'rrm_simple_robot_model' build argument 'cmake_target_skip_unavailable' from command line to 'False'
[0.249s] Level 5:colcon.colcon_core.verb:set package 'rrm_simple_robot_model' build argument 'cmake_clean_cache' from command line to 'False'
[0.249s] Level 5:colcon.colcon_core.verb:set package 'rrm_simple_robot_model' build argument 'cmake_clean_first' from command line to 'False'
[0.249s] Level 5:colcon.colcon_core.verb:set package 'rrm_simple_robot_model' build argument 'cmake_force_configure' from command line to 'False'
[0.249s] Level 5:colcon.colcon_core.verb:set package 'rrm_simple_robot_model' build argument 'ament_cmake_args' from command line to 'None'
[0.249s] Level 5:colcon.colcon_core.verb:set package 'rrm_simple_robot_model' build argument 'catkin_cmake_args' from command line to 'None'
[0.249s] Level 5:colcon.colcon_core.verb:set package 'rrm_simple_robot_model' build argument 'catkin_skip_building_tests' from command line to 'False'
[0.249s] DEBUG:colcon.colcon_core.verb:Building package 'rrm_simple_robot_model' with the following arguments: {'ament_cmake_args': None, 'build_base': '/home/dominik/RRM/ros2_ws/build/rrm_simple_robot_model', 'catkin_cmake_args': None, 'catkin_skip_building_tests': False, 'cmake_args': None, 'cmake_clean_cache': False, 'cmake_clean_first': False, 'cmake_force_configure': False, 'cmake_target': None, 'cmake_target_skip_unavailable': False, 'install_base': '/home/dominik/RRM/ros2_ws/install/rrm_simple_robot_model', 'merge_install': False, 'path': '/home/dominik/RRM/ros2_ws/src/rrm/rrm_simple_robot_model', 'symlink_install': False, 'test_result_base': None}
[0.249s] Level 5:colcon.colcon_core.verb:set package 'block1_surani' build argument 'cmake_args' from command line to 'None'
[0.249s] Level 5:colcon.colcon_core.verb:set package 'block1_surani' build argument 'cmake_target' from command line to 'None'
[0.249s] Level 5:colcon.colcon_core.verb:set package 'block1_surani' build argument 'cmake_target_skip_unavailable' from command line to 'False'
[0.249s] Level 5:colcon.colcon_core.verb:set package 'block1_surani' build argument 'cmake_clean_cache' from command line to 'False'
[0.249s] Level 5:colcon.colcon_core.verb:set package 'block1_surani' build argument 'cmake_clean_first' from command line to 'False'
[0.249s] Level 5:colcon.colcon_core.verb:set package 'block1_surani' build argument 'cmake_force_configure' from command line to 'False'
[0.249s] Level 5:colcon.colcon_core.verb:set package 'block1_surani' build argument 'ament_cmake_args' from command line to 'None'
[0.249s] Level 5:colcon.colcon_core.verb:set package 'block1_surani' build argument 'catkin_cmake_args' from command line to 'None'
[0.250s] Level 5:colcon.colcon_core.verb:set package 'block1_surani' build argument 'catkin_skip_building_tests' from command line to 'False'
[0.250s] DEBUG:colcon.colcon_core.verb:Building package 'block1_surani' with the following arguments: {'ament_cmake_args': None, 'build_base': '/home/dominik/RRM/ros2_ws/build/block1_surani', 'catkin_cmake_args': None, 'catkin_skip_building_tests': False, 'cmake_args': None, 'cmake_clean_cache': False, 'cmake_clean_first': False, 'cmake_force_configure': False, 'cmake_target': None, 'cmake_target_skip_unavailable': False, 'install_base': '/home/dominik/RRM/ros2_ws/install/block1_surani', 'merge_install': False, 'path': '/home/dominik/RRM/ros2_ws/src/block1_surani', 'symlink_install': False, 'test_result_base': None}
[0.250s] Level 5:colcon.colcon_core.verb:set package 'rrm_sim' build argument 'cmake_args' from command line to 'None'
[0.250s] Level 5:colcon.colcon_core.verb:set package 'rrm_sim' build argument 'cmake_target' from command line to 'None'
[0.250s] Level 5:colcon.colcon_core.verb:set package 'rrm_sim' build argument 'cmake_target_skip_unavailable' from command line to 'False'
[0.250s] Level 5:colcon.colcon_core.verb:set package 'rrm_sim' build argument 'cmake_clean_cache' from command line to 'False'
[0.250s] Level 5:colcon.colcon_core.verb:set package 'rrm_sim' build argument 'cmake_clean_first' from command line to 'False'
[0.250s] Level 5:colcon.colcon_core.verb:set package 'rrm_sim' build argument 'cmake_force_configure' from command line to 'False'
[0.250s] Level 5:colcon.colcon_core.verb:set package 'rrm_sim' build argument 'ament_cmake_args' from command line to 'None'
[0.250s] Level 5:colcon.colcon_core.verb:set package 'rrm_sim' build argument 'catkin_cmake_args' from command line to 'None'
[0.250s] Level 5:colcon.colcon_core.verb:set package 'rrm_sim' build argument 'catkin_skip_building_tests' from command line to 'False'
[0.250s] DEBUG:colcon.colcon_core.verb:Building package 'rrm_sim' with the following arguments: {'ament_cmake_args': None, 'build_base': '/home/dominik/RRM/ros2_ws/build/rrm_sim', 'catkin_cmake_args': None, 'catkin_skip_building_tests': False, 'cmake_args': None, 'cmake_clean_cache': False, 'cmake_clean_first': False, 'cmake_force_configure': False, 'cmake_target': None, 'cmake_target_skip_unavailable': False, 'install_base': '/home/dominik/RRM/ros2_ws/install/rrm_sim', 'merge_install': False, 'path': '/home/dominik/RRM/ros2_ws/src/rrm/rrm_sim', 'symlink_install': False, 'test_result_base': None}
[0.250s] INFO:colcon.colcon_core.executor:Executing jobs using 'parallel' executor
[0.251s] DEBUG:colcon.colcon_parallel_executor.executor.parallel:run_until_complete
[0.251s] INFO:colcon.colcon_ros.task.ament_cmake.build:Building ROS package in '/home/dominik/RRM/ros2_ws/src/rrm/rrm_msgs' with build type 'ament_cmake'
[0.251s] INFO:colcon.colcon_cmake.task.cmake.build:Building CMake package in '/home/dominik/RRM/ros2_ws/src/rrm/rrm_msgs'
[0.253s] INFO:colcon.colcon_core.plugin_system:Skipping extension 'colcon_core.shell.bat': Not used on non-Windows systems
[0.253s] INFO:colcon.colcon_core.shell:Skip shell extension 'powershell' for command environment: Not usable outside of PowerShell
[0.253s] DEBUG:colcon.colcon_core.shell:Skip shell extension 'dsv' for command environment
[0.259s] INFO:colcon.colcon_ros.task.ament_cmake.build:Building ROS package in '/home/dominik/RRM/ros2_ws/src/cv1' with build type 'ament_cmake'
[0.259s] INFO:colcon.colcon_cmake.task.cmake.build:Building CMake package in '/home/dominik/RRM/ros2_ws/src/cv1'
[0.259s] INFO:colcon.colcon_core.shell:Skip shell extension 'powershell' for command environment: Not usable outside of PowerShell
[0.259s] DEBUG:colcon.colcon_core.shell:Skip shell extension 'dsv' for command environment
[0.264s] INFO:colcon.colcon_ros.task.ament_cmake.build:Building ROS package in '/home/dominik/RRM/ros2_ws/src/rrm/rrm_simple_robot_model' with build type 'ament_cmake'
[0.264s] INFO:colcon.colcon_cmake.task.cmake.build:Building CMake package in '/home/dominik/RRM/ros2_ws/src/rrm/rrm_simple_robot_model'
[0.264s] INFO:colcon.colcon_core.shell:Skip shell extension 'powershell' for command environment: Not usable outside of PowerShell
[0.264s] DEBUG:colcon.colcon_core.shell:Skip shell extension 'dsv' for command environment
[0.274s] DEBUG:colcon.colcon_core.event_handler.log_command:Invoking command in '/home/dominik/RRM/ros2_ws/build/rrm_msgs': CMAKE_PREFIX_PATH=${CMAKE_PREFIX_PATH}:/opt/ros/jazzy DEBUGINFOD_URLS=https://debuginfod.ubuntu.com /usr/bin/cmake --build /home/dominik/RRM/ros2_ws/build/rrm_msgs -- -j16 -l16
[0.277s] DEBUG:colcon.colcon_core.event_handler.log_command:Invoking command in '/home/dominik/RRM/ros2_ws/build/cv1': CMAKE_PREFIX_PATH=${CMAKE_PREFIX_PATH}:/opt/ros/jazzy DEBUGINFOD_URLS=https://debuginfod.ubuntu.com /usr/bin/cmake --build /home/dominik/RRM/ros2_ws/build/cv1 -- -j16 -l16
[0.282s] DEBUG:colcon.colcon_core.event_handler.log_command:Invoking command in '/home/dominik/RRM/ros2_ws/build/rrm_simple_robot_model': CMAKE_PREFIX_PATH=${CMAKE_PREFIX_PATH}:/opt/ros/jazzy DEBUGINFOD_URLS=https://debuginfod.ubuntu.com /usr/bin/cmake --build /home/dominik/RRM/ros2_ws/build/rrm_simple_robot_model -- -j16 -l16
[0.329s] DEBUG:colcon.colcon_core.event_handler.log_command:Invoked command in '/home/dominik/RRM/ros2_ws/build/rrm_simple_robot_model' returned '0': CMAKE_PREFIX_PATH=${CMAKE_PREFIX_PATH}:/opt/ros/jazzy DEBUGINFOD_URLS=https://debuginfod.ubuntu.com /usr/bin/cmake --build /home/dominik/RRM/ros2_ws/build/rrm_simple_robot_model -- -j16 -l16
[0.364s] DEBUG:colcon.colcon_core.event_handler.log_command:Invoking command in '/home/dominik/RRM/ros2_ws/build/rrm_simple_robot_model': CMAKE_PREFIX_PATH=${CMAKE_PREFIX_PATH}:/opt/ros/jazzy DEBUGINFOD_URLS=https://debuginfod.ubuntu.com /usr/bin/cmake --install /home/dominik/RRM/ros2_ws/build/rrm_simple_robot_model
[0.366s] DEBUG:colcon.colcon_core.event_handler.log_command:Invoked command in '/home/dominik/RRM/ros2_ws/build/cv1' returned '0': CMAKE_PREFIX_PATH=${CMAKE_PREFIX_PATH}:/opt/ros/jazzy DEBUGINFOD_URLS=https://debuginfod.ubuntu.com /usr/bin/cmake --build /home/dominik/RRM/ros2_ws/build/cv1 -- -j16 -l16
[0.378s] Level 1:colcon.colcon_core.environment:create_environment_scripts_only(rrm_simple_robot_model)
[0.379s] DEBUG:colcon.colcon_core.event_handler.log_command:Invoked command in '/home/dominik/RRM/ros2_ws/build/rrm_simple_robot_model' returned '0': CMAKE_PREFIX_PATH=${CMAKE_PREFIX_PATH}:/opt/ros/jazzy DEBUGINFOD_URLS=https://debuginfod.ubuntu.com /usr/bin/cmake --install /home/dominik/RRM/ros2_ws/build/rrm_simple_robot_model
[0.381s] Level 1:colcon.colcon_core.environment:checking '/home/dominik/RRM/ros2_ws/install/rrm_simple_robot_model' for CMake module files
[0.382s] Level 1:colcon.colcon_core.environment:checking '/home/dominik/RRM/ros2_ws/install/rrm_simple_robot_model' for CMake config files
[0.383s] Level 1:colcon.colcon_core.shell:create_environment_hook('rrm_simple_robot_model', 'cmake_prefix_path')
[0.383s] INFO:colcon.colcon_core.shell:Creating environment hook '/home/dominik/RRM/ros2_ws/install/rrm_simple_robot_model/share/rrm_simple_robot_model/hook/cmake_prefix_path.ps1'
[0.384s] INFO:colcon.colcon_core.shell:Creating environment descriptor '/home/dominik/RRM/ros2_ws/install/rrm_simple_robot_model/share/rrm_simple_robot_model/hook/cmake_prefix_path.dsv'
[0.385s] INFO:colcon.colcon_core.shell:Creating environment hook '/home/dominik/RRM/ros2_ws/install/rrm_simple_robot_model/share/rrm_simple_robot_model/hook/cmake_prefix_path.sh'
[0.386s] Level 1:colcon.colcon_core.environment:checking '/home/dominik/RRM/ros2_ws/install/rrm_simple_robot_model/bin'
[0.386s] Level 1:colcon.colcon_core.environment:checking '/home/dominik/RRM/ros2_ws/install/rrm_simple_robot_model/lib/pkgconfig/rrm_simple_robot_model.pc'
[0.386s] Level 1:colcon.colcon_core.environment:checking '/home/dominik/RRM/ros2_ws/install/rrm_simple_robot_model/lib/python3.12/site-packages'
[0.386s] Level 1:colcon.colcon_core.environment:checking '/home/dominik/RRM/ros2_ws/install/rrm_simple_robot_model/bin'
[0.387s] INFO:colcon.colcon_core.shell:Creating package script '/home/dominik/RRM/ros2_ws/install/rrm_simple_robot_model/share/rrm_simple_robot_model/package.ps1'
[0.388s] INFO:colcon.colcon_core.shell:Creating package descriptor '/home/dominik/RRM/ros2_ws/install/rrm_simple_robot_model/share/rrm_simple_robot_model/package.dsv'
[0.388s] INFO:colcon.colcon_core.shell:Creating package script '/home/dominik/RRM/ros2_ws/install/rrm_simple_robot_model/share/rrm_simple_robot_model/package.sh'
[0.389s] INFO:colcon.colcon_core.shell:Creating package script '/home/dominik/RRM/ros2_ws/install/rrm_simple_robot_model/share/rrm_simple_robot_model/package.bash'
[0.391s] INFO:colcon.colcon_core.shell:Creating package script '/home/dominik/RRM/ros2_ws/install/rrm_simple_robot_model/share/rrm_simple_robot_model/package.zsh'
[0.392s] Level 1:colcon.colcon_core.environment:create_file_with_runtime_dependencies(/home/dominik/RRM/ros2_ws/install/rrm_simple_robot_model/share/colcon-core/packages/rrm_simple_robot_model)
[0.400s] DEBUG:colcon.colcon_core.event_handler.log_command:Invoking command in '/home/dominik/RRM/ros2_ws/build/cv1': CMAKE_PREFIX_PATH=${CMAKE_PREFIX_PATH}:/opt/ros/jazzy DEBUGINFOD_URLS=https://debuginfod.ubuntu.com /usr/bin/cmake --install /home/dominik/RRM/ros2_ws/build/cv1
[0.411s] Level 1:colcon.colcon_core.environment:create_environment_scripts_only(cv1)
[0.412s] Level 1:colcon.colcon_core.environment:checking '/home/dominik/RRM/ros2_ws/install/cv1' for CMake module files
[0.412s] DEBUG:colcon.colcon_core.event_handler.log_command:Invoked command in '/home/dominik/RRM/ros2_ws/build/cv1' returned '0': CMAKE_PREFIX_PATH=${CMAKE_PREFIX_PATH}:/opt/ros/jazzy DEBUGINFOD_URLS=https://debuginfod.ubuntu.com /usr/bin/cmake --install /home/dominik/RRM/ros2_ws/build/cv1
[0.413s] Level 1:colcon.colcon_core.environment:checking '/home/dominik/RRM/ros2_ws/install/cv1' for CMake config files
[0.413s] Level 1:colcon.colcon_core.shell:create_environment_hook('cv1', 'cmake_prefix_path')
[0.413s] INFO:colcon.colcon_core.shell:Creating environment hook '/home/dominik/RRM/ros2_ws/install/cv1/share/cv1/hook/cmake_prefix_path.ps1'
[0.413s] INFO:colcon.colcon_core.shell:Creating environment descriptor '/home/dominik/RRM/ros2_ws/install/cv1/share/cv1/hook/cmake_prefix_path.dsv'
[0.414s] INFO:colcon.colcon_core.shell:Creating environment hook '/home/dominik/RRM/ros2_ws/install/cv1/share/cv1/hook/cmake_prefix_path.sh'
[0.414s] Level 1:colcon.colcon_core.environment:checking '/home/dominik/RRM/ros2_ws/install/cv1/lib'
[0.414s] Level 1:colcon.colcon_core.environment:checking '/home/dominik/RRM/ros2_ws/install/cv1/bin'
[0.414s] Level 1:colcon.colcon_core.environment:checking '/home/dominik/RRM/ros2_ws/install/cv1/lib/pkgconfig/cv1.pc'
[0.415s] Level 1:colcon.colcon_core.environment:checking '/home/dominik/RRM/ros2_ws/install/cv1/lib/python3.12/site-packages'
[0.415s] Level 1:colcon.colcon_core.environment:checking '/home/dominik/RRM/ros2_ws/install/cv1/bin'
[0.415s] INFO:colcon.colcon_core.shell:Creating package script '/home/dominik/RRM/ros2_ws/install/cv1/share/cv1/package.ps1'
[0.415s] INFO:colcon.colcon_core.shell:Creating package descriptor '/home/dominik/RRM/ros2_ws/install/cv1/share/cv1/package.dsv'
[0.416s] INFO:colcon.colcon_core.shell:Creating package script '/home/dominik/RRM/ros2_ws/install/cv1/share/cv1/package.sh'
[0.416s] INFO:colcon.colcon_core.shell:Creating package script '/home/dominik/RRM/ros2_ws/install/cv1/share/cv1/package.bash'
[0.416s] INFO:colcon.colcon_core.shell:Creating package script '/home/dominik/RRM/ros2_ws/install/cv1/share/cv1/package.zsh'
[0.417s] Level 1:colcon.colcon_core.environment:create_file_with_runtime_dependencies(/home/dominik/RRM/ros2_ws/install/cv1/share/colcon-core/packages/cv1)
[0.418s] Level 1:colcon.colcon_core.environment:create_environment_scripts_only(rrm_simple_robot_model)
[0.418s] Level 1:colcon.colcon_core.environment:checking '/home/dominik/RRM/ros2_ws/install/rrm_simple_robot_model' for CMake module files
[0.419s] Level 1:colcon.colcon_core.environment:checking '/home/dominik/RRM/ros2_ws/install/rrm_simple_robot_model' for CMake config files
[0.419s] Level 1:colcon.colcon_core.shell:create_environment_hook('rrm_simple_robot_model', 'cmake_prefix_path')
[0.419s] INFO:colcon.colcon_core.shell:Creating environment hook '/home/dominik/RRM/ros2_ws/install/rrm_simple_robot_model/share/rrm_simple_robot_model/hook/cmake_prefix_path.ps1'
[0.419s] INFO:colcon.colcon_core.shell:Creating environment descriptor '/home/dominik/RRM/ros2_ws/install/rrm_simple_robot_model/share/rrm_simple_robot_model/hook/cmake_prefix_path.dsv'
[0.420s] INFO:colcon.colcon_core.shell:Creating environment hook '/home/dominik/RRM/ros2_ws/install/rrm_simple_robot_model/share/rrm_simple_robot_model/hook/cmake_prefix_path.sh'
[0.420s] Level 1:colcon.colcon_core.environment:checking '/home/dominik/RRM/ros2_ws/install/rrm_simple_robot_model/bin'
[0.420s] Level 1:colcon.colcon_core.environment:checking '/home/dominik/RRM/ros2_ws/install/rrm_simple_robot_model/lib/pkgconfig/rrm_simple_robot_model.pc'
[0.421s] Level 1:colcon.colcon_core.environment:checking '/home/dominik/RRM/ros2_ws/install/rrm_simple_robot_model/lib/python3.12/site-packages'
[0.421s] Level 1:colcon.colcon_core.environment:checking '/home/dominik/RRM/ros2_ws/install/rrm_simple_robot_model/bin'
[0.421s] INFO:colcon.colcon_core.shell:Creating package script '/home/dominik/RRM/ros2_ws/install/rrm_simple_robot_model/share/rrm_simple_robot_model/package.ps1'
[0.421s] INFO:colcon.colcon_core.shell:Creating package descriptor '/home/dominik/RRM/ros2_ws/install/rrm_simple_robot_model/share/rrm_simple_robot_model/package.dsv'
[0.422s] INFO:colcon.colcon_core.shell:Creating package script '/home/dominik/RRM/ros2_ws/install/rrm_simple_robot_model/share/rrm_simple_robot_model/package.sh'
[0.422s] INFO:colcon.colcon_core.shell:Creating package script '/home/dominik/RRM/ros2_ws/install/rrm_simple_robot_model/share/rrm_simple_robot_model/package.bash'
[0.422s] INFO:colcon.colcon_core.shell:Creating package script '/home/dominik/RRM/ros2_ws/install/rrm_simple_robot_model/share/rrm_simple_robot_model/package.zsh'
[0.423s] Level 1:colcon.colcon_core.environment:create_file_with_runtime_dependencies(/home/dominik/RRM/ros2_ws/install/rrm_simple_robot_model/share/colcon-core/packages/rrm_simple_robot_model)
[0.452s] Level 1:colcon.colcon_core.environment:create_environment_scripts_only(cv1)
[0.452s] Level 1:colcon.colcon_core.environment:checking '/home/dominik/RRM/ros2_ws/install/cv1' for CMake module files
[0.453s] Level 1:colcon.colcon_core.environment:checking '/home/dominik/RRM/ros2_ws/install/cv1' for CMake config files
[0.453s] Level 1:colcon.colcon_core.shell:create_environment_hook('cv1', 'cmake_prefix_path')
[0.453s] INFO:colcon.colcon_core.shell:Creating environment hook '/home/dominik/RRM/ros2_ws/install/cv1/share/cv1/hook/cmake_prefix_path.ps1'
[0.454s] INFO:colcon.colcon_core.shell:Creating environment descriptor '/home/dominik/RRM/ros2_ws/install/cv1/share/cv1/hook/cmake_prefix_path.dsv'
[0.454s] INFO:colcon.colcon_core.shell:Creating environment hook '/home/dominik/RRM/ros2_ws/install/cv1/share/cv1/hook/cmake_prefix_path.sh'
[0.455s] Level 1:colcon.colcon_core.environment:checking '/home/dominik/RRM/ros2_ws/install/cv1/lib'
[0.455s] Level 1:colcon.colcon_core.environment:checking '/home/dominik/RRM/ros2_ws/install/cv1/bin'
[0.455s] Level 1:colcon.colcon_core.environment:checking '/home/dominik/RRM/ros2_ws/install/cv1/lib/pkgconfig/cv1.pc'
[0.456s] Level 1:colcon.colcon_core.environment:checking '/home/dominik/RRM/ros2_ws/install/cv1/lib/python3.12/site-packages'
[0.456s] Level 1:colcon.colcon_core.environment:checking '/home/dominik/RRM/ros2_ws/install/cv1/bin'
[0.456s] INFO:colcon.colcon_core.shell:Creating package script '/home/dominik/RRM/ros2_ws/install/cv1/share/cv1/package.ps1'
[0.456s] INFO:colcon.colcon_core.shell:Creating package descriptor '/home/dominik/RRM/ros2_ws/install/cv1/share/cv1/package.dsv'
[0.457s] INFO:colcon.colcon_core.shell:Creating package script '/home/dominik/RRM/ros2_ws/install/cv1/share/cv1/package.sh'
[0.457s] INFO:colcon.colcon_core.shell:Creating package script '/home/dominik/RRM/ros2_ws/install/cv1/share/cv1/package.bash'
[0.458s] INFO:colcon.colcon_core.shell:Creating package script '/home/dominik/RRM/ros2_ws/install/cv1/share/cv1/package.zsh'
[0.458s] Level 1:colcon.colcon_core.environment:create_file_with_runtime_dependencies(/home/dominik/RRM/ros2_ws/install/cv1/share/colcon-core/packages/cv1)
[0.722s] DEBUG:colcon.colcon_core.event_handler.log_command:Invoked command in '/home/dominik/RRM/ros2_ws/build/rrm_msgs' returned '0': CMAKE_PREFIX_PATH=${CMAKE_PREFIX_PATH}:/opt/ros/jazzy DEBUGINFOD_URLS=https://debuginfod.ubuntu.com /usr/bin/cmake --build /home/dominik/RRM/ros2_ws/build/rrm_msgs -- -j16 -l16
[0.826s] DEBUG:colcon.colcon_core.event_handler.log_command:Invoking command in '/home/dominik/RRM/ros2_ws/build/rrm_msgs': CMAKE_PREFIX_PATH=${CMAKE_PREFIX_PATH}:/opt/ros/jazzy DEBUGINFOD_URLS=https://debuginfod.ubuntu.com /usr/bin/cmake --install /home/dominik/RRM/ros2_ws/build/rrm_msgs
[0.876s] Level 1:colcon.colcon_core.environment:create_environment_scripts_only(rrm_msgs)
[0.876s] DEBUG:colcon.colcon_core.event_handler.log_command:Invoked command in '/home/dominik/RRM/ros2_ws/build/rrm_msgs' returned '0': CMAKE_PREFIX_PATH=${CMAKE_PREFIX_PATH}:/opt/ros/jazzy DEBUGINFOD_URLS=https://debuginfod.ubuntu.com /usr/bin/cmake --install /home/dominik/RRM/ros2_ws/build/rrm_msgs
[0.876s] Level 1:colcon.colcon_core.environment:checking '/home/dominik/RRM/ros2_ws/install/rrm_msgs' for CMake module files
[0.877s] Level 1:colcon.colcon_core.environment:checking '/home/dominik/RRM/ros2_ws/install/rrm_msgs' for CMake config files
[0.877s] Level 1:colcon.colcon_core.shell:create_environment_hook('rrm_msgs', 'cmake_prefix_path')
[0.877s] INFO:colcon.colcon_core.shell:Creating environment hook '/home/dominik/RRM/ros2_ws/install/rrm_msgs/share/rrm_msgs/hook/cmake_prefix_path.ps1'
[0.878s] INFO:colcon.colcon_core.shell:Creating environment descriptor '/home/dominik/RRM/ros2_ws/install/rrm_msgs/share/rrm_msgs/hook/cmake_prefix_path.dsv'
[0.878s] INFO:colcon.colcon_core.shell:Creating environment hook '/home/dominik/RRM/ros2_ws/install/rrm_msgs/share/rrm_msgs/hook/cmake_prefix_path.sh'
[0.878s] Level 1:colcon.colcon_core.environment:checking '/home/dominik/RRM/ros2_ws/install/rrm_msgs/lib'
[0.878s] Level 1:colcon.colcon_core.shell:create_environment_hook('rrm_msgs', 'ld_library_path_lib')
[0.878s] INFO:colcon.colcon_core.shell:Creating environment hook '/home/dominik/RRM/ros2_ws/install/rrm_msgs/share/rrm_msgs/hook/ld_library_path_lib.ps1'
[0.879s] INFO:colcon.colcon_core.shell:Creating environment descriptor '/home/dominik/RRM/ros2_ws/install/rrm_msgs/share/rrm_msgs/hook/ld_library_path_lib.dsv'
[0.879s] INFO:colcon.colcon_core.shell:Creating environment hook '/home/dominik/RRM/ros2_ws/install/rrm_msgs/share/rrm_msgs/hook/ld_library_path_lib.sh'
[0.879s] Level 1:colcon.colcon_core.environment:checking '/home/dominik/RRM/ros2_ws/install/rrm_msgs/bin'
[0.879s] Level 1:colcon.colcon_core.environment:checking '/home/dominik/RRM/ros2_ws/install/rrm_msgs/lib/pkgconfig/rrm_msgs.pc'
[0.879s] Level 1:colcon.colcon_core.environment:checking '/home/dominik/RRM/ros2_ws/install/rrm_msgs/lib/python3.12/site-packages'
[0.879s] Level 1:colcon.colcon_core.shell:create_environment_hook('rrm_msgs', 'pythonpath')
[0.879s] INFO:colcon.colcon_core.shell:Creating environment hook '/home/dominik/RRM/ros2_ws/install/rrm_msgs/share/rrm_msgs/hook/pythonpath.ps1'
[0.880s] INFO:colcon.colcon_core.shell:Creating environment descriptor '/home/dominik/RRM/ros2_ws/install/rrm_msgs/share/rrm_msgs/hook/pythonpath.dsv'
[0.880s] INFO:colcon.colcon_core.shell:Creating environment hook '/home/dominik/RRM/ros2_ws/install/rrm_msgs/share/rrm_msgs/hook/pythonpath.sh'
[0.880s] Level 1:colcon.colcon_core.environment:checking '/home/dominik/RRM/ros2_ws/install/rrm_msgs/bin'
[0.880s] INFO:colcon.colcon_core.shell:Creating package script '/home/dominik/RRM/ros2_ws/install/rrm_msgs/share/rrm_msgs/package.ps1'
[0.881s] INFO:colcon.colcon_core.shell:Creating package descriptor '/home/dominik/RRM/ros2_ws/install/rrm_msgs/share/rrm_msgs/package.dsv'
[0.881s] INFO:colcon.colcon_core.shell:Creating package script '/home/dominik/RRM/ros2_ws/install/rrm_msgs/share/rrm_msgs/package.sh'
[0.881s] INFO:colcon.colcon_core.shell:Creating package script '/home/dominik/RRM/ros2_ws/install/rrm_msgs/share/rrm_msgs/package.bash'
[0.881s] INFO:colcon.colcon_core.shell:Creating package script '/home/dominik/RRM/ros2_ws/install/rrm_msgs/share/rrm_msgs/package.zsh'
[0.882s] Level 1:colcon.colcon_core.environment:create_file_with_runtime_dependencies(/home/dominik/RRM/ros2_ws/install/rrm_msgs/share/colcon-core/packages/rrm_msgs)
[0.980s] Level 1:colcon.colcon_core.environment:create_environment_scripts_only(rrm_msgs)
[0.980s] Level 1:colcon.colcon_core.environment:checking '/home/dominik/RRM/ros2_ws/install/rrm_msgs' for CMake module files
[0.981s] Level 1:colcon.colcon_core.environment:checking '/home/dominik/RRM/ros2_ws/install/rrm_msgs' for CMake config files
[0.981s] Level 1:colcon.colcon_core.shell:create_environment_hook('rrm_msgs', 'cmake_prefix_path')
[0.981s] INFO:colcon.colcon_core.shell:Creating environment hook '/home/dominik/RRM/ros2_ws/install/rrm_msgs/share/rrm_msgs/hook/cmake_prefix_path.ps1'
[0.981s] INFO:colcon.colcon_core.shell:Creating environment descriptor '/home/dominik/RRM/ros2_ws/install/rrm_msgs/share/rrm_msgs/hook/cmake_prefix_path.dsv'
[0.982s] INFO:colcon.colcon_core.shell:Creating environment hook '/home/dominik/RRM/ros2_ws/install/rrm_msgs/share/rrm_msgs/hook/cmake_prefix_path.sh'
[0.982s] Level 1:colcon.colcon_core.environment:checking '/home/dominik/RRM/ros2_ws/install/rrm_msgs/lib'
[0.982s] Level 1:colcon.colcon_core.shell:create_environment_hook('rrm_msgs', 'ld_library_path_lib')
[0.982s] INFO:colcon.colcon_core.shell:Creating environment hook '/home/dominik/RRM/ros2_ws/install/rrm_msgs/share/rrm_msgs/hook/ld_library_path_lib.ps1'
[0.982s] INFO:colcon.colcon_core.shell:Creating environment descriptor '/home/dominik/RRM/ros2_ws/install/rrm_msgs/share/rrm_msgs/hook/ld_library_path_lib.dsv'
[0.982s] INFO:colcon.colcon_core.shell:Creating environment hook '/home/dominik/RRM/ros2_ws/install/rrm_msgs/share/rrm_msgs/hook/ld_library_path_lib.sh'
[0.983s] Level 1:colcon.colcon_core.environment:checking '/home/dominik/RRM/ros2_ws/install/rrm_msgs/bin'
[0.983s] Level 1:colcon.colcon_core.environment:checking '/home/dominik/RRM/ros2_ws/install/rrm_msgs/lib/pkgconfig/rrm_msgs.pc'
[0.983s] Level 1:colcon.colcon_core.environment:checking '/home/dominik/RRM/ros2_ws/install/rrm_msgs/lib/python3.12/site-packages'
[0.983s] Level 1:colcon.colcon_core.shell:create_environment_hook('rrm_msgs', 'pythonpath')
[0.983s] INFO:colcon.colcon_core.shell:Creating environment hook '/home/dominik/RRM/ros2_ws/install/rrm_msgs/share/rrm_msgs/hook/pythonpath.ps1'
[0.983s] INFO:colcon.colcon_core.shell:Creating environment descriptor '/home/dominik/RRM/ros2_ws/install/rrm_msgs/share/rrm_msgs/hook/pythonpath.dsv'
[0.983s] INFO:colcon.colcon_core.shell:Creating environment hook '/home/dominik/RRM/ros2_ws/install/rrm_msgs/share/rrm_msgs/hook/pythonpath.sh'
[0.984s] Level 1:colcon.colcon_core.environment:checking '/home/dominik/RRM/ros2_ws/install/rrm_msgs/bin'
[0.984s] INFO:colcon.colcon_core.shell:Creating package script '/home/dominik/RRM/ros2_ws/install/rrm_msgs/share/rrm_msgs/package.ps1'
[0.984s] INFO:colcon.colcon_core.shell:Creating package descriptor '/home/dominik/RRM/ros2_ws/install/rrm_msgs/share/rrm_msgs/package.dsv'
[0.985s] INFO:colcon.colcon_core.shell:Creating package script '/home/dominik/RRM/ros2_ws/install/rrm_msgs/share/rrm_msgs/package.sh'
[0.985s] INFO:colcon.colcon_core.shell:Creating package script '/home/dominik/RRM/ros2_ws/install/rrm_msgs/share/rrm_msgs/package.bash'
[0.985s] INFO:colcon.colcon_core.shell:Creating package script '/home/dominik/RRM/ros2_ws/install/rrm_msgs/share/rrm_msgs/package.zsh'
[0.985s] Level 1:colcon.colcon_core.environment:create_file_with_runtime_dependencies(/home/dominik/RRM/ros2_ws/install/rrm_msgs/share/colcon-core/packages/rrm_msgs)
[0.986s] INFO:colcon.colcon_ros.task.ament_cmake.build:Building ROS package in '/home/dominik/RRM/ros2_ws/src/block1_surani' with build type 'ament_cmake'
[0.986s] INFO:colcon.colcon_cmake.task.cmake.build:Building CMake package in '/home/dominik/RRM/ros2_ws/src/block1_surani'
[0.986s] INFO:colcon.colcon_core.shell:Skip shell extension 'powershell' for command environment: Not usable outside of PowerShell
[0.986s] DEBUG:colcon.colcon_core.shell:Skip shell extension 'dsv' for command environment
[0.989s] INFO:colcon.colcon_ros.task.ament_cmake.build:Building ROS package in '/home/dominik/RRM/ros2_ws/src/rrm/rrm_sim' with build type 'ament_cmake'
[0.989s] INFO:colcon.colcon_cmake.task.cmake.build:Building CMake package in '/home/dominik/RRM/ros2_ws/src/rrm/rrm_sim'
[0.990s] INFO:colcon.colcon_core.shell:Skip shell extension 'powershell' for command environment: Not usable outside of PowerShell
[0.990s] DEBUG:colcon.colcon_core.shell:Skip shell extension 'dsv' for command environment
[0.998s] DEBUG:colcon.colcon_core.event_handler.log_command:Invoking command in '/home/dominik/RRM/ros2_ws/build/block1_surani': CMAKE_PREFIX_PATH=/home/dominik/RRM/ros2_ws/install/rrm_msgs:/home/dominik/RRM/ros2_ws/install/rrm_simple_robot_model:/home/dominik/RRM/ros2_ws/install/rrm_sim:/home/dominik/RRM/ros2_ws/install/block1_surani:/home/dominik/RRM/ros2_ws/install/cv1:/home/dominik/RRM/zad1/install/zad1:/opt/ros/jazzy/opt/gz_math_vendor:/opt/ros/jazzy/opt/gz_utils_vendor:/opt/ros/jazzy/opt/gz_cmake_vendor:/opt/ros/jazzy DEBUGINFOD_URLS=https://debuginfod.ubuntu.com /usr/bin/cmake --build /home/dominik/RRM/ros2_ws/build/block1_surani -- -j16 -l16
[0.999s] DEBUG:colcon.colcon_core.event_handler.log_command:Invoking command in '/home/dominik/RRM/ros2_ws/build/rrm_sim': CMAKE_PREFIX_PATH=/home/dominik/RRM/ros2_ws/install/rrm_msgs:/home/dominik/RRM/ros2_ws/install/rrm_simple_robot_model:/home/dominik/RRM/ros2_ws/install/rrm_sim:/home/dominik/RRM/ros2_ws/install/block1_surani:/home/dominik/RRM/ros2_ws/install/cv1:/home/dominik/RRM/zad1/install/zad1:/opt/ros/jazzy/opt/gz_math_vendor:/opt/ros/jazzy/opt/gz_utils_vendor:/opt/ros/jazzy/opt/gz_cmake_vendor:/opt/ros/jazzy DEBUGINFOD_URLS=https://debuginfod.ubuntu.com /usr/bin/cmake --build /home/dominik/RRM/ros2_ws/build/rrm_sim -- -j16 -l16
[1.066s] DEBUG:colcon.colcon_core.event_handler.log_command:Invoked command in '/home/dominik/RRM/ros2_ws/build/rrm_sim' returned '0': CMAKE_PREFIX_PATH=/home/dominik/RRM/ros2_ws/install/rrm_msgs:/home/dominik/RRM/ros2_ws/install/rrm_simple_robot_model:/home/dominik/RRM/ros2_ws/install/rrm_sim:/home/dominik/RRM/ros2_ws/install/block1_surani:/home/dominik/RRM/ros2_ws/install/cv1:/home/dominik/RRM/zad1/install/zad1:/opt/ros/jazzy/opt/gz_math_vendor:/opt/ros/jazzy/opt/gz_utils_vendor:/opt/ros/jazzy/opt/gz_cmake_vendor:/opt/ros/jazzy DEBUGINFOD_URLS=https://debuginfod.ubuntu.com /usr/bin/cmake --build /home/dominik/RRM/ros2_ws/build/rrm_sim -- -j16 -l16
[1.097s] DEBUG:colcon.colcon_core.event_handler.log_command:Invoking command in '/home/dominik/RRM/ros2_ws/build/rrm_sim': CMAKE_PREFIX_PATH=/home/dominik/RRM/ros2_ws/install/rrm_msgs:/home/dominik/RRM/ros2_ws/install/rrm_simple_robot_model:/home/dominik/RRM/ros2_ws/install/rrm_sim:/home/dominik/RRM/ros2_ws/install/block1_surani:/home/dominik/RRM/ros2_ws/install/cv1:/home/dominik/RRM/zad1/install/zad1:/opt/ros/jazzy/opt/gz_math_vendor:/opt/ros/jazzy/opt/gz_utils_vendor:/opt/ros/jazzy/opt/gz_cmake_vendor:/opt/ros/jazzy DEBUGINFOD_URLS=https://debuginfod.ubuntu.com /usr/bin/cmake --install /home/dominik/RRM/ros2_ws/build/rrm_sim
[1.107s] Level 1:colcon.colcon_core.environment:create_environment_scripts_only(rrm_sim)
[1.107s] Level 1:colcon.colcon_core.environment:checking '/home/dominik/RRM/ros2_ws/install/rrm_sim' for CMake module files
[1.108s] DEBUG:colcon.colcon_core.event_handler.log_command:Invoked command in '/home/dominik/RRM/ros2_ws/build/rrm_sim' returned '0': CMAKE_PREFIX_PATH=/home/dominik/RRM/ros2_ws/install/rrm_msgs:/home/dominik/RRM/ros2_ws/install/rrm_simple_robot_model:/home/dominik/RRM/ros2_ws/install/rrm_sim:/home/dominik/RRM/ros2_ws/install/block1_surani:/home/dominik/RRM/ros2_ws/install/cv1:/home/dominik/RRM/zad1/install/zad1:/opt/ros/jazzy/opt/gz_math_vendor:/opt/ros/jazzy/opt/gz_utils_vendor:/opt/ros/jazzy/opt/gz_cmake_vendor:/opt/ros/jazzy DEBUGINFOD_URLS=https://debuginfod.ubuntu.com /usr/bin/cmake --install /home/dominik/RRM/ros2_ws/build/rrm_sim
[1.108s] Level 1:colcon.colcon_core.environment:checking '/home/dominik/RRM/ros2_ws/install/rrm_sim' for CMake config files
[1.108s] Level 1:colcon.colcon_core.shell:create_environment_hook('rrm_sim', 'cmake_prefix_path')
[1.108s] INFO:colcon.colcon_core.shell:Creating environment hook '/home/dominik/RRM/ros2_ws/install/rrm_sim/share/rrm_sim/hook/cmake_prefix_path.ps1'
[1.108s] INFO:colcon.colcon_core.shell:Creating environment descriptor '/home/dominik/RRM/ros2_ws/install/rrm_sim/share/rrm_sim/hook/cmake_prefix_path.dsv'
[1.109s] INFO:colcon.colcon_core.shell:Creating environment hook '/home/dominik/RRM/ros2_ws/install/rrm_sim/share/rrm_sim/hook/cmake_prefix_path.sh'
[1.109s] Level 1:colcon.colcon_core.environment:checking '/home/dominik/RRM/ros2_ws/install/rrm_sim/lib'
[1.109s] Level 1:colcon.colcon_core.environment:checking '/home/dominik/RRM/ros2_ws/install/rrm_sim/bin'
[1.109s] Level 1:colcon.colcon_core.environment:checking '/home/dominik/RRM/ros2_ws/install/rrm_sim/lib/pkgconfig/rrm_sim.pc'
[1.109s] Level 1:colcon.colcon_core.environment:checking '/home/dominik/RRM/ros2_ws/install/rrm_sim/lib/python3.12/site-packages'
[1.109s] Level 1:colcon.colcon_core.environment:checking '/home/dominik/RRM/ros2_ws/install/rrm_sim/bin'
[1.110s] INFO:colcon.colcon_core.shell:Creating package script '/home/dominik/RRM/ros2_ws/install/rrm_sim/share/rrm_sim/package.ps1'
[1.110s] INFO:colcon.colcon_core.shell:Creating package descriptor '/home/dominik/RRM/ros2_ws/install/rrm_sim/share/rrm_sim/package.dsv'
[1.110s] INFO:colcon.colcon_core.shell:Creating package script '/home/dominik/RRM/ros2_ws/install/rrm_sim/share/rrm_sim/package.sh'
[1.110s] INFO:colcon.colcon_core.shell:Creating package script '/home/dominik/RRM/ros2_ws/install/rrm_sim/share/rrm_sim/package.bash'
[1.110s] INFO:colcon.colcon_core.shell:Creating package script '/home/dominik/RRM/ros2_ws/install/rrm_sim/share/rrm_sim/package.zsh'
[1.111s] Level 1:colcon.colcon_core.environment:create_file_with_runtime_dependencies(/home/dominik/RRM/ros2_ws/install/rrm_sim/share/colcon-core/packages/rrm_sim)
[1.140s] Level 1:colcon.colcon_core.environment:create_environment_scripts_only(rrm_sim)
[1.140s] Level 1:colcon.colcon_core.environment:checking '/home/dominik/RRM/ros2_ws/install/rrm_sim' for CMake module files
[1.141s] Level 1:colcon.colcon_core.environment:checking '/home/dominik/RRM/ros2_ws/install/rrm_sim' for CMake config files
[1.141s] Level 1:colcon.colcon_core.shell:create_environment_hook('rrm_sim', 'cmake_prefix_path')
[1.141s] INFO:colcon.colcon_core.shell:Creating environment hook '/home/dominik/RRM/ros2_ws/install/rrm_sim/share/rrm_sim/hook/cmake_prefix_path.ps1'
[1.141s] INFO:colcon.colcon_core.shell:Creating environment descriptor '/home/dominik/RRM/ros2_ws/install/rrm_sim/share/rrm_sim/hook/cmake_prefix_path.dsv'
[1.141s] INFO:colcon.colcon_core.shell:Creating environment hook '/home/dominik/RRM/ros2_ws/install/rrm_sim/share/rrm_sim/hook/cmake_prefix_path.sh'
[1.142s] Level 1:colcon.colcon_core.environment:checking '/home/dominik/RRM/ros2_ws/install/rrm_sim/lib'
[1.142s] Level 1:colcon.colcon_core.environment:checking '/home/dominik/RRM/ros2_ws/install/rrm_sim/bin'
[1.142s] Level 1:colcon.colcon_core.environment:checking '/home/dominik/RRM/ros2_ws/install/rrm_sim/lib/pkgconfig/rrm_sim.pc'
[1.142s] Level 1:colcon.colcon_core.environment:checking '/home/dominik/RRM/ros2_ws/install/rrm_sim/lib/python3.12/site-packages'
[1.142s] Level 1:colcon.colcon_core.environment:checking '/home/dominik/RRM/ros2_ws/install/rrm_sim/bin'
[1.142s] INFO:colcon.colcon_core.shell:Creating package script '/home/dominik/RRM/ros2_ws/install/rrm_sim/share/rrm_sim/package.ps1'
[1.143s] INFO:colcon.colcon_core.shell:Creating package descriptor '/home/dominik/RRM/ros2_ws/install/rrm_sim/share/rrm_sim/package.dsv'
[1.143s] INFO:colcon.colcon_core.shell:Creating package script '/home/dominik/RRM/ros2_ws/install/rrm_sim/share/rrm_sim/package.sh'
[1.143s] INFO:colcon.colcon_core.shell:Creating package script '/home/dominik/RRM/ros2_ws/install/rrm_sim/share/rrm_sim/package.bash'
[1.143s] INFO:colcon.colcon_core.shell:Creating package script '/home/dominik/RRM/ros2_ws/install/rrm_sim/share/rrm_sim/package.zsh'
[1.144s] Level 1:colcon.colcon_core.environment:create_file_with_runtime_dependencies(/home/dominik/RRM/ros2_ws/install/rrm_sim/share/colcon-core/packages/rrm_sim)
[4.770s] DEBUG:colcon.colcon_core.event_handler.log_command:Invoked command in '/home/dominik/RRM/ros2_ws/build/block1_surani' returned '0': CMAKE_PREFIX_PATH=/home/dominik/RRM/ros2_ws/install/rrm_msgs:/home/dominik/RRM/ros2_ws/install/rrm_simple_robot_model:/home/dominik/RRM/ros2_ws/install/rrm_sim:/home/dominik/RRM/ros2_ws/install/block1_surani:/home/dominik/RRM/ros2_ws/install/cv1:/home/dominik/RRM/zad1/install/zad1:/opt/ros/jazzy/opt/gz_math_vendor:/opt/ros/jazzy/opt/gz_utils_vendor:/opt/ros/jazzy/opt/gz_cmake_vendor:/opt/ros/jazzy DEBUGINFOD_URLS=https://debuginfod.ubuntu.com /usr/bin/cmake --build /home/dominik/RRM/ros2_ws/build/block1_surani -- -j16 -l16
[4.803s] DEBUG:colcon.colcon_core.event_handler.log_command:Invoking command in '/home/dominik/RRM/ros2_ws/build/block1_surani': CMAKE_PREFIX_PATH=/home/dominik/RRM/ros2_ws/install/rrm_msgs:/home/dominik/RRM/ros2_ws/install/rrm_simple_robot_model:/home/dominik/RRM/ros2_ws/install/rrm_sim:/home/dominik/RRM/ros2_ws/install/block1_surani:/home/dominik/RRM/ros2_ws/install/cv1:/home/dominik/RRM/zad1/install/zad1:/opt/ros/jazzy/opt/gz_math_vendor:/opt/ros/jazzy/opt/gz_utils_vendor:/opt/ros/jazzy/opt/gz_cmake_vendor:/opt/ros/jazzy DEBUGINFOD_URLS=https://debuginfod.ubuntu.com /usr/bin/cmake --install /home/dominik/RRM/ros2_ws/build/block1_surani
[4.815s] Level 1:colcon.colcon_core.environment:create_environment_scripts_only(block1_surani)
[4.815s] Level 1:colcon.colcon_core.environment:checking '/home/dominik/RRM/ros2_ws/install/block1_surani' for CMake module files
[4.816s] DEBUG:colcon.colcon_core.event_handler.log_command:Invoked command in '/home/dominik/RRM/ros2_ws/build/block1_surani' returned '0': CMAKE_PREFIX_PATH=/home/dominik/RRM/ros2_ws/install/rrm_msgs:/home/dominik/RRM/ros2_ws/install/rrm_simple_robot_model:/home/dominik/RRM/ros2_ws/install/rrm_sim:/home/dominik/RRM/ros2_ws/install/block1_surani:/home/dominik/RRM/ros2_ws/install/cv1:/home/dominik/RRM/zad1/install/zad1:/opt/ros/jazzy/opt/gz_math_vendor:/opt/ros/jazzy/opt/gz_utils_vendor:/opt/ros/jazzy/opt/gz_cmake_vendor:/opt/ros/jazzy DEBUGINFOD_URLS=https://debuginfod.ubuntu.com /usr/bin/cmake --install /home/dominik/RRM/ros2_ws/build/block1_surani
[4.816s] Level 1:colcon.colcon_core.environment:checking '/home/dominik/RRM/ros2_ws/install/block1_surani' for CMake config files
[4.816s] Level 1:colcon.colcon_core.shell:create_environment_hook('block1_surani', 'cmake_prefix_path')
[4.816s] INFO:colcon.colcon_core.shell:Creating environment hook '/home/dominik/RRM/ros2_ws/install/block1_surani/share/block1_surani/hook/cmake_prefix_path.ps1'
[4.816s] INFO:colcon.colcon_core.shell:Creating environment descriptor '/home/dominik/RRM/ros2_ws/install/block1_surani/share/block1_surani/hook/cmake_prefix_path.dsv'
[4.817s] INFO:colcon.colcon_core.shell:Creating environment hook '/home/dominik/RRM/ros2_ws/install/block1_surani/share/block1_surani/hook/cmake_prefix_path.sh'
[4.817s] Level 1:colcon.colcon_core.environment:checking '/home/dominik/RRM/ros2_ws/install/block1_surani/lib'
[4.817s] Level 1:colcon.colcon_core.environment:checking '/home/dominik/RRM/ros2_ws/install/block1_surani/bin'
[4.817s] Level 1:colcon.colcon_core.environment:checking '/home/dominik/RRM/ros2_ws/install/block1_surani/lib/pkgconfig/block1_surani.pc'
[4.817s] Level 1:colcon.colcon_core.environment:checking '/home/dominik/RRM/ros2_ws/install/block1_surani/lib/python3.12/site-packages'
[4.817s] Level 1:colcon.colcon_core.environment:checking '/home/dominik/RRM/ros2_ws/install/block1_surani/bin'
[4.818s] INFO:colcon.colcon_core.shell:Creating package script '/home/dominik/RRM/ros2_ws/install/block1_surani/share/block1_surani/package.ps1'
[4.818s] INFO:colcon.colcon_core.shell:Creating package descriptor '/home/dominik/RRM/ros2_ws/install/block1_surani/share/block1_surani/package.dsv'
[4.818s] INFO:colcon.colcon_core.shell:Creating package script '/home/dominik/RRM/ros2_ws/install/block1_surani/share/block1_surani/package.sh'
[4.818s] INFO:colcon.colcon_core.shell:Creating package script '/home/dominik/RRM/ros2_ws/install/block1_surani/share/block1_surani/package.bash'
[4.818s] INFO:colcon.colcon_core.shell:Creating package script '/home/dominik/RRM/ros2_ws/install/block1_surani/share/block1_surani/package.zsh'
[4.819s] Level 1:colcon.colcon_core.environment:create_file_with_runtime_dependencies(/home/dominik/RRM/ros2_ws/install/block1_surani/share/colcon-core/packages/block1_surani)
[4.849s] Level 1:colcon.colcon_core.environment:create_environment_scripts_only(block1_surani)
[4.849s] Level 1:colcon.colcon_core.environment:checking '/home/dominik/RRM/ros2_ws/install/block1_surani' for CMake module files
[4.850s] Level 1:colcon.colcon_core.environment:checking '/home/dominik/RRM/ros2_ws/install/block1_surani' for CMake config files
[4.850s] Level 1:colcon.colcon_core.shell:create_environment_hook('block1_surani', 'cmake_prefix_path')
[4.850s] INFO:colcon.colcon_core.shell:Creating environment hook '/home/dominik/RRM/ros2_ws/install/block1_surani/share/block1_surani/hook/cmake_prefix_path.ps1'
[4.850s] INFO:colcon.colcon_core.shell:Creating environment descriptor '/home/dominik/RRM/ros2_ws/install/block1_surani/share/block1_surani/hook/cmake_prefix_path.dsv'
[4.851s] INFO:colcon.colcon_core.shell:Creating environment hook '/home/dominik/RRM/ros2_ws/install/block1_surani/share/block1_surani/hook/cmake_prefix_path.sh'
[4.851s] Level 1:colcon.colcon_core.environment:checking '/home/dominik/RRM/ros2_ws/install/block1_surani/lib'
[4.851s] Level 1:colcon.colcon_core.environment:checking '/home/dominik/RRM/ros2_ws/install/block1_surani/bin'
[4.851s] Level 1:colcon.colcon_core.environment:checking '/home/dominik/RRM/ros2_ws/install/block1_surani/lib/pkgconfig/block1_surani.pc'
[4.851s] Level 1:colcon.colcon_core.environment:checking '/home/dominik/RRM/ros2_ws/install/block1_surani/lib/python3.12/site-packages'
[4.851s] Level 1:colcon.colcon_core.environment:checking '/home/dominik/RRM/ros2_ws/install/block1_surani/bin'
[4.851s] INFO:colcon.colcon_core.shell:Creating package script '/home/dominik/RRM/ros2_ws/install/block1_surani/share/block1_surani/package.ps1'
[4.852s] INFO:colcon.colcon_core.shell:Creating package descriptor '/home/dominik/RRM/ros2_ws/install/block1_surani/share/block1_surani/package.dsv'
[4.852s] INFO:colcon.colcon_core.shell:Creating package script '/home/dominik/RRM/ros2_ws/install/block1_surani/share/block1_surani/package.sh'
[4.852s] INFO:colcon.colcon_core.shell:Creating package script '/home/dominik/RRM/ros2_ws/install/block1_surani/share/block1_surani/package.bash'
[4.853s] INFO:colcon.colcon_core.shell:Creating package script '/home/dominik/RRM/ros2_ws/install/block1_surani/share/block1_surani/package.zsh'
[4.853s] Level 1:colcon.colcon_core.environment:create_file_with_runtime_dependencies(/home/dominik/RRM/ros2_ws/install/block1_surani/share/colcon-core/packages/block1_surani)
[4.853s] DEBUG:colcon.colcon_parallel_executor.executor.parallel:closing loop
[4.853s] DEBUG:colcon.colcon_parallel_executor.executor.parallel:loop closed
[4.853s] DEBUG:colcon.colcon_parallel_executor.executor.parallel:run_until_complete finished with '0'
[4.853s] DEBUG:colcon.colcon_core.event_reactor:joining thread
[4.859s] INFO:colcon.colcon_core.plugin_system:Skipping extension 'colcon_notification.desktop_notification.terminal_notifier': Not used on non-Darwin systems
[4.859s] INFO:colcon.colcon_core.plugin_system:Skipping extension 'colcon_notification.desktop_notification.win32': Not used on non-Windows systems
[4.859s] INFO:colcon.colcon_notification.desktop_notification:Sending desktop notification using 'notify2'
[4.871s] DEBUG:colcon.colcon_core.event_reactor:joined thread
[4.871s] INFO:colcon.colcon_core.shell:Creating prefix script '/home/dominik/RRM/ros2_ws/install/local_setup.ps1'
[4.872s] INFO:colcon.colcon_core.shell:Creating prefix util module '/home/dominik/RRM/ros2_ws/install/_local_setup_util_ps1.py'
[4.873s] INFO:colcon.colcon_core.shell:Creating prefix chain script '/home/dominik/RRM/ros2_ws/install/setup.ps1'
[4.874s] INFO:colcon.colcon_core.shell:Creating prefix script '/home/dominik/RRM/ros2_ws/install/local_setup.sh'
[4.874s] INFO:colcon.colcon_core.shell:Creating prefix util module '/home/dominik/RRM/ros2_ws/install/_local_setup_util_sh.py'
[4.874s] INFO:colcon.colcon_core.shell:Creating prefix chain script '/home/dominik/RRM/ros2_ws/install/setup.sh'
[4.875s] INFO:colcon.colcon_core.shell:Creating prefix script '/home/dominik/RRM/ros2_ws/install/local_setup.bash'
[4.875s] INFO:colcon.colcon_core.shell:Creating prefix chain script '/home/dominik/RRM/ros2_ws/install/setup.bash'
[4.876s] INFO:colcon.colcon_core.shell:Creating prefix script '/home/dominik/RRM/ros2_ws/install/local_setup.zsh'
[4.876s] INFO:colcon.colcon_core.shell:Creating prefix chain script '/home/dominik/RRM/ros2_ws/install/setup.zsh'
