[0.031s] Invoking command in '/home/dominik/RRM/ros2_ws/build/zad2.1': DEBUGINFOD_URLS=https://debuginfod.ubuntu.com /usr/bin/cmake /home/dominik/RRM/ros2_ws/src/zad2.1 -DCMAKE_INSTALL_PREFIX=/home/dominik/RRM/ros2_ws/install/zad2.1
[0.106s] -- The C compiler identification is GNU 13.2.0
[0.192s] -- The CXX compiler identification is GNU 13.2.0
[0.213s] -- Detecting C compiler ABI info
[0.324s] -- Detecting C compiler ABI info - done
[0.333s] -- Check for working C compiler: /usr/bin/cc - skipped
[0.333s] -- Detecting C compile features
[0.333s] -- Detecting C compile features - done
[0.344s] -- Detecting CXX compiler ABI info
[0.449s] -- Detecting CXX compiler ABI info - done
[0.456s] -- Check for working CXX compiler: /usr/bin/c++ - skipped
[0.457s] -- Detecting CXX compile features
[0.457s] -- Detecting CXX compile features - done
[0.461s] -- Found ament_cmake: 2.5.2 (/opt/ros/jazzy/share/ament_cmake/cmake)
[0.606s] -- Found Python3: /usr/bin/python3 (found version "3.12.3") found components: Interpreter 
[0.723s] -- Found rclcpp: 28.1.5 (/opt/ros/jazzy/share/rclcpp/cmake)
[0.773s] -- Found rosidl_generator_c: 4.6.4 (/opt/ros/jazzy/share/rosidl_generator_c/cmake)
[0.789s] -- Found rosidl_generator_cpp: 4.6.4 (/opt/ros/jazzy/share/rosidl_generator_cpp/cmake)
[0.808s] -- Using all available rosidl_typesupport_c: rosidl_typesupport_fastrtps_c;rosidl_typesupport_introspection_c
[0.828s] -- Using all available rosidl_typesupport_cpp: rosidl_typesupport_fastrtps_cpp;rosidl_typesupport_introspection_cpp
[0.916s] -- Found rmw_implementation_cmake: 7.3.1 (/opt/ros/jazzy/share/rmw_implementation_cmake/cmake)
[0.920s] -- Found rmw_fastrtps_cpp: 8.4.1 (/opt/ros/jazzy/share/rmw_fastrtps_cpp/cmake)
[1.017s] -- Found OpenSSL: /usr/lib/x86_64-linux-gnu/libcrypto.so (found version "3.0.13")  
[1.038s] -- Found FastRTPS: /opt/ros/jazzy/include (Required is at least version "2.13") 
[1.062s] -- Using RMW implementation 'rmw_fastrtps_cpp' as default
[1.142s] -- Found ament_lint_auto: 0.17.1 (/opt/ros/jazzy/share/ament_lint_auto/cmake)
[1.207s] Error parsing '/home/dominik/RRM/ros2_ws/src/zad2.1/package.xml':
[2.689s] Traceback (most recent call last):
[2.689s]   File "/opt/ros/jazzy/share/ament_cmake_core/cmake/core/package_xml_2_cmake.py", line 150, in <module>
[2.689s]     main()
[2.689s]   File "/opt/ros/jazzy/share/ament_cmake_core/cmake/core/package_xml_2_cmake.py", line 53, in main
[2.689s]     raise e
[2.690s]   File "/opt/ros/jazzy/share/ament_cmake_core/cmake/core/package_xml_2_cmake.py", line 49, in main
[2.690s]     package = parse_package_string(
[2.690s]               ^^^^^^^^^^^^^^^^^^^^^
[2.690s]   File "/usr/lib/python3/dist-packages/catkin_pkg/package.py", line 788, in parse_package_string
[2.690s]     pkg.validate(warnings=warnings)
[2.690s]   File "/usr/lib/python3/dist-packages/catkin_pkg/package.py", line 330, in validate
[2.690s]     raise InvalidPackage('\n'.join(errors), self.filename)
[2.690s] catkin_pkg.package.InvalidPackage: Error(s) in package '/home/dominik/RRM/ros2_ws/src/zad2.1/package.xml':
[2.690s] Package name "zad2.1" does not follow naming conventions
[2.735s] [31mCMake Error at /opt/ros/jazzy/share/ament_cmake_core/cmake/core/ament_package_xml.cmake:95 (message):
[2.735s]   execute_process(/usr/bin/python3
[2.735s]   /opt/ros/jazzy/share/ament_cmake_core/cmake/core/package_xml_2_cmake.py
[2.735s]   /home/dominik/RRM/ros2_ws/src/zad2.1/package.xml
[2.735s]   /home/dominik/RRM/ros2_ws/build/zad2.1/ament_cmake_core/package.cmake)
[2.735s]   returned error code 1
[2.735s] Call Stack (most recent call first):
[2.736s]   /opt/ros/jazzy/share/ament_cmake_core/cmake/core/ament_package_xml.cmake:49 (_ament_package_xml)
[2.736s]   /opt/ros/jazzy/share/ament_lint_auto/cmake/ament_lint_auto_find_test_dependencies.cmake:31 (ament_package_xml)
[2.736s]   CMakeLists.txt:34 (ament_lint_auto_find_test_dependencies)
[2.736s] 
[2.736s] [0m
[2.736s] -- Configuring incomplete, errors occurred!
[2.749s] Invoked command in '/home/dominik/RRM/ros2_ws/build/zad2.1' returned '1': DEBUGINFOD_URLS=https://debuginfod.ubuntu.com /usr/bin/cmake /home/dominik/RRM/ros2_ws/src/zad2.1 -DCMAKE_INSTALL_PREFIX=/home/dominik/RRM/ros2_ws/install/zad2.1
