[ 50%] [32mBuilding CXX object CMakeFiles/teleop_node.dir/src/teleop_node.cpp.o[0m
[01m[K/home/dominik/RRM/ros2_ws/src/block1_surani/src/teleop_node.cpp:[m[K In member function ‘[01m[Kvoid Teleop::[01;32m[Kmove[m[K(int, double)[m[K’:
[01m[K/home/dominik/RRM/ros2_ws/src/block1_surani/src/teleop_node.cpp:10:17:[m[K [01;35m[Kwarning: [m[Kunused parameter ‘[01m[Kjoint_id[m[K’ [[01;35m[K]8;;https://gcc.gnu.org/onlinedocs/gcc/Warning-Options.html#index-Wunused-parameter-Wunused-parameter]8;;[m[K]
   10 |   void move([01;35m[Kint joint_id[m[K, double position) {
      |             [01;35m[K~~~~^~~~~~~~[m[K
[01m[K/home/dominik/RRM/ros2_ws/src/block1_surani/src/teleop_node.cpp:10:34:[m[K [01;35m[Kwarning: [m[Kunused parameter ‘[01m[Kposition[m[K’ [[01;35m[K]8;;https://gcc.gnu.org/onlinedocs/gcc/Warning-Options.html#index-Wunused-parameter-Wunused-parameter]8;;[m[K]
   10 |   void move(int joint_id, [01;35m[Kdouble position[m[K) {
      |                           [01;35m[K~~~~~~~^~~~~~~~[m[K
[100%] [32m[1mLinking CXX executable teleop_node[0m
[100%] Built target teleop_node
-- Install configuration: ""
-- Installing: /home/dominik/RRM/ros2_ws/install/block1_surani/lib/block1_surani/teleop_node
-- Set non-toolchain portion of runtime path of "/home/dominik/RRM/ros2_ws/install/block1_surani/lib/block1_surani/teleop_node" to ""
-- Up-to-date: /home/dominik/RRM/ros2_ws/install/block1_surani/share/ament_index/resource_index/package_run_dependencies/block1_surani
-- Up-to-date: /home/dominik/RRM/ros2_ws/install/block1_surani/share/ament_index/resource_index/parent_prefix_path/block1_surani
-- Up-to-date: /home/dominik/RRM/ros2_ws/install/block1_surani/share/block1_surani/environment/ament_prefix_path.sh
-- Up-to-date: /home/dominik/RRM/ros2_ws/install/block1_surani/share/block1_surani/environment/ament_prefix_path.dsv
-- Up-to-date: /home/dominik/RRM/ros2_ws/install/block1_surani/share/block1_surani/environment/path.sh
-- Up-to-date: /home/dominik/RRM/ros2_ws/install/block1_surani/share/block1_surani/environment/path.dsv
-- Up-to-date: /home/dominik/RRM/ros2_ws/install/block1_surani/share/block1_surani/local_setup.bash
-- Up-to-date: /home/dominik/RRM/ros2_ws/install/block1_surani/share/block1_surani/local_setup.sh
-- Up-to-date: /home/dominik/RRM/ros2_ws/install/block1_surani/share/block1_surani/local_setup.zsh
-- Up-to-date: /home/dominik/RRM/ros2_ws/install/block1_surani/share/block1_surani/local_setup.dsv
-- Up-to-date: /home/dominik/RRM/ros2_ws/install/block1_surani/share/block1_surani/package.dsv
-- Up-to-date: /home/dominik/RRM/ros2_ws/install/block1_surani/share/ament_index/resource_index/packages/block1_surani
-- Up-to-date: /home/dominik/RRM/ros2_ws/install/block1_surani/share/block1_surani/cmake/block1_suraniConfig.cmake
-- Up-to-date: /home/dominik/RRM/ros2_ws/install/block1_surani/share/block1_surani/cmake/block1_suraniConfig-version.cmake
-- Up-to-date: /home/dominik/RRM/ros2_ws/install/block1_surani/share/block1_surani/package.xml
