[0.038s] Invoking command in '/home/dominik/RRM/ros2_ws/build/rrm_msgs': CMAKE_PREFIX_PATH=${CMAKE_PREFIX_PATH}:/opt/ros/jazzy DEBUGINFOD_URLS=https://debuginfod.ubuntu.com /usr/bin/cmake --build /home/dominik/RRM/ros2_ws/build/rrm_msgs -- -j16 -l16
[0.089s] -- Found ament_cmake: 2.5.2 (/opt/ros/jazzy/share/ament_cmake/cmake)
[0.132s] -- Found Python3: /usr/bin/python3 (found version "3.12.3") found components: Interpreter 
[0.263s] -- Found rosidl_default_generators: 1.6.0 (/opt/ros/jazzy/share/rosidl_default_generators/cmake)
[0.273s] -- Using all available rosidl_typesupport_c: rosidl_typesupport_fastrtps_c;rosidl_typesupport_introspection_c
[0.341s] -- Using all available rosidl_typesupport_cpp: rosidl_typesupport_fastrtps_cpp;rosidl_typesupport_introspection_cpp
[0.377s] -- Found rosidl_adapter: 4.6.4 (/opt/ros/jazzy/share/rosidl_adapter/cmake)
[0.596s] -- Found ament_cmake_ros: 0.12.0 (/opt/ros/jazzy/share/ament_cmake_ros/cmake)
[0.670s] -- Using all available rosidl_typesupport_c: rosidl_typesupport_fastrtps_c;rosidl_typesupport_introspection_c
[0.765s] -- Using all available rosidl_typesupport_cpp: rosidl_typesupport_fastrtps_cpp;rosidl_typesupport_introspection_cpp
[0.766s] -- Found python_cmake_module: 0.11.1 (/opt/ros/jazzy/share/python_cmake_module/cmake)
[0.963s] -- Found Python3: /usr/bin/python3 (found version "3.12.3") found components: Interpreter Development NumPy Development.Module Development.Embed 
[0.972s] -- Found ament_lint_auto: 0.17.1 (/opt/ros/jazzy/share/ament_lint_auto/cmake)
[0.979s] -- Added test 'copyright' to check source files copyright and LICENSE
[0.981s] -- Added test 'lint_cmake' to check CMake code style
[0.982s] -- Added test 'xmllint' to check XML markup files
[0.983s] -- Configuring done (0.9s)
[1.014s] -- Generating done (0.0s)
[1.017s] -- Build files have been written to: /home/dominik/RRM/ros2_ws/build/rrm_msgs
[1.054s] [  2%] Built target rrm_msgs__rosidl_generator_type_description
[1.064s] [  2%] Built target ament_cmake_python_copy_rrm_msgs
[1.074s] [  4%] Built target rrm_msgs__cpp
[1.077s] [ 22%] Built target rrm_msgs__rosidl_generator_c
[1.101s] [ 43%] Built target rrm_msgs__rosidl_typesupport_c
[1.101s] [ 47%] Built target rrm_msgs__rosidl_typesupport_introspection_c
[1.101s] [ 56%] Built target rrm_msgs__rosidl_typesupport_introspection_cpp
[1.101s] [ 59%] Built target rrm_msgs__rosidl_typesupport_cpp
[1.101s] [ 68%] Built target rrm_msgs__rosidl_typesupport_fastrtps_c
[1.102s] [ 77%] Built target rrm_msgs__rosidl_typesupport_fastrtps_cpp
[1.124s] [ 77%] Built target rrm_msgs
[1.147s] [ 79%] Built target rrm_msgs__py
[1.175s] [ 86%] Built target rrm_msgs__rosidl_generator_py
[1.199s] [100%] Built target rrm_msgs_s__rosidl_typesupport_c
[1.199s] [100%] Built target rrm_msgs_s__rosidl_typesupport_introspection_c
[1.199s] [100%] Built target rrm_msgs_s__rosidl_typesupport_fastrtps_c
[1.248s] running egg_info
[1.264s] writing rrm_msgs.egg-info/PKG-INFO
[1.264s] writing dependency_links to rrm_msgs.egg-info/dependency_links.txt
[1.264s] writing top-level names to rrm_msgs.egg-info/top_level.txt
[1.310s] reading manifest file 'rrm_msgs.egg-info/SOURCES.txt'
[1.311s] writing manifest file 'rrm_msgs.egg-info/SOURCES.txt'
[1.342s] [100%] Built target ament_cmake_python_build_rrm_msgs_egg
[1.354s] Invoked command in '/home/dominik/RRM/ros2_ws/build/rrm_msgs' returned '0': CMAKE_PREFIX_PATH=${CMAKE_PREFIX_PATH}:/opt/ros/jazzy DEBUGINFOD_URLS=https://debuginfod.ubuntu.com /usr/bin/cmake --build /home/dominik/RRM/ros2_ws/build/rrm_msgs -- -j16 -l16
[1.473s] Invoking command in '/home/dominik/RRM/ros2_ws/build/rrm_msgs': CMAKE_PREFIX_PATH=${CMAKE_PREFIX_PATH}:/opt/ros/jazzy DEBUGINFOD_URLS=https://debuginfod.ubuntu.com /usr/bin/cmake --install /home/dominik/RRM/ros2_ws/build/rrm_msgs
[1.482s] -- Install configuration: ""
[1.482s] -- Up-to-date: /home/dominik/RRM/ros2_ws/install/rrm_msgs/share/ament_index/resource_index/rosidl_interfaces/rrm_msgs
[1.483s] -- Up-to-date: /home/dominik/RRM/ros2_ws/install/rrm_msgs/share/rrm_msgs/msg/Command.json
[1.483s] -- Up-to-date: /home/dominik/RRM/ros2_ws/install/rrm_msgs/share/rrm_msgs/srv/Command.json
[1.483s] -- Up-to-date: /home/dominik/RRM/ros2_ws/install/rrm_msgs/include/rrm_msgs/rrm_msgs
[1.483s] -- Up-to-date: /home/dominik/RRM/ros2_ws/install/rrm_msgs/include/rrm_msgs/rrm_msgs/msg
[1.483s] -- Up-to-date: /home/dominik/RRM/ros2_ws/install/rrm_msgs/include/rrm_msgs/rrm_msgs/msg/command.h
[1.483s] -- Up-to-date: /home/dominik/RRM/ros2_ws/install/rrm_msgs/include/rrm_msgs/rrm_msgs/msg/rosidl_generator_c__visibility_control.h
[1.483s] -- Up-to-date: /home/dominik/RRM/ros2_ws/install/rrm_msgs/include/rrm_msgs/rrm_msgs/msg/detail
[1.484s] -- Up-to-date: /home/dominik/RRM/ros2_ws/install/rrm_msgs/include/rrm_msgs/rrm_msgs/msg/detail/command__functions.c
[1.484s] -- Up-to-date: /home/dominik/RRM/ros2_ws/install/rrm_msgs/include/rrm_msgs/rrm_msgs/msg/detail/command__description.c
[1.484s] -- Up-to-date: /home/dominik/RRM/ros2_ws/install/rrm_msgs/include/rrm_msgs/rrm_msgs/msg/detail/command__type_support.h
[1.484s] -- Up-to-date: /home/dominik/RRM/ros2_ws/install/rrm_msgs/include/rrm_msgs/rrm_msgs/msg/detail/command__struct.h
[1.484s] -- Up-to-date: /home/dominik/RRM/ros2_ws/install/rrm_msgs/include/rrm_msgs/rrm_msgs/msg/detail/command__type_support.c
[1.484s] -- Up-to-date: /home/dominik/RRM/ros2_ws/install/rrm_msgs/include/rrm_msgs/rrm_msgs/msg/detail/command__functions.h
[1.484s] -- Up-to-date: /home/dominik/RRM/ros2_ws/install/rrm_msgs/include/rrm_msgs/rrm_msgs/srv
[1.484s] -- Up-to-date: /home/dominik/RRM/ros2_ws/install/rrm_msgs/include/rrm_msgs/rrm_msgs/srv/command.h
[1.484s] -- Up-to-date: /home/dominik/RRM/ros2_ws/install/rrm_msgs/include/rrm_msgs/rrm_msgs/srv/detail
[1.484s] -- Up-to-date: /home/dominik/RRM/ros2_ws/install/rrm_msgs/include/rrm_msgs/rrm_msgs/srv/detail/command__functions.c
[1.484s] -- Up-to-date: /home/dominik/RRM/ros2_ws/install/rrm_msgs/include/rrm_msgs/rrm_msgs/srv/detail/command__description.c
[1.484s] -- Up-to-date: /home/dominik/RRM/ros2_ws/install/rrm_msgs/include/rrm_msgs/rrm_msgs/srv/detail/command__type_support.h
[1.485s] -- Up-to-date: /home/dominik/RRM/ros2_ws/install/rrm_msgs/include/rrm_msgs/rrm_msgs/srv/detail/command__struct.h
[1.485s] -- Up-to-date: /home/dominik/RRM/ros2_ws/install/rrm_msgs/include/rrm_msgs/rrm_msgs/srv/detail/command__type_support.c
[1.485s] -- Up-to-date: /home/dominik/RRM/ros2_ws/install/rrm_msgs/include/rrm_msgs/rrm_msgs/srv/detail/command__functions.h
[1.485s] -- Up-to-date: /home/dominik/RRM/ros2_ws/install/rrm_msgs/share/rrm_msgs/environment/library_path.sh
[1.485s] -- Up-to-date: /home/dominik/RRM/ros2_ws/install/rrm_msgs/share/rrm_msgs/environment/library_path.dsv
[1.485s] -- Up-to-date: /home/dominik/RRM/ros2_ws/install/rrm_msgs/lib/librrm_msgs__rosidl_generator_c.so
[1.485s] -- Up-to-date: /home/dominik/RRM/ros2_ws/install/rrm_msgs/include/rrm_msgs/rrm_msgs
[1.485s] -- Up-to-date: /home/dominik/RRM/ros2_ws/install/rrm_msgs/include/rrm_msgs/rrm_msgs/msg
[1.485s] -- Up-to-date: /home/dominik/RRM/ros2_ws/install/rrm_msgs/include/rrm_msgs/rrm_msgs/msg/rosidl_typesupport_fastrtps_c__visibility_control.h
[1.485s] -- Up-to-date: /home/dominik/RRM/ros2_ws/install/rrm_msgs/include/rrm_msgs/rrm_msgs/msg/detail
[1.485s] -- Up-to-date: /home/dominik/RRM/ros2_ws/install/rrm_msgs/include/rrm_msgs/rrm_msgs/msg/detail/command__rosidl_typesupport_fastrtps_c.h
[1.485s] -- Up-to-date: /home/dominik/RRM/ros2_ws/install/rrm_msgs/include/rrm_msgs/rrm_msgs/srv
[1.485s] -- Up-to-date: /home/dominik/RRM/ros2_ws/install/rrm_msgs/include/rrm_msgs/rrm_msgs/srv/detail
[1.485s] -- Up-to-date: /home/dominik/RRM/ros2_ws/install/rrm_msgs/include/rrm_msgs/rrm_msgs/srv/detail/command__rosidl_typesupport_fastrtps_c.h
[1.485s] -- Up-to-date: /home/dominik/RRM/ros2_ws/install/rrm_msgs/lib/librrm_msgs__rosidl_typesupport_fastrtps_c.so
[1.485s] -- Up-to-date: /home/dominik/RRM/ros2_ws/install/rrm_msgs/include/rrm_msgs/rrm_msgs
[1.485s] -- Up-to-date: /home/dominik/RRM/ros2_ws/install/rrm_msgs/include/rrm_msgs/rrm_msgs/msg
[1.485s] -- Up-to-date: /home/dominik/RRM/ros2_ws/install/rrm_msgs/include/rrm_msgs/rrm_msgs/msg/detail
[1.486s] -- Up-to-date: /home/dominik/RRM/ros2_ws/install/rrm_msgs/include/rrm_msgs/rrm_msgs/msg/detail/command__rosidl_typesupport_introspection_c.h
[1.486s] -- Up-to-date: /home/dominik/RRM/ros2_ws/install/rrm_msgs/include/rrm_msgs/rrm_msgs/msg/detail/command__type_support.c
[1.486s] -- Up-to-date: /home/dominik/RRM/ros2_ws/install/rrm_msgs/include/rrm_msgs/rrm_msgs/msg/rosidl_typesupport_introspection_c__visibility_control.h
[1.486s] -- Up-to-date: /home/dominik/RRM/ros2_ws/install/rrm_msgs/include/rrm_msgs/rrm_msgs/srv
[1.486s] -- Up-to-date: /home/dominik/RRM/ros2_ws/install/rrm_msgs/include/rrm_msgs/rrm_msgs/srv/detail
[1.486s] -- Up-to-date: /home/dominik/RRM/ros2_ws/install/rrm_msgs/include/rrm_msgs/rrm_msgs/srv/detail/command__rosidl_typesupport_introspection_c.h
[1.486s] -- Up-to-date: /home/dominik/RRM/ros2_ws/install/rrm_msgs/include/rrm_msgs/rrm_msgs/srv/detail/command__type_support.c
[1.486s] -- Up-to-date: /home/dominik/RRM/ros2_ws/install/rrm_msgs/lib/librrm_msgs__rosidl_typesupport_introspection_c.so
[1.486s] -- Up-to-date: /home/dominik/RRM/ros2_ws/install/rrm_msgs/lib/librrm_msgs__rosidl_typesupport_c.so
[1.486s] -- Up-to-date: /home/dominik/RRM/ros2_ws/install/rrm_msgs/include/rrm_msgs/rrm_msgs
[1.486s] -- Up-to-date: /home/dominik/RRM/ros2_ws/install/rrm_msgs/include/rrm_msgs/rrm_msgs/msg
[1.486s] -- Up-to-date: /home/dominik/RRM/ros2_ws/install/rrm_msgs/include/rrm_msgs/rrm_msgs/msg/rosidl_generator_cpp__visibility_control.hpp
[1.486s] -- Up-to-date: /home/dominik/RRM/ros2_ws/install/rrm_msgs/include/rrm_msgs/rrm_msgs/msg/detail
[1.486s] -- Up-to-date: /home/dominik/RRM/ros2_ws/install/rrm_msgs/include/rrm_msgs/rrm_msgs/msg/detail/command__builder.hpp
[1.486s] -- Up-to-date: /home/dominik/RRM/ros2_ws/install/rrm_msgs/include/rrm_msgs/rrm_msgs/msg/detail/command__struct.hpp
[1.486s] -- Up-to-date: /home/dominik/RRM/ros2_ws/install/rrm_msgs/include/rrm_msgs/rrm_msgs/msg/detail/command__traits.hpp
[1.486s] -- Up-to-date: /home/dominik/RRM/ros2_ws/install/rrm_msgs/include/rrm_msgs/rrm_msgs/msg/detail/command__type_support.hpp
[1.486s] -- Up-to-date: /home/dominik/RRM/ros2_ws/install/rrm_msgs/include/rrm_msgs/rrm_msgs/msg/command.hpp
[1.487s] -- Up-to-date: /home/dominik/RRM/ros2_ws/install/rrm_msgs/include/rrm_msgs/rrm_msgs/srv
[1.487s] -- Up-to-date: /home/dominik/RRM/ros2_ws/install/rrm_msgs/include/rrm_msgs/rrm_msgs/srv/detail
[1.487s] -- Up-to-date: /home/dominik/RRM/ros2_ws/install/rrm_msgs/include/rrm_msgs/rrm_msgs/srv/detail/command__builder.hpp
[1.487s] -- Up-to-date: /home/dominik/RRM/ros2_ws/install/rrm_msgs/include/rrm_msgs/rrm_msgs/srv/detail/command__struct.hpp
[1.487s] -- Up-to-date: /home/dominik/RRM/ros2_ws/install/rrm_msgs/include/rrm_msgs/rrm_msgs/srv/detail/command__traits.hpp
[1.487s] -- Up-to-date: /home/dominik/RRM/ros2_ws/install/rrm_msgs/include/rrm_msgs/rrm_msgs/srv/detail/command__type_support.hpp
[1.487s] -- Up-to-date: /home/dominik/RRM/ros2_ws/install/rrm_msgs/include/rrm_msgs/rrm_msgs/srv/command.hpp
[1.487s] -- Up-to-date: /home/dominik/RRM/ros2_ws/install/rrm_msgs/include/rrm_msgs/rrm_msgs
[1.487s] -- Up-to-date: /home/dominik/RRM/ros2_ws/install/rrm_msgs/include/rrm_msgs/rrm_msgs/msg
[1.487s] -- Up-to-date: /home/dominik/RRM/ros2_ws/install/rrm_msgs/include/rrm_msgs/rrm_msgs/msg/rosidl_typesupport_fastrtps_cpp__visibility_control.h
[1.487s] -- Up-to-date: /home/dominik/RRM/ros2_ws/install/rrm_msgs/include/rrm_msgs/rrm_msgs/msg/detail
[1.487s] -- Up-to-date: /home/dominik/RRM/ros2_ws/install/rrm_msgs/include/rrm_msgs/rrm_msgs/msg/detail/command__rosidl_typesupport_fastrtps_cpp.hpp
[1.487s] -- Up-to-date: /home/dominik/RRM/ros2_ws/install/rrm_msgs/include/rrm_msgs/rrm_msgs/msg/detail/dds_fastrtps
[1.487s] -- Up-to-date: /home/dominik/RRM/ros2_ws/install/rrm_msgs/include/rrm_msgs/rrm_msgs/srv
[1.487s] -- Up-to-date: /home/dominik/RRM/ros2_ws/install/rrm_msgs/include/rrm_msgs/rrm_msgs/srv/detail
[1.487s] -- Up-to-date: /home/dominik/RRM/ros2_ws/install/rrm_msgs/include/rrm_msgs/rrm_msgs/srv/detail/command__rosidl_typesupport_fastrtps_cpp.hpp
[1.487s] -- Up-to-date: /home/dominik/RRM/ros2_ws/install/rrm_msgs/include/rrm_msgs/rrm_msgs/srv/detail/dds_fastrtps
[1.487s] -- Up-to-date: /home/dominik/RRM/ros2_ws/install/rrm_msgs/lib/librrm_msgs__rosidl_typesupport_fastrtps_cpp.so
[1.487s] -- Up-to-date: /home/dominik/RRM/ros2_ws/install/rrm_msgs/include/rrm_msgs/rrm_msgs
[1.487s] -- Up-to-date: /home/dominik/RRM/ros2_ws/install/rrm_msgs/include/rrm_msgs/rrm_msgs/msg
[1.488s] -- Up-to-date: /home/dominik/RRM/ros2_ws/install/rrm_msgs/include/rrm_msgs/rrm_msgs/msg/detail
[1.488s] -- Up-to-date: /home/dominik/RRM/ros2_ws/install/rrm_msgs/include/rrm_msgs/rrm_msgs/msg/detail/command__rosidl_typesupport_introspection_cpp.hpp
[1.488s] -- Up-to-date: /home/dominik/RRM/ros2_ws/install/rrm_msgs/include/rrm_msgs/rrm_msgs/msg/detail/command__type_support.cpp
[1.488s] -- Up-to-date: /home/dominik/RRM/ros2_ws/install/rrm_msgs/include/rrm_msgs/rrm_msgs/srv
[1.488s] -- Up-to-date: /home/dominik/RRM/ros2_ws/install/rrm_msgs/include/rrm_msgs/rrm_msgs/srv/detail
[1.488s] -- Up-to-date: /home/dominik/RRM/ros2_ws/install/rrm_msgs/include/rrm_msgs/rrm_msgs/srv/detail/command__rosidl_typesupport_introspection_cpp.hpp
[1.488s] -- Up-to-date: /home/dominik/RRM/ros2_ws/install/rrm_msgs/include/rrm_msgs/rrm_msgs/srv/detail/command__type_support.cpp
[1.488s] -- Up-to-date: /home/dominik/RRM/ros2_ws/install/rrm_msgs/lib/librrm_msgs__rosidl_typesupport_introspection_cpp.so
[1.488s] -- Up-to-date: /home/dominik/RRM/ros2_ws/install/rrm_msgs/lib/librrm_msgs__rosidl_typesupport_cpp.so
[1.488s] -- Up-to-date: /home/dominik/RRM/ros2_ws/install/rrm_msgs/share/rrm_msgs/environment/pythonpath.sh
[1.488s] -- Up-to-date: /home/dominik/RRM/ros2_ws/install/rrm_msgs/share/rrm_msgs/environment/pythonpath.dsv
[1.488s] -- Up-to-date: /home/dominik/RRM/ros2_ws/install/rrm_msgs/lib/python3.12/site-packages/rrm_msgs-0.0.0-py3.12.egg-info
[1.488s] -- Installing: /home/dominik/RRM/ros2_ws/install/rrm_msgs/lib/python3.12/site-packages/rrm_msgs-0.0.0-py3.12.egg-info/SOURCES.txt
[1.488s] -- Installing: /home/dominik/RRM/ros2_ws/install/rrm_msgs/lib/python3.12/site-packages/rrm_msgs-0.0.0-py3.12.egg-info/top_level.txt
[1.488s] -- Installing: /home/dominik/RRM/ros2_ws/install/rrm_msgs/lib/python3.12/site-packages/rrm_msgs-0.0.0-py3.12.egg-info/dependency_links.txt
[1.488s] -- Installing: /home/dominik/RRM/ros2_ws/install/rrm_msgs/lib/python3.12/site-packages/rrm_msgs-0.0.0-py3.12.egg-info/PKG-INFO
[1.488s] -- Up-to-date: /home/dominik/RRM/ros2_ws/install/rrm_msgs/lib/python3.12/site-packages/rrm_msgs
[1.488s] -- Up-to-date: /home/dominik/RRM/ros2_ws/install/rrm_msgs/lib/python3.12/site-packages/rrm_msgs/msg
[1.488s] -- Up-to-date: /home/dominik/RRM/ros2_ws/install/rrm_msgs/lib/python3.12/site-packages/rrm_msgs/msg/__init__.py
[1.489s] -- Up-to-date: /home/dominik/RRM/ros2_ws/install/rrm_msgs/lib/python3.12/site-packages/rrm_msgs/msg/_command_s.c
[1.489s] -- Up-to-date: /home/dominik/RRM/ros2_ws/install/rrm_msgs/lib/python3.12/site-packages/rrm_msgs/msg/_command.py
[1.489s] -- Up-to-date: /home/dominik/RRM/ros2_ws/install/rrm_msgs/lib/python3.12/site-packages/rrm_msgs/_rrm_msgs_s.ep.rosidl_typesupport_fastrtps_c.c
[1.489s] -- Up-to-date: /home/dominik/RRM/ros2_ws/install/rrm_msgs/lib/python3.12/site-packages/rrm_msgs/rrm_msgs_s__rosidl_typesupport_fastrtps_c.so
[1.489s] -- Up-to-date: /home/dominik/RRM/ros2_ws/install/rrm_msgs/lib/python3.12/site-packages/rrm_msgs/srv
[1.489s] -- Up-to-date: /home/dominik/RRM/ros2_ws/install/rrm_msgs/lib/python3.12/site-packages/rrm_msgs/srv/__init__.py
[1.489s] -- Up-to-date: /home/dominik/RRM/ros2_ws/install/rrm_msgs/lib/python3.12/site-packages/rrm_msgs/srv/_command_s.c
[1.489s] -- Up-to-date: /home/dominik/RRM/ros2_ws/install/rrm_msgs/lib/python3.12/site-packages/rrm_msgs/srv/_command.py
[1.489s] -- Installing: /home/dominik/RRM/ros2_ws/install/rrm_msgs/lib/python3.12/site-packages/rrm_msgs/__init__.py
[1.489s] -- Up-to-date: /home/dominik/RRM/ros2_ws/install/rrm_msgs/lib/python3.12/site-packages/rrm_msgs/_rrm_msgs_s.ep.rosidl_typesupport_c.c
[1.489s] -- Up-to-date: /home/dominik/RRM/ros2_ws/install/rrm_msgs/lib/python3.12/site-packages/rrm_msgs/rrm_msgs_s__rosidl_typesupport_introspection_c.so
[1.489s] -- Up-to-date: /home/dominik/RRM/ros2_ws/install/rrm_msgs/lib/python3.12/site-packages/rrm_msgs/_rrm_msgs_s.ep.rosidl_typesupport_introspection_c.c
[1.489s] -- Up-to-date: /home/dominik/RRM/ros2_ws/install/rrm_msgs/lib/python3.12/site-packages/rrm_msgs/rrm_msgs_s__rosidl_typesupport_c.so
[1.517s] Listing '/home/dominik/RRM/ros2_ws/install/rrm_msgs/lib/python3.12/site-packages/rrm_msgs'...
[1.517s] Compiling '/home/dominik/RRM/ros2_ws/install/rrm_msgs/lib/python3.12/site-packages/rrm_msgs/__init__.py'...
[1.518s] Listing '/home/dominik/RRM/ros2_ws/install/rrm_msgs/lib/python3.12/site-packages/rrm_msgs/msg'...
[1.518s] Listing '/home/dominik/RRM/ros2_ws/install/rrm_msgs/lib/python3.12/site-packages/rrm_msgs/srv'...
[1.523s] -- Up-to-date: /home/dominik/RRM/ros2_ws/install/rrm_msgs/lib/python3.12/site-packages/rrm_msgs/rrm_msgs_s__rosidl_typesupport_fastrtps_c.so
[1.523s] -- Up-to-date: /home/dominik/RRM/ros2_ws/install/rrm_msgs/lib/python3.12/site-packages/rrm_msgs/rrm_msgs_s__rosidl_typesupport_introspection_c.so
[1.523s] -- Up-to-date: /home/dominik/RRM/ros2_ws/install/rrm_msgs/lib/python3.12/site-packages/rrm_msgs/rrm_msgs_s__rosidl_typesupport_c.so
[1.524s] -- Up-to-date: /home/dominik/RRM/ros2_ws/install/rrm_msgs/lib/librrm_msgs__rosidl_generator_py.so
[1.524s] -- Up-to-date: /home/dominik/RRM/ros2_ws/install/rrm_msgs/share/rrm_msgs/msg/Command.idl
[1.524s] -- Up-to-date: /home/dominik/RRM/ros2_ws/install/rrm_msgs/share/rrm_msgs/srv/Command.idl
[1.524s] -- Up-to-date: /home/dominik/RRM/ros2_ws/install/rrm_msgs/share/rrm_msgs/msg/Command.msg
[1.524s] -- Up-to-date: /home/dominik/RRM/ros2_ws/install/rrm_msgs/share/rrm_msgs/srv/Command.srv
[1.524s] -- Up-to-date: /home/dominik/RRM/ros2_ws/install/rrm_msgs/share/ament_index/resource_index/package_run_dependencies/rrm_msgs
[1.524s] -- Installing: /home/dominik/RRM/ros2_ws/install/rrm_msgs/share/ament_index/resource_index/parent_prefix_path/rrm_msgs
[1.524s] -- Up-to-date: /home/dominik/RRM/ros2_ws/install/rrm_msgs/share/rrm_msgs/environment/ament_prefix_path.sh
[1.524s] -- Up-to-date: /home/dominik/RRM/ros2_ws/install/rrm_msgs/share/rrm_msgs/environment/ament_prefix_path.dsv
[1.524s] -- Up-to-date: /home/dominik/RRM/ros2_ws/install/rrm_msgs/share/rrm_msgs/environment/path.sh
[1.524s] -- Up-to-date: /home/dominik/RRM/ros2_ws/install/rrm_msgs/share/rrm_msgs/environment/path.dsv
[1.524s] -- Up-to-date: /home/dominik/RRM/ros2_ws/install/rrm_msgs/share/rrm_msgs/local_setup.bash
[1.524s] -- Up-to-date: /home/dominik/RRM/ros2_ws/install/rrm_msgs/share/rrm_msgs/local_setup.sh
[1.524s] -- Up-to-date: /home/dominik/RRM/ros2_ws/install/rrm_msgs/share/rrm_msgs/local_setup.zsh
[1.524s] -- Up-to-date: /home/dominik/RRM/ros2_ws/install/rrm_msgs/share/rrm_msgs/local_setup.dsv
[1.525s] -- Installing: /home/dominik/RRM/ros2_ws/install/rrm_msgs/share/rrm_msgs/package.dsv
[1.525s] -- Up-to-date: /home/dominik/RRM/ros2_ws/install/rrm_msgs/share/ament_index/resource_index/packages/rrm_msgs
[1.525s] -- Up-to-date: /home/dominik/RRM/ros2_ws/install/rrm_msgs/share/rrm_msgs/cmake/export_rrm_msgs__rosidl_generator_cExport.cmake
[1.525s] -- Up-to-date: /home/dominik/RRM/ros2_ws/install/rrm_msgs/share/rrm_msgs/cmake/export_rrm_msgs__rosidl_generator_cExport-noconfig.cmake
[1.525s] -- Up-to-date: /home/dominik/RRM/ros2_ws/install/rrm_msgs/share/rrm_msgs/cmake/export_rrm_msgs__rosidl_typesupport_fastrtps_cExport.cmake
[1.525s] -- Up-to-date: /home/dominik/RRM/ros2_ws/install/rrm_msgs/share/rrm_msgs/cmake/export_rrm_msgs__rosidl_typesupport_fastrtps_cExport-noconfig.cmake
[1.525s] -- Up-to-date: /home/dominik/RRM/ros2_ws/install/rrm_msgs/share/rrm_msgs/cmake/rrm_msgs__rosidl_typesupport_introspection_cExport.cmake
[1.525s] -- Up-to-date: /home/dominik/RRM/ros2_ws/install/rrm_msgs/share/rrm_msgs/cmake/rrm_msgs__rosidl_typesupport_introspection_cExport-noconfig.cmake
[1.525s] -- Up-to-date: /home/dominik/RRM/ros2_ws/install/rrm_msgs/share/rrm_msgs/cmake/rrm_msgs__rosidl_typesupport_cExport.cmake
[1.525s] -- Up-to-date: /home/dominik/RRM/ros2_ws/install/rrm_msgs/share/rrm_msgs/cmake/rrm_msgs__rosidl_typesupport_cExport-noconfig.cmake
[1.525s] -- Up-to-date: /home/dominik/RRM/ros2_ws/install/rrm_msgs/share/rrm_msgs/cmake/export_rrm_msgs__rosidl_generator_cppExport.cmake
[1.525s] -- Up-to-date: /home/dominik/RRM/ros2_ws/install/rrm_msgs/share/rrm_msgs/cmake/export_rrm_msgs__rosidl_typesupport_fastrtps_cppExport.cmake
[1.525s] -- Up-to-date: /home/dominik/RRM/ros2_ws/install/rrm_msgs/share/rrm_msgs/cmake/export_rrm_msgs__rosidl_typesupport_fastrtps_cppExport-noconfig.cmake
[1.525s] -- Up-to-date: /home/dominik/RRM/ros2_ws/install/rrm_msgs/share/rrm_msgs/cmake/rrm_msgs__rosidl_typesupport_introspection_cppExport.cmake
[1.526s] -- Up-to-date: /home/dominik/RRM/ros2_ws/install/rrm_msgs/share/rrm_msgs/cmake/rrm_msgs__rosidl_typesupport_introspection_cppExport-noconfig.cmake
[1.526s] -- Up-to-date: /home/dominik/RRM/ros2_ws/install/rrm_msgs/share/rrm_msgs/cmake/rrm_msgs__rosidl_typesupport_cppExport.cmake
[1.526s] -- Up-to-date: /home/dominik/RRM/ros2_ws/install/rrm_msgs/share/rrm_msgs/cmake/rrm_msgs__rosidl_typesupport_cppExport-noconfig.cmake
[1.526s] -- Up-to-date: /home/dominik/RRM/ros2_ws/install/rrm_msgs/share/rrm_msgs/cmake/export_rrm_msgs__rosidl_generator_pyExport.cmake
[1.526s] -- Up-to-date: /home/dominik/RRM/ros2_ws/install/rrm_msgs/share/rrm_msgs/cmake/export_rrm_msgs__rosidl_generator_pyExport-noconfig.cmake
[1.526s] -- Up-to-date: /home/dominik/RRM/ros2_ws/install/rrm_msgs/share/rrm_msgs/cmake/rosidl_cmake-extras.cmake
[1.526s] -- Up-to-date: /home/dominik/RRM/ros2_ws/install/rrm_msgs/share/rrm_msgs/cmake/ament_cmake_export_dependencies-extras.cmake
[1.526s] -- Up-to-date: /home/dominik/RRM/ros2_ws/install/rrm_msgs/share/rrm_msgs/cmake/ament_cmake_export_include_directories-extras.cmake
[1.526s] -- Up-to-date: /home/dominik/RRM/ros2_ws/install/rrm_msgs/share/rrm_msgs/cmake/ament_cmake_export_libraries-extras.cmake
[1.526s] -- Up-to-date: /home/dominik/RRM/ros2_ws/install/rrm_msgs/share/rrm_msgs/cmake/ament_cmake_export_targets-extras.cmake
[1.526s] -- Up-to-date: /home/dominik/RRM/ros2_ws/install/rrm_msgs/share/rrm_msgs/cmake/rosidl_cmake_export_typesupport_targets-extras.cmake
[1.526s] -- Up-to-date: /home/dominik/RRM/ros2_ws/install/rrm_msgs/share/rrm_msgs/cmake/rosidl_cmake_export_typesupport_libraries-extras.cmake
[1.526s] -- Up-to-date: /home/dominik/RRM/ros2_ws/install/rrm_msgs/share/rrm_msgs/cmake/rrm_msgsConfig.cmake
[1.526s] -- Up-to-date: /home/dominik/RRM/ros2_ws/install/rrm_msgs/share/rrm_msgs/cmake/rrm_msgsConfig-version.cmake
[1.526s] -- Up-to-date: /home/dominik/RRM/ros2_ws/install/rrm_msgs/share/rrm_msgs/package.xml
[1.529s] Invoked command in '/home/dominik/RRM/ros2_ws/build/rrm_msgs' returned '0': CMAKE_PREFIX_PATH=${CMAKE_PREFIX_PATH}:/opt/ros/jazzy DEBUGINFOD_URLS=https://debuginfod.ubuntu.com /usr/bin/cmake --install /home/dominik/RRM/ros2_ws/build/rrm_msgs
