[100%] Built target zad2_node
-- Install configuration: ""
-- Up-to-date: /home/dominik/RRM/ros2_ws/install/zad2/lib/zad2/zad2_node
-- Up-to-date: /home/dominik/RRM/ros2_ws/install/zad2/lib/zad2/zad2_node
-- Up-to-date: /home/dominik/RRM/ros2_ws/install/zad2/share/ament_index/resource_index/package_run_dependencies/zad2
-- Up-to-date: /home/dominik/RRM/ros2_ws/install/zad2/share/ament_index/resource_index/parent_prefix_path/zad2
-- Up-to-date: /home/dominik/RRM/ros2_ws/install/zad2/share/zad2/environment/ament_prefix_path.sh
-- Up-to-date: /home/dominik/RRM/ros2_ws/install/zad2/share/zad2/environment/ament_prefix_path.dsv
-- Up-to-date: /home/dominik/RRM/ros2_ws/install/zad2/share/zad2/environment/path.sh
-- Up-to-date: /home/dominik/RRM/ros2_ws/install/zad2/share/zad2/environment/path.dsv
-- Up-to-date: /home/dominik/RRM/ros2_ws/install/zad2/share/zad2/local_setup.bash
-- Up-to-date: /home/dominik/RRM/ros2_ws/install/zad2/share/zad2/local_setup.sh
-- Up-to-date: /home/dominik/RRM/ros2_ws/install/zad2/share/zad2/local_setup.zsh
-- Up-to-date: /home/dominik/RRM/ros2_ws/install/zad2/share/zad2/local_setup.dsv
-- Installing: /home/dominik/RRM/ros2_ws/install/zad2/share/zad2/package.dsv
-- Up-to-date: /home/dominik/RRM/ros2_ws/install/zad2/share/ament_index/resource_index/packages/zad2
-- Up-to-date: /home/dominik/RRM/ros2_ws/install/zad2/share/zad2/cmake/ament_cmake_export_include_directories-extras.cmake
-- Up-to-date: /home/dominik/RRM/ros2_ws/install/zad2/share/zad2/cmake/ament_cmake_export_dependencies-extras.cmake
-- Up-to-date: /home/dominik/RRM/ros2_ws/install/zad2/share/zad2/cmake/zad2Config.cmake
-- Up-to-date: /home/dominik/RRM/ros2_ws/install/zad2/share/zad2/cmake/zad2Config-version.cmake
-- Up-to-date: /home/dominik/RRM/ros2_ws/install/zad2/share/zad2/package.xml
