[0.026s] Invoking command in '/home/dominik/RRM/ros2_ws/src/build/cv1': CMAKE_PREFIX_PATH=${CMAKE_PREFIX_PATH}:/opt/ros/jazzy DEBUGINFOD_URLS=https://debuginfod.ubuntu.com /usr/bin/cmake /home/dominik/RRM/ros2_ws/src/cv1 -DCMAKE_INSTALL_PREFIX=/home/dominik/RRM/ros2_ws/src/install/cv1
[0.132s] -- The C compiler identification is GNU 13.2.0
[0.232s] -- The CXX compiler identification is GNU 13.2.0
[0.265s] -- Detecting C compiler ABI info
[0.428s] -- Detecting C compiler ABI info - done
[0.441s] -- Check for working C compiler: /usr/bin/cc - skipped
[0.442s] -- Detecting C compile features
[0.443s] -- Detecting C compile features - done
[0.460s] -- Detecting CXX compiler ABI info
[0.642s] -- Detecting CXX compiler ABI info - done
[0.656s] -- Check for working CXX compiler: /usr/bin/c++ - skipped
[0.656s] -- Detecting CXX compile features
[0.657s] -- Detecting CXX compile features - done
[0.668s] -- Found ament_cmake: 2.5.2 (/opt/ros/jazzy/share/ament_cmake/cmake)
[0.918s] -- Found Python3: /usr/bin/python3 (found version "3.12.3") found components: Interpreter 
[1.114s] -- Found rclcpp: 28.1.5 (/opt/ros/jazzy/share/rclcpp/cmake)
[1.189s] -- Found rosidl_generator_c: 4.6.4 (/opt/ros/jazzy/share/rosidl_generator_c/cmake)
[1.213s] -- Found rosidl_generator_cpp: 4.6.4 (/opt/ros/jazzy/share/rosidl_generator_cpp/cmake)
[1.238s] -- Using all available rosidl_typesupport_c: rosidl_typesupport_fastrtps_c;rosidl_typesupport_introspection_c
[1.259s] -- Using all available rosidl_typesupport_cpp: rosidl_typesupport_fastrtps_cpp;rosidl_typesupport_introspection_cpp
[1.343s] -- Found rmw_implementation_cmake: 7.3.1 (/opt/ros/jazzy/share/rmw_implementation_cmake/cmake)
[1.346s] -- Found rmw_fastrtps_cpp: 8.4.1 (/opt/ros/jazzy/share/rmw_fastrtps_cpp/cmake)
[1.441s] -- Found OpenSSL: /usr/lib/x86_64-linux-gnu/libcrypto.so (found version "3.0.13")  
[1.460s] -- Found FastRTPS: /opt/ros/jazzy/include (Required is at least version "2.13") 
[1.484s] -- Using RMW implementation 'rmw_fastrtps_cpp' as default
[1.555s] -- Found ament_lint_auto: 0.17.1 (/opt/ros/jazzy/share/ament_lint_auto/cmake)
[1.642s] -- Added test 'cppcheck' to perform static code analysis on C / C++ code
[1.642s] -- Configured cppcheck include dirs: $<BUILD_INTERFACE:/home/dominik/RRM/ros2_ws/src/cv1/include>
[1.642s] -- Configured cppcheck exclude dirs and/or files: 
[1.642s] -- Added test 'lint_cmake' to check CMake code style
[1.644s] -- Added test 'uncrustify' to check C / C++ code style
[1.644s] -- Configured uncrustify additional arguments: 
[1.644s] -- Added test 'xmllint' to check XML markup files
[1.646s] -- Configuring done (1.6s)
[1.654s] -- Generating done (0.0s)
[1.655s] -- Build files have been written to: /home/dominik/RRM/ros2_ws/src/build/cv1
[1.665s] Invoked command in '/home/dominik/RRM/ros2_ws/src/build/cv1' returned '0': CMAKE_PREFIX_PATH=${CMAKE_PREFIX_PATH}:/opt/ros/jazzy DEBUGINFOD_URLS=https://debuginfod.ubuntu.com /usr/bin/cmake /home/dominik/RRM/ros2_ws/src/cv1 -DCMAKE_INSTALL_PREFIX=/home/dominik/RRM/ros2_ws/src/install/cv1
[1.666s] Invoking command in '/home/dominik/RRM/ros2_ws/src/build/cv1': CMAKE_PREFIX_PATH=${CMAKE_PREFIX_PATH}:/opt/ros/jazzy DEBUGINFOD_URLS=https://debuginfod.ubuntu.com /usr/bin/cmake --build /home/dominik/RRM/ros2_ws/src/build/cv1 -- -j16 -l16
[1.716s] [ 66%] [32mBuilding CXX object CMakeFiles/cv1_node.dir/src/robot.cpp.o[0m
[1.716s] [ 66%] [32mBuilding CXX object CMakeFiles/cv1_node.dir/src/cv1_node.cpp.o[0m
[4.850s] [100%] [32m[1mLinking CXX executable cv1_node[0m
[4.951s] [100%] Built target cv1_node
[4.963s] Invoked command in '/home/dominik/RRM/ros2_ws/src/build/cv1' returned '0': CMAKE_PREFIX_PATH=${CMAKE_PREFIX_PATH}:/opt/ros/jazzy DEBUGINFOD_URLS=https://debuginfod.ubuntu.com /usr/bin/cmake --build /home/dominik/RRM/ros2_ws/src/build/cv1 -- -j16 -l16
[4.993s] Invoking command in '/home/dominik/RRM/ros2_ws/src/build/cv1': CMAKE_PREFIX_PATH=${CMAKE_PREFIX_PATH}:/opt/ros/jazzy DEBUGINFOD_URLS=https://debuginfod.ubuntu.com /usr/bin/cmake --install /home/dominik/RRM/ros2_ws/src/build/cv1
[5.000s] -- Install configuration: ""
[5.000s] -- Installing: /home/dominik/RRM/ros2_ws/src/install/cv1/lib/cv1/cv1_node
[5.001s] -- Set non-toolchain portion of runtime path of "/home/dominik/RRM/ros2_ws/src/install/cv1/lib/cv1/cv1_node" to ""
[5.001s] -- Installing: /home/dominik/RRM/ros2_ws/src/install/cv1/share/ament_index/resource_index/package_run_dependencies/cv1
[5.001s] -- Installing: /home/dominik/RRM/ros2_ws/src/install/cv1/share/ament_index/resource_index/parent_prefix_path/cv1
[5.001s] -- Installing: /home/dominik/RRM/ros2_ws/src/install/cv1/share/cv1/environment/ament_prefix_path.sh
[5.001s] -- Installing: /home/dominik/RRM/ros2_ws/src/install/cv1/share/cv1/environment/ament_prefix_path.dsv
[5.001s] -- Installing: /home/dominik/RRM/ros2_ws/src/install/cv1/share/cv1/environment/path.sh
[5.001s] -- Installing: /home/dominik/RRM/ros2_ws/src/install/cv1/share/cv1/environment/path.dsv
[5.001s] -- Installing: /home/dominik/RRM/ros2_ws/src/install/cv1/share/cv1/local_setup.bash
[5.002s] -- Installing: /home/dominik/RRM/ros2_ws/src/install/cv1/share/cv1/local_setup.sh
[5.002s] -- Installing: /home/dominik/RRM/ros2_ws/src/install/cv1/share/cv1/local_setup.zsh
[5.002s] -- Installing: /home/dominik/RRM/ros2_ws/src/install/cv1/share/cv1/local_setup.dsv
[5.002s] -- Installing: /home/dominik/RRM/ros2_ws/src/install/cv1/share/cv1/package.dsv
[5.002s] -- Installing: /home/dominik/RRM/ros2_ws/src/install/cv1/share/ament_index/resource_index/packages/cv1
[5.002s] -- Installing: /home/dominik/RRM/ros2_ws/src/install/cv1/share/cv1/cmake/cv1Config.cmake
[5.002s] -- Installing: /home/dominik/RRM/ros2_ws/src/install/cv1/share/cv1/cmake/cv1Config-version.cmake
[5.002s] -- Installing: /home/dominik/RRM/ros2_ws/src/install/cv1/share/cv1/package.xml
[5.006s] Invoked command in '/home/dominik/RRM/ros2_ws/src/build/cv1' returned '0': CMAKE_PREFIX_PATH=${CMAKE_PREFIX_PATH}:/opt/ros/jazzy DEBUGINFOD_URLS=https://debuginfod.ubuntu.com /usr/bin/cmake --install /home/dominik/RRM/ros2_ws/src/build/cv1
