[0.026s] Invoking command in '/home/dominik/RRM/ros2_ws/src/build/cv1': CMAKE_PREFIX_PATH=${CMAKE_PREFIX_PATH}:/opt/ros/jazzy DEBUGINFOD_URLS=https://debuginfod.ubuntu.com /usr/bin/cmake --build /home/dominik/RRM/ros2_ws/src/build/cv1 -- -j16 -l16
[0.093s] [100%] Built target cv1_node
[0.112s] Invoked command in '/home/dominik/RRM/ros2_ws/src/build/cv1' returned '0': CMAKE_PREFIX_PATH=${CMAKE_PREFIX_PATH}:/opt/ros/jazzy DEBUGINFOD_URLS=https://debuginfod.ubuntu.com /usr/bin/cmake --build /home/dominik/RRM/ros2_ws/src/build/cv1 -- -j16 -l16
[0.161s] Invoking command in '/home/dominik/RRM/ros2_ws/src/build/cv1': CMAKE_PREFIX_PATH=${CMAKE_PREFIX_PATH}:/opt/ros/jazzy DEBUGINFOD_URLS=https://debuginfod.ubuntu.com /usr/bin/cmake --install /home/dominik/RRM/ros2_ws/src/build/cv1
[0.172s] -- Install configuration: ""
[0.174s] -- Up-to-date: /home/dominik/RRM/ros2_ws/src/install/cv1/lib/cv1/cv1_node
[0.174s] -- Up-to-date: /home/dominik/RRM/ros2_ws/src/install/cv1/share/ament_index/resource_index/package_run_dependencies/cv1
[0.174s] -- Up-to-date: /home/dominik/RRM/ros2_ws/src/install/cv1/share/ament_index/resource_index/parent_prefix_path/cv1
[0.174s] -- Up-to-date: /home/dominik/RRM/ros2_ws/src/install/cv1/share/cv1/environment/ament_prefix_path.sh
[0.175s] -- Up-to-date: /home/dominik/RRM/ros2_ws/src/install/cv1/share/cv1/environment/ament_prefix_path.dsv
[0.175s] -- Up-to-date: /home/dominik/RRM/ros2_ws/src/install/cv1/share/cv1/environment/path.sh
[0.175s] -- Up-to-date: /home/dominik/RRM/ros2_ws/src/install/cv1/share/cv1/environment/path.dsv
[0.175s] -- Up-to-date: /home/dominik/RRM/ros2_ws/src/install/cv1/share/cv1/local_setup.bash
[0.175s] -- Up-to-date: /home/dominik/RRM/ros2_ws/src/install/cv1/share/cv1/local_setup.sh
[0.175s] -- Up-to-date: /home/dominik/RRM/ros2_ws/src/install/cv1/share/cv1/local_setup.zsh
[0.175s] -- Up-to-date: /home/dominik/RRM/ros2_ws/src/install/cv1/share/cv1/local_setup.dsv
[0.175s] -- Installing: /home/dominik/RRM/ros2_ws/src/install/cv1/share/cv1/package.dsv
[0.175s] -- Up-to-date: /home/dominik/RRM/ros2_ws/src/install/cv1/share/ament_index/resource_index/packages/cv1
[0.175s] -- Up-to-date: /home/dominik/RRM/ros2_ws/src/install/cv1/share/cv1/cmake/cv1Config.cmake
[0.176s] -- Up-to-date: /home/dominik/RRM/ros2_ws/src/install/cv1/share/cv1/cmake/cv1Config-version.cmake
[0.176s] -- Up-to-date: /home/dominik/RRM/ros2_ws/src/install/cv1/share/cv1/package.xml
[0.177s] Invoked command in '/home/dominik/RRM/ros2_ws/src/build/cv1' returned '0': CMAKE_PREFIX_PATH=${CMAKE_PREFIX_PATH}:/opt/ros/jazzy DEBUGINFOD_URLS=https://debuginfod.ubuntu.com /usr/bin/cmake --install /home/dominik/RRM/ros2_ws/src/build/cv1
