[0.030s] Invoking command in '/home/dominik/RRM/ros2_ws/build/abb_moveit_config': CMAKE_PREFIX_PATH=${CMAKE_PREFIX_PATH}:/opt/ros/jazzy DEBUGINFOD_URLS=https://debuginfod.ubuntu.com /usr/bin/cmake --build /home/dominik/RRM/ros2_ws/build/abb_moveit_config -- -j16 -l16
[0.077s] Invoked command in '/home/dominik/RRM/ros2_ws/build/abb_moveit_config' returned '0': CMAKE_PREFIX_PATH=${CMAKE_PREFIX_PATH}:/opt/ros/jazzy DEBUGINFOD_URLS=https://debuginfod.ubuntu.com /usr/bin/cmake --build /home/dominik/RRM/ros2_ws/build/abb_moveit_config -- -j16 -l16
[0.090s] Invoking command in '/home/dominik/RRM/ros2_ws/build/abb_moveit_config': CMAKE_PREFIX_PATH=${CMAKE_PREFIX_PATH}:/opt/ros/jazzy DEBUGINFOD_URLS=https://debuginfod.ubuntu.com /usr/bin/cmake --install /home/dominik/RRM/ros2_ws/build/abb_moveit_config
[0.102s] -- Install configuration: ""
[0.103s] -- Up-to-date: /home/dominik/RRM/ros2_ws/install/abb_moveit_config/share/ament_index/resource_index/package_run_dependencies/abb_moveit_config
[0.103s] -- Up-to-date: /home/dominik/RRM/ros2_ws/install/abb_moveit_config/share/ament_index/resource_index/parent_prefix_path/abb_moveit_config
[0.103s] -- Up-to-date: /home/dominik/RRM/ros2_ws/install/abb_moveit_config/share/abb_moveit_config/environment/ament_prefix_path.sh
[0.103s] -- Up-to-date: /home/dominik/RRM/ros2_ws/install/abb_moveit_config/share/abb_moveit_config/environment/ament_prefix_path.dsv
[0.103s] -- Up-to-date: /home/dominik/RRM/ros2_ws/install/abb_moveit_config/share/abb_moveit_config/environment/path.sh
[0.103s] -- Up-to-date: /home/dominik/RRM/ros2_ws/install/abb_moveit_config/share/abb_moveit_config/environment/path.dsv
[0.103s] -- Up-to-date: /home/dominik/RRM/ros2_ws/install/abb_moveit_config/share/abb_moveit_config/local_setup.bash
[0.104s] -- Up-to-date: /home/dominik/RRM/ros2_ws/install/abb_moveit_config/share/abb_moveit_config/local_setup.sh
[0.104s] -- Up-to-date: /home/dominik/RRM/ros2_ws/install/abb_moveit_config/share/abb_moveit_config/local_setup.zsh
[0.104s] -- Up-to-date: /home/dominik/RRM/ros2_ws/install/abb_moveit_config/share/abb_moveit_config/local_setup.dsv
[0.104s] -- Installing: /home/dominik/RRM/ros2_ws/install/abb_moveit_config/share/abb_moveit_config/package.dsv
[0.104s] -- Up-to-date: /home/dominik/RRM/ros2_ws/install/abb_moveit_config/share/ament_index/resource_index/packages/abb_moveit_config
[0.104s] -- Up-to-date: /home/dominik/RRM/ros2_ws/install/abb_moveit_config/share/abb_moveit_config/cmake/abb_moveit_configConfig.cmake
[0.105s] -- Up-to-date: /home/dominik/RRM/ros2_ws/install/abb_moveit_config/share/abb_moveit_config/cmake/abb_moveit_configConfig-version.cmake
[0.105s] -- Up-to-date: /home/dominik/RRM/ros2_ws/install/abb_moveit_config/share/abb_moveit_config/package.xml
[0.105s] -- Up-to-date: /home/dominik/RRM/ros2_ws/install/abb_moveit_config/share/abb_moveit_config/launch
[0.105s] -- Up-to-date: /home/dominik/RRM/ros2_ws/install/abb_moveit_config/share/abb_moveit_config/launch/demo.launch.py
[0.105s] -- Up-to-date: /home/dominik/RRM/ros2_ws/install/abb_moveit_config/share/abb_moveit_config/launch/setup_assistant.launch.py
[0.105s] -- Up-to-date: /home/dominik/RRM/ros2_ws/install/abb_moveit_config/share/abb_moveit_config/launch/rsp.launch.py
[0.106s] -- Installing: /home/dominik/RRM/ros2_ws/install/abb_moveit_config/share/abb_moveit_config/launch/move_group.launch.py
[0.106s] -- Up-to-date: /home/dominik/RRM/ros2_ws/install/abb_moveit_config/share/abb_moveit_config/launch/moveit_rviz.launch.py
[0.106s] -- Up-to-date: /home/dominik/RRM/ros2_ws/install/abb_moveit_config/share/abb_moveit_config/launch/static_virtual_joint_tfs.launch.py
[0.106s] -- Up-to-date: /home/dominik/RRM/ros2_ws/install/abb_moveit_config/share/abb_moveit_config/launch/warehouse_db.launch.py
[0.106s] -- Up-to-date: /home/dominik/RRM/ros2_ws/install/abb_moveit_config/share/abb_moveit_config/launch/spawn_controllers.launch.py
[0.106s] -- Up-to-date: /home/dominik/RRM/ros2_ws/install/abb_moveit_config/share/abb_moveit_config/config
[0.106s] -- Up-to-date: /home/dominik/RRM/ros2_ws/install/abb_moveit_config/share/abb_moveit_config/config/pilz_cartesian_limits.yaml
[0.107s] -- Up-to-date: /home/dominik/RRM/ros2_ws/install/abb_moveit_config/share/abb_moveit_config/config/ros2_controllers.yaml
[0.107s] -- Up-to-date: /home/dominik/RRM/ros2_ws/install/abb_moveit_config/share/abb_moveit_config/config/abb_irb.srdf
[0.107s] -- Up-to-date: /home/dominik/RRM/ros2_ws/install/abb_moveit_config/share/abb_moveit_config/config/initial_positions.yaml
[0.107s] -- Up-to-date: /home/dominik/RRM/ros2_ws/install/abb_moveit_config/share/abb_moveit_config/config/abb_irb.ros2_control.xacro
[0.107s] -- Up-to-date: /home/dominik/RRM/ros2_ws/install/abb_moveit_config/share/abb_moveit_config/config/kinematics.yaml
[0.108s] -- Up-to-date: /home/dominik/RRM/ros2_ws/install/abb_moveit_config/share/abb_moveit_config/config/moveit_controllers.yaml
[0.108s] -- Installing: /home/dominik/RRM/ros2_ws/install/abb_moveit_config/share/abb_moveit_config/config/joint_limits.yaml
[0.108s] -- Up-to-date: /home/dominik/RRM/ros2_ws/install/abb_moveit_config/share/abb_moveit_config/config/abb_irb.urdf.xacro
[0.109s] -- Up-to-date: /home/dominik/RRM/ros2_ws/install/abb_moveit_config/share/abb_moveit_config/config/moveit.rviz
[0.109s] -- Up-to-date: /home/dominik/RRM/ros2_ws/install/abb_moveit_config/share/abb_moveit_config/.setup_assistant
[0.110s] Invoked command in '/home/dominik/RRM/ros2_ws/build/abb_moveit_config' returned '0': CMAKE_PREFIX_PATH=${CMAKE_PREFIX_PATH}:/opt/ros/jazzy DEBUGINFOD_URLS=https://debuginfod.ubuntu.com /usr/bin/cmake --install /home/dominik/RRM/ros2_ws/build/abb_moveit_config
