[0.208s] Invoking command in '/home/dominik/RRM/ros2_ws/build/abb_irb4600_ikfast': CMAKE_PREFIX_PATH=${CMAKE_PREFIX_PATH}:/opt/ros/jazzy DEBUGINFOD_URLS=https://debuginfod.ubuntu.com /usr/bin/cmake --build /home/dominik/RRM/ros2_ws/build/abb_irb4600_ikfast -- -j16 -l16
[0.820s] [100%] Built target abb_irb4600_ikfast
[0.900s] Invoked command in '/home/dominik/RRM/ros2_ws/build/abb_irb4600_ikfast' returned '0': CMAKE_PREFIX_PATH=${CMAKE_PREFIX_PATH}:/opt/ros/jazzy DEBUGINFOD_URLS=https://debuginfod.ubuntu.com /usr/bin/cmake --build /home/dominik/RRM/ros2_ws/build/abb_irb4600_ikfast -- -j16 -l16
[1.354s] Invoking command in '/home/dominik/RRM/ros2_ws/build/abb_irb4600_ikfast': CMAKE_PREFIX_PATH=${CMAKE_PREFIX_PATH}:/opt/ros/jazzy DEBUGINFOD_URLS=https://debuginfod.ubuntu.com /usr/bin/cmake --install /home/dominik/RRM/ros2_ws/build/abb_irb4600_ikfast
[1.434s] -- Install configuration: ""
[1.443s] -- Up-to-date: /home/dominik/RRM/ros2_ws/install/abb_irb4600_ikfast/include/abb_irb4600_ikfast
[1.446s] -- Up-to-date: /home/dominik/RRM/ros2_ws/install/abb_irb4600_ikfast/include/abb_irb4600_ikfast/abb_irb4600_ikfast
[1.449s] -- Up-to-date: /home/dominik/RRM/ros2_ws/install/abb_irb4600_ikfast/include/abb_irb4600_ikfast/abb_irb4600_ikfast/abb_irb4600_ikfast.h
[1.450s] -- Up-to-date: /home/dominik/RRM/ros2_ws/install/abb_irb4600_ikfast/lib/libabb_irb4600_ikfast.a
[1.452s] -- Up-to-date: /home/dominik/RRM/ros2_ws/install/abb_irb4600_ikfast/share/abb_irb4600_ikfast/environment/library_path.sh
[1.452s] -- Up-to-date: /home/dominik/RRM/ros2_ws/install/abb_irb4600_ikfast/share/abb_irb4600_ikfast/environment/library_path.dsv
[1.453s] -- Up-to-date: /home/dominik/RRM/ros2_ws/install/abb_irb4600_ikfast/share/ament_index/resource_index/package_run_dependencies/abb_irb4600_ikfast
[1.454s] -- Up-to-date: /home/dominik/RRM/ros2_ws/install/abb_irb4600_ikfast/share/ament_index/resource_index/parent_prefix_path/abb_irb4600_ikfast
[1.455s] -- Up-to-date: /home/dominik/RRM/ros2_ws/install/abb_irb4600_ikfast/share/abb_irb4600_ikfast/environment/ament_prefix_path.sh
[1.456s] -- Up-to-date: /home/dominik/RRM/ros2_ws/install/abb_irb4600_ikfast/share/abb_irb4600_ikfast/environment/ament_prefix_path.dsv
[1.456s] -- Up-to-date: /home/dominik/RRM/ros2_ws/install/abb_irb4600_ikfast/share/abb_irb4600_ikfast/environment/path.sh
[1.457s] -- Up-to-date: /home/dominik/RRM/ros2_ws/install/abb_irb4600_ikfast/share/abb_irb4600_ikfast/environment/path.dsv
[1.460s] -- Up-to-date: /home/dominik/RRM/ros2_ws/install/abb_irb4600_ikfast/share/abb_irb4600_ikfast/local_setup.bash
[1.461s] -- Up-to-date: /home/dominik/RRM/ros2_ws/install/abb_irb4600_ikfast/share/abb_irb4600_ikfast/local_setup.sh
[1.462s] -- Up-to-date: /home/dominik/RRM/ros2_ws/install/abb_irb4600_ikfast/share/abb_irb4600_ikfast/local_setup.zsh
[1.463s] -- Up-to-date: /home/dominik/RRM/ros2_ws/install/abb_irb4600_ikfast/share/abb_irb4600_ikfast/local_setup.dsv
[1.463s] -- Installing: /home/dominik/RRM/ros2_ws/install/abb_irb4600_ikfast/share/abb_irb4600_ikfast/package.dsv
[1.464s] -- Up-to-date: /home/dominik/RRM/ros2_ws/install/abb_irb4600_ikfast/share/ament_index/resource_index/packages/abb_irb4600_ikfast
[1.465s] -- Up-to-date: /home/dominik/RRM/ros2_ws/install/abb_irb4600_ikfast/share/abb_irb4600_ikfast/cmake/ament_cmake_export_include_directories-extras.cmake
[1.465s] -- Up-to-date: /home/dominik/RRM/ros2_ws/install/abb_irb4600_ikfast/share/abb_irb4600_ikfast/cmake/ament_cmake_export_libraries-extras.cmake
[1.468s] -- Up-to-date: /home/dominik/RRM/ros2_ws/install/abb_irb4600_ikfast/share/abb_irb4600_ikfast/cmake/abb_irb4600_ikfastConfig.cmake
[1.469s] -- Up-to-date: /home/dominik/RRM/ros2_ws/install/abb_irb4600_ikfast/share/abb_irb4600_ikfast/cmake/abb_irb4600_ikfastConfig-version.cmake
[1.469s] -- Up-to-date: /home/dominik/RRM/ros2_ws/install/abb_irb4600_ikfast/share/abb_irb4600_ikfast/package.xml
[1.511s] Invoked command in '/home/dominik/RRM/ros2_ws/build/abb_irb4600_ikfast' returned '0': CMAKE_PREFIX_PATH=${CMAKE_PREFIX_PATH}:/opt/ros/jazzy DEBUGINFOD_URLS=https://debuginfod.ubuntu.com /usr/bin/cmake --install /home/dominik/RRM/ros2_ws/build/abb_irb4600_ikfast
