[0.023s] Invoking command in '/home/dominik/RRM/ros2_ws/src/build/rrm_simple_robot_model': CMAKE_PREFIX_PATH=${CMAKE_PREFIX_PATH}:/opt/ros/jazzy DEBUGINFOD_URLS=https://debuginfod.ubuntu.com /usr/bin/cmake /home/dominik/RRM/ros2_ws/src/rrm/rrm_simple_robot_model -DCMAKE_INSTALL_PREFIX=/home/dominik/RRM/ros2_ws/src/install/rrm_simple_robot_model
[0.123s] -- The C compiler identification is GNU 13.2.0
[0.225s] -- The CXX compiler identification is GNU 13.2.0
[0.256s] -- Detecting C compiler ABI info
[0.420s] -- Detecting C compiler ABI info - done
[0.433s] -- Check for working C compiler: /usr/bin/cc - skipped
[0.434s] -- Detecting C compile features
[0.435s] -- Detecting C compile features - done
[0.452s] -- Detecting CXX compiler ABI info
[0.634s] -- Detecting CXX compiler ABI info - done
[0.648s] -- Check for working CXX compiler: /usr/bin/c++ - skipped
[0.649s] -- Detecting CXX compile features
[0.649s] -- Detecting CXX compile features - done
[0.659s] -- Found ament_cmake: 2.5.2 (/opt/ros/jazzy/share/ament_cmake/cmake)
[0.910s] -- Found Python3: /usr/bin/python3 (found version "3.12.3") found components: Interpreter 
[1.107s] -- Found rviz2: 14.1.5 (/opt/ros/jazzy/share/rviz2/cmake)
[1.244s] -- Configuring done (1.2s)
[1.249s] -- Generating done (0.0s)
[1.251s] -- Build files have been written to: /home/dominik/RRM/ros2_ws/src/build/rrm_simple_robot_model
[1.260s] Invoked command in '/home/dominik/RRM/ros2_ws/src/build/rrm_simple_robot_model' returned '0': CMAKE_PREFIX_PATH=${CMAKE_PREFIX_PATH}:/opt/ros/jazzy DEBUGINFOD_URLS=https://debuginfod.ubuntu.com /usr/bin/cmake /home/dominik/RRM/ros2_ws/src/rrm/rrm_simple_robot_model -DCMAKE_INSTALL_PREFIX=/home/dominik/RRM/ros2_ws/src/install/rrm_simple_robot_model
[1.262s] Invoking command in '/home/dominik/RRM/ros2_ws/src/build/rrm_simple_robot_model': CMAKE_PREFIX_PATH=${CMAKE_PREFIX_PATH}:/opt/ros/jazzy DEBUGINFOD_URLS=https://debuginfod.ubuntu.com /usr/bin/cmake --build /home/dominik/RRM/ros2_ws/src/build/rrm_simple_robot_model -- -j16 -l16
[1.316s] Invoked command in '/home/dominik/RRM/ros2_ws/src/build/rrm_simple_robot_model' returned '0': CMAKE_PREFIX_PATH=${CMAKE_PREFIX_PATH}:/opt/ros/jazzy DEBUGINFOD_URLS=https://debuginfod.ubuntu.com /usr/bin/cmake --build /home/dominik/RRM/ros2_ws/src/build/rrm_simple_robot_model -- -j16 -l16
[1.356s] Invoking command in '/home/dominik/RRM/ros2_ws/src/build/rrm_simple_robot_model': CMAKE_PREFIX_PATH=${CMAKE_PREFIX_PATH}:/opt/ros/jazzy DEBUGINFOD_URLS=https://debuginfod.ubuntu.com /usr/bin/cmake --install /home/dominik/RRM/ros2_ws/src/build/rrm_simple_robot_model
[1.365s] -- Install configuration: ""
[1.365s] -- Installing: /home/dominik/RRM/ros2_ws/src/install/rrm_simple_robot_model/share/rrm_simple_robot_model/urdf
[1.365s] -- Installing: /home/dominik/RRM/ros2_ws/src/install/rrm_simple_robot_model/share/rrm_simple_robot_model/urdf/arm.urdf
[1.365s] -- Installing: /home/dominik/RRM/ros2_ws/src/install/rrm_simple_robot_model/share/rrm_simple_robot_model/config
[1.365s] -- Installing: /home/dominik/RRM/ros2_ws/src/install/rrm_simple_robot_model/share/rrm_simple_robot_model/config/rrm_cv3.rviz
[1.365s] -- Installing: /home/dominik/RRM/ros2_ws/src/install/rrm_simple_robot_model/share/rrm_simple_robot_model/launch
[1.365s] -- Installing: /home/dominik/RRM/ros2_ws/src/install/rrm_simple_robot_model/share/rrm_simple_robot_model/launch/robot_state_publisher.launch.py
[1.365s] -- Installing: /home/dominik/RRM/ros2_ws/src/install/rrm_simple_robot_model/share/rrm_simple_robot_model/launch/robot_state_publisher.launch.xml
[1.366s] -- Installing: /home/dominik/RRM/ros2_ws/src/install/rrm_simple_robot_model/share/ament_index/resource_index/package_run_dependencies/rrm_simple_robot_model
[1.366s] -- Installing: /home/dominik/RRM/ros2_ws/src/install/rrm_simple_robot_model/share/ament_index/resource_index/parent_prefix_path/rrm_simple_robot_model
[1.366s] -- Installing: /home/dominik/RRM/ros2_ws/src/install/rrm_simple_robot_model/share/rrm_simple_robot_model/environment/ament_prefix_path.sh
[1.366s] -- Installing: /home/dominik/RRM/ros2_ws/src/install/rrm_simple_robot_model/share/rrm_simple_robot_model/environment/ament_prefix_path.dsv
[1.366s] -- Installing: /home/dominik/RRM/ros2_ws/src/install/rrm_simple_robot_model/share/rrm_simple_robot_model/environment/path.sh
[1.366s] -- Installing: /home/dominik/RRM/ros2_ws/src/install/rrm_simple_robot_model/share/rrm_simple_robot_model/environment/path.dsv
[1.367s] -- Installing: /home/dominik/RRM/ros2_ws/src/install/rrm_simple_robot_model/share/rrm_simple_robot_model/local_setup.bash
[1.367s] -- Installing: /home/dominik/RRM/ros2_ws/src/install/rrm_simple_robot_model/share/rrm_simple_robot_model/local_setup.sh
[1.367s] -- Installing: /home/dominik/RRM/ros2_ws/src/install/rrm_simple_robot_model/share/rrm_simple_robot_model/local_setup.zsh
[1.367s] -- Installing: /home/dominik/RRM/ros2_ws/src/install/rrm_simple_robot_model/share/rrm_simple_robot_model/local_setup.dsv
[1.367s] -- Installing: /home/dominik/RRM/ros2_ws/src/install/rrm_simple_robot_model/share/rrm_simple_robot_model/package.dsv
[1.367s] -- Installing: /home/dominik/RRM/ros2_ws/src/install/rrm_simple_robot_model/share/ament_index/resource_index/packages/rrm_simple_robot_model
[1.367s] -- Installing: /home/dominik/RRM/ros2_ws/src/install/rrm_simple_robot_model/share/rrm_simple_robot_model/cmake/rrm_simple_robot_modelConfig.cmake
[1.367s] -- Installing: /home/dominik/RRM/ros2_ws/src/install/rrm_simple_robot_model/share/rrm_simple_robot_model/cmake/rrm_simple_robot_modelConfig-version.cmake
[1.368s] -- Installing: /home/dominik/RRM/ros2_ws/src/install/rrm_simple_robot_model/share/rrm_simple_robot_model/package.xml
[1.370s] Invoked command in '/home/dominik/RRM/ros2_ws/src/build/rrm_simple_robot_model' returned '0': CMAKE_PREFIX_PATH=${CMAKE_PREFIX_PATH}:/opt/ros/jazzy DEBUGINFOD_URLS=https://debuginfod.ubuntu.com /usr/bin/cmake --install /home/dominik/RRM/ros2_ws/src/build/rrm_simple_robot_model
